<?xml version="1.0" encoding="UTF-8"?>
<testng-results ignored="0" total="5" passed="5" failed="0" skipped="0">
  <reporter-output>
    <line>
      <![CDATA[<br><img src='data:image/png;base64,‰PNG

IHDR
1K«Í/sRGB®Îé
ˆIDATxœí×1À0À°¬ü9g?9´‡„À¯¿Ý€™s;x…=b€Ø öˆ=b€Ø öˆ=b€Ø öˆ=b€Ø öˆ=b€Ø öˆ=b€Ø öˆ=b€Ø öˆ=b€Ø öˆ=b€Ø öˆ=b€Ø öˆ=b€Ø öˆ=b€Ø öˆ=b€Ø öˆ=b€Ø öˆ=b€Ø öˆ=b€Ø öˆ=b€Ø öˆ=b€Ø öˆ=b€Ø öˆ=b€Ø öˆ=b€Ø öˆ=b€Ø öˆ=b€Ø öˆ=b€Ø öˆ=b€Ø öˆ=b€Ø öˆ=b€Ø öˆ=b€Ø öˆ=b€Ø öˆ=b€Ø öˆ=b€Ø öˆ=b€Ø öˆ=b€Ø öˆ=b€Ø öˆ=b€Ø öˆ=b€Ø öˆ=b€Ø öˆ=b€Ø öˆ=b€Ø öˆ=b€Ø öˆ=b€Ø öˆ=b€Ø öˆ=b€Ø öˆ=b€Ø öˆ=b€Ø öˆ=b€Ø öˆ=b€Ø öˆ=b€Ø öˆ=b€Ø öˆ=b€Ø öˆ=b€Ø öˆ=b€Ø öˆ=b€Ø öˆ=b€Ø öˆ=b€Ø öˆ=b€Ø öˆ=b€Ø öˆ=b€Ø öˆ=b€Ø öˆ=b€Ø öˆ=b€Ø öˆ=b€Ø öˆ=b€Ø öˆ=b€Ø öˆ=b€Ø öˆ=b€Ø öˆ=b€Ø öˆ=b€Ø öˆ=b€Ø öˆ=b€Ø öˆ=b€Ø öˆ=b€Ø öˆ=b€Ø öˆ=b€Ø öˆ=b€Ø öˆ=b€Ø öˆ=b€Ø öˆ=b€Ø öˆ=b€Ø öˆ=b€Ø öˆ=b€Ø öˆ=b€Ø öˆ=b€Ø öˆ=b€Ø öˆ=b€Ø öˆ=b€Ø öˆ=b€Ø öˆ=b€Ø öˆ=b€Ø öˆ=b€Ø öˆ=b€Ø öˆ=b€Ø öˆ=b€Ø öˆ=b€Ø öˆ=b€Ø öˆ=b€Ø öˆ=b€Ø öˆ=b€Ø öˆ=b€Ø öˆ=b€Ø öˆ=b€Ø öˆ=b€Ø öˆ=b€Ø öˆ=b€Ø öˆ=b€Ø öˆ=b€Ø öˆ=b€Ø öˆ=b€Ø öˆ=b€Ø öˆ=b€Ø öˆ=b€Ø öˆ=b€Ø öˆ=b€Ø öˆ=b€Ø öˆ=b€Ø öˆ=b€Ø öˆ=b€Ø öˆ=b€Ø öˆ=b€Ø öˆ=b€Ø öˆ=b€Ø öˆ=b€Ø öˆ=b€Ø öˆ=b€Ø öˆ=b€Ø öˆ=b€Ø öˆ=b€Ø öˆ=b€Ø öˆ=b€Ø öˆ=b€Ø öˆ=b€Ø öˆ=b€Ø öˆ=b€Ø öˆ=b€Ø öˆ=b€Ø öˆ=b€Ø öˆ=b€Ø öˆ=b€Ø öˆ=b€Ø öˆ=b€Ø ?#¯_˜>™(IEND®B`‚' height='200' width='200'/><br>]]>
    </line>
    <line>
      <![CDATA[<br><img src='data:image/png;base64,‰PNG

IHDR
1K«Í/sRGB®Îé IDATxœìÝw|\Õµ/ðµöi3#?ŠåÞ»16ãBq£ÙÔÐ!?ÐI!7¹IÈrCr_¤à†š¡Å6¦cL˜blš?m\ä"[ÒhÊ){¯÷ÇŒd¹h$?“÷òû~>èsæÌ>û¬3âcí5»q:‘*wð¯é =€¤P€ô
?@Ò(@zH é =€¤P€ô
?@Ò(@zH é =€¤P`—;€_o¿ñª1Qh9Šˆ?2¢Ø&&Ò,,¤H‘Pþl71±?ä²¹0ÒbTÂ³“UÕ}ûÖ$«ªqfM¤ˆ˜È45¦V½ý¾e;D:Õ>îh„‰¶ˆ™LHöîß1‰"mÈÒ©ˆÉŽÈØdéÖ`
Õí}ÐFþ¦D±V¢”ÃÚ>Éa£&”ô@·!=(›ùÇgR™ŒM,b‰?±ˆdÏV93‰Èî"B»?ˆ?b–Â¡(-ÛéÛ·ß¸1ã»à€¬©ík9®e{Ì³Ûv—Ç—<|Î9ŸöbŠ„)ßr'nPH˜ˆD„‘´Ë$ÂLRhà3‘ä³’Ž&!Úíé¨õŽ$†Xq.œyäŒ;.ûø;ÿž?”Í…^æ¶lov+±1Yd…aÀ–""¡B'Â®¬ ð½:Kkû]D˜
ÍëÖvv¾™.Q‰ˆÑZ˜§L>à°Y³†?^•LfÂ„_øÂÇv\‡¤]Ã?¨Ð!BL…¨Úú²¯ìEµæ´WŽAD\H
‘S!™h«¡íY˜©¹%sÐø‘Ãïò8?ÊÀ¿)£}Šv²ÛÏb’B§Á®Vv¾).B…ïáÛ¾…§Öö9Òù3"A*ÕÁèÑc
ƒtº,Ãl6ë8NkËŸˆ„™Ûh·ïö¡ì+`É÷xHk±¶€ó©ºvå=»Îì~k"
#­L†Ýš?æ7{Bï@Ù~È¬LÓ–P%D´"2¤‘!Ã$Di"fR†H‘1Dªp¬)E¬‰,Ö†”El;V<‘˜7{î]„¾ëzÝ
æ©§ž¼ì²Ï+MÊ&ŽHl6‘(›9±È¶‘QdYùPóa3‘!j[ñÂÈ^¡"ÅZ“²„5‘Í:"eG$6™¨ýMÛŸ7<Î´[o»¯÷?}Ø¤e3vüÇOîÔIÕý9ÇyÌlD¢00Äƒô?é¤OwÜq}úô)¡ªªdÕ”)SÂ(lOô/€)ŠôÐ¡ÃËÀ¿.(×!Ž2äVw7=hØ/AøAPYQÁÌJõh­jcL…¶ã¶J¡üPîæ8¥}¼g%Eªm_#BÁNŸªztzÊæ”Oµ³©íÄ–1…©m{¶·Ç£LbÄ‹9Ùœ_]Usõ×¿>ïÈ#{Ü€§Ÿá[ß¹ÆˆîRšÑ6£¸}„ûŒ¹0U¡Û9F~ñ¥?<öð™×üàÇÝ»J…ô l>üp},Û²Q§°,P‡Z'í¶¶¶?ds¹‰÷ÿò—¿<gîÜžçDÔœJ¯ýðÒ¤¬üdçŽj-eèQÛr¨ÝÃÔ’Ém3¤„;@i0¸ lr™t%¥š¨Úæ¶ì í{øÝ˜XL¤Q"""uuu®ë½C÷4440+bUXc¨Ý~lmÚwÈ®ðZwDØ-ò=ú<vÓ®tÛ?v;ÈÐBINéxÿ^|L(½esý÷®µ²;RV?Ýznßé1‹ŽDtDCùÚÕ_«©é?µ>µ1ÙL&Â×_{ýî{ïQ–âÂêCûç´·î†k`"?§ì7ê’/~­»Ï¥Aï@Ù< “nöC£¸“å‚ò÷?‘±ãÇßôã›Ž;a?¥¬’ïëûþ{ï¾óþš5ï¬xçíÕï¬[»&£­õ[×¬_§ÃpÏM›w?¡4ù§ãÎsï;#'yØŸ>Wú½ ;?”Í¶ÍmN·D1»m+ä½´í††a6?>bX]ß¾=¿õÖúúÍõ[ü0p×²”eÙ¶m)ÛfcZ7ZÛKëÆh¥Ý±uÃå®–b"CÉ¸•ì;´´›@wap@Ù,~âe2?q‹,l*LÆ˜úÍõŸ8á¤C?´„»ÔoÝòÄ’'–¿¶\BM­;[–­,UØ™ØhOV0 xó¿'s KÈ*˜ÉõÈþÕN=§w€n@ï@ÙØ?ÛÔØ•…µà×¿ýÕÈÑ£ºUÿ+¯¼rÇíwüåá6|¸©ä Ëî¤y3î[¼¬ÜQü»@ï@Ù,|ô1“ÍD¶šhß_Ì3ùYŸÍž5»ººº»õÇcñ™‡rôÑG'*‰J­u»ù{ÞÐq¬Tª¥ûñÇ‹õ‰÷ÊÂ­Ð%HÊ¦1ÕìèTÆ¯°Èì1ö†™E¤%?>pÒäILîz?Q½°tÙæúÍDâz^Mu•å²¹\6×VsiSJ¾°}Ýºœ™›Zr•ýâ%ßºƒ‹ÊfØÀþ±\ã&¿ÃcÆŒzøáÇ&MÚ¿KÕ½¶üµoçš—-mljîÅ8Ëëø¹3îƒ‹>&è=(›ŸÿògQz³ñŠ1Òº‰³Ñ:—Ÿ~HWs"bÚ²}ëücŽ9ýÌSm+&ñ^[´ÛÔŒ‰Dò;š‰ˆI~?´¶ñG²[HíjØçKêB™î×À‘‘áÕ\ðñAï@Ù¬{ï=n3ñAÆ‹Å+Í¬Ã@3uêA]¬GH^yù•lÆ¯LÄ-Ïµ”EÌJDX1‰ˆ³"ÑÂ*¿‚ˆh£Ã ŒBc÷©©&¥D"¶l1¬Ô®(²™‰0±aVb¤0êˆ‘Å¢‰•1"KD³RdD˜˜I$l³baf!f1†9¿›‘]533…?®?‡uÃ'}”¿Øé@ÙL;Æ´ìlVž«XÄ"›9Ô&›Ížsî¹¿üù/bžÓi%ë×¯¿öÚkïºë®˜çZ–mÙ¶Ñ†™™I±˜˜92¢˜X)2†ˆQ†u}û?;vØˆáûO<`¿ñãV¾½òºë®e&fÅÌÌÊ²T¾b6FˆH)eŒ!&ÅL"šÈb!#¢“‰!¥˜HafÅd)beDHD)Õö¤"¢…òj &£…•bÒFlE?ÿØ¹‡Þ÷Ð¢?å\P>gêÓQ¦!²*˜¥0ž†9ðƒDEå—¾tEWr"Z¹r¥mÛ—ár?l¶˜y·±;TL¤u†‘ˆ‘¡?ÛoüôéÓ†ó<Û¶‰hÂþ6×oöý@)U¨ÚÈžUµœ´ç ¡.ì}²ã:™9“Õ3÷TúGÝ„Þ€²iÜ^“l“I(Öù3FKYÃGïÊåQ­û`m$Úu\¥”Rª0‡€¨m¿b
Ã(“ÉTWWV¬Z?ð7oÚÂ,ÔéPÿ}6ú?L,Â¶NÔùoí ÷ lŽ<úXÝÒ?eGqa"p&•ýä9gßò³Ÿ9N'ÿ>744|õ«_YøØ"/î2«Ö¬`—üÔÞ HèÌ³Îúâ/7‘V¶ÕQ…O<þÄÅ—\bYlYöÞµíRòº¦ÝM$„ˆ©%žuì¡7ßv©w€îAzP6‡2ÝÎíhqû8lˆÈÑF>{î¹?æDôÒK/m¬¯?zÁÑŽíì«ÍÎL”Îf¢Hâä“Ï9ûìŠŠŠâöéS;}ÆôdUÒ±:L!>Îì ¿ïAsªeØ˜¥Þºƒ‹ÊÆs•Žšl»?mYVÎÏ¹®£T±Öyžïûay1Ïj?'?_é'`YV:“ÎåüšÚš¶]¡µi]ñtWm­ëµ?'’|îAû,¶?%?Lh·Jºv!1…M>u’Û@oAï@Ùœ|â©Ž£³9ÃŠ››FŒþóŸÿ¼O]]ñ«ž{ú¹ÿþÑûY?‹"ÑšY‘bÑš‰-ÇÞ±cGÿAý¯ùÏïÌ<tF×ƒyò©§¾wíµ®ë)Å–²´1ùLÃˆ?1Ê²DÄc)KXDfÅŠŒffÅF&bK‰£,+À–EBb4+ÅÄÚh¥”bŽ´ffK)­5åŒÛ²ÚIº%;÷àñ×üÏ/{üa@— =(›­Û·x:³='ŽÅ™\ð‰N®éÓIn?Î¤ï¼û?ë×®S–¥TþëöÂ—ù"¢XùA˜¬Jž÷™ÏÎ<tzwãÙ¾c‡­ØˆäwM ’Â¬Éï–&íîµë¦DÌÌ"’Ôv°{ù|Ÿ‹q~Î±!f¦}\ØîŽ”Îd¶µŒ(ñó€îÃà"€²ÑA–Ã?‘SG&
£¨®¶?²:d´Ù¹s§²-¥‰P~–Aë€œœïI²2?Ç»L…--9f“Yh¯@j·‘qÛM©ÝfÞkRBÛ…ÒúÆ®J„¨Ý»¼û*HíŠˆYn”âŠ¾Ý}(zÊæëW_?kÞ’“D6“¾àÂóO;õ´âåß|ý?ôÃ0Ò¶²
m÷<!Ë¶Â0Øàõ×¯„Ü€ˆ^[þúÍ7ßÌÌŽã
‰ïç´–|“¾­ßÉÏ=jÜ{ÙÓ=Ò‰.ü4Ì³¦Œ¿äËß*á‰ HÊfÉãOZ--›réêdÕÕßøzñÂAÜø??|àÁ*Äd;®]è:P*ð}fuËÏ~–¬®*-˜M›6?òð#ÊæüÈ"¥Øv1†X‰hVJŒ(Kåw>6Ú°RÆ¥”ÃŠ‚fnË¸0Ã8Ÿb´õ(C¬HLk…"1¬XŒ°Rb)%ÆX–jN¥í`Î%¥=t”ÍæúµÜÜÖx–9|w6²híºµ¤H‰eÄx±X.È8¶F?m¹M?M1×;vLÉÁYóÖÍÙ\?!2‰X"›ËÄã‰l6?Ç2™\<Ëæ²ÉÊJ#TYY‘Íåb1ÏÏžg?q+Œ"ÇVQD–%Æ0³±?frŒ„¶åDQ`Û±0Ì¹nÌ÷s±X,—ËÆb‰l6“HÄ3™l"‘Hg2ñD:›I$éTKmR%ª†•ü\Ð-è=(›‡ÿò×\Ð"‘}öYgÏü ¸ãÿwËÆÍ^ÌÉÐ/ÌV¬R©æ#Ž:ò¨£ŽêI0¬ûàî»ïÝÿýÎþÔ§:*£ÃhíÚuo¼þÆÊ+›šª«ª-[YÊÚ{XP›ÝOæ³…üŠ¥’Ÿ—œï@PÌ¦õgþL~rs¨õøO<ó¼ž<tzÊfðÀþMM?‰DåßÿþâP¤ä³Ï>;þ±Q´ï±‰ÊÅ‹Í™3»'Á<øàƒgœqÆÜÙs/YÜÑì†ßßR_ÿÞ{ï=õÔ3ÿXöÂK¯¾~OîÛ©£gÍxäÉeé- Ò€²y}ù+nØ"µÓ§M+^²¡¡aÅŠ·”bæÝfû*¥2™t]ß~S:¨‡Á4îÜùÖÛ«úö©7nœêÚfj&Òo­\¹µa»Cm´c;žçY–•_¢T¤ä–˜9Œt¿êŠQûØÃª ‹0¸ l¶nNeÒ³æë7 ¢????>úXMMÕ^+Q*Õ<jÔèžçD”jiYóÞêÜ?ìØ1c¨ké?²­ÜüæúÍO<þd&—é[W§”R–Úm¤QÉ“‰"[×Œêþ¥P¤esîù555.Z¼dø?ùEŠÝqûÿ~å+ÿÑÑ»7ÜpýìÙ=V”÷Ì3ÏŸþg÷›0áÕåËãv)\×µûîßßóÂ²çÄô<¢‚£›úÈÓÿèµê (.(›E}ŒµžüñÉdE‘b¯½úÚúuk•cëÈpÛ_"eYÙlöØcçWUU÷<˜6,^¼xð?¡Ç;ßRVÉõø¾ÿÔ“OmÛÞó\Ëq,eÙ–2ù‘»Ü…?/éØvcsjX¿ä´ÙÅÒ'èEè=(›!C‡?Ö¿xn?Ífü(:l(³Å¬"‘|†ÀBY?{èøq½’QmUÍäI“ûÕõ±¸ôÜ€ˆ<Ï;áÄòÇï¼óö‡6UVVÇ]72šY)2‘°Ã‰Q¬ˆŒv˜B›•mØ²ÉDÂ6³!S×ßô«r{å +?”ÍqÇÎÿîW?÷•ÿº±H™‡|øâK/Îf³{¿•¨¨||ñâÙ³ûöJ0Ï<ÿìi§?:wÞ¼Çy,ž(eßå½Y¬~vËMO=õd&“#SâLåãŽ<ì?…ÏõJ<Ð)¤eó…Ë/?îÄ£‹—6jø×®¾š´ÑŠ¹m- fÖfà ?S¦ôÚ’>'ìwíu×<Øq?Þªsìøñwýñ®ûþxÏªÕo;žç8n~M£.^ÎŠ³éðà±ý{+èæ”MýÆ?£G"åuT@ˆ¶mÙšó}Û¶ÚÖÍï¦#=`@/ë­`‚ Ü´ySMeUM]moÕÙ^6—ûpý‡ñxÌ²¬Ö$aÏ…˜Zµ¾Å"F%?V=ä£ö†ô lf:ãù¥K“ÉdG¶mÛ~Â‰Ç}°f?çí–­…øÎ;ï>æ˜í”ÜÞ£?<úÙó?Û§OŸéÓfØŽ•H$***F?5vüø¡Cì7 O¿:Û¶÷Øx¡ë¶oÛ~ÕU_{lá£1×¢ü¦È?^•ÎåN?ê°[ÿøPi7€îÂà"€²Ùÿ€IBºHcÌˆá£dµßˆ€)
Ãx¼rÌ˜Ñ½Lß~}?˜w”?¢ Š8“ÉløpÃÊ•o©%ö¨#§L™2uÚÔÉ“&WT›H]¼þ›n¾yØ°¡ÿüç?cñ„RF¤ó!ˆÌ~“:ÙzzÊfçŽmýûU;N‡n1²­a»¥TûV4kÑ1×MV÷ÎšEya¦R)1"´k-aø?/F’Éd~SdVÜ§º–T‰=Û¢0´]—D¨u©VÚ5¢H˜I„˜92¦ÚöMÓ>&è=(›.¸à?ûp:ž¼xñâoû›Žë¶¶œ?r¹ÜÁSgþê×?wÝ^[ôó…eË¾~Õ×”EÜ¶é?1±?±"Š´aæ>u}§O;ø“Ÿ<{Ê”)ÝqôÜsÏ}ÿ†ë-ÇfÅLŠH¤?'0å§%0“3e}3oú~7Þr[o=&‡ô l<ÛcŠŠhhhµT%’Žm›|»\1Eš**ãN‘Ä¢ûL¨•­*+ª•b"!bab!"&!Vdtþ¼øÙàáG¯Zõö…^tì‚ùÝš$}üÇÿíï/>ùä3}ûõ‹‚œ?²›
Ým7%fRœq¼‡3@0¸ lB?›L’RU0ÆärA~B°‘³ÖÆq”eõhÿ²=ˆ1ÚhcT~`O¾uÞv?o»3“1BL,F±¥EÂ0—NgúÔõqìnßÔÔœ"‘XÌ!Ë²óK3å×ej= &b“
ÀÇé@ÙüÇüÇOþÏ?’ÉÊŽ
üñ?w>òÈÃ5µ5$í§ðr&?>ò¨£.¹ä’^fù«Ëÿç'?öÇ¶mé`Æ0Ó®ÉÄÒnÀ“Ö:çûµUÉ.¾dÆôé]¿éí·Ýþà_0 £©œñÃƒ&Œ¼âªowÿ? \P6/ý}™1¦H?÷Þ{oñâÅJí¶%Zssª¶OŸÞfÛöíÏ<õt…¶m·mH°ÛÒBEÒZgsþ3Ï>÷ýïÿ”SNU–*VºÕÌCùéM?}á…¥±XLöªŸ™ZÒÙà¨yWtÿq 4è=(›úM›†à¸ŽÚO§ÓJY…>…aUMumMM/ãûÁÖ­[Œ6¹\ÎˆaffV–åØ¶m9…ZGþì-?;9›NÛÊ9vT×ï›jj®¯¯wã1{_c¥´á
•Ž×?ìÁ“@7 ÷ lî¸íö«¿q•ÓñâC+W­¼ïÞ?»Ž»+7b¦l.7å Î;ï³%oR¶·Õ«×Ü~ûm£GŽ8éä“EË¶†mõõõï¿ÿþÖ-Ûššš‰˜m»{îS ­ý»zX‹Ée³•••—}þÒaC‡uzßduÕÎÆ·Þü3Çõˆy·%\™rA4uÿ1§}ú‚ÞzL(½e3õÀI/ýóŸÕo_ðè£?žrÊ)Õ5UÌj×.ÃL-éôAS¦=ýÔ%oR¶·‡zè´ÓN›7çˆE‹z1/—Ë¥3é?ï¯^óø“K^ýµ7^{#|×sI¨5-ÙgOQ&›?2mú?·Ý>vì˜NoÝÒÒrÑ%—<ðç?U×V“P»nÎd2GÍšùçGŸê­Ç€â?”ÍŠ×–<m’Ýñ¶hÍ;W¾û®kÛ¤˜ÛÍÐÆÄãñý÷ŸÈÔk½M??¯¯xs@ÿ?Æ?Û»V?¼¿úýÆÆ?‘6LbYV"Ï/.D­s–ÛÓš››Ç?5lXçù%\_{íõÚÚZV$ùšˆók%%=kð¨‰½ô”Ð.(›Uï¼sÀ”IvÇ»XŽ»æýÕF´eY»Mòý Ÿ¾ýöÚvÂ›ëëßxuùÄ‰“F?µ÷*¥^Ì?4iÿ¶—Ë—/_ºti²²2?+¥Œ1ûèI^÷ÁûÆÈ'?xÐàâw¯««›9}Æ½º/÷\×ÓZçÇQù¡; éÀÇ½eSW[U¿þ½ê~C;*°mÛ¶Ã=lõšÕû|÷W¿úõç>wYosï=÷žóés;ìÐ§žz:?)i´Ù\¿ù÷¿ûý¯óëM›6yñ˜ŸÍ)?gÖÜûøsÿW/-hll<á¤ÿ¶ìE7æ9¿íü1‡üðÓïþ@)?”Íûï½3yÂåöë¨€1òìÓOmÙ¼Åñ¼üÎdRXÂˆ3--ÓgLßÿ€É½ÌÚuëŸ~âÉ1ãÇÎž=ÛR]Z–ô½÷ÞûÇ?_ò[²•É¤ÅJŒ°]d$RˆÓDº%Ýrâ'N0p@§¾µjÕKËþ?Ål×!²UÔÒgê¬£zü|Ð%\P6©†--)¯ª®Ãô@)žtÀdÛv‰‰UÛ&ÆDÄÆôÛÙÜ†¡ãt<8©;j’É1cÆÔõé£º<ŸaÜ¸qãÆ?#¢çž.›ÉVVVJûmÚf/3¿üê+œ6íàâNš8±º*ùö[«¼XŒX˜9ìCµ5/í½é@ÙÊé_ùÜÅ×ýè'EÊ¼üÊ«'?xbGïÞÿýgœqF¯ó×E?Ÿ{î9Ó§M~éóÅí!ÃnøÒ•_Ú±sG‘b®ë>üàCÇ?x|ñÚÖ~°vþ±ÚŸ9ùˆ÷,ZÖõx '?”Í7®þÆ¡Ó§/3cÆŒŸÿüQî±™mÛÍ©Ô ?{+˜iÓ§^ýõÃ†³÷š—\œã8ŸùÌgF?ýÂÒ¥¶cÛ¶½÷ÖiÌœÎ¤Mñ?—‰ˆè°Cýýï¿sçN/æ1±¬íF®=„¹e“jÜáq6Ùo„¥Š?çI§Ó;v4Ä¬8YŠÄhÖ,LLÆ°ŸË2Ôv{á»?ço©¯¯¬Nö©íSr%Û·lM5·$ª*I„XHXò±
S:“K&být>aÃ‡¶É!m$¡rnõ?’C€nAï@Ù<uZ¥ãÿáž‡gÍ:¼H±¥Ï/=ýô3lËÎo1`ˆ‘[|ùå—ßpÃ–eõ0˜…žwþy³™õðÂG=·Äáþ¯¼ºüâK.mnjÌOMn? \ØYY=tØ°»ï¾sÚ´éE*ÃðsŸÿÜ3O?mÛ¶ŽÌIó¿íO--è.¤esÚé'³¿CÙø€ˆˆœràù~¶aûÛ±´ÖbL~Ž²‘‹…aÔóô`è?¡gžqæ~&ôd£µcŽ]ðýëoxtÑ£ŽãÄ¼˜ˆ‰´ösÙ|VcÙvD[ê·¯ÄqœÏ]ziMumÎO³²fÍ<¨@÷`p@Ù(8jôUMUE‡'ç‰H6?u<G´¾Œ'"b
ƒHGauMuƒÑZçrYeÛ1×cîéfÌÍÍÍ1/žr·©Ìé––êd•åt’ÏäŸ´(Û!ÝQ²‡ñ@¡÷ læÎ9’švªýî»ëÞ#†)¹zÍêóÎ;¯%Õä8åÓ2–ØB&ÒÆQö??ùñÑGõhs€'žXrÅ_<|Ö¬ßýîw%.ÊÛR_ÉE¯Ýð?g¹DBJ‘‘Â?Hª%ýéOöšï|Ó²:ü$"7|ïú¼ßŠô1sûï[ß“x ëº´ñ|ª*+ãU?;×¬Þ÷¾Èm†>oÖ¼H¥lÅ¶R¶b'"ÑÄ¶ëfBÿ±‡Ã°'Á¸¶—¨¨ŒÇâd:__¨¸þœqÖ'Iì|„Úˆ&ÒÄ‘Cl9ö[«V45µ©?™<ð@Çq"Ë±ÝžŽ›€®Ãà"€²1:´ÂÆ@ÕÄ<Ëó¼â…ÅHSs“e;Š­ü÷ëÆ³(e‰Hø••§ßúë0J§ÓnÜózcp5571)fVùþRŠ‰8Š‚ÊdÂédÒ…47§ŒØ®Ê‘ƒÁE.(›K/¾HùM;#«Ò?ÿ×uß?<yr‘Â¬xáÂ…øÃ*“1D$ùF¼‹¥EN=éä.:¿´}”_[I[É IDATã?k¯»îàƒ§~ûšowÖpï’5ï¿íuß'ŽÚ¥…qQAN›6ã;×|Çõ:¾‘ÈOnºåÅ¥ÏÍ9ôà«¾}}Ïã€®@zP6/þíŽnÎQ"ÕÒ|ÀAOˆhâ~7mÚ¼sç¥öÊÌD²æ?÷GŒ¹`þ1%Ó°£áÅe/°ÓãÁEyƒN5ï|kåJÇqÚÏNÎg56l¼èâ‹F?Ùáõ¬l¡W^}¥U?&B@·`p@Ù-Mq«)£úûÙLÌqkêj;½¤¹¹9•JUVV’?6!æüÆ˜t:?ŒWT÷í¼ž½…a¸sçÎx<žLöÚHžÆÆÆ <×Û#Tmt.çÐ¿øz¬¹l®)•ªpDÅKy"(zÊæ§·þ‚ýÆ¬v-¥Ré–£Ž>ò´SO+~IUUÕsÏ=¿xÑÂªduk›{f6Zç|ÎÜ¹§?~ª¥º1©wÕªU¿ûíï&MštÉ¥—ô|…<×ón¹å–æÆfËÞ£BöƒÜ¤û_xéEEî•Íeo¹åÖaýªÏ»ìÊ^‰:…Þ€²1p@¦©9C:ÿrÂ~ž~òéÁC¿jùk¯?vê©ëÖ­+RÆuÜ¯}õkWóÕÕU]æ¡þrÚ™§Ï›wÄâÅ?Çb½3ž'Èú'Ÿvòã?/Ùç»ûMœðü³Kûõï×Ñå;9ä°ý«}ú…^‰:…ô l6¬[+ÍõÍªR‡¾eYQ|ðÁ?.aDDë×­_»n?c[lY{¬1$"Žãd³Ù(Š™yH<ïb0M??o¿ûn]mŸ±£ÇÐžµ–îÃnXÿ¡Ú«‹@„\×9ð€m§H?¶¬\õ®ŠRÃÇMé­x 8.(›–½Ó?UÃ¢‰ÈóÆoœrê©(~áðÃ+“•wÝuo"î±äW1¡ÂZFÂÌÆ˜+Vø¾?lØðæ×ÔÔ¯sgcã+/¿<bÄˆQ£GYÔk[T$*ÞYµ*ÐÚ²¬ü|¦ÂFAÆã'NèøjÞ±cGËæw?|l?”Í×¾úÕ
ÊnÈPÌVÌE‘Žô³Ï>wÛí·Å:ëC¨¨¨X»æýŸÝz‹óÂ b%JYZk"²-Kk#dlËÑ:R–5jÄÈ+ÿãŠSO=s`ÿÔAÇÀ+¯¼rÅWÌ™;÷¨£ŽŠÇ»ÚçÐ©æ¦æÿºî{[¶Ö“?²3i-ÌlÛVº%}Í5ß¹þúï¹ü¯‹/]ôÈ’“>Ó[ñ@q\P6/-{>Û¸Ñªè':"ËSDÙlN1ŸxÊ‰Ì?ïjŸÍf—<ñT˜NWÕÔ33‹Í¤„YÄXÄ†YÄ¤vìÐ¤;tæˆ1£;ªmÛ–mÏ?ól¿ÁýgÏ™£ºp÷.Š¢péÏ55Ù^,’È"Å¤EŠí0Ð#F?š4yR‘ËßûàÃ-kW|X)Kµ@Ð{P6;µUu?“dÖZˆØ¸Ï„æñ…‹Ÿ3·ªª“Fãñø)'Ÿ”Íf—=ó,³í%â"‘?fiÛ?Œˆˆ**†‰‘Uï¾óæŠ·ˆD“Äâ‰?ýú>¤¦ºÖ¶-"ŠW&ªûÔTÆcFHõÚÔ²mgÐÀ¾ëýÀ‰YÙDÂäZ¤ˆØ¶s--i1†÷ÚÆ¡M]MUK%¶Løø =(›Ó?y†Ÿi1–¥”*ŒÈ2dZR-^xá/ùË®LS&¢e/ýý‡?ü!Û–­¬ÂüƒÝí±ªÑÆèÈµía#G÷íWW‘HŒ=nÝúµ=üðÜ9s?¾Øî½ÁEDôóŸÿòÖ[o©®ªjÛMˆ˜9Õ’š>mÚóÏ¿‹uø˜/½üòÍ×ã?%ëÅx ¤eó_ßþ®47ª˜ÅFZç0‘ÖÚü0»’Äãñï^{Ý?S§½öò+NÌ?¹3åûö”ïRÈoN&"L”ÎdL¤…äà~OŸ1cÂ„Žãôîcž÷Ùsè:.·Ë\„$
£:ÅV.¢É'_ñÅË{7(sÊfÕë/WWy>U0™¶†»1±“nI?;¦¶OŸ®W˜jlzëíUž‹ÇcbD¸]>°;)l´,J©¶ÅŽ¢(ª®®6|w4¹$Í©ÔkÖ8®»G¥ZK©‰ö+²ŽªŸ‹6­oÀð±½?Þ€²9þÄ£tcs ˜wý“oÓk­§LÞÿîûîßÿ‰]¬0ÐÑ’E?ÿø§?MgÓÜ6”§]?»u ì%Òúˆyó-ZëÕÁE¿ûíï¯ºê+–eµŸÁD‘Ö#FŒxóÍÉdeG×¾¹ê­ï_õ…»>×‹ñ@HÊæò+®äÆ¶Gbö|?IiØ¶}ÕŠ]OêêêþëºïÎ<ôÐ…I3Û–m)VD»ç
ûÂÌ~&3jäHËí?-“ÛLœ8áâ‹/©¬©2f÷)ÆTWTØN±=úÕÕõ‰“{7(ƒ‹Ê&—iqm±bI¥u¨#fnû‚¿0ŸXK†dqmMmi·Ø¸a£?T$+Ë!&¥”1&Ÿä3†ü7úBä±•üX"îõvza6?¶=WD˜XHHˆë(R¬*;î: "-6o5^‰?Ý…Þ€²™=kNuu‚,;ÓÒBLF+VÌÚ&RJEÚTUV6µ4~Èá×}ïºÁƒw«þ Ö®]ûÛßýîµ×—‡Aè8vKª%YU%bt~c"­+²”eŒñý`êÔ©·ß~{WLê¢ÿüÏ«ûëcñx"?ëš•RJEQ…á”ƒ¦ÞsÏ=j‹-<ÿÂÒÛnúá¯îúK/ÆE =(›™3Þ±nÕŽÈNVU3)#ÆRj×&KÈ°ÔÕö]µrÕã‹¿ð¢»U¿ëº³fÏ?~ìß^üÛC=²úƒÕñxB„DÄR–cÛ6‘X–mŒ‘D"8`wÜX/?1RSÝÇõ\&¡üD6¢E&î7¡Hn@D¶å<¬wã€"0¸ l\¥í°9Š÷#c"M–E"DB"DLJ±b­ÅHú¡ã¸E¶è"­E)6F´Ö™L6}eY±XÜ¶­xÌ)²IYiŒ1ÚhÅ–6BD"”¿CFžk+«ØÜ
³?‘ªèÝ? #è=(›Ž«ô89b¦üôáöëûìZeˆ‰)?N??ášk¾=n\é}Zçú9çÎm[¶lÛ¼qS:›þÇ?þñÚk¯MŸ6ý‡?ü×ëµ¿o½ùæW¿vu.—uìÖ:9ŸIßúæ7??ñ„"—ÿìÖ_¬_ñÊõ7ÿª·â€â?”Mº%ÝðaS.ær3³2­³ŒRJ‰QÊ"yî¹g6lZÿË[~5~¿q=¼{<1bä¨Q£ýÀ7Úxžw×]w÷ë×?¬Î9êŽ7V®|ý?×jª«Dˆ™™ÉÉ?_ÒÚxv'†Þ\ñÖÖuë{1(ƒ‹Ê&ôs¤¬x?eY"†˜s~î?RœŸ$Ð~•!Ë²¢ JeZjjªc½:{˜ˆˆ¤¡aG"‘ð¼˜R½6ý@"ÉbÅ¤„LÛ†k"&Št¢"a\ä‘ŸÝacå"€?zÊækW]U[›vÅh‹•!³÷~e"di2©ˆH±Ù¢ý¬ÖÔÖ~òìON9àÀ^æ?7ÞüÍo~3qÿ‰ŸûÜçk²w]SSÓ?7þÀÅÌ¬CŠHÙA˜™2eúE^Päò†­ÛøÓ›F÷O|ö_ï•x Sè=(›Q#†E;·7eÙD¤D„i?ýÑ”?Q¼ÛÈÌ,FXYZdÌÈÑßþÎ·Ï:ë¬žw&<úè£§?~Ú1GÏè/‰Åc=¬-ïO÷þéœOÊ²-¥ˆDb&C$DV…ßøÏoþ÷÷o(rù/¼pÄÑÇ,8|Úý‹ží•x SHÊ¦©¡>lÞžuj,Ò­S“¥­?Y„¸°ŒQÛúŸ…ÕˆQª¹YŒ™6mZÏW#M§ÓëÖ¯¯®ª<h`o-^´uëÖm[·y1—™„˜
‹šŠçr¹áÃ†WUUut­ù9õšÕÕq§Ï ‘½t
ƒ‹Êæþ?ý¹Æ‰¶„1›MŠï3#O=ý”hSQQyØ¬ÙO?¢JjÜ×××?öÈ£ã'ŒÿÄ'>Ñ+C‹Ö¬^}ÿ8Ž³WêÂ¾Ÿ›4iÒäI“‹\ÎDK–,YñÖ›Ó&Žžƒôàã‚Þ€²6°¿45îd&ní8(ù'U%+O9õôó>ó™3gÖÔÖt+˜ûîýÓ§Î9{úÔiK_\‹Å{øh¹\î“g?õèc?å3ƒ½Cýú×¿þ£ý¨H;v6N9ðÀ><nÎŒ–,ëa<ÐEHÊæ?¯é?šÝ~–D=ÉHq.›s\§%Õâg2‰ÊÊÃgÍª­íÞj?õõõ/½ô?¾uýf2Óîl½ÑNcž|òI¥ØqÜö'ˆHDZÒéCfÖ¿]‘‚ \òÄ?—> nÒôÙ=Œºƒ‹Êfõºõ*9“NÛDš´MVD‘MvëÏü™=~*MF‘2d)iK˜ƒlà:®WíZ?ûô³¡‰HK"ë;hÀ¨Q£ôïW<VŠ´Ä<×R=[äûþ¢E‹<Û‰”Ò?ŽÈØ¤ò?5K6•ž2õ â¹­\¹R´‰¹¶íö0è:ô”ÍÐ?ý«MãÚÔG{—X,>p`¿ã÷;ä°Ã?yÈ¨1£õèÆ<×u­v{<ðÀýgžyÖÜ¹s|I,VúÊEZë«®úê-·ÜjL‡*–,Y2þü"•44l?îø_þçKD4ÿ¨#úë’’ã€nAï@ÙÜvÇš7¬Ì8™Òv*–v%È^›&äÏDQ†Úè0“I¿óî{¤H00ßm‚Á!‡zÓÍ76ÌqœRˆò{·Mœ8ù'?þ‰—ˆ[­3òX©tKKMmíóæ¯Äq½Ë.¾ô‚Î'VCúWö$èô”ÍÛ+ÞHÄsZõW‘!RÔº/@ëKMÄ­çó/U»Yù—ùL ÿn[‹œ[_¶î»LD¢µÎù~ä†„™Û21³íØ®ãÖÔÔŽ>œJ]×tÇŽ+W­ªªJº®GÆÈîak1ñäÉÅ,Ê[µjeèGNÌ‹4WÅ‚~C&”tÒ€²3r„ŸIFï¶ªO^ñ—ù}¨ÝÉ=^îóL>U "!i?1Ìùÿ˜9?Í}äQ?=ò¨/e“µ÷ßÿÂ.\öâÉÊJ“ïáÖ°…ˆ(?I_yù—nºå¦â»4lÜ¸qö¬Ã7lØ?'RYÿôcæýñ¡…%Ä%Àà"€²¹òó_ð·P/I‡uë¹=³€šýÒî­6»­fÔÁ™ö…w»‹ˆhM:`2;%öüóå—Ç?;õà©fï¡RLaÚ¶õÕ«¾Òén[¶l;öØlÇ¡ Œ¦í?¾´x è=(›ú?ëk’NÈ–no‹¶Ï&iZ«â0âñxmM-«îÕ?Éd¶ÔoaKÅ<?•"‘¶ _y†ldð°¡]fã†J)Û²‰I'Èwª”ølÐMHÊæÀÉû‡¹”u¯-¾wÿBw/ß»ï€ò[9ú˜cn»ý÷]ßMŒY¸pÑ~ðß«V®r\—9¿ÖênsŸ»ìóßÿÁ?Vxë/~qýµ×fK(Ë„¹cŽ˜û»»þÜÅx ‡0¸ lŽ[0Û†"/IFw¡øGŒ9“É>DYÝøÓðÖŠ÷ßuMÍ‘Ç-böN;”bß***/ùÜ¥?Ö¦µ^ýþû3fÎŒÇ=c„™‚ÐL?ªÛÏ¥Bï@Ù¸Y°SQî@
ÂH3‘²”êlzA "Y?wcJ)ÇÝ÷r¨¹\Žˆº¸‘‚Ö:B/k»¿2áN_°¶)ÀÇ½e³`ÁqÉ¤"-F(?Ü? D²û™=˜‰w?È_µç\d),´GµÂ$¦}µLlt´³9uàän¾ùfÕA[Ÿˆr9ÿÝwß¹ç®»ÿñÒ?¼˜çº.iCJÉ¡*V©¦æê>}n¼ñãÇw>½øÍ+¾õ­o…?s½Ð?­„˜SÍéiSÆ_wãÏzë3€â?”?ŽdÛ;+6…äPaÐ}Ï*h¿RQëAÛª¤œìÏÄBD$û:È¯‚ÚvÐ>wh_a6“1t¤éxžôö††ûî½ïO÷Ý·iã&?ðm×á}Ïc b£Ðuœo~æÜqãÇuåÓXø×¿¾úÏWÝ¸«x×:¯Ù Úoì?®\½ƒ‹ÊF‡¾
š²\QÂÊEct²*ó:”Éd·mÛª,+O°ˆì{’0« ðE$?×ÔÔtñîÛ¶m#"¥¬ö'µp…ÉqUßî>”½eóÅ+®H¨l†“VëþÅÌùVwëO"jÿr¯2=¿¤ýË0†2oÞÜ;SÍÍõ[êwîÜAœ_«T1³mÛÌlŒé(¥8Ý’2xÈw¯ûn2™ìÊçðá†¯»ö:ßÇ!¢]±1ù?Ì9häù_üÖGÿÛBzPN/ýãï¦qË¦œTUT¤2Ç²\×nÉäª++šÒé˜ë2S&›«©J6µ¤+b±0ŠÂ(JVT4§ÓÉD"“Ë2q<æ¥ÒÙêÊŠ¦–ÏumËjÉdk’•ÍétÜóŒH6çç_VÄâ~hc*ñæt¦*‘hÉf-ey®Ó’ÉVUTaèzîíÿ{GÌ–íX–R©T:Y™hNg*ñœï#ñXs&SUQ‘J§Ûv»%“«©¬hN§]Ça‘~ý\páÅ••]šOøÑõß»þÁï·m'“ókª*›[Ò‰X,ÒQDŽ“Ôôó¿øÑÿ2€ƒ‹Ê©aûVÏ´H¼6—Éy^LëH„mG9ß‹ÅÃ(`²”E¡Æâ1?ð-åi/Ëù9Çvµ„¤Éõ\?çÛž…¾"e9vàn,ø[¹Ê¢0Ô®çú¹¬ë¸†DGâxŽŸÍz^L›H[Žú¾¥l!-F‚0Š"ó×sˆ(¢X<îû9Ûv?„¢Åõ¼œï;Ž§µO¢Ç‚€Y¥Zšß:th]]]×?‡µk×Z–íx.
‚œ?Yß±]R&Š$Æº¢nàGù{€]Ð{P6·ßvÛ *·™<G©üX–üôa#lYFR–ÒZ+¥HHÈ1‘ÅFÅŠm”²Œfba"Åe)!)ÔÀŠY
³?EHµÕÀdŒf¶˜IHXX)6…[‘£H±H‘;1ÍM©aC‡œ}Î§âñ®n©FDÏ<õÌ£?=ZUSÅÄ6ÛU5IbcÈbÒÂ¬4ÓøAÕGœtÎGù{€]Ð{P6ƒöonjìÉÈÿ",Ë^0ÿ˜o^ýŸ‡Î><? +^|ño§œròöíÛ‹›?{ÆCO,ë?0 sHÊæÝU+$µ©ÑT)6DDBmKz¶­;JBÂDD¼×Á^EÛìUŒ‰¤õÝöoî˜ïUØcÕ½Êçò—†QäçrÆ!»®oõ¡Óg¨.'yo¿ýÎš5«ãñ„1†˜˜Ø²Tûà™ÈÍÀÚØ˜IÓ{ò9@×ap@Ù¼ûÎªÚ˜JQ¨¨uaÓ=¶>èh'„®ëz]¹5³ÉæüLKvð??ÇŸpwaå½mØ°qésÏ;×UVSè«Ö<HdÏm´æj§ª„[@iÐ{P6Cöolj,wÝ6rÔÈÃ?õ©sÎ^°`?çyÝ½|ùòåçžwîÊ·Vv±üqsf<°ƒ‹>&è=(›ûþtoóº—›íÌZ‘E…^µ¯M¤ˆ¸³ƒü®bù!2?"ÙukQù‘ˆˆÒ$$BR¨ŸHÄè×oÎì9•¾”Pª¹ù‚.ì×¯?‰˜â13‘¡}*züI@W¡÷ l–/µ’²”´U¹C!""£µ6R×§OU2éxn<§R†uèƒÖnÚ´!OÄbnÌÜ3çü\me¢ÿÐÑ½té@ÙØ?“jÒ¬¸Ý”â2RŠ§OŸqç?wöíÛ—™ãñ¸bV–ÕóšS©–_ÿæ7?ùÉ?·Ô×wkº‚Öú”£gßýØÓ=?ºƒ‹Êæ»×|'·éí­V‡M~2p‚÷1iXh¯Œ¢£c÷óÜvr?"Ì~.·ßÄ‰£G÷þWõ6~¸cÛöOêlVŠ•ÊoíPüa…ˆ™|?˜4vd¯ÇAï@Ù4lÙÀ¹í¡7ˆEšüÜÖöoß¦gÙíå^%ˆºœì:I»–2e"¡HôØ1£{·#ãý5kšv6*¶*+â–SœºvÛ.œBÒ°ëa9Ð¦ÚŽ’‘!|L?”ÍAîŸmiËa)mùÒ=®êhÓ½Ïï–äêAØŽûÂó/Œ=¢¤`ö¨‘Öøá¯~õëßþî7±ãz,dH¸ÃfßZrÙù³¦Þ~ßÂž†]ƒÁEesä¼£›7njRÂ¢™º<?Û}ù^²v?…®õéÓ§2ÙË1566Þuç?¯/íðÃ‰BÓ­PÛoò†ú?ƒê…? kÐ{P6éT³ÎíÐV’Ät¡x«.n?Öþ|[s{?ãv%™ÙSWW?'ºù»iØÖ?Îet¤Ã0ŒÅ<Ë²™IvmÅÜ?ª˜(2”ô"¯jPOB€®CzP6Ž9jÛ‡dDY¬¤ËçŽftË¾6Dæ–––ï~÷»W^yenß¾ý…ç—ýù??¿¸lY.—³Û²,¢ÂNÈ%D›ïCÈ†ú¤#½å÷””ƒ‹Êf@ß~~.×Š÷Ý{ÐnÖð>^î³pGöèJØG…B”L&«’UÝ}
cÌ{ï¼û¿wÞùôÓOç²™ªšê®!Þ} P§?íã­*²õ¯ënHP2ô”MÌQ?¿CTRˆ,ËŠ¢È¶mc‰(KE‘¶mÛhÍÌ¬8ÿRGZY*¿!€mÛ:Š,Ë#bYJGÚ²m£5©Ö
µÖŠ™™µÖ–mëH[–"£?eçËXÆH~?cÙ–mweª€ˆ„AhYVE???¶çXJ%c‘bÝqÀFÄˆØí"Ì¬£È¶í(°RL$ÂNØX•Ã¯Ð{PNW~éK©æ&ÅJù¾?Ç2é¬ë:ÌA¼"žMg=Ï5FÂ0Œ%â~6çy^†"â¹nÎ÷ã±X.—S–eY*‚D<‘Éd×!¢ +‰L6ë¹n¤#­M<Ëær±˜çû?bvÇ÷ýX<–ÍdmÇ±”J§Ó‡~øW¾òe¥vmã,F-‘ÖéLzgÃÎ­Û·®X±âÝ÷ÞÛ¸a£bÎes¶c;Ž†a¢"‘Ng\ÏcÂ0ªH$2ÙŒçyaŠ?çy¹\.ór9ß²,Û²üÀ?ÅãÙLÖu]"
‚ žˆç²YÏõ´ÑaQ¤eæä‘_úæeýEüAï¨.”€H é =€¤P€ô
?@Ò(@zH é =€¤P€ô
?@Ò(@zH é =€¤P€ô
?@Ò(@zv¹è2?µaõ;›šó/ªï7rh?ûQÝK©”_8v“ÉD±²¯ßqÁKˆ0wìÈ¹ç?1%ùQµO~c*ÈY^2ÙñòæÝgÝ¸„hÐÔY£FvÎ9S?Þ(»Ïß²öí¶çÞ€Q£×%½öï7<yýU¿~›ªFM?hð§]>ohBL¥²…C7™ô¬??€Þ‡ôþ_°åå;nºõ–Åïú{œ¯™|Â—}ýÜé}{½e¶ýño÷ƒ¥ùãóóæ—'+¼óÝ·W­|÷ígrÆÇœ¬¸åÈËîÈÎþæ3·|¢oG£o¯|—èÝ·W>7gÈçLýcì?ZõÄÿç‡w¿Ô¸Çnßyg~ýçŸ0¡ðù6o-|ì/Ñ§ç–#=Ø¾øº#¯}1|þ^üÚ¿ìG
ÐHà_?¿ü7ç~ñö·3ûz¯qÅÂ›¾´ðáî¼ç²)Þ¾
@'RkþþÎöüaÅ?)*ó§¨7/üæßx"µ¯÷‚íÏÝý?çîâüô¸º??4€Hà_[ãsÿÕ>7¨¹ßÔisûnþ­ÍÛ×¾»=CDäzð~emÕÖM¹à²ÏlzmùÚfª«ú—ýgµï—]úéo¾¼¦™úí+µîÁ/|©}çCyÓƒUw\Õ.7pûŽ?pæŒñ´úå5[6¿ýAþüø™“ò¹?;fÎ—úàù·6õ)_Èÿ¿ù—ý;@D´fÑm¹?;çêßüð“ã“Ñ•D¤ƒo<úÛrÒôò6j‡yÙ•G–5‚®6ïÊËç•;ˆ¢üÿrËÚÂñ¨3~ñË«æh÷nãÚ¥þÉ7Þ;é¤aù×É)Ÿ¼lJþÿè=Hà_YjÍï¶ŸyAknP`¹C§žqÝÝgìûÒ¶¹Åñd²xöÐZ²óÙ¥™T*è|¦r?.Ï—ù×›êê§R?îÁ³wÅÚw—¶Î<÷Ó»åDT3rÎ¥?{Qw¹¶ü'Ùéow…IîÞ£ IDATÇìæU?(üæ%?º™ô½éü¿bãöQÍ^§÷hCoYñà÷?øÈ³¯oÚÎyÿÔ—¿xåq#÷hòmÿûÝÿó›{žZþÙ»û¸¨ÊüÿãŸ¹…Á”Ñ@Q¼AM¼MS×›"£ÔÔ]µ5·L[Ëj«ýUnm¹µjßìÞj5kËMÝÕn,Ö¨ÔUó^1%“TnÔAa?æ†ùýÁïÅ×óÑgÎ9×9Ÿ9StÞç\×9ùU#žMÝFLŸ1óþ¾µ»¶—¥'¾þ·Ë÷)ý^L}§½õÊ”Þ•k¥¼Õÿ>¥ƒNÿÙßÍÓB$7qFåÈæ?/%¾Ùeë9š‹ÈÉ=‰Ë¿Hürý/'Ï±Ð74öÏ?N»³ý:§Ü³ ÛË¤²¤÷ûn­ªP±yî?s+&Ï´õØ~ýï¢¿¿õEJå@áºæ•eÉ·‰„ûXpæçÎÿrfÂ‹›+¦'~¶çÑØÊ¶}_¼òÊ»ßªø@ß|Ð”W_˜â÷¯Êß¨jwµrÿÇ[§¸?ùëŸlRþµÑwóÔ«O%D]tªVÕ€çÖ¿ÚíÇ·æÌ_ù‹òÃ7?›ù/NëÅÀ×4â€k™)êæò]Å„?ÏŒ~,õ‰ß?¼¥[”¹Ž+ë–ÄGÎÝyÖì²Ü­Ÿ>·uSæ¢3ºVžÔ:SÞŸöà‡µ…dÛ÷Ãü?–…®Ÿ{gõ¹?Îÿé‘Ìê«m_ôàC²bå”Îp?ßº~îø—¶ž£ù±¯‹)ù¬v#q·f,ùdf·ºê\zhÑ£ÓÞÝã¬>O9˜­x¢ëNm:Y.""ÇÞŸ6.sÚÆ÷ïÝ±Mó‹9G?¶ú¹ñÏo¬6´Ùyrã¢w¹óÖsµÊüôé;6n­ö/ƒóÀ—sÇ—®Ÿ;èÒCU°ñ¯÷ÍÝt¸ÚœSÉïN›)ÿ^6­ã%oê¯EpM‹ŠÿÃ?Ug‡§’?}ééñwß7xÈoŸ›óiâÎÃ5qc|ïp¿†?›2í¡)ÓšxgåÜ:óÃOVç*+ÚÖÌ©–L±#'N{hÊ„!mL"~îZëÅá#™ëŒëæTõð'_íRÎ›[µíŽ¯p`ãÖs7o=è®aR1wÐ„‡¦L{hÊ´I#:)kY´èû“}Ø|1G¬þQÓ¡SL›3§¿!?b:Tüªç¦·*³A@×is?IZÿ}ÒÇO?i+"’ùé£¯owž½“Ëâ×ôÌ6•œ¾[ðÌ‡ÜÚ¿Û?‰>¿`ùw‡ŽÕs!íÚ?µ…Sß?S•ôÍÝ;í¡)÷?ìj*ýáÛ5çÚó¦?[ËBŽ›rÿÈ®U¤ì»¥ÿ=z_'uë¦Ãbê6âþ‡îØ¢*àYôuríçóÀµ„»®mMýíÓ§œ½¾¶ÆSð?'m\~hãò·æšºM|õÍG*ý5LCÿÒì)ýÆÄT»æ;±ƒsÈKkED¶îøÙ6f¸IäÐò·~PNÑúÏþ÷ü1Êh×i³l‡~µu8ë¢xÿYßÌŸp“ˆÈÌQŸÄOZtLDÄ¹ç°Eú¶©½®çkÞtð”Wž›vkBçj±dJ×²þÏmÙ¼{¯-aØ—BÈ ÙK‰ü2¿Gåkn™öAõ×&M\¸²"´™ùñ"å‚w?{g¿.c^Oçò¯·Íì{×}é|ÿ»ï<õ§¥5ïêœ:²sõ‘?«—I@È??¿û·ñuök:öÃÒ3Ù_Zþþ=Ý“¦M¿kÁø?.;vŽ›'~ôïG{›DdÚôÏ)G^~9œå”›.ýÖÍÀç¾x|¸ˆÈô„EwOy×""R–’u\â¢.y£PÏ¸{àZç×þÞ7×~ÿõÏMuÖØÛ¾e3Z?RÙeß¯ÛˆÙ ÔfchÕÊ¥NËÁeNë)Ó*³?ˆˆ˜:t6ŸUÁ¤ßM¨Z§c×¡•“rK.èœ¿¹>vd?lPvÊ&†ªõ’bŸï|¨gÇvmL©˜Š¹wXõÎ0m»ÝVqˆ¾Û÷kÝ…3—OéÖ£ÿYÿ,H9÷^5!ŸþdËêO^}îÞaBjÇ€ÒüoçNùÓ×9u4¶ØóKåôØ)w?º`ê{×ä˜sí¶÷ƒ÷ö®ü·ÆtsÿÞ•ó?åû|Ãš8åÞÊ4ºW=Û*5çr6
õ?»®STß„™}fŠHi~æÁƒ{·ý°|éÊû/[¸fÂû÷„HåÐäÕw§Ê¯³GnVÕø„¶æ'ªõ¯V‰ÿ¹Ö¼Ôæ'÷$.ÿbÍ?É?È½Ò=v.U~våpˆÔ×ïéñº¯UŽ;)½[øZ"Ð\ä?ïeçãgîpçø§îÿ”xœ6Ë‘_÷ï[ûõ¢åÛ+Nª?›þï‹”»?õ1êÃY\¸DFÕX¡M»"©uïQSí?F®Ô˜Šê#düøÿ-€ë®\oB¢zô?êÑL|·ûÆ¼^q5zÓá‘9¸lÜªÞ¡fjÛ¡•ADœÇS?\Ë×kýtÊïß:3"*&\/"öª?5´€?Nm|†¨s¾. ¤SL‡sò?È­suß4zÓMzßÔ¡÷çŒ˜QÑÙ©ôHÆI‰­#–(2ó­"g:JIþÉsu-œA<pm+;’r$$¶£¯.îæð‘ê?UR’)ÙàLWr©Ñ½¾B‹ÈÞ"7[òEôA“ž_V/R²AëIï¬øSœòn‡j?Ý¬W~"¾:/…DÄ‰$‹ˆ4½÷oK.èMÕ5þÜÊá]ÌÉÔ_¤c×æ>ö¥oÕ¶ÍùnG„´ë¬—ÍýÇ¶î=<¥sÛÊ%¥wl¼èbàÆÄØ×´²]_Ü÷»„!O,ørOŽ­zo¡²œMo/X^ùiX§H‘üŒŒÊž9Q‘QU?âðÁ½µ6jîØ§r€Á±O}Yýé4¶C¿Zäª:y8³òì¼mtÛª÷¾eøù¢7Uæ´ž²ÙÎþÇvŽKá­n©œüéÐ¯ÕrBë›û*Ãg-Ÿ¼{Vwÿ“Û·þzåŸ¿sdÍß§6í™O·fÖìdeKýbþ‚Êl`îÚ¹¹ïö?nI¨ìôËœ§^ßtÔ)"eù‡–Ïšõå/)î¸–Ù6­þBDNn\öâÆe/Jeß›ü#5úè·?2eˆID:÷—Í9""›—/ú®Û´¾!ŽÃ?|øòëg‡í0á‰‹þße"RºõÅ»oÿrdB³¾Ì’¼zý/¶{ÞÙòÿâêõ?_5´èØÝ,›,""›>ýäÛ›§vfþðÉ_ÿï—ó·­e×ëã‡ø$Põ"0BÎ´Ò/fŒÜÝÉ¬·søóË¦uK˜yÇ¢?}çqnzyÂ?ÆôèÐ½…sï/ûv¬Ý?’ë6÷û7ï¸¢.:¸aIªˆüòí[Oû–T< ¶mH­¾aú?3êº•á×wÊß%>³Ñ)"rø‹wQÕÊ/@Êb„7\wˆ®ae%Å“Hõ.ø¶ÌÔš=ò›zuÁ´X?‘Îc»ó£ç¾-‘#ËŸ›¨Ü[0÷³uSÍa©¦á³>zèHå«l)«—?‰Ë¿X7-®ÆkÑêWµ¬rø‹gÆ(g´­ôï´yë?úß}µƒ&rêÈ?S""¡ÙùÒ-dØ‹fæV¼úÀyrã‹jöÏYûå†cw$´¾r•ØŠKŒ5{:•åª9\Aßé¡oŽ<Gg°?;ç,:VûUnúN-xÌ9mÆ§u·T¢s€k˜_ø˜ÿû~ë—ïÌ¾P§µ?ï×¢ë?O¼³~íÜ;«EÚtÐ«ß¼3sÐ™búµ1ëíG‡5;{ÓúØŸ|÷Á´amk\ÿ6µ4ó­Çj¿­ž™†¿ôÝ¢iÕÞœ¥o~ÇSï=>(ôÜÍ®”¦ƒ^ý÷üûûV?ú_ssDD:Lû0qÅÜ‰kü¦]ï|bþ×¯_Él "¦^?®ü1qÅÜGïìÛæ¬»¦¨!_ýwâÊç{Us@‡iþ?ôñsO?4ñÎ‘÷N{â¹?¾L\9£«ŸûŠÖ
?—ê´ýZyˆœG™Íf¯œÖ›Lu¯YZÑßÞÏÔôÞiUZÙ9ÿÜÛ¬e§lÎ,£ê8L¦³ÏÁ«–jüL¦KSØ…SŽ†HÅ!ñ»À±Ñ6›-Àdªµ²çPÕ[Éüî_”üD×+\+4"t.pýðóuÚêSÀÅœa_ÔÊõÉ¯é…~¿zqîãpÕ?Ò%çÎfü/nÌ#F÷ë×º©ŸI_fËËúòÝ§ÞUFœëÇôíp¾?À?»€ÆâÔòÒÚº—ûzé»·FÔ1J Œ=4"úÃï?«ãiJúNc^Zõ:ÙÎƒ»€ÆÅã<vðçŸù)ã¤2£yTÿ>}»F]Ýçp?"PÐ¹€‚x@A<  P(ˆÚ†.†«8;-³Ð%¢‰ˆ6ë4]×â€OaÊ²_&eIP˜A/"¥6k™©×ØqS·8wHpØJÅà}ýåt»Jìb0‘.ÚuùsÀåâ¯€Œ=åýV¤öýÆ¬¸ÐÊ3æÒ¬õ‹W>5´]À9›¦~>o®Lú×}1W¥Ð+åÐò'–Ê“Ÿ|}U}¸>n¸\Ä7–´o·™‡¼1åL6‘€È!?=Þ?Up?P?¶;º¸j.ùã’¼ÉÏ>ÝÏt®µ
SV.]¿ñ€µT72aÊàvÅÛßymÃ¡b[‘Bµ"a÷üù?AÁÕšxl–Ý›Wý˜’zÄVª7E÷‰Ÿ166HI nëÞÄÅ+ö§å¹"ÍƒÆ?ë,"r2eÙ'I[?ØJõ¡1·¹?!6T#bÏÞ¸2ñëŸ,§ÄÝ/~êØX%ÆT›onßeÜïâc›kk–jŠî>`â˜‘Æ3EmùxöjË©<»ššú‹D~ñá¾AUõºššÍýF?×-¸Æ×wêÊ·»‡¿:!VW9ËµwÅ3ßþøç„h]]Í7þcaJ·é?Ý|fïûb^|¸o?²hâ=Ž®ÎÐ?|ô¯CC«ï¯ôxòÚÕ;6È³:u¡mºÜÿàèØªŠ|¥’Œ5Ë“R­§Ä}Kå·öØ²6|õášK‰®i›¶÷Œ3(ÒPñ£¯œõ•üáÙqÑÊ&Ó¾œ÷?Œ~cLGeÑäéR–}ºM9æ3ÆÆ?÷ç€Æ‹»n$'-G\†ö-Î™N®ÿÛ[šÿá?7ÿhÖ¹²7~´äÿLX0&nê¬.)ÿ™÷¾ÜñÊo;Šhu†š­Nïÿv›»Ço§OÖŠ#oõ¢?ç¬}õv³ˆX×-|æ;Ã¸?<ðx„étáÁ¤ÕÛ-ÝâÍùëÿöâ–¦£ÆÌzø¦¦ŽÂ”5k“OÄÆ‡\ò×%G=ðâkí‚¤0uÕGÏ,°¿ùxß ±m[´peÈøçuÕ¸,û¿û|·%ööñd,›³"}Äôÿ›à)LÛòÕÆ='Ç?©,¨÷„Wb÷òÄWò»G¦Äˆh•õLøã#?‡iOeoXüî[ïO{vF?êßGÓ½ÝéW7o;(°bŽmëÿRt=‰Ö?£¹ÛY`;åpWmÅé(¶T\‚r;lûW-Ë»eÀýÝ*¸Ö±³¥ü°»¬{Âsƒ›ˆûøÚOÿöVÒ«³ãÍ"’çë(5K]2{é¡[F?þ|ÇPÛ‘-ßm<Ðsrœ¤.{~F‡Ç:Úä¶¦$¾6ï½ÒçŸŽo%"{žM\göç*µYÅ#¢,ÚùÉ§Ecž{%Xò6ðÚŠ÷[G=×÷|?74^Ä7ch`ÕtáÆ,ü:»bZ¹BœúÝÚãƒ'ÿµ·YDD1è÷ƒ·>³=uL»£)ÈODŒ¾ÒE`ß©UÝ“Œ¦Á}B¿ù%»ôvs€#eåç–¸i³ãc´"`Œ›ü°ˆ¸w%®=7~áí1:1šúMx@D¬ë’Ö„Ç/¸«]?ˆHpÌ˜„aO%í<Ùwxó£iûL#fÇ†ú‹ˆÖÜ}ôcJùÙé…ãFèDtÁÑCˆ®U•Î 0ŠˆÑPqW¡²žáQZˆIxü¾ìG?ýnx?Ñ5ÚF÷Õê½­ûlƒn5‰ˆälþ6Õ|çTó…6÷¥´Í°Yâ|?î0õûÃô3{ýßCY%b6ú>J–ï¿]0àÕqfSÌíÄˆHNÒ§üÇ½<>6\D$òÖÉ?{åoŸoôxßs?'‘&ÆL½5BDÄ?á7»ÿv(Sn?8÷Ï?ñÀ?D#"Öœ“"Í+>÷¿ÿ‘^9øÉ›?ÉNO•6ý){S*ÛŠËz¼PbšŸoã®Â¬ŒìSW^ffVZ‰xì§Eò-é®ˆqÑµþØZr2$&!JWc¦ûH†5´¹9³k[i€5'O¤y‡¸¡îùï.,KèÛ=ªC›0ƒò¢æ]ûE¯ýàµ¥§n?ëÙü.qç[Ò]'t>SOPÇ˜è’Ô#…]£óŒ¹ÿó²6[n?7‹¤ý¸ûÔà1ýEŽ_`s¢;EÖy¦îqY2Žä;Jó³Ó²³?‹«Ä!bô}”Žgtí`®¹×q«%¬KE6Pv×­­lÈ>"}Ï;²¸KTDÕtÓfFI+°Š„ž³4b¼À?$8¢½QögYªfè¦£)ÀPÙcßURZ«MÄ??Æw7Êyd&>ùØ{ËR
JEÕ1:¼òºÌqZÚÚ—b\%¥P»ÃŠÝm¯µš©×øñƒZ‹ˆ6fÂ³¯NëÙ47åó·çMtÞ’ÔŠUC‡?ýì+ã"í6|8gÞï}oMÞùê,sœ?^Wk®KékSMPÏýòvoHq¤¬Ùà?jhŒîbš_OÆÊ¿¼ø—ÿ¤ä9% $"¶]Ó&•›­ë(51œU?Ë.~º³ç^FYpƒâî€J»ÁñÁIIëSn›ëûR{XÛ¶’¢?ín>{™ÎÏ %¾Ï8Swl·öÿÆoc+>ZŽ%É11ß+ß¥•^5:ßDFÇÈâŒ‰ëXm¦©¹ÙpªØÓ=¶öi®ˆˆ64*nxTÜð1RºóãéŸm6'Þ,"“¹Ó€»;¸{²d­š÷üªäÁÓâj6÷Ó¥´êô=,<Z6:&±‘Ê×Ñ£Gtæ±gßñ?5jÍó?¦ï´y[tßIáÙ\Äšcõy¬jKÛ?t2æñ¿??­¸%rÜ"b=ÇQŠlg²Ê.’ˆ jsZ„ÍN·KhåÏj9š#Ñ=[ùªëx¶H„?µœãç€FŒ»n,æa÷OO}{öÇI©–ÒŠs?—ÝzÔr\YnŠ»=öôª¯¾É²)3Š3Ö|›R$""­Z‡ÊÎ”m%""µ®—‡†…Ê‘ì¬Š™…É«ÖV6÷ï>x¨$-ù*UiU¸m]J‘h»ß«[“¸ì@ÅjnëÎõ»Š%zÈ­m’?ÜY¨´uYSV­Oóˆx2¶­Ë(ªÜãé¢b1úëD¤8eÍN«K™o?UèÖœ-ÂÚ¶•­Û’K="cÜ?CÝIÿNÊª¨§$eù²ƒ¡#}÷À1÷ë½-qö*K¿!}•sñs5mmHÛ‘bñˆˆ”øjÙ–ûIš‡¶‘œCÇÜÊñY½»2Uø>Jæ¾}¢Ó6|¸^¹Tšµ~[¦HÔ€±ÑK—%[+ŽFÎÚÅ«
û­(û¦èn²eGJ©GDÜ–õ‰_½ ºÎñs@#ÆƒMÜx<…)‰+–mÈ¶”(3tÆà˜~&ÞÓ×ì/"R´ï«·?JN+ÓhÜ.mp\Âø)C#DÄcÝöáG&Û\"Ñ“žþë?jÝí+¥Ø›ëœ†ØqÝ2§Æ¾1kHhÅî>ÿôí5V—ˆè´ÑƒÇ<>66H#Eû¾zmar–CD$ :nÆ´Ñ±ÁRšµþ“Å¶åH€Ñ]ê6ÄL˜166H¬»–.]¼Í*A¦&Û)SÇ‡fNî&b?øÍG_­Úk3H±ÍuSß§Kˆ>û®HÞöwÞHÜuRDÌ“_{dx uÛG}¸Ó¦3jKË$úö‰O't¬ãuÑî]½øÎ¾¸¿¾>:ºjOÝÍíWÎ_öM–[DBãîo·}þ®Šƒ`]3ç­m}ž¨õ<Ó*ÖmÏ]’q:È¤súº·Ý¯ÿÌè7ï‰áÍ•ßÂçQZüÁÚ]'EDtá'L7<Ò öƒ+ßY–”&:£»Ômê7aòŒ[+o?9ÚÈ»&Ž,Yò¾ò¾³Ô%Sk¼3Îºî­'wTýpuÿÜÐxÜÀ\öÒ2Ñ*GúÖâ°•Š!Àÿ¬N˜.{©Gçc¾ˆxì¥®º¹Kí®cí“w—Ý&zSí\öR·.ÀpÖ?»Í¥5?uƒÀí*±‹á¬?œ{GuÔS“%éÅ÷vÝæë´þÍ¶RÍÙEž—ÛUâÒÕQ?ï£äsG{©ÓÇ¡«s#çuŽŸ#â i_MÃ6õÍÉ½üºÀÕÂØ€OîÔ½¡#o%À…»Ü=  P(ˆÄ
âñ€‚x@A<  P(ˆÄ
âñ€‚x@A<  P(ˆÄ
âñ€‚x@A<  P(ˆÄ
âñ€‚x@A<  P(ˆÄ
âñ€‚x@A<  P(ˆÚ†.ÀµÇã.µÛÏ|ÔtRjwÕVr»J\b0è4Êg—Ý&zSÕGqØJÅà¯=3ác/.?Á “j»ÓúZ\-üoÀY
7ÍvC^˜A_ñ1nô·Yæ?»¥ý¬ç'F)«”&/{ôæ=1¼¹ˆˆ8R>|rErÜø…ÆêDD$õóyseÒ¿î‹©šðµ—”~óž.›æ?»öxsSµûTž]"ãttlðUü¾ ñ€OfÌ™tæŒþ¤EÄžôïõÃgOöÚÄƒ.­ZnÝ²>¹K»˜äÍ[ÇÅ
¼„Ý…Ž}ú‰áÍE<…Û>zoþMß¨Ø¸º{À'OQ‰­´ÄVZbsy*æ„FËÚ•Év)Ú™´J‚Ïœ¾{®It?=ùžÁ…+¿Ï¸¬Ýj‚û?ìš™²÷äå~pˆ|ÊX:ç½çç¼÷üœ÷VeVÌ½çwq©‰,öÔ¯ÿcŸðÛžM+Wuý¼cmDßA­´Ñ·õlò¿-»—·g?ÿ¦bÍ!Ðè\À§Z?‹DDtQwÜßjÞüÙ»?·NX–½MYfY»ê YfÏÚ,â>å²'m±öz=ƒ
Os¿—ýÀÅ#¸p†^c'½p4þ®vr:[™—¶cUQÇqSbÍ-ÛßNÜœ6xt?ve¥¥%6ÑÖ|üQMwiÞþÏ—%»z?¾•¡É4âŸRçNý‹29xÒ¿î¨œÝ|È_?‘ÓŸmÛ¾MnÿH|w%H7ÿa?,Y³çŽÁÕ7¶í«éÊ½†˜çO:ëF"b]òì_–ˆèŒ¦è~ãßP/_
œ‡ê´ÝÙÐ5¸&04€‚x@A<  P(ˆÄ
^‹Ü@òŠ‹ŠíeN—×ëmèZ\T*•Ÿ^hiØÐµ¸Jx-pCp:ÝÇ,ùþþºÐ?À@£¿J¥jèŠ\¼^oq‰Ãš_ìp¸Z›Côz®*?ñ¸!dÉnÒªEpCàºt<·°°ðtT›]€zÇØ ñË/(ö÷×‘\²V-‚ýýuùÅ]€zG<¿¢b{hý†\–Ð?À¢b{CW Þ€Æ¯Ìé
4ú7t®o?Fÿ2§«¡«Pïˆ@ãçõz‹à2©T*zÜˆÄ
âñ€‚x@ÁÛÑÔÉ’“»hñ²äŸö‰HÂÈaÓ§NlèŠ@ý"ðÍ’“{×èª>&®^Ûó–nq·t»€¦Y?¬È8Q}F“w?ìÒì)Ü¹zÏ1s?1=êù­Ïû¿\[ØzØ€Þµ
ÍÜ½$Yú?ïÙ¾~wÀ5?xÀ·Š›U,9¹‹/?{Þ6o÷›QõS¨7Œ=à[NN^­9æð—µEçé‡[œùYiÙÇKÜ"¢L;+–{¶‡[Ü¶ã‡3²N:<ulÆãÈËJ;³‚Ça+±;kìåtÅ¢rgqnzÚ1«Ã}f©×Yt"ûÀÑ<»ûì×ª¶FmÜ ¸{À·žgõ#
¿˜xà)³•œ®ü 1ýµû÷ü×"A?Þ¿Ìº'³e„©(Ïmô/³îÉlÕ§ÿÐHýá»¶–ø¹ÊõÁº’¼¬mÁ#†µ¯ÙÓÇqxÛÎMÇ¤Y˜¿3%kc“ðø;:‡æ¥½ÃÕãžÞ1zq¦nÞ±Ç¯Ã¤[›§oÞ¹£È¿e?”¤¦KÛn÷Ü"Ž¬uß.2ií{w¤·Ò7.Ä÷%{æî¯wi‚ŒÆ´ÌdÑŠ.òàp½"ð-î–nÓ§NZ¸xiµ?14Ùºo×—U½“Z´›<(RDÄmŠ»;¶•ªüÀ†;óü†'ô¯˜>zB"#DDÊ´ïìÝÉ_Ä‘þßoŽíËŽQm£yéÉGÕ?†öï¢MïðU IDAToîÖÄý[÷·¾§k«¶{I;h‹éf’âŒ´“Ú¶ƒ[;íÜZÐlxB×p•ˆ#ý¿‰©?L²5£ÀÜe\¯"bÿuÇÊ”Ã7ÿ¦?ÞGíÇvî-ÒGÅŽé"Rž³kóš’K?Œ\_ˆê4}êÄ„‘C“Úgoqaƒ’Ïð=ö ¨i+•ˆ¨µ*‘ SxÕ´Ç«¬Ò¢“¿ˆˆø‡„5É>–_$ÕâAÑ‰SvCpÛŠKþªaAûÓóD"»´õÿúpVN·®Y…E¦ÐÁarüP‰ˆ7uËžT—Sã,)9aËq[Öm¶ˆˆ¸]»£DÄÇ€é"[¾[ßºMˆˆˆ¨ÃCšÈá‹úê\Çˆ|³ääVP¶ää&ÿ$›|P?o·Ë)¢)—rM?…µZÊ½•£ÊÝ^­JD‚:¶=pôPv®î°3²{Ç ‘Sµ4Žë^¹µ> p›FŒ­£úDVv(Rû}Ö Õh¤Ü}ÞÁ4FÄ>$ÿ´oÚŒgkÍ4‡·¨÷·œØ›×¦w˜Ö~4;Ë®mÕ2X¤<°‰”äÛ%ØÑ<èWË¾ŒÓáíšHQzºUÝ²gK}»îm?¯ùéW?ºùo"Ô"Ù:H¿=ïàé¨ÞaZñ:­Çò=MÌmÂÓ79fëÐ%\+âÌÏ:)Fƒ¯¾EMÂ#LÇÈº9,Ò(E{Ò‹D‚êñ+p-!¨Íg6¨¸‡°pñÒðð°»G;ïFN$ÿoIrå‡&-îÙå‚öÝ¬©ìÞ¼ôt¹Ç«êÔ­˜ˆ¨£Ú…ìÛž½rÅ‰NÃŒècOÚ±cÉO"¢jÛq`”r~Þ!4(3G:G†W|¾)vhQò†??P©¥¼ÜÐ<|@xxdßnÝÖï_óåÿ4jñxµ¡?:µ6›4>Š0õèÝúøæŒ/?Ï•¾mx9uAµÐ¨NÛylÐÈ¥<{ï xéå7¿Y½¶®¥æðÿýêã+SYMéÿ·UÚM)N§G¯¯yâîv:Õz½Ò/Èãtjô5/ügïYzæùEgxñ÷¯µ)»Cþç¿8âc/À?-9%3¦ãM]€úÅ{ÔVë…hµXrr+†%Ô£ÚÙ@D´UÙ@DÎ:k·íùµPÓÚsÖÉ¼¦v6í…d_{ ñ£s€ÚFÛýÓÏçXárß?V‡¶}zµ¼´7xý:èÕÉÏtåkàC<PÛô©Eêsüq4þ&ß?:/•ÞÐ„+ý\t.  P(ˆÄ
âÐø©T*¯×ÛÐU¸¾y½^•JÕÐU¨wÄ ñóÓëŠK]€ë[q‰ÃO¯kè*Ô;âÐø¬ùÅ]€ë›5¿8(ð’^\àºB<¿?f?‡ëxnaCàzu<·Ðáp…4lèBÔ;Õi»³¡kPïœN÷1K¾¿¿.4$0ÐèObÂëõ—8¬ùÅ‡«µ9D¯×6tEêñ¸?äÛËœ.F*¸*•ÊO¯
4pß¸q({@A<  P(ˆÄ
âñ€‚x@A<  Phº×?»ÔnW¦5†Ã™?.»Mô&?¦úÊv«%Û*aÑæàªù.»åÈA{“Ž‘fƒV\öÒ20ª–•ztþÚªº´¦ÝY­*8l¥neRg¨Üï™™Z?ÁP£pyˆÎR¸iþ³k?775Q‹³ØV5ìÕÇ‡„jD)>¹"9nüÂcu""RšºâùwSN™šˆýT‘aÔ¬gï6[×¼½`I¦.4Pë,¶•Þ<zA‚uö‡Í{bxs‘Ôÿ¼27/~Á“‚DÄ“ºüÉ/µ~~b¤uÛ‡}˜bol8]hsE+{Lý|ÞÜí†Ð@­”ÛOÏ||rŒáÌÌR›µÌÔkìÄ©C#ú˜Ð8ø:öé'†7ñ\òÔ’¤ƒC&ÇˆuËúä.íb’7o;(PD
·$¦ÈíÓŽŠÉ±XÃDÒÖ/O?œñîý"›%OÂ#‡EmÞ–b>4T)¶ˆ¸Rö(rpÏ†àž¯D‰åûOßÏ¸é¹7&ÅDìËæ}<ûËˆãÚ‰ˆôóÆ}1"R´å½GWm??R}fiVâü——|þìäþšp0öÀy(çÝžƒkÝ£FO¾gpáÊï3*–ýåt^vÖI»ˆH¸9T#¢×é¤øðaK©KDc2‡›DB{2§íøÅ*âú5%9zÈä~–­ûl"î]ÛRCÅšÅš²½0rÄˆ˜ŠþG†v#›‹¶üœV³g©K4¢¯93 2>¾·}ÍO‡®Ê‘ ñãzŸ¬ŸÏŸ—¤)µ?òïû\Gqý¼cmDß7[iƒnëÙäo[v%´ëåoê7yüá?’æ¼?T*Zs?Á3~?$2êŽYV~¸xaR±[hö‡‰»u‹?ùgòÞ“›þt0¦ßèÁþ–åIÉÖžÍv%¾Ó,’j=*új+‚Z4•’RWÅ‡í_>™ú?8ì§Êƒï~¤o?Èñuj›ˆÏ-’˜ «|„hŒˆ|
ùÇéÃBª†ÿZ’V”"ËìY›EÜ§\ö¤-Ö^CC%8vâÓ±Åí:™µjÑÇo¯k÷Æ]‘C'¿2TÄe·$¯œývbô‚É½cwKZ³}MómM2étqƒý°mc³ä°.£ÂE$<<ZöV†±d•›âBE¬"ÒãŽW~ÛÑºå£ÙëÛu?2œU§Íš'º3Ù€+‚ÎE|Òš˜Œ¦£A§IÛ±ª¨ã¸)ñ÷??¿|Âãc"Ž$nNó¸S×¯O+v‹huÁ£ˆN§•œíI{-.?ˆÎÐÔ ‘Š!ÌbŠí‘¶jsr¿Øîþ"š˜¸[­«Vls[œYD$¸÷m§V'~“i×ñµ‹WÛbGô­hê`4EKæÙ¾|ƒµF?ŽÂ´u+W¦?º­ãÕ?@4JÜ=p^¶mß&7?$¾»Y™ÑÍØKÖì08/eþ3k+º…ÆÅ?=Ìì:qððXàñ½ûñ{ù‹ˆôèÙO²å–.y!¦OœnƒeP/%õ›übéò·_›·Ò%¢ÓÆŽš>£Ÿ©Fšv£~ÛñÑ?’võŸÜDD6,ýýÑE¶»ç…G†·ºª‡€FLuÚîlè\ç\v—ºÖûÜ.‡èü/ú„Ëá¾„VàJ!P0ö€‚x@A<  P(ˆ<_¸?äÛËœ.¯×ÛÐµ¸¨T*?½.(ÐÒ,°¡kp•ðÞà†àtº?Yòýýu¡!??F•JÕÐ¸x½Þâ‡5¿Øápµ6‡èõ\U?âpCÈ<’Ü¤U‹à†.Àuéxnaaáé¨6-ºõŽ±@ã—_Pìï¯#¸d­ZûûëòŠºõŽx4~EÅöÐú¸,¡!?EÅö†®@½#?_™Óhôoè*\ß?þeNWCW Þ€ÆÏëõ2ÀeR©T<ô¸(ˆÄ
âñ€‚·£8¿…‹—íþégKNžˆ$Œ6}êÄ†®Ôâ€ó˜6ãÙäŸöU}\¸xiNNîK/ü©îY?¬È8QõI¥6„˜éz=[µpçê=ÇÌ=ÆôàMÒÔ@ç"ç²pñ²ªl`oq÷Èa"òÍêµß¬^{î†-ã~3yüo&?ÿÍ¤øö-íÇÖíÈ¹*õ€ËB<p.‰Õb@ÂÈa/½ð§¸[º‰ÈÏªhŒ­»˜õÎü‚·ýTnzZöñbç™5ÜëÑŒ‡s‹œåÊ¯³èDö?´cV‡[¤Üi·•8ÜU‹ì§žÊ¦GÕ¢rgqÍ-{?öÓ§?^·ýä±'l{*9‘}àhžÝ-À':8KNnÕtâêµ99¹Õ;]˜ò¢R·øûÝÙëV¥Ÿðk¬*Ù›î¼©Ãïú¶GÖße”˜‚ƒ´'÷%Œr[ï?ü?I)™chIM9dŒ½-®$å¿'Bî‰ï$"G÷¹ÝÖvðmýÃD$wÇ÷ûKºÑ6Ïº}ûNiCCu%{Ó=áíîi(LKZ›/Æò‡ZoŽêÔÂ™ü]Jêi}h¨nß—†w¿àñÀ¹˜Ã[T%KNî7«s«æŸ»aQúžuO©íD‘ºUï½V;ðn³^¯ÉÞ³tGîá¾­[>qB×â®¡]š‰ˆ·\T"–c™%Aqã{¶)¯Zl!Aiù¤w3gjz¡hÕÙY¹ýÃZÈQËaOpÿ¶jgZÆ¾â€Þwõîä/âHOJ<¼óhä &"â–±“{†ˆHÉ/[SíÆjëdÛëùÐp="¨ÓK/¿YýîAuw?vA›ÐêÃÛ¶énneÔŠ”;OeíÍ,¶¹EÜ§ÅkðˆZý’³î‡Ó-C›EDDD†è¥yp¨_úŽowf…5?lÞ¶¥IØ.:$gf^o£-+¿I?~Möï´dõ
-Ï.ÒÜÔ¹­Jç•H³v?üEDÄ?$$ ûØÉBi""úÖmB*
±žrÔ^ç
%âß^zùÍºÆW?@8‡ ö=†FÕœeÙ÷ßÍ¶Výºôi¦•‚Ì¤<·ˆH³Î÷Œn[p2ïxÎ‰?ÿ;–Þ»ÿÐÈˆ¡w·´ççeåäïß¾ëç¨cnn“1ù@^–ñ´5¤ùÐÖ¦S?¥É:&¹êˆ-DD­QK™Ë)¢)—rMåN+—Tsàñ€µ²?9¼EÜ-Ý,9¹=o¹¹ç-ÝÎ›|s¹?*}hx°Q[n=`³‹AD$?'Ë¿EdËˆf-Ã$kZÑi)ÎÏ*?lÞºSs³éôæuÅ6‘`}´9ò—ôÍ©å-»÷Ò‹ºÓM‡’ödz-î‰l¤ß~bo^›ÞaZûÑì,»>²u°ˆ¥úÎ#[ivT­s$ëô™ªÔV+Ü=rØ]#‡]b$¨.¢M·´ý;¿Ú°W§6¶lb‘¢Ëî”_7kµšr·Ó/d`‡`OÁþ}É¿ntkõêr§ÊÐm@kUë6áéY9ÁÑmÕ"Ò¬]ˆ1-GÚµªØòM±C‹v­ÛøãmË›c{7)¨µ÷Îý-É›6üx@¥Ö53HÉå~!Õi»óVpK=x4.6êVTÜÒwdÕôÝ#‡?óhÏítjôzÕùfz?N?2Œù‚•;?åçis)› HNÉŒéxSCW ~ñ?Iuš>uÒô©¯ðFµz½ÿÏž©º„“xµ^¾w¹\Êf¸?ðÿIµMŸ:i÷O?‹È•ÏàÚF<PÛô©EÜˆÎw#Àƒx@A<  P(ˆ@ã§R©¼^oCWàúæõzU*Õ¬àúF<??½®¸ÄÑÐU¸¾—8üôº†®@½#?_P Áš_ÜÐU¸¾Yó‹ƒ]€zG<¿?f?‡ëxnaCàzu<·Ðáp…4lèBÔ;Õi»³¡kPïœN÷1K¾¿¿.4$0ÐèObÂëõ—8¬ùÅ‡«µ9D¯×6tEêñ¸?äÛËœ.F*¸*•ÊO¯
4pß¸q({@A<  P(ˆÄ
âñ€‚x@A<  P(ˆÄ
âñ€‚x@A<  PhºWƒÝáÌ/°•œ¶——{}® V«ŒM!ÍLýU¯\+T§íÎ†®@ý²;œYGóZ‡‡„5ß÷=žòüÂ’c9ù‘7…‘¸aÑ¹hüòl­ÃCÂšÖ•DD£Q‡5l’_`»ºÕ¸æ¹U%¥ª†.ÀUBç" ñ+9mov!k†?åä×½<uÉÔ¥kÎ|Ôš{üÁfÍ•¨ò‚¥~ö—¹2é_÷Å\Õ½¢Ñ)Ø ·®Æœq]w¾²;Q9KUN?×èW«SŸæ/¨WV}RKL{ï¬Iîðkè’?:éÍ¦›=sº«–~¦þ,Wœ"¢•¿<ìþMß4Ä ñ+/÷žã¾Au?º®ÁU†?ù÷ÉgæÅ+|<ûóÐ…¿íxEê®¶PïÊÇÜÍêqªu‹5›nöÌìã?«3i¤X³òõ¬Õš&xê±–KâÌTåt-_ù°Ç¨Vïù·æéDMï©ncCW ^]CW*\gÛîZša±V|ô¸‹ŽLÉ´¸ªÎp\öR‡[\Ö´½³ŠÝ"Rcº®V[©K¤8;uo†Õ%"Ê´Åá®¾sñØ²¤¤åØkÌtXjlßc/-±Wì"5¯zs·«ÄîRvmuyDä¬2ÎÞnnUNºfOºÚYõË;Ô%•”©³hrÊDD¤L?þ³&=W%åª’’ª^7*ç)MêÏšìS*åc‰ª¬\Êìª’uIYÝ?s=Co–ìÃª‚ŠVùÕ7R­¤š‚ª?”«
Žjöü¬Éq¨DTÎRu‰ãÌ¢j%Uï£¼Š5ÕÎr•ó„fÏÑŠóUÉÑß]‹ûéÁ£VD]|9‡Àuƒ».™Ý’]¢kÑ¬©ˆØS—ÌþÏ¡¨.ü?}Ç?ë‘áabýqá“;t±eÚ€ÐÂäîÁwuØ¿§0²búég'wÒúl•úù¼ÅÇÍ:1EJFòÂ°a·’jÛKFòÂ°/?2¼¹ˆˆd¯ŸÿW@Œ!kçŠÓ?^|¤o¨ˆuý{Ï¯íìL\–Þþ·¯Lˆ8øåô7¬ÑÑ…Ç]¦Ç„U?ÝZþÄ7Gb´b“Ôƒo‡ÇÅüUm–Ôƒo‡{õ™!¾·Ö?‡W‰ó?ö©¥*¹ÉíPÏÊ×üùa÷oZxSWifæIŸBÉðÞ÷€„djgþ[¥¿ÉíÐ4÷ÚöËƒ/»cÊÕ›>ÑÌ±H|”¤}¥vv-÷^ùúõŠ)Ù­~ê‰èyºo]·æT…"Á^c™æã×Ô›¥O+oÚWÚ’[Ê&xÄ¡ùÇ›ê´ÖÞ.ÕÇÿQ?î¦Nú@³Jçí"éßh#îv?/ÐŒûÕûõÝFI×<ü/ÕØG\£ZŠˆfÕ»êw¹îxvy}¾fÎ;*i)¿Kx×ò…­Ôÿ[¨y-_â£äã¯ÄT«Æ\í?¶Ë¤n?ñÀÅÙ°xÞ^qØOé#z2V'î]Ë–î0ýÕ»"Ddl§?MLü`¬ˆHIÄ¸—"5’òÏ¿Ìßczõ¯ãÍIùç_ÞÞ“1¹S»ºZY?}> Ö¤Ùo­Ì½àezÛ¾ÂáC‚EDòšŸ;)Ö 2.ù?™ß­Ië;Ñ˜4…iê“{D<Ù+_X±qpL¼ˆH‰ùÎgÿÚÍpÖ÷°5ðüc½’·öùYë­?ÿ×¸ŠéÔ½…C†;|m-üjjÔ;«jÜºÊÞw_.?”¨2Ýæ™3´\D5*Iû‡DMï©n›wÜ3îþ"¢YúUHå:ÙIÚ?ˆWDœ?«çäxç<íîá/âÐ¼3W½2Ö5éÏ^cEþÁågï|ÿíÇ©""ÎBÕ·Gå?åz?¹ïÏåTTè¦½o©*5A"~V¯lâ]ù{w3)W‰Z$K½â„÷Ï/»cDDTRî•ïÀuªMV‰UíÙ¥IÚ£ï‘tÕçNïK½ÎŸ5g•ç™$""?<ß-‘’íº¿xçW[çDU­åšUŸ©"îõ<Ð‰?@ãG<pqâ~÷È”·5}ó§SºO?Ð/LD2~Mé²}Éòí""».·àTÅÚÑ‘?N$:Ò\9íòxÎÑ*²CdÅ¥z­NÚ´;3-å•=âzÄVœð";GÙ·e[‹Ô™?IYµâWÉÓ†V¬Ú¶WÌÙÙ@D‚£ÛDDÔ½„V›v‰GŠøÚñ ñ©5ö _ûÙ)ØµâTÞÑÆ+[%»bQ[o?ŠTlUíwÈÀ›+×‰ö†oIÏP9Û–+ëø{£CdÓ1µ´¿€ôÒ£wù?ãË#½"*g¾zÝnUŽSÄ¡’r¯ˆÛz&©^\¬½­½·Gçòö-DZz‡Õ/.ÐÆGKß˜ò˜›¼è‰ï ýì'uü`Õ¦CÞ™Sä³eªôx•ìS5¹¥¼½ZR}–$"UßW²?WûšþÞè92U_·,_x³?? ñ!¸8F£)À(‘ÝŸlùÓ¢/ãæMŠñ×jý$²çð±Ý”?)c5†«êRg+ýyGE•–ºD*6ív‰¨µ:­™%nU±BB¼Î rPDDçûÁJZmÝ{ñ½54z~ÒD¤¬êm@®jôª&½-EUP¨’P¯ˆH©äˆˆˆ^+R*Nå¥!åçÜ×åV÷µ””¥™¹Xuçýžñ-EN¨÷‘P÷KQä¨Ó2To¿¯í1Áý@'Ï¤?—ß“§NËT­øLã¼UæÜVÞ£›÷¥uêôPIêà}¸­7Ç_³ã€ZR%þAÏyÊ«œ¨½NuÞ{zzy
pƒ`h2€KÔ;~TPê§k³EÚõºÕ?üãîSS€Ñàç8žg¿€\Z+Ù³cmŽ[DJÓ6o8Ü«Sp@—ØØ¼”m‡%Àh
0\yy§.ã«]Ù­áºa,¿-R¾Þ¢)))Wÿo§*¼³·ö¿ò??ä³5šÔê’šwþ§ª¸«Ô¾‹7"]½î„JDœéêoóe`çrod˜ì9ªrVô:/»œP{Û·)7½¶,UjÅÌ\MºCšÝäé3Øs_¤¤ç©¤X“^(Æ–žý=Ü,{¬*Ñßì½Ï¡z)IuÏ-åz)¿­§$}¥þ¬™wXËs”WCûÎÞðêëXÏ,Ê9¦*8ª*¹ÌÃà:ÁÝ—J?ªãªEIÛn›ÞoÌô‡>úèùéëuFm©ÛÐoüä6‘µG6ž-ú’Z‰ˆôˆ’å/OÏ–Ò2C¯Œ‘¾3ž´ÎoÞïÝÚ?[ÚÄ=þH»ÐKþj?¾¶Æ?ÌÆ¯|à}ª‹Ô÷ÌV7ñkå}}”ç¬KæÞ¿õÌIÔ¼ý/?1Ø{ßÞKED¤½gN¼æ¥´¨å´È¸ÑžøPñÆñöù‡:þµt._7ñ|Ï-íP>+J3ëïº‰Žñö‘‚\ÕÇßhÓtÒ¬\ršxßè]îÌÕþg…v‡[ÂÕ’#ÞYSÊEDÔž>]ÕÿâÖÑ+"Ínñ¶_§j?¨\ù×ÖgyÖZ{÷¼§}ò=íZoãíRÙ±J¤0Sµ4OF¿ü#à: :mw^Àj®cÒŽÅÆD^È«<žò”Ô¬NÑ­/uWn—Ctþ{ÝáÒZ‰¸Ü¢;«•ËîRêèPtñ®ìÖp½p«œjo]?Üœ%j½Q¹ôîLÖÅ¯÷þóÏîe¡ÊY&úÚ/A)SÉÙ3/jïgÏ,W9Ë½ú‹ûï¦Žòª»”ÍhTø4~Æ&†üÂ’°æ?ç]3¿°ÄØärzÙkuþW­•øÈ"¢3œc¸ÃÅïâŠn×í9úÙ«Ò¿Õ<›¡ÖÁk,Sí8(‡—GœYêÕûùjtáÙ ®½Ÿ=³îS·:Ê»ÜÍhT¸{4~v‡3ëh^ëð??`c]÷<žòüÂ’c9ù‘7…ü‚œƒÊyJ?ž-e"!m*ž8?ñ¸!ØÎü[Éi{y¹ïSµZelbif"p##PÐÁ€‚x@A<  P(ˆÄ
âñ€‚x@A<  P(ˆÄ
âñ€‚x@A<  P(ˆÄ
âñ€‚x@A<  P(ˆÄ
âñ€‚x@A<  P(ˆÄ
âñ€‚x@A<  P(ˆÄ
âñ€‚x@A< Ð6t®ž›Õë÷©çª\ž†.Àõ@§‘¶-¼Cº•?PÞÐµ¸JT§íÎ†®@½³¨^þ?æ?EÕÐ…¸.u0{_ø­ÇÜÌÛÐ…¨wt.nd—ã?Eõò4]€«?x4~+6«É.Ó!‹jÅfN€Æ?ÿÎ?Æoý>þKpðÇ¸ðß9ÐøÎåÖ€+€?&À?€x4~<§ÀÁàF@<  P(ˆÄ
â4Bý{Êˆ˜3ãn–=¥CCV¸>hºÀ•ôÔã2¶µ2=»\Žì‘§þ-÷?•8ƒ$î–9—ºÙ³ü­VœIDAT‰ËÌv’œ(3¼rµ®=Äh<þ c[KÉ1ù<Yò¥_ŒÄ…‹ˆlÛ+zÙ×Ðå®}Äh<º5qË7oËBù<IÌÍÅ"’|@NäHÅJÍeâé¨•äí’ÓLš¹å‡Té#m´òK?$ô³È–òÃÉ:öÑ\GŠ3Wœí%¡¥•×·\½/¨oÄh<lN­Ü>Cœ)²~‹±œ;RÂ$q·Ìé Ëÿ m´â,“=¥Ä#Æ"ù!UÆŽ”„ É×HˆˆheDWiþ’,ó¹?ùK‚ˆMŒMÄ)¢ï)qá2áó«ýMõ„¡ÉÐx¼»F’%¤­L%Ÿ¾&Ÿ—Ùýj¬0ñ7ÒF+‡6È çåÞïEüª-ó“üÍÒï9YvL¤‰ô»õ\;2ºåÅ×dÐ§’/Ò&²¾¾àêãî4"©23U¤µŒí&=#%®­Œ¸[N¦?YÞÆ$"rpµÈÿoçþA£¼ã8Žbþ¸h—‡"‚ÜPâPZcëPœZqª“S¦N™:tì?ÅNîb ÔAˆ¡HÛ!N."‘ Wé’†`¿CJ±”ŠyÒç^¯ñî¹»ïô{x?Ïs¿¤·˜ÇŸåÓ=Ÿ~óúÜï¹r,ü§ßùó?,¼H^de#ºÐÐ"u€öèŒ&IVsûn®ßÈÍ•d(Ý=;œ®m'ÉÑ7[œŽæƒÃoù"ú•»íñÕÕ|~8K?óËJŽÏ¥Évžü”£gê€ùå|ÙÉÄT¾]Îè©t]#à¯œÚãÉoYÉÄ™|}9×Î¥ó2?fnÏ½;™{˜µ‘LŒçÈr–6€ƒh`}c³é€÷ëÂìpÓ#°ß&>Éæ³,ý}sÒÑ\ÏâbzI>ÊüÕtz9û]#3ò¿tï›­¦GÞ/´ÐÏßòÆdfÎeæb6·’áŒlgáÁ>?À?&úÉùâQ.}œÎP²?¥_sgµé‘8Hä@é=Í÷O›€ƒÊ_“€"€"€"€"€" ý†›žh‹ôyíwrl·é€6°˜@??Ð~çOï4=ÐèòÚojr§ÛqÍx'ÝÎîÔ¤<€ö“Ðf§_)à?ëvvg§_5=°Ö76›žØ'·ºÿèÐÊó?-gyà_ÌÉ±Ýó§wÜ7€þ!€âá" È È È È È È È È È È È È È È È È È È È È È È È È È È È È È È È È È È È È È È È È È È È È È È È È È È È ¼pqµ&Á¢~IEND®B`‚' height='200' width='200'/><br>]]>
    </line>
    <line>
      <![CDATA[<br><img src='data:image/png;base64,‰PNG

IHDR
1K«Í/sRGB®Îé IDATxœìÝw|\Õµ/ðµöi3#?ŠåÞ»16ãBq£ÙÔÐ!?ÐI!7¹IÈrCr_¤à†š¡Å6¦cL˜blš?m\ä"[ÒhÊ){¯÷ÇŒd¹h$?“÷òû~>èsæÌ>û¬3âcí5»q:‘*wð¯é =€¤P€ô
?@Ò(@zH é =€¤P€ô
?@Ò(@zH é =€¤P`—;€_o¿ñª1Qh9Šˆ?2¢Ø&&Ò,,¤H‘Pþl71±?ä²¹0ÒbTÂ³“UÕ}ûÖ$«ªqfM¤ˆ˜È45¦V½ý¾e;D:Õ>îh„‰¶ˆ™LHöîß1‰"mÈÒ©ˆÉŽÈØdéÖ`
Õí}ÐFþ¦D±V¢”ÃÚ>Éa£&”ô@·!=(›ùÇgR™ŒM,b‰?±ˆdÏV93‰Èî"B»?ˆ?b–Â¡(-ÛéÛ·ß¸1ã»à€¬©ík9®e{Ì³Ûv—Ç—<|Î9ŸöbŠ„)ßr'nPH˜ˆD„‘´Ë$ÂLRhà3‘ä³’Ž&!Úíé¨õŽ$†Xq.œyäŒ;.ûø;ÿž?”Í…^æ¶lov+±1Yd…aÀ–""¡B'Â®¬ ð½:Kkû]D˜
ÍëÖvv¾™.Q‰ˆÑZ˜§L>à°Y³†?^•LfÂ„_øÂÇv\‡¤]Ã?¨Ð!BL…¨Úú²¯ìEµæ´WŽAD\H
‘S!™h«¡íY˜©¹%sÐø‘Ãïò8?ÊÀ¿)£}Šv²ÛÏb’B§Á®Vv¾).B…ïáÛ¾…§Öö9Òù3"A*ÕÁèÑc
ƒtº,Ãl6ë8NkËŸˆ„™Ûh·ïö¡ì+`É÷xHk±¶€ó©ºvå=»Îì~k"
#­L†Ýš?æ7{Bï@Ù~È¬LÓ–P%D´"2¤‘!Ã$Di"fR†H‘1Dªp¬)E¬‰,Ö†”El;V<‘˜7{î]„¾ëzÝ
æ©§ž¼ì²Ï+MÊ&ŽHl6‘(›9±È¶‘QdYùPóa3‘!j[ñÂÈ^¡"ÅZ“²„5‘Í:"eG$6™¨ýMÛŸ7<Î´[o»¯÷?}Ø¤e3vüÇOîÔIÕý9ÇyÌlD¢00Äƒô?é¤OwÜq}úô)¡ªªdÕ”)SÂ(lOô/€)ŠôÐ¡ÃËÀ¿.(×!Ž2äVw7=hØ/AøAPYQÁÌJõh­jcL…¶ã¶J¡üPîæ8¥}¼g%Eªm_#BÁNŸªztzÊæ”Oµ³©íÄ–1…©m{¶·Ç£LbÄ‹9Ùœ_]Usõ×¿>ïÈ#{Ü€§Ÿá[ß¹ÆˆîRšÑ6£¸}„ûŒ¹0U¡Û9F~ñ¥?<öð™×üàÇÝ»J…ô l>üp},Û²Q§°,P‡Z'í¶¶¶?ds¹‰÷ÿò—¿<gîÜžçDÔœJ¯ýðÒ¤¬üdçŽj-eèQÛr¨ÝÃÔ’Ém3¤„;@i0¸ lr™t%¥š¨Úæ¶ì í{øÝ˜XL¤Q"""uuu®ë½C÷4440+bUXc¨Ý~lmÚwÈ®ðZwDØ-ò=ú<vÓ®tÛ?v;ÈÐBINéxÿ^|L(½esý÷®µ²;RV?Ýznßé1‹ŽDtDCùÚÕ_«©é?µ>µ1ÙL&Â×_{ýî{ïQ–âÂêCûç´·î†k`"?§ì7ê’/~­»Ï¥Aï@Ù< “nöC£¸“å‚ò÷?‘±ãÇßôã›Ž;a?¥¬’ïëûþ{ï¾óþš5ï¬xçíÕï¬[»&£­õ[×¬_§ÃpÏM›w?¡4ù§ãÎsï;#'yØŸ>Wú½ ;?”Í¶ÍmN·D1»m+ä½´í††a6?>bX]ß¾=¿õÖúúÍõ[ü0p×²”eÙ¶m)ÛfcZ7ZÛKëÆh¥Ý±uÃå®–b"CÉ¸•ì;´´›@wap@Ù,~âe2?q‹,l*LÆ˜úÍõŸ8á¤C?´„»ÔoÝòÄ’'–¿¶\BM­;[–­,UØ™ØhOV0 xó¿'s KÈ*˜ÉõÈþÕN=§w€n@ï@ÙØ?ÛÔØ•…µà×¿ýÕÈÑ£ºUÿ+¯¼rÇíwüåá6|¸©ä Ëî¤y3î[¼¬ÜQü»@ï@Ù,|ô1“ÍD¶šhß_Ì3ùYŸÍž5»ººº»õÇcñ™‡rôÑG'*‰J­u»ù{ÞÐq¬Tª¥ûñÇ‹õ‰÷ÊÂ­Ð%HÊ¦1ÕìèTÆ¯°Èì1ö†™E¤%?>pÒäILîz?Q½°tÙæúÍDâz^Mu•å²¹\6×VsiSJ¾°}Ýºœ™›Zr•ýâ%ßºƒ‹ÊfØÀþ±\ã&¿ÃcÆŒzøáÇ&MÚ¿KÕ½¶üµoçš—-mljîÅ8Ëëø¹3îƒ‹>&è=(›ŸÿògQz³ñŠ1Òº‰³Ñ:—Ÿ~HWs"bÚ²}ëücŽ9ýÌSm+&ñ^[´ÛÔŒ‰Dò;š‰ˆI~?´¶ñG²[HíjØçKêB™î×À‘‘áÕ\ðñAï@Ù¬{ï=n3ñAÆ‹Å+Í¬Ã@3uêA]¬GH^yù•lÆ¯LÄ-Ïµ”EÌJDX1‰ˆ³"ÑÂ*¿‚ˆh£Ã ŒBc÷©©&¥D"¶l1¬Ô®(²™‰0±aVb¤0êˆ‘Å¢‰•1"KD³RdD˜˜I$l³baf!f1†9¿›‘]533…?®?‡uÃ'}”¿Øé@ÙL;Æ´ìlVž«XÄ"›9Ô&›Ížsî¹¿üù/bžÓi%ë×¯¿öÚkïºë®˜çZ–mÙ¶Ñ†™™I±˜˜92¢˜X)2†ˆQ†u}û?;vØˆáûO<`¿ñãV¾½òºë®e&fÅÌÌÊ²T¾b6FˆH)eŒ!&ÅL"šÈb!#¢“‰!¥˜HafÅd)beDHD)Õö¤"¢…òj &£…•bÒFlE?ÿØ¹‡Þ÷Ð¢?å\P>gêÓQ¦!²*˜¥0ž†9ðƒDEå—¾tEWr"Z¹r¥mÛ—ár?l¶˜y·±;TL¤u†‘ˆ‘¡?ÛoüôéÓ†ó<Û¶‰hÂþ6×oöý@)U¨ÚÈžUµœ´ç ¡.ì}²ã:™9“Õ3÷TúGÝ„Þ€²iÜ^“l“I(Öù3FKYÃGïÊåQ­û`m$Úu\¥”Rª0‡€¨m¿b
Ã(“ÉTWWV¬Z?ð7oÚÂ,ÔéPÿ}6ú?L,Â¶NÔùoí ÷ lŽ<úXÝÒ?eGqa"p&•ýä9gßò³Ÿ9N'ÿ>744|õ«_YøØ"/î2«Ö¬`—üÔÞ HèÌ³Îúâ/7‘V¶ÕQ…O<þÄÅ—\bYlYöÞµíRòº¦ÝM$„ˆ©%žuì¡7ßv©w€îAzP6‡2ÝÎíhqû8lˆÈÑF>{î¹?æDôÒK/m¬¯?zÁÑŽíì«ÍÎL”Îf¢Hâä“Ï9ûìŠŠŠâöéS;}ÆôdUÒ±:L!>Îì ¿ïAsªeØ˜¥Þºƒ‹ÊÆs•Žšl»?mYVÎÏ¹®£T±Öyžïûay1Ïj?'?_é'`YV:“ÎåüšÚš¶]¡µi]ñtWm­ëµ?'’|îAû,¶?%?Lh·Jºv!1…M>u’Û@oAï@Ùœ|â©Ž£³9ÃŠ››FŒþóŸÿ¼O]]ñ«ž{ú¹ÿþÑûY?‹"ÑšY‘bÑš‰-ÇÞ±cGÿAý¯ùÏïÌ<tF×ƒyò©§¾wíµ®ë)Å–²´1ùLÃˆ?1Ê²DÄc)KXDfÅŠŒffÅF&bK‰£,+À–EBb4+ÅÄÚh¥”bŽ´ffK)­5åŒÛ²ÚIº%;÷àñ×üÏ/{üa@— =(›­Û·x:³='ŽÅ™\ð‰N®éÓIn?Î¤ï¼û?ë×®S–¥TþëöÂ—ù"¢XùA˜¬Jž÷™ÏÎ<tzwãÙ¾c‡­ØˆäwM ’Â¬Éï–&íîµë¦DÌÌ"’Ôv°{ù|Ÿ‹q~Î±!f¦}\ØîŽ”Îd¶µŒ(ñó€îÃà"€²ÑA–Ã?‘SG&
£¨®¶?²:d´Ù¹s§²-¥‰P~–Aë€œœïI²2?Ç»L…--9f“Yh¯@j·‘qÛM©ÝfÞkRBÛ…ÒúÆ®J„¨Ý»¼û*HíŠˆYn”âŠ¾Ý}(zÊæëW_?kÞ’“D6“¾àÂóO;õ´âåß|ý?ôÃ0Ò¶²
m÷<!Ë¶Â0Øàõ×¯„Ü€ˆ^[þúÍ7ßÌÌŽã
‰ïç´–|“¾­ßÉÏ=jÜ{ÙÓ=Ò‰.ü4Ì³¦Œ¿äËß*á‰ HÊfÉãOZ--›réêdÕÕßøzñÂAÜø??|àÁ*Äd;®]è:P*ð}fuËÏ~–¬®*-˜M›6?òð#ÊæüÈ"¥Øv1†X‰hVJŒ(Kåw>6Ú°RÆ¥”ÃŠ‚fnË¸0Ã8Ÿb´õ(C¬HLk…"1¬XŒ°Rb)%ÆX–jN¥í`Î%¥=t”ÍæúµÜÜÖx–9|w6²híºµ¤H‰eÄx±X.È8¶F?m¹M?M1×;vLÉÁYóÖÍÙ\?!2‰X"›ËÄã‰l6?Ç2™\<Ëæ²ÉÊJ#TYY‘Íåb1ÏÏžg?q+Œ"ÇVQD–%Æ0³±?frŒ„¶åDQ`Û±0Ì¹nÌ÷s±X,—ËÆb‰l6“HÄ3™l"‘Hg2ñD:›I$éTKmR%ª†•ü\Ð-è=(›‡ÿò×\Ð"‘}öYgÏü ¸ãÿwËÆÍ^ÌÉÐ/ÌV¬R©æ#Ž:ò¨£ŽêI0¬ûàî»ïÝÿýÎþÔ§:*£ÃhíÚuo¼þÆÊ+›šª«ª-[YÊÚ{XP›ÝOæ³…üŠ¥’Ÿ—œï@PÌ¦õgþL~rs¨õøO<ó¼ž<tzÊfðÀþMM?‰DåßÿþâP¤ä³Ï>;þ±Q´ï±‰ÊÅ‹Í™3»'Á<øàƒgœqÆÜÙs/YÜÑì†ßßR_ÿÞ{ï=õÔ3ÿXöÂK¯¾~OîÛ©£gÍxäÉeé- Ò€²y}ù+nØ"µÓ§M+^²¡¡aÅŠ·”bæÝfû*¥2™t]ß~S:¨‡Á4îÜùÖÛ«úö©7nœêÚfj&Òo­\¹µa»Cm´c;žçY–•_¢T¤ä–˜9Œt¿êŠQûØÃª ‹0¸ l¶nNeÒ³æë7 ¢????>úXMMÕ^+Q*Õ<jÔèžçD”jiYóÞêÜ?ìØ1c¨ké?²­ÜüæúÍO<þd&—é[W§”R–Úm¤QÉ“‰"[×Œêþ¥P¤esîù555.Z¼dø?ùEŠÝqûÿ~å+ÿÑÑ»7ÜpýìÙ=V”÷Ì3ÏŸþg÷›0áÕåËãv)\×µûîßßóÂ²çÄô<¢‚£›úÈÓÿèµê (.(›E}ŒµžüñÉdE‘b¯½úÚúuk•cëÈpÛ_"eYÙlöØcçWUU÷<˜6,^¼xð?¡Ç;ßRVÉõø¾ÿÔ“OmÛÞó\Ëq,eÙ–2ù‘»Ü…?/éØvcsjX¿ä´ÙÅÒ'èEè=(›!C‡?Ö¿xn?Ífü(:l(³Å¬"‘|†ÀBY?{èøq½’QmUÍäI“ûÕõ±¸ôÜ€ˆ<Ï;áÄòÇï¼óö‡6UVVÇ]72šY)2‘°Ã‰Q¬ˆŒv˜B›•mØ²ÉDÂ6³!S×ßô«r{å +?”ÍqÇÎÿîW?÷•ÿº±H™‡|øâK/Îf³{¿•¨¨||ñâÙ³ûöJ0Ï<ÿìi§?:wÞ¼Çy,ž(eßå½Y¬~vËMO=õd&“#SâLåãŽ<ì?…ÏõJ<Ð)¤eó…Ë/?îÄ£‹—6jø×®¾š´ÑŠ¹m- fÖfà ?S¦ôÚ’>'ìwíu×<Øq?Þªsìøñwýñ®ûþxÏªÕo;žç8n~M£.^ÎŠ³éðà±ý{+èæ”MýÆ?£G"åuT@ˆ¶mÙšó}Û¶ÚÖÍï¦#=`@/ë­`‚ Ü´ySMeUM]moÕÙ^6—ûpý‡ñxÌ²¬Ö$aÏ…˜Zµ¾Å"F%?V=ä£ö†ô lf:ãù¥K“ÉdG¶mÛ~Â‰Ç}°f?çí–­…øÎ;ï>æ˜í”ÜÞ£?<úÙó?Û§OŸéÓfØŽ•H$***F?5vüø¡Cì7 O¿:Û¶÷Øx¡ë¶oÛ~ÕU_{lá£1×¢ü¦È?^•ÎåN?ê°[ÿøPi7€îÂà"€²Ùÿ€IBºHcÌˆá£dµßˆ€)
Ãx¼rÌ˜Ñ½Lß~}?˜w”?¢ Š8“ÉløpÃÊ•o©%ö¨#§L™2uÚÔÉ“&WT›H]¼þ›n¾yØ°¡ÿüç?cñ„RF¤ó!ˆÌ~“:ÙzzÊfçŽmýûU;N‡n1²­a»¥TûV4kÑ1×MV÷ÎšEya¦R)1"´k-aø?/F’Éd~SdVÜ§º–T‰=Û¢0´]—D¨u©VÚ5¢H˜I„˜92¦ÚöMÓ>&è=(›.¸à?ûp:ž¼xñâoû›Žë¶¶œ?r¹ÜÁSgþê×?wÝ^[ôó…eË¾~Õ×”EÜ¶é?1±?±"Š´aæ>u}§O;ø“Ÿ<{Ê”)ÝqôÜsÏ}ÿ†ë-ÇfÅLŠH¤?'0å§%0“3e}3oú~7Þr[o=&‡ô l<ÛcŠŠhhhµT%’Žm›|»\1Eš**ãN‘Ä¢ûL¨•­*+ª•b"!bab!"&!Vdtþ¼øÙàáG¯Zõö…^tì‚ùÝš$}üÇÿíï/>ùä3}ûõ‹‚œ?²›
Ým7%fRœq¼‡3@0¸ lB?›L’RU0ÆärA~B°‘³ÖÆq”eõhÿ²=ˆ1ÚhcT~`O¾uÞv?o»3“1BL,F±¥EÂ0—NgúÔõqìnßÔÔœ"‘XÌ!Ë²óK3å×ej= &b“
ÀÇé@ÙüÇüÇOþÏ?’ÉÊŽ
üñ?w>òÈÃ5µ5$í§ðr&?>ò¨£.¹ä’^fù«Ëÿç'?öÇ¶mé`Æ0Ó®ÉÄÒnÀ“Ö:çûµUÉ.¾dÆôé]¿éí·Ýþà_0 £©œñÃƒ&Œ¼âªowÿ? \P6/ý}™1¦H?÷Þ{oñâÅJí¶%Zssª¶OŸÞfÛöíÏ<õt…¶m·mH°ÛÒBEÒZgsþ3Ï>÷ýïÿ”SNU–*VºÕÌCùéM?}á…¥±XLöªŸ™ZÒÙà¨yWtÿq 4è=(›úM›†à¸ŽÚO§ÓJY…>…aUMumMM/ãûÁÖ­[Œ6¹\ÎˆaffV–åØ¶m9…ZGþì-?;9›NÛÊ9vT×ï›jj®¯¯wã1{_c¥´á
•Ž×?ìÁ“@7 ÷ lî¸íö«¿q•ÓñâC+W­¼ïÞ?»Ž»+7b¦l.7å Î;ï³%oR¶·Õ«×Ü~ûm£GŽ8éä“EË¶†mõõõï¿ÿþÖ-Ûššš‰˜m»{îS ­ý»zX‹Ée³•••—}þÒaC‡uzßduÕÎÆ·Þü3Çõˆy·%\™rA4uÿ1§}ú‚ÞzL(½e3õÀI/ýóŸÕo_ðè£?žrÊ)Õ5UÌj×.ÃL-éôAS¦=ýÔ%oR¶·‡zè´ÓN›7çˆE‹z1/—Ë¥3é?ï¯^óø“K^ýµ7^{#|×sI¨5-ÙgOQ&›?2mú?·Ý>vì˜NoÝÒÒrÑ%—<ðç?U×V“P»nÎd2GÍšùçGŸê­Ç€â?”ÍŠ×–<m’Ýñ¶hÍ;W¾û®kÛ¤˜ÛÍÐÆÄãñý÷ŸÈÔk½M??¯¯xs@ÿ?Æ?Û»V?¼¿úýÆÆ?‘6LbYV"Ï/.D­s–ÛÓš››Ç?5lXçù%\_{íõÚÚZV$ùšˆók%%=kð¨‰½ô”Ð.(›Uï¼sÀ”IvÇ»XŽ»æýÕF´eY»Mòý Ÿ¾ýöÚvÂ›ëëßxuùÄ‰“F?µ÷*¥^Ì?4iÿ¶—Ë—/_ºti²²2?+¥Œ1ûèI^÷ÁûÆÈ'?xÐàâw¯««›9}Æ½º/÷\×ÓZçÇQù¡; éÀÇ½eSW[U¿þ½ê~C;*°mÛ¶Ã=lõšÕû|÷W¿úõç>wYosï=÷žóés;ìÐ§žz:?)i´Ù\¿ù÷¿ûý¯óëM›6yñ˜ŸÍ)?gÖÜûøsÿW/-hll<á¤ÿ¶ìE7æ9¿íü1‡üðÓïþ@)?”Íûï½3yÂåöë¨€1òìÓOmÙ¼Åñ¼üÎdRXÂˆ3--ÓgLßÿ€É½ÌÚuëŸ~âÉ1ãÇÎž=ÛR]Z–ô½÷ÞûÇ?_ò[²•É¤ÅJŒ°]d$RˆÓDº%Ýrâ'N0p@§¾µjÕKËþ?Ål×!²UÔÒgê¬£zü|Ð%\P6©†--)¯ª®Ãô@)žtÀdÛv‰‰UÛ&ÆDÄÆôÛÙÜ†¡ãt<8©;j’É1cÆÔõé£º<ŸaÜ¸qãÆ?#¢çž.›ÉVVVJûmÚf/3¿üê+œ6íàâNš8±º*ùö[«¼XŒX˜9ìCµ5/í½é@ÙÊé_ùÜÅ×ýè'EÊ¼üÊ«'?xbGïÞÿýgœqF¯ó×E?Ÿ{î9Ó§M~éóÅí!ÃnøÒ•_Ú±sG‘b®ë>üàCÇ?x|ñÚÖ~°vþ±ÚŸ9ùˆ÷,ZÖõx '?”Í7®þÆ¡Ó§/3cÆŒŸÿüQî±™mÛÍ©Ô ?{+˜iÓ§^ýõÃ†³÷š—\œã8ŸùÌgF?ýÂÒ¥¶cÛ¶½÷ÖiÌœÎ¤Mñ?—‰ˆè°Cýýï¿sçN/æ1±¬íF®=„¹e“jÜáq6Ùo„¥Š?çI§Ó;v4Ä¬8YŠÄhÖ,LLÆ°ŸË2Ôv{á»?ço©¯¯¬Nö©íSr%Û·lM5·$ª*I„XHXò±
S:“K&být>aÃ‡¶É!m$¡rnõ?’C€nAï@Ù<uZ¥ãÿáž‡gÍ:¼H±¥Ï/=ýô3lËÎo1`ˆ‘[|ùå—ßpÃ–eõ0˜…žwþy³™õðÂG=·Äáþ¯¼ºüâK.mnjÌOMn? \ØYY=tØ°»ï¾sÚ´éE*ÃðsŸÿÜ3O?mÛ¶ŽÌIó¿íO--è.¤esÚé'³¿CÙø€ˆˆœràù~¶aûÛ±´ÖbL~Ž²‘‹…aÔóô`è?¡gžqæ~&ôd£µcŽ]ðýëoxtÑ£ŽãÄ¼˜ˆ‰´ösÙ|VcÙvD[ê·¯ÄqœÏ]ziMumÎO³²fÍ<¨@÷`p@Ù(8jôUMUE‡'ç‰H6?u<G´¾Œ'"b
ƒHGauMuƒÑZçrYeÛ1×cîéfÌÍÍÍ1/žr·©Ìé––êd•åt’ÏäŸ´(Û!ÝQ²‡ñ@¡÷ læÎ9’švªýî»ëÞ#†)¹zÍêóÎ;¯%Õä8åÓ2–ØB&ÒÆQö??ùñÑGõhs€'žXrÅ_<|Ö¬ßýîw%.ÊÛR_ÉE¯Ýð?g¹DBJ‘‘Â?Hª%ýéOöšï|Ó²:ü$"7|ïú¼ßŠô1sûï[ß“x ëº´ñ|ª*+ãU?;×¬Þ÷¾Èm†>oÖ¼H¥lÅ¶R¶b'"ÑÄ¶ëfBÿ±‡Ã°'Á¸¶—¨¨ŒÇâd:__¨¸þœqÖ'Iì|„Úˆ&ÒÄ‘Cl9ö[«V45µ©?™<ð@Çq"Ë±ÝžŽ›€®Ãà"€²1:´ÂÆ@ÕÄ<Ëó¼â…ÅHSs“e;Š­ü÷ëÆ³(e‰Hø••§ßúë0J§ÓnÜózcp5571)fVùþRŠ‰8Š‚ÊdÂédÒ…47§ŒØ®Ê‘ƒÁE.(›K/¾HùM;#«Ò?ÿ×uß?<yr‘Â¬xáÂ…øÃ*“1D$ùF¼‹¥EN=éä.:¿´}”_[I[É IDATã?k¯»îàƒ§~ûšowÖpï’5ï¿íuß'ŽÚ¥…qQAN›6ã;×|Çõ:¾‘ÈOnºåÅ¥ÏÍ9ôà«¾}}Ïã€®@zP6/þíŽnÎQ"ÕÒ|ÀAOˆhâ~7mÚ¼sç¥öÊÌD²æ?÷GŒ¹`þ1%Ó°£áÅe/°ÓãÁEyƒN5ï|kåJÇqÚÏNÎg56l¼èâ‹F?Ùáõ¬l¡W^}¥U?&B@·`p@Ù-Mq«)£úûÙLÌqkêj;½¤¹¹9•JUVV’?6!æüÆ˜t:?ŒWT÷í¼ž½…a¸sçÎx<žLöÚHžÆÆÆ <×Û#Tmt.çÐ¿øz¬¹l®)•ªpDÅKy"(zÊæ§·þ‚ýÆ¬v-¥Ré–£Ž>ò´SO+~IUUÕsÏ=¿xÑÂªduk›{f6Zç|ÎÜ¹§?~ª¥º1©wÕªU¿ûíï&MštÉ¥—ô|…<×ón¹å–æÆfËÞ£BöƒÜ¤û_xéEEî•Íeo¹åÖaýªÏ»ìÊ^‰:…Þ€²1p@¦©9C:ÿrÂ~ž~òéÁC¿jùk¯?vê©ëÖ­+RÆuÜ¯}õkWóÕÕU]æ¡þrÚ™§Ï›wÄâÅ?Çb½3ž'Èú'Ÿvòã?/Ùç»ûMœðü³Kûõï×Ñå;9ä°ý«}ú…^‰:…ô l6¬[+ÍõÍªR‡¾eYQ|ðÁ?.aDDë×­_»n?c[lY{¬1$"Žãd³Ù(Š™yH<ïb0M??o¿ûn]mŸ±£ÇÐžµ–îÃnXÿ¡Ú«‹@„\×9ð€m§H?¶¬\õ®ŠRÃÇMé­x 8.(›–½Ó?UÃ¢‰ÈóÆoœrê©(~áðÃ+“•wÝuo"î±äW1¡ÂZFÂÌÆ˜+Vø¾?lØðæ×ÔÔ¯sgcã+/¿<bÄˆQ£GYÔk[T$*ÞYµ*ÐÚ²¬ü|¦ÂFAÆã'NèøjÞ±cGËæw?|l?”Í×¾úÕ
ÊnÈPÌVÌE‘Žô³Ï>wÛí·Å:ëC¨¨¨X»æýŸÝz‹óÂ b%JYZk"²-Kk#dlËÑ:R–5jÄÈ+ÿãŠSO=s`ÿÔAÇÀ+¯¼rÅWÌ™;÷¨£ŽŠÇ»ÚçÐ©æ¦æÿºî{[¶Ö“?²3i-ÌlÛVº%}Í5ß¹þúï¹ü¯‹/]ôÈ’“>Ó[ñ@q\P6/-{>Û¸Ñªè':"ËSDÙlN1ŸxÊ‰Ì?ïjŸÍf—<ñT˜NWÕÔ33‹Í¤„YÄXÄ†YÄ¤vìÐ¤;tæˆ1£;ªmÛ–mÏ?ól¿ÁýgÏ™£ºp÷.Š¢péÏ55Ù^,’È"Å¤EŠí0Ð#F?š4yR‘ËßûàÃ-kW|X)Kµ@Ð{P6;µUu?“dÖZˆØ¸Ï„æñ…‹Ÿ3·ªª“Fãñø)'Ÿ”Íf—=ó,³í%â"‘?fiÛ?Œˆˆ**†‰‘Uï¾óæŠ·ˆD“Äâ‰?ýú>¤¦ºÖ¶-"ŠW&ªûÔTÆcFHõÚÔ²mgÐÀ¾ëýÀ‰YÙDÂäZ¤ˆØ¶s--i1†÷ÚÆ¡M]MUK%¶Løø =(›Ó?y†Ÿi1–¥”*ŒÈ2dZR-^xá/ùË®LS&¢e/ýý‡?ü!Û–­¬ÂüƒÝí±ªÑÆèÈµía#G÷íWW‘HŒ=nÝúµ=üðÜ9s?¾Øî½ÁEDôóŸÿòÖ[o©®ªjÛMˆ˜9Õ’š>mÚóÏ¿‹uø˜/½üòÍ×ã?%ëÅx ¤eó_ßþ®47ª˜ÅFZç0‘ÖÚü0»’Äãñï^{Ý?S§½öò+NÌ?¹3åûö”ïRÈoN&"L”ÎdL¤…äà~OŸ1cÂ„Žãôîcž÷Ùsè:.·Ë\„$
£:ÅV.¢É'_ñÅË{7(sÊfÕë/WWy>U0™¶†»1±“nI?;¦¶OŸ®W˜jlzëíUž‹ÇcbD¸]>°;)l´,J©¶ÅŽ¢(ª®®6|w4¹$Í©ÔkÖ8®»G¥ZK©‰ö+²ŽªŸ‹6­oÀð±½?Þ€²9þÄ£tcs ˜wý“oÓk­§LÞÿîûîßÿ‰]¬0ÐÑ’E?ÿø§?MgÓÜ6”§]?»u ì%Òúˆyó-ZëÕÁE¿ûíï¯ºê+–eµŸÁD‘Ö#FŒxóÍÉdeG×¾¹ê­ï_õ…»>×‹ñ@HÊæò+®äÆ¶Gbö|?IiØ¶}ÕŠ]OêêêþëºïÎ<ôÐ…I3Û–m)VD»ç
ûÂÌ~&3jäHËí?-“ÛLœ8áâ‹/©¬©2f÷)ÆTWTØN±=úÕÕõ‰“{7(ƒ‹Ê&—iqm±bI¥u¨#fnû‚¿0ŸXK†dqmMmi·Ø¸a£?T$+Ë!&¥”1&Ÿä3†ü7úBä±•üX"îõvza6?¶=WD˜XHHˆë(R¬*;î: "-6o5^‰?Ý…Þ€²™=kNuu‚,;ÓÒBLF+VÌÚ&RJEÚTUV6µ4~Èá×}ïºÁƒw«þ Ö®]ûÛßýîµ×—‡Aè8vKª%YU%bt~c"­+²”eŒñý`êÔ©·ß~{WLê¢ÿüÏ«ûëcñx"?ëš•RJEQ…á”ƒ¦ÞsÏ=j‹-<ÿÂÒÛnúá¯îúK/ÆE =(›™3Þ±nÕŽÈNVU3)#ÆRj×&KÈ°ÔÕö]µrÕã‹¿ð¢»U¿ëº³fÏ?~ìß^üÛC=²úƒÕñxB„DÄR–cÛ6‘X–mŒ‘D"8`wÜX/?1RSÝÇõ\&¡üD6¢E&î7¡Hn@D¶å<¬wã€"0¸ l\¥í°9Š÷#c"M–E"DB"DLJ±b­ÅHú¡ã¸E¶è"­E)6F´Ö™L6}eY±XÜ¶­xÌ)²IYiŒ1ÚhÅ–6BD"”¿CFžk+«ØÜ
³?‘ªèÝ? #è=(›Ž«ô89b¦üôáöëûìZeˆ‰)?N??ášk¾=n\é}Zçú9çÎm[¶lÛ¼qS:›þÇ?þñÚk¯MŸ6ý‡?ü×ëµ¿o½ùæW¿vu.—uìÖ:9ŸIßúæ7??ñ„"—ÿìÖ_¬_ñÊõ7ÿª·â€â?”Mº%ÝðaS.ær3³2­³ŒRJ‰QÊ"yî¹g6lZÿË[~5~¿q=¼{<1bä¨Q£ýÀ7Úxžw×]w÷ë×?¬Î9êŽ7V®|ý?×jª«Dˆ™™ÉÉ?_ÒÚxv'†Þ\ñÖÖuë{1(ƒ‹Ê&ôs¤¬x?eY"†˜s~î?RœŸ$Ð~•!Ë²¢ JeZjjªc½:{˜ˆˆ¤¡aG"‘ð¼˜R½6ý@"ÉbÅ¤„LÛ†k"&Št¢"a\ä‘ŸÝacå"€?zÊækW]U[›vÅh‹•!³÷~e"di2©ˆH±Ù¢ý¬ÖÔÖ~òìON9àÀ^æ?7ÞüÍo~3qÿ‰ŸûÜçk²w]SSÓ?7þÀÅÌ¬CŠHÙA˜™2eúE^Päò†­ÛøÓ›F÷O|ö_ï•x Sè=(›Q#†E;·7eÙD¤D„i?ýÑ”?Q¼ÛÈÌ,FXYZdÌÈÑßþÎ·Ï:ë¬žw&<úè£§?~Ú1GÏè/‰Åc=¬-ïO÷þéœOÊ²-¥ˆDb&C$DV…ßøÏoþ÷÷o(rù/¼pÄÑÇ,8|Úý‹ží•x SHÊ¦©¡>lÞžuj,Ò­S“¥­?Y„¸°ŒQÛúŸ…ÕˆQª¹YŒ™6mZÏW#M§ÓëÖ¯¯®ª<h`o-^´uëÖm[·y1—™„˜
‹šŠçr¹áÃ†WUUut­ù9õšÕÕq§Ï ‘½t
ƒ‹Êæþ?ý¹Æ‰¶„1›MŠï3#O=ý”hSQQyØ¬ÙO?¢JjÜ×××?öÈ£ã'ŒÿÄ'>Ñ+C‹Ö¬^}ÿ8Ž³WêÂ¾Ÿ›4iÒäI“‹\ÎDK–,YñÖ›Ó&Žžƒôàã‚Þ€²6°¿45îd&ní8(ù'U%+O9õôó>ó™3gÖÔÖt+˜ûîýÓ§Î9{úÔiK_\‹Å{øh¹\î“g?õèc?å3ƒ½Cýú×¿þ£ý¨H;v6N9ðÀ><nÎŒ–,ëa<ÐEHÊæ?¯é?šÝ~–D=ÉHq.›s\§%Õâg2‰ÊÊÃgÍª­íÞj?õõõ/½ô?¾uýf2Óîl½ÑNcž|òI¥ØqÜö'ˆHDZÒéCfÖ¿]‘‚ \òÄ?—> nÒôÙ=Œºƒ‹Êfõºõ*9“NÛDš´MVD‘MvëÏü™=~*MF‘2d)iK˜ƒlà:®WíZ?ûô³¡‰HK"ë;hÀ¨Q£ôïW<VŠ´Ä<×R=[äûþ¢E‹<Û‰”Ò?ŽÈØ¤ò?5K6•ž2õ â¹­\¹R´‰¹¶íö0è:ô”ÍÐ?ý«MãÚÔG{—X,>p`¿ã÷;ä°Ã?yÈ¨1£õèÆ<×u­v{<ðÀýgžyÖÜ¹s|I,VúÊEZë«®úê-·ÜjL‡*–,Y2þü"•44l?îø_þçKD4ÿ¨#úë’’ã€nAï@ÙÜvÇš7¬Ì8™Òv*–v%È^›&äÏDQ†Úè0“I¿óî{¤H00ßm‚Á!‡zÓÍ76ÌqœRˆò{·Mœ8ù'?þ‰—ˆ[­3òX©tKKMmíóæ¯Äq½Ë.¾ô‚Î'VCúWö$èô”ÍÛ+ÞHÄsZõW‘!RÔº/@ëKMÄ­çó/U»Yù—ùL ÿn[‹œ[_¶î»LD¢µÎù~ä†„™Û21³íØ®ãÖÔÔŽ>œJ]×tÇŽ+W­ªªJº®GÆÈîak1ñäÉÅ,Ê[µjeèGNÌ‹4WÅ‚~C&”tÒ€²3r„ŸIFï¶ªO^ñ—ù}¨ÝÉ=^îóL>U "!i?1Ìùÿ˜9?Í}äQ?=ò¨/e“µ÷ßÿÂ.\öâÉÊJ“ïáÖ°…ˆ(?I_yù—nºå¦â»4lÜ¸qö¬Ã7lØ?'RYÿôcæýñ¡…%Ä%Àà"€²¹òó_ð·P/I‡uë¹=³€šýÒî­6»­fÔÁ™ö…w»‹ˆhM:`2;%öüóå—Ç?;õà©fï¡RLaÚ¶õÕ«¾Òén[¶l;öØlÇ¡ Œ¦í?¾´x è=(›ú?ëk’NÈ–no‹¶Ï&iZ«â0âñxmM-«îÕ?Éd¶ÔoaKÅ<?•"‘¶ _y†ldð°¡]fã†J)Û²‰I'Èwª”ølÐMHÊæÀÉû‡¹”u¯-¾wÿBw/ß»ï€ò[9ú˜cn»ý÷]ßMŒY¸pÑ~ðß«V®r\—9¿ÖênsŸ»ìóßÿÁ?Vxë/~qýµ×fK(Ë„¹cŽ˜û»»þÜÅx ‡0¸ lŽ[0Û†"/IFw¡øGŒ9“É>DYÝøÓðÖŠ÷ßuMÍ‘Ç-böN;”bß***/ùÜ¥?Ö¦µ^ýþû3fÎŒÇ=c„™‚ÐL?ªÛÏ¥Bï@Ù¸Y°SQî@
ÂH3‘²”êlzA "Y?wcJ)ÇÝ÷r¨¹\Žˆº¸‘‚Ö:B/k»¿2áN_°¶)ÀÇ½e³`ÁqÉ¤"-F(?Ü? D²û™=˜‰w?È_µç\d),´GµÂ$¦}µLlt´³9uàän¾ùfÕA[Ÿˆr9ÿÝwß¹ç®»ÿñÒ?¼˜çº.iCJÉ¡*V©¦æê>}n¼ñãÇw>½øÍ+¾õ­o…?s½Ð?­„˜SÍéiSÆ_wãÏzë3€â?”?ŽdÛ;+6…äPaÐ}Ï*h¿RQëAÛª¤œìÏÄBD$û:È¯‚ÚvÐ>wh_a6“1t¤éxžôö††ûî½ïO÷Ý·iã&?ðm×á}Ïc b£Ðuœo~æÜqãÇuåÓXø×¿¾úÏWÝ¸«x×:¯Ù Úoì?®\½ƒ‹ÊF‡¾
š²\QÂÊEct²*ó:”Éd·mÛª,+O°ˆì{’0« ðE$?×ÔÔtñîÛ¶m#"¥¬ö'µp…ÉqUßî>”½eóÅ+®H¨l†“VëþÅÌùVwëO"jÿr¯2=¿¤ýË0†2oÞÜ;SÍÍõ[êwîÜAœ_«T1³mÛÌlŒé(¥8Ý’2xÈw¯ûn2™ìÊçðá†¯»ö:ßÇ!¢]±1ù?Ì9häù_üÖGÿÛBzPN/ýãï¦qË¦œTUT¤2Ç²\×nÉäª++šÒé˜ë2S&›«©J6µ¤+b±0ŠÂ(JVT4§ÓÉD"“Ë2q<æ¥ÒÙêÊŠ¦–ÏumËjÉdk’•ÍétÜóŒH6çç_VÄâ~hc*ñæt¦*‘hÉf-ey®Ó’ÉVUTaèzîíÿ{GÌ–íX–R©T:Y™hNg*ñœï#ñXs&SUQ‘J§Ûv»%“«©¬hN§]Ça‘~ý\páÅ••]šOøÑõß»þÁï·m'“ókª*›[Ò‰X,ÒQDŽ“Ôôó¿øÑÿ2€ƒ‹Ê©aûVÏ´H¼6—Éy^LëH„mG9ß‹ÅÃ(`²”E¡Æâ1?ð-åi/Ëù9Çvµ„¤Éõ\?çÛž…¾"e9vàn,ø[¹Ê¢0Ô®çú¹¬ë¸†DGâxŽŸÍz^L›H[Žú¾¥l!-F‚0Š"ó×sˆ(¢X<îû9Ûv?„¢Åõ¼œï;Ž§µO¢Ç‚€Y¥Zšß:th]]]×?‡µk×Z–íx.
‚œ?Yß±]R&Š$Æº¢nàGù{€]Ð{P6·ßvÛ *·™<G©üX–üôa#lYFR–ÒZ+¥HHÈ1‘ÅFÅŠm”²Œfba"Åe)!)ÔÀŠY
³?EHµÕÀdŒf¶˜IHXX)6…[‘£H±H‘;1ÍM©aC‡œ}Î§âñ®n©FDÏ<õÌ£?=ZUSÅÄ6ÛU5IbcÈbÒÂ¬4ÓøAÕGœtÎGù{€]Ð{P6ƒöonjìÉÈÿ",Ë^0ÿ˜o^ýŸ‡Î><? +^|ño§œròöíÛ‹›?{ÆCO,ë?0 sHÊæÝU+$µ©ÑT)6DDBmKz¶­;JBÂDD¼×Á^EÛìUŒ‰¤õÝöoî˜ïUØcÕ½Êçò—†QäçrÆ!»®oõ¡Óg¨.'yo¿ýÎš5«ãñ„1†˜˜Ø²Tûà™ÈÍÀÚØ˜IÓ{ò9@×ap@Ù¼ûÎªÚ˜JQ¨¨uaÓ=¶>èh'„®ëz]¹5³ÉæüLKvð??ÇŸpwaå½mØ°qésÏ;×UVSè«Ö<HdÏm´æj§ª„[@iÐ{P6Cöolj,wÝ6rÔÈÃ?õ©sÎ^°`?çyÝ½|ùòåçžwîÊ·Vv±üqsf<°ƒ‹>&è=(›ûþtoóº—›íÌZ‘E…^µ¯M¤ˆ¸³ƒü®bù!2?"ÙukQù‘ˆˆÒ$$BR¨ŸHÄè×oÎì9•¾”Pª¹ù‚.ì×¯?‰˜â13‘¡}*züI@W¡÷ l–/µ’²”´U¹C!""£µ6R×§OU2éxn<§R†uèƒÖnÚ´!OÄbnÌÜ3çü\me¢ÿÐÑ½té@ÙØ?“jÒ¬¸Ý”â2RŠ§OŸqç?wöíÛ—™ãñ¸bV–ÕóšS©–_ÿæ7?ùÉ?·Ô×wkº‚Öú”£gßýØÓ=?ºƒ‹Êæ»×|'·éí­V‡M~2p‚÷1iXh¯Œ¢£c÷óÜvr?"Ì~.·ßÄ‰£G÷þWõ6~¸cÛöOêlVŠ•ÊoíPüa…ˆ™|?˜4vd¯ÇAï@Ù4lÙÀ¹í¡7ˆEšüÜÖöoß¦gÙíå^%ˆºœì:I»–2e"¡HôØ1£{·#ãý5kšv6*¶*+â–SœºvÛ.œBÒ°ëa9Ð¦ÚŽ’‘!|L?”ÍAîŸmiËa)mùÒ=®êhÓ½Ïï–äêAØŽûÂó/Œ=¢¤`ö¨‘Öøá¯~õëßþî7±ãz,dH¸ÃfßZrÙù³¦Þ~ßÂž†]ƒÁEesä¼£›7njRÂ¢™º<?Û}ù^²v?…®õéÓ§2ÙË1566Þuç?¯/íðÃ‰BÓ­PÛoò†ú?ƒê…? kÐ{P6éT³ÎíÐV’Ät¡x«.n?Öþ|[s{?ãv%™ÙSWW?'ºù»iØÖ?Îet¤Ã0ŒÅ<Ë²™IvmÅÜ?ª˜(2”ô"¯jPOB€®CzP6Ž9jÛ‡dDY¬¤ËçŽftË¾6Dæ–––ï~÷»W^yenß¾ý…ç—ýù??¿¸lY.—³Û²,¢ÂNÈ%D›ïCÈ†ú¤#½å÷””ƒ‹Êf@ß~~.×Š÷Ý{ÐnÖð>^î³pGöèJØG…B”L&«’UÝ}
cÌ{ï¼û¿wÞùôÓOç²™ªšê®!Þ} P§?íã­*²õ¯ënHP2ô”MÌQ?¿CTRˆ,ËŠ¢È¶mc‰(KE‘¶mÛhÍÌ¬8ÿRGZY*¿!€mÛ:Š,Ë#bYJGÚ²m£5©Ö
µÖŠ™™µÖ–mëH[–"£?eçËXÆH~?cÙ–mweª€ˆ„AhYVE???¶çXJ%c‘bÝqÀFÄˆØí"Ì¬£È¶í(°RL$ÂNØX•Ã¯Ð{PNW~éK©æ&ÅJù¾?Ç2é¬ë:ÌA¼"žMg=Ï5FÂ0Œ%â~6çy^†"â¹nÎ÷ã±X.—S–eY*‚D<‘Éd×!¢ +‰L6ë¹n¤#­M<Ëær±˜çû?bvÇ÷ýX<–ÍdmÇ±”J§Ó‡~øW¾òe¥vmã,F-‘ÖéLzgÃÎ­Û·®X±âÝ÷ÞÛ¸a£bÎes¶c;Ž†a¢"‘Ng\ÏcÂ0ªH$2ÙŒçyaŠ?çy¹\.ór9ß²,Û²üÀ?ÅãÙLÖu]"
‚ žˆç²YÏõ´ÑaQ¤eæä‘_úæeýEüAï¨.”€H é =€¤P€ô
?@Ò(@zH é =€¤P€ô
?@Ò(@zH é =€¤P€ô
?@Ò(@zv¹è2?µaõ;›šó/ªï7rh?ûQÝK©”_8v“ÉD±²¯ßqÁKˆ0wìÈ¹ç?1%ùQµO~c*ÈY^2ÙñòæÝgÝ¸„hÐÔY£FvÎ9S?Þ(»Ïß²öí¶çÞ€Q£×%½öï7<yýU¿~›ªFM?hð§]>ohBL¥²…C7™ô¬??€Þ‡ôþ_°åå;nºõ–Åïú{œ¯™|Â—}ýÜé}{½e¶ýño÷ƒ¥ùãóóæ—'+¼óÝ·W­|÷ígrÆÇœ¬¸åÈËîÈÎþæ3·|¢oG£o¯|—èÝ·W>7gÈçLýcì?ZõÄÿç‡w¿Ô¸Çnßyg~ýçŸ0¡ðù6o-|ì/Ñ§ç–#=Ø¾øº#¯}1|þ^üÚ¿ìG
ÐHà_?¿ü7ç~ñö·3ûz¯qÅÂ›¾´ðáî¼ç²)Þ¾
@'RkþþÎöüaÅ?)*ó§¨7/üæßx"µ¯÷‚íÏÝý?çîâüô¸º??4€Hà_[ãsÿÕ>7¨¹ßÔisûnþ­ÍÛ×¾»=CDäzð~emÕÖM¹à²ÏlzmùÚfª«ú—ýgµï—]úéo¾¼¦™úí+µîÁ/|©}çCyÓƒUw\Õ.7pûŽ?pæŒñ´úå5[6¿ýAþüø™“ò¹?;fÎ—úàù·6õ)_Èÿ¿ù—ý;@D´fÑm¹?;çêßüð“ã“Ñ•D¤ƒo<úÛrÒôò6j‡yÙ•G–5‚®6ïÊËç•;ˆ¢üÿrËÚÂñ¨3~ñË«æh÷nãÚ¥þÉ7Þ;é¤aù×É)Ÿ¼lJþÿè=Hà_YjÍï¶ŸyAknP`¹C§žqÝÝgìûÒ¶¹Åñd²xöÐZ²óÙ¥™T*è|¦r?.Ï—ù×›êê§R?îÁ³wÅÚw—¶Î<÷Ó»åDT3rÎ¥?{Qw¹¶ü'Ùéow…IîÞ£ IDATÇìæU?(üæ%?º™ô½éü¿bãöQÍ^§÷hCoYñà÷?øÈ³¯oÚÎyÿÔ—¿xåq#÷hòmÿûÝÿó›{žZþÙ»óø˜®ÿ?ãŸÉ,ÉD&DšX‚4–±„Z+jiƒ´ª¤E«ŠÒjU×_Ñ?.è·t£Å-¾¥-mªiÑ¢Ö%´±Æ.iYdb&™%óûcnöÅ.Œ×óá?;÷Þsïgî0î{î9÷¦Žx6´è=fì¸Ç:”îÚžw$fæ[³—íSú½:Œþè?áíÖŠÿ¨Ó#J?NS~™1 ¶HJÌØ‚‘Í]'Ç|xÇÖJš‹ÈÙÝ1Ë¾‹ù~ýßg‹†Xèüº|ù™Ñ}n¿Jç”»g·±T
Jú¬ÃÖÂ
›§uo=Í9Y4ÐÖnÜÿÓÜw?ú.¾` pEóêJJ7Š”³ èãNÿ~\Ô››?ÓC¾ÞýLXÁã¾ïÞygÖÏ‡œt~Ý†¿÷úp÷¯
>£ÂÜÅÈc¶·-|ãõ…›”¿6º¦^|ïÅ¨F—œ…ŠUÕeâú÷ZüñÑÔ+þV>øáãþóæèvœpC#¸‘µl,¿8/ l|å?gž{¸o›?+øe=)fdßi;ÊÌÎKÙºhâÖMGç.Û¼à¤ÖÿÙè‘_–¾’qßšOåù¯ŸÖ§øÜ?¦F/:~´øjÛçŽ|B–¯Þì"~àO[?-zòÖJšŸþáÙÈÉqeÚ9GânM\¼p\‹*úÕÙthî3£gí¶Ÿ§Ìs—?×ü*'„?»Š,‘ÓŸ?ttôãÑ?Ú7iàw)çè§WOŒ~mc±¡Í–³çŽÜy¼OçÊZ]ôÒ½·ûË`9ðý´h“÷úiÝ.ÿ6TßxdÚ¦cÅædÅÍ=Nþ·tt“ËÞ(\s<À­Qäã}
Ï³âM~)ú¾{ÂÃ#º?4qê¢˜ÇJÞâ&0âÁ^""îµ÷4|ôÃG?1¤OcåÜúè—W§(+×N-–a}‡Œ~bøàî"îƒìQêÅ±ãG?ëêTtªzláÊ?Êys?†?*y6n­¼yÝnýzŠs$n·ÁOýÄðÑC{7UÖ<>wî¯g/ù°•'0¨kñ—oÿÐÆMC?þzú6mìüã¯Ë¦?
²?góÑÓÆ®ÿ5vÁ‹Šˆ]ôÌÌí–²;¹"î?× à…åÀ/³_1¤{çN-ºùÚìe¿:]"Ìù—ÙBÖÆYS³?Î¯Ûƒ£ŸþXßæÓšŸ×V¶çM·æyúv4ü±¾ÍHÞ/K~:uo'aë¦cbhÑû±'ìZ»0àŸûC\éûóÀ?„«nl5º½µèEË3×•¸¾åì¡?Ëm\öÑ4C‹!ï}øLW¥¿†¡Ç£“§ï8 ´Øo¾C[ºO^'"²õÏ½Æ½"‡–}´F9Eóì4å3(£]GO2Úol\æGñN“~œ1¸žˆÈ¸þ#‡Î=-"bÙ},I:4(½n9.Ô¼FÄðw&ŽîÕ¬X,Þ<¯ÓÄ?""›wí1Fõ¼êÏRðí6eI7‘¿g´.xlB›ÑŸlÂ©˜9+œ Á¸s•¼[?8e¦$˜/–e?l×á
~\/O³Çf}–ñâóKJ^ÕÉ:¾cõñ«—Š§oŸñ³ÞŠ®°_Óé5KŠ²O^öÙýÎîI£Çô›ýÔÒÓ•ì8pÈüÿ=ÓÞ "£Çt™¨yùûØ‹Ô»üK7]'~÷Yt€ˆÈ˜¨¹÷Ÿ•$"’âŒ„7ºì?À5ÆÕ7:÷ÛüpÝ¯?|>qtßðFeÆ÷-ûÄìø‚.ûî-z—È&£Q¼üW6YDD’þ™¤Ì©;|tA6Cãf?e*úðàÂuš4ïQ0y %ç¢ÞÀ…›ëÂú–ÈyYFÑž¨çd—ûÌ‡kìôÎ?ñÎ©Ð{ïÓ°Å]ÎCôË¾ý>ºlx‹Ö?Êü™_ù^Õ¾]_Z¸eõÂ÷&>Ø³±oé`JÿyÚðçH® ±ñÀî¿¦ïW4tÁÐ¡ß°ÐÊvÛ~äƒíþÖZvj_0ÿtz¹O`¸HC†?XPƒºq«Â{[%$_ÉFàZãê€›?ÚÐ¨CÔ¸QãDÄ”~ôàÁ=ÛÖ,[²FyÂ±¥sÖþì~_)š¼zã®øCéváH9Q8>¡aàEŒÕx«Ä£²5/·ùÙÝ1Ë¾[ûGÜÞ)W»ÇÎåJ?Y0"aæý­g–·ÊñÓg¥}íò–ˆx{ú‰*Ù…¸6îýbŸèÅn1&ßÿÏ¾u?Ì]¶ÝyRmÙôŸïâû=VÎ¨KvaàêÔ¨Ä
‚[‹$T¼Gu±Kj¹Zc*Š??qçÿ[7¾®Ül<}µîÔ¨u§‘-0Óùkô¦cÉ"¾rpé ³Ÿ¡fhØ¸Ž^D,gŽßÈ¿×î_4üÑ?ŠB4
Ð‰ˆ¹ðA`UÍÓ·iƒrCT¥Ï€óômÚ¸ÄœôãR*\½|j?¡^ãöõ·¿7ªëÔÞc???LÇÏJX±Dq4=M¤¨£”¤Ÿ­¬k ñÀ?-ïxüqß°&åuq)ÞY%>v®’Šº’K‰îõNµƒÚ‹8/ KJ©ÒMÚÿ^=WÉu‡~²üùpåÙÅn»yM¹{Š”×yÉ·~¸HœˆH?ßZ|Q÷h*Î¯×Ä½.¹˜³K“æ~åìKW§aƒ]Žðn¦“ÍÎþc[÷Þ¬aÁÓÁ?7^r1pkbì€ZÞÎïy8ªûs³¿ß?l,Þ[(/yÓÇ³—¼êÙ4H$=1± gN£ F…?âØÁ=¥6ØäÎ‚§Îý¾øÝiŒ‡ö'ÉuuöØÑ‚³ó†!ŸûvôÀÞKÞTž%-Ëh,ûÇXI‡¥€:m
&ÿ:´¿XN¨Û²ƒ2|6iá¬2ÝýÏnßºÿêßçøÚwGwï9ú•E[?–ìdeLønÆì‚lØ¼™_ùí›¶‰*èô÷Ôgn:e‘¼ôCË&Múþª.Š«ndÆM«¿‘³—¾¹qé›RÐ÷&ýx‰>ú‡ïn‘f­ds²ˆÈæesi1ºƒoî±5_¾=³ÌpØÆƒŸë=÷ÿÖä‰ˆië›÷Ýó}ß¨;uyIq«×ÿm¼ÿ“-ÿ~MŸùUBí&­eS’ˆÈ¦En9¼«?åèš…oüçï·-eçÌèîå(|X9|‹šé»±}w5Ô‰ÍÒëµ¥£[D?»wîó¿XD,›ÞÜý?¨­·ªmÙó÷¾?×mˆO±ôœöë‡÷^ÕÜ°8ADþþù£—~þHœ7¨mè[ªo˜®ëØ¨Š.e¸wþV·˜W6ZDDŽ}7ö¾ï
[¹{J^UŒð€›ñÀ,/'Ûn)Þßx4¡d?üÝÞ›=:Ì]D¤Ù€gûÌŸø³IDŽ/›8D¹¶Ø©kèÖM%‡¥zMšÿÄñ‚GãW/-ŠË¾ûmtx‰Ç¢][Å²Ê±ï^ œÑÖíÒ©éæ­®ýî‹4‘¬ã²DDüO¦Kßž¯Ï—â|ô?åìÆïæ–ìŸ³îû§ï?ª{õ*1fçx•ìé”—r¨äp]Ó'fØ·’Î`¾}¦Î=]úQnº¦OÌ~Ö2zì¢ŠÛ
Ð¹ÀÌ=`À~Ýúý'SëÖ´véÛÏ»×nÞç¹OÖ¯›Ö§ðV¤5º½÷ã'ãºÝÓ½vïI?Ó³fÙMëÂÆ.üåóÑ=–øýÛÐ°Û¸?ž-ýX´kÌÐkò/sG{r–ÎïÞ?ßÍ¿òfWK?nïýoÆcŠÝþ”dÏÆ£¿ŒY>mH×R¿Fó>ÏÍøaæÕÌ"bh÷ÌŠ?b–O{¦O‡e®JuòÞÿbVŒ½Ð£š=?þrMì‚‰/=1¤OßG?7qþ÷1+Æ6w·]ÕZÀu©Î›o”›èÀä?æ‚i?ÁàYñš&g{wC?‹x¦•© s~åÛ¼öò²Œ–*,£ð8è†²çà…KÕîÃå?)ìâ)GCÄyHÜ/rl´Ñhô4J­l?TøT2÷ÇæÆ=×ü*×
.„ÎEnîå?¶–ËóRÎ°/iåkÉ½ÆÅ¾¿k¢òãpÝ?ÒeËŽÏ£Æþ>`Dï:v¬[ÃÝ Ë3¦žø~Ö‹³”çº_h#pKãêÀUd­y¾ûäu/wï6ù—?zW0J Œ=¸]ã^?…Wp7%]Ó“WÍ$ÀpõàZì–Ó÷îýû¯Ä³Ê¿F?îìÐ¼Ñõq7)â?‹(ˆÄ
âñ€‚x@¡©ê jX³O>šiÑúÖôÑª«º nÄ·žÌø¥³¿?=!Õkéu"b2¦åÚ4*"Ø³ò??k4‰ÞÓãæúæ´YsÌ¢7?.ÙMùqÀ•â[À-ÆÿÙëËZ?ðÁ¤pÿ‚3fÓ‰õóVËêìYiÓ„o§O“¡_=z]
½Z-{n‰¼ðî°›«êÀÍùqÀ•"¸µþ1f[`÷†eñêþìøª¬
€„ê¼ÙRÕ5ÀuspñS‹S‡Mx©£¡²µ2ãW,Y¿ñ@šIçÞ7jxD°gööOÞßp(ÛxNôþÞ‘Z÷¿<¢›O±&vcÒ®Í«þˆO8n4é!wFŽV]I ¶´=1ó–ÿs8ÕêØ-*zP+‘³ñKÆn=n4éüCïêþXT˜¿ZÄ|rãŠ˜þJÊCHÇÈQÃ”Sl~àíwz82ÌOS²TCH«.Ctò**êÜ–SV'e¥šÅÛPÃC¤~Ä›Ov¨^XO¦µF``ÇþÑƒZø”xûbKXñÑ<[¯÷‡ifY÷,ågýS/G…h+jž¹ñ‹9ñ-Æ<ÛÙ§hïûBß|²CueÑ?ûs7|¹:Q×÷™7zøßŸéLÜºÕn8?šfÑú7¸ã±‘„VTîQÊI\»4&6!-K!m
ÞµÝxbÃÊ/×&&åhk4hxÿ Ý‚ôÎ}Å¤•òø„A!Ê&?ýsyàƒM”EÃÆ4Ž_ºh›rÌÇ«~Á?\WÜJÎ&·êo¯]i68»þ­×·ø=>âÃ§µÖ“ç/þ¿ŒÁ³„?štGü7Ó?“{ßy¨‰ˆF«/Ùêü??o³µ~hÌp?ä¦®ž»`ê:ÿ÷î‘´ßæ¼ò‹~Ðã#Æ×7œÏ<»z{R‹ÈÀôõo½¹¥Fÿ“ž¬W#73~íº¸Ã"}.~cññn#Þ|?¸ºd&¬šÿÊló‡ã;Tã¶¹sVøF¿9ýµ5éŸ_¾Ý•vO}±'.?ºüHï1ÿSßÓžyxËÊ?Ú/ª¬zûÁï„ý³ð¹•òðÓÃCEÔzÏ‚z?õôøZš¬“æÍúè³ÑÆ¶.þ~4¡­‚Ï¿·ykß°nÞÎ9Æ­¿ÇkÛ>¢­¤¹Í’aÌÊµnÅ’›?–áüÊfÉ0þ³jij›.?½ü@ŸRÇÎ¿fW^«¨‰C|ª‰íÌºEo}ûÞ”È@I-ï(ÕLX<eÉ¡6Œ­‰¿‡ñø–_6h;,\–}<#±ñøñ/…liñ1ïOÿÔôÚK‘uDÄnN5ŠµhV“1Mì"Ê¢?‹0ñIÝüùûË?«Ûhb‡}Üàºˆn5^þÞ…Ó™¿˜óÃIç´òqÂ/ëÎD{£} ˆˆº~·G#¶¾²=a@p¨—¡º»ˆxzz•—.¼;Œ*ìžäeˆ¸ÓÿÇ¿OšîôÌ?_ñmRøè)‘¡ñô
ö¤ˆØvÆ¬;=çžP­ˆx:!"i¿Å®ˆœÝ/¸ºˆˆOè€¨ž/Æî8Û¡—ß©Ãû½§„ù{ˆˆ&°ÕÏ*åŸ<’Ù$²k}O­ˆÖ'¤Çˆ?RUiõžZO/ñ2x:¯*ÔÓ«‘FD<C£Æ?rò™E¿ôjý@‰¶!wö¯óéÖ}Æn?""É›Nì3*ðb›—ÇÔ ç¤Ááå?î0t||LÑž»„…ütèDŽz•”’~ýy­g—÷‡ŠˆBï*"É±‹6xz;:,@D$¨ó°ñ§ßyëÛíÝÆw¨|<‰ˆTë2`Tçú""^‘ƒïÞõÖ¡£Ò9Ì³ò?\ñÀ­D-"iÉgEüœ¯}:=öt;»ˆ\øÜf‹]DNI??rã÷Ä´ÉkÚ™Lõ»ÐÆ­™'OfåZS?=q8Gìæó"žéIG¬õ…”ú²MJN”Ð¨FÚ3mÇÓüýäxÑ®?&Ï´äT¿Æá=l3fÍÉ‹êÐªQãµôÊmˆüšwY÷ùûK²îoÜ¨~?ßEüÄ?žtÄÚdp³¢zª7ÉI8ž)!%:Ïvê¸tÍæ¤Î‘?"‡ÿØ•1 “·È™‹l^Ž?¦Až©Ûmç’?§çšÒO>yòŒXsrE¼Ê?JgNdz6oXrÖ3iIµîpfew-Ê†“Ç¥ÃGßÑ¨~át?š^r8#MÄ¿Ò&àÂx,€[‰OýÛ½äŸI…3´zƒ§—ÁÓË³ Ç¾5ÇTªMý>ÏD¶ò’8óÂ³Ÿ.?Ï0‰¶V£&!'Ðy¹çE¯)ýSŒ5Ç$ž¥;¬˜mæR«ÚEGw«+"šÐÁÞÝ¶FJü·OóÌôÅÎUý{½4á?AAæ¾œ:ýÑg>]›z¡:órÏ‹Z§-5×ªôµ)¦zÛ.Swm8,’¿vƒGÿ¡ÚKi~ì‰+^}óÕoâS-âé[?,¸Fµ‚ÍVt”ªéËT`5‹»¶ìÜ+(nQ\=pKŽˆô‰?]×Ð°òj¯Õ°¡ÄkýÃZ–]¦u×KNùgœnOkýÁCaÎ—I§cå´ˆˆÖ“_Ÿ’v%:ß…„Ê¼ÄDoRl¦Á/PŸ•mmVú4WDDãß(¼W£ð^Ä´cÁ˜¯7ôœ("jC`Ó.÷5írß09±júk«â"F‡—lî®ñSáé{­€Ùpè´„)3¬§N×,{mÄ#¬ÿµ¯ýß«éæm!†\bs‘´ä´r?Ui‡wÅžÿnt˜ó’È™$‘´JŽRP°!íÐÉsR¿z±¹žµkyž:yÄ,þkÒ©di[§¼ºÎœ©_Î‚R*ù¸À…qõÀ­%°çcÃ>ž² 6!Éä<÷³šÓN%?Q–Âï;¿jå?'ŒÊŒìÄµ?ÇŸ‘:uýeGü¶‘R¿—û×ò—ã'O8gfÆ­ZWÐÜ£UD‰]¼2Ai•¹í·øs¢iuW˜vmÌÒÎÕli;ÖïÌ–?î?ÄÅ|¹#SikM‹_µþ°]Äž¸í·Äs{<.[¼<´"’¿vGšU™oÎÊ´i==ËD‹ZÊÖmq&»ˆ]Ä+¼O[ìÿbO8ëÉ‰_¶ô ßò{àvì²-fÊª¤ŽÝ;(çâ•5÷o¢?üg|’]DÄt`åÒ-÷‘øù7?äC§mÊñY½« U””;ÜrxÃ—ë•K@¦ë·iÔe`Hâ’¥qiÎ£‘¼nÞªÌŽ=œe×i![þŒ7ÙEÄ–´>æ‡SUW%7¸0nl
àÖcÏŒ?Y¾tÃÉ¤e†ÖË'´c—!÷wô9·oåÇóãçi<Õ6«Æ'<*zx?úž"bOÛöåü/ãŒV‘?¡/½Ñ½Xw{ç¢xs­E6¨Eâ¼„°&u÷wîîÛE¯M³ŠˆV1`üÀ°êj9·oåûsâNäŠˆx†„?ý@˜?˜N¬_8oÃ¶dñô²™lúÐ®Qc†U—´?K–ÌÛ–&ÕÕr?Y†&OŒÖ±–ˆùà?óW®Úcö¬¥—l£µ^‡—ž?
){U$uû'Äì<+"?ÃÞº—wÚ¶ùó¿ÜaÔziLyrÏ?—¢šTð¸hÛÎùo~²/ü?™„®`¯¸¹ùàŠK<aÿð¨Ç‚·ÏØé<ik§~´íÎçJÝÏ´PÚ¶Ó'ž¯nÐZ<º=¼ÿ¿‰§?×ËOù,Ê=Jó>_·ó¬ˆˆ6 ÉàQƒzéÅ|pÅ'Kc‹ÖËf²:6¶sÁ% ¢# ê7¤oÎâÏ”ç?%,Uâ™qi¿}ôÂŸ…\Å7¸.â€[˜ÕlÊ­¾`¤o)¹F“è==ÊtÂ´šMvm9óEÄn6Y+Zd3™­ž^¥OÞ­f£è¥°šM6­§¾Ì?³Ñª1”¹@`³æ˜E_f#•ï¨‚zJJŠ}óÓ?w•wZ_Ió\£I]¶È²Ys¬Ú
ê)ÿ(•»#»Ùd)çÐU¸‘ªäãWD<TàðÊ1G}8¬?GUW¸^{(—-aO¢ßÎd¸¥põ€‚«Ä
âñ€‚x@A<  P(ˆÄ
âñ€‚x@A<  P(ˆÄ
âñ€‚x@A<  P(ˆÄ
âñ€‚x@A<  P(ˆÄ
âñ€‚x@A<  P(ˆÄ
âñ€BSÕ¸ñØm&³¹è¥Fï©“Ùêé¥/¶’Íšc½^«V^[ÍFÑ
_J®Ñ$zOMÑD9{±jõz­Û?¦¼5ÀõÂÃÊÈÜ4cÂ†ÔZz?óeøÜ•4cÂ–Û'½6¤‘²Š)né3_džþ\/?É?ÿò…åqáÑsF†iED$áÛéÓdèW?„N”·—øŽÓŸë%›fLXwÆÏPÍÍ–•j– ðñÏ<æsß/(@<P®Æc§-:£?›$bŽýßú^“ºû‹ˆýäº˜ƒVñ/\ž¶e}ÜÁ¡q›·
ëæ}»óøÒs½üDì™Ûæ:ãó8w®/Æ(—ý\ŽÑ”c4å­vçÿY·"Î,"çvÄ®Ÿ¢ÓwûÁµ1¶þ»?"sÅ¯‰W´[µOÇ¾mý?Æï9{¥o\â€r%.™úékS?}mê§«Ž:çøßÿpxBÌ†$sÂß˜?Ô¶FÁªÖ½®«ß¡[MÈ]m«ý¾egî•íÙÝ£†¤%¨
t.P®R?‹DD´?î}¬ÎôSvY:ž]ëä6eYÒºUå\Ò”I›ElYVsì–´v=® gPfÖìXûŠß¸tÄOßn@Dìë§"ûËù“Ê¼Ã®:×dÐð°@çË¤íÇl>ñ@‰vy&SŽQDD4%oT’ÝfJýçÛ¥qÖötfh2U?x \ÓF½ªLFýêÞ‚Ù~Ýßø\DDÎ;_·ýW#òéÈVJ:?=×,^»ûÞˆâÛ¶rŒr­!tâ¼¡eîa$"i‹'¼ºXDëeéýáÀ0Ïkò¦À¨Î›-U]€C“(ˆÄ
âñ€‚x@A< à±hÀ-$=#û\¶9Ïbu8U]€›€J¥r×i«{ë}kzWu-®‹Ü,Ûé¤t­¿¯··—‡J¥ªêŠÜGvNnZzvn®µn ¯NÇ¯Š€ë#·„£ÇS||ªÕ©íSÕ…¸)?IÉÌÌ<ß¨Aíª.À5ÇØÀõ¥gd{xhÉ.[?Ú>ÚôŒìª.À5G<\ß¹l³¿/ý†\_ïsÙæª®À5G<\_žÅêíåQÕU¸¹y{yäY¬U]€kŽx¸>‡ÃÁXdWH¥RqÓ3àV@<  P(ˆÄ
žŽ BIÉ)sç-?ûkŸˆDõí9fÔ?kµ'»Åh´êÕÜÕ×jàb”/)9¥ß#
_Æ¬^×¶M‹ð6-®êNÎ[3ïÓ¯ã“œ©ÀnÉ«ÕnÔS£"ƒ«UÔ ÏxÞâ^Í ‘øÏÛŒ‘…ÛŸjyUkàVF<P>çEƒBIÉ)sç-ÿlúUÛ?=å÷i×zjæÇû^40&.Ÿ2îÃGg=VnBH‰}cÄï=|Ò¯öU+ÃØåKNN-5'0àRNÊÍ§ìØyà´Eœ}‡²Îý±ˆˆ¤ÇþçÓz//ÝÎW-Æñ;÷§äÙ-F©ýöS2ëìål'/+Çb‘<SNáFJ°[ÒOÄïÜ*¯¨íy£YÄžy,~çÞ™Å×5žˆßŸh´‹˜ËßÔ™ý;KnªØÛ)Ü¸E$+qïŽýgœ³?ÓæK8HÜh¸z |mËô#
¸ØxpþÀ¢‰ÃþÛ>²³!ñý­^]Ú5~ÌÌ""b9³?³Ë»ËßíqrÕW·Møª™HÊïïLœgë\×²jÙ¿Ç$jÎ[‘]çoIÙ´q©í<ÚoÇÊ¥ÇÅxêÝ1±Òô‘™oøÛ§9þÓ1ïîmÞ½¥û¿¾b}tÎÔÈÙ;?zxbXdzž¡­×ÞUqyÃg|÷X3±§Ä¾ñä”}?ú÷ðútÖma~:ÖªÄåˆ¼ýóÇŒýéLÛN}‰“Âf~5L·lâðe–‘ÁÆß¦Æ·¹ô­~uÔ²w÷»Aj IDAT~ôôãa:ñi*;W½Rï‰‘5Û£k);W½RïÍofFÖºŸ×ñ@ùÂÛ´3jèœyKŠ½¼¸¡É§?þ¹vÂÊåýDd|žÙâ®[úßa"ræ§‡lxxlD5IMŒoÒ.Z'y;O2?¼öÝÞ‘3?<ûdVmƒˆ¿oµlsyÛyª½Ïó#~ï1M9›?/Ü¥eçg“wöûdat=ÕöÝnK·Þýb'‘ãÁ?~;²©ZòÚ¿ßqÒ†½?5k¸á³W"æ|3¾?^Ä¼uzŸŸ¤UñêOý0ó{ïç,¼¿¶ˆ<o>Ÿ—úë˜ÏµV~Ò?@ä™SËÇ<ùÙ†îïö¨&"jôÞöZ„»¤4}zÄô¤W7ÎèäœŽÝ•ésU?®â€
?5$ªo?¸¿öÔ¾øAÉéû¶ìmÛùÝå¥»Þ9ŽXòþþüÙ¯nŸµ°_µˆå|v­z‘ûw¶ï8ÌPÐ¶eÝú"’k·V²?òìßñ“E"~út®ˆˆ3üOgä8—ôoªq÷ô³ˆÈ±ýqÒcj;½ˆˆèÃÚw•U%ª?ßüwðÝo\LÐWË)^†º^ÓV2}ÿ‘w{„‰H»ÍÜ?«é¤}hpá´ØËvWàæ@<P¾¤ä”ÂÊIÉ)qÉE&?ÎK’2?¥æšã?{;þ¡ÿ|ÑÒy^®«æ?šiq×{?59Ç'œÚ“è7®šHæÞ>aw‹îlyÛ©`Ÿ5¤i·‡‡µR"Ä0µÖ r¦¼UµjK|ŠQÄ "’“?^jK^ù7Ý(RKt:/1YÏ÷óì¢Ó+ÓÜ†àzˆÊ÷×¾Ñc'”šPûbž~`hÛ=2ë³Ø7m_Mì)N{5­›³êõÉÇýâù ‚•|ƒÃn8f?hñpà¨7_M“„Œ¦]Ãw.ýøÃïöŸé8e†A¤ìv‚j7
ÖMOHÌëWÛÝ.R«v;Ysà„´jÖ¹¿ÏðŸÖ?Úu@µˆ%åÀ)]SCùWvê×òƒÅŸv~¢½WÚšy_%I‘ó{¿_¼I:Ö£·õÃØ?ÑÁíjI?tJ×¶{ä;óVíê÷|Ûj’¾fÕªj}ÔìjcnDÄ¥•›œ×æÌ[Pë¾¾=+k_#â?ÏN>û|t›,}µ.OM{?kÍ[›-²yD›wDDä‘©=v÷ƒøSÊ'÷÷ž±2¢ð™hÑÆóM5ƒ¾‚í·|pd—Çßíø½ÈàÉ?ïüP¿ï_z¨ïôG¦þõÔÌ©3ßÒù+]-I·ÔŽ~áÕçƒ+èý_wÀ¬ÅºOg¿;nÙmí?|¾ÇÖå""9G7ý4_ê=< ìî‰SÏ¼2©[g‹ˆÎ·ËÃs§>ä,£ƒè$OÛcÜ´±a•tsàæ¦:o¦?,àâž
ktñëO~ûÃW¯«hi`@íŸV.¸¨Y,¢«øLÚžûÆ›;;Ž>²™¡ —N^ò†¯7ø<28Ì½òíŸSrižYÜõR©óFc5ƒs¸ƒ=ñ«QÏž½rBÇ2uÚ-y¢+Ñ}¨ò·Üââ?†6©WÕU¸¶¸z ´RD+%)9%)9å¢ž?PùÉ´ºvä[3þ6oÊãï+OM6Yt¡½Ÿ~&Â½Ôše·S|NÉ¥Ê"Éë_}|qvÇÎítÆ¿×¬²˜Û¶¼:Õº—€Ëáêàú.õêÁœyKwýµ·’æ^Åg'W»åÌ¡ø$£ˆ¡~ËÆµa\$®·âàú.5@¹ˆÀ­À­ªp£ P(ˆÄ
âàúT*•Ãá¨ê*ÜÜ‡J¥ªê*\sÄÀõ¹ë´Ù9¹U]€›[vN®»N[ÕU¸æˆ€ë«î­OKÏ®ê*ÜÜÒÒ³«{_ð±änzÄÀõùÖôÎÍµžIÉ¬êBÜ¬Î¤dææZ}kzWu!®9žšÜ,Ûé¤t­¿¯··—ˆ\‡Ã‘?“›–ž?›k­è«Óiªº"×ñ¸…¤gdŸË6çY¬ŒTp1T*•»N[Ý[ÏuàÖA< `ìñ€‚x@A<  P(ˆÄ
âñ€‚x@¡©êÜxì6“Ù¬L«õžú¢/
«Ù(:ƒV]|esZÒÉ4©èS8ßjN:~Ð\­IP ^#V³)O<½ô…ËLv­§‡¦pƒV?ÁS[¦•S®ÑdS&µú‚ýÍÔhõúÅ€+C<PFæ¦Ö?ñ3TsK¶ÑÔ¨ç{ã»û«Erã¿|ay\xôœ‘aZ1%,mVüùê†jbÎ:§ï?iÂ}?ik?ž½ø¨Öß[cÉ6šZ>0;*mÊë{N®—ŸˆHÂ7ïLK?œýB—ê"bOXöÂ÷š—_”¶íËù_Æ›køèÏg­!Ê¾?>m»Þß[#ùæ¬súˆqã‡…ê‹fšŒiy†v‡ŒêQß³ª?®?x \þ_z®—ŸˆýàâÇì>,TÒ¶¬?»#84nóÖAaÝ¼E$sKL¼Ü3fNÿú""ÉIiµD¯_–4vÖˆŽz»1)U<‚z6Ú¼->­WÉ?ß°EÄ¿'»K7o‘ƒ»7ø´}§‘$ýºè³Äz?ª1'.?¾`Ê÷õg
é0àƒGBEäÜ–OŸYµ=2´{ñ™¦13Þ^ümÀ„a¡|›p0öÀ(çÝöƒkclývDæŠ_?K¼<ä|êÉgÍ""?þj?V+ÙÇŽ%™¬"jC`€AÄ¿}·ÀÃþ?&bÝÒ}XÇ¤­ûŒ"¶?Ûü»…JZüöÌ Þ½C?ý?ôÁ}#ÏmÙ{¸d“UÔ¢+9Ó3(2²½yí_‡®Ë‘Àõñ{€r¥};cz¬›ˆÉ˜åÑab±îýs]ýÖÑT¿«mµ·¶ìŒ
nçaè8,úØüØ©¯ÇšDØ:bì£ÝƒÝ;iðŠ/çÍ‰Í¶i½{>>dHŸê-ÂBÿ·çl×íø@„GÒ²Ø¸´¶5wÆùDôIH;%ºb?VT¯]CrLVç‹íß¿?ð£äš³ò}î{ºCu‘3%êÔTó9“rNB«_ç#€+"(—Oß§Æôô-þ›»ê œKš2i³ˆ-ËjŽÝ’Ö®‡¿ø„y)lˆØ¬gO¬š»àãß‚?èW?¨Ç°wzˆXÍIq+¦|2{X;ï°ˆ±k·¯õÛÖ¤ÛPƒV1wÍ¶?5ãjÝÑ?@DBdOá`h‘¤£§¤^¸¿Hšˆ´¾÷?‡š¤m™?e}p«Fú2uÓRE[??lÀUAç"åÒè«<½ž^z­ZäðŸ«Î54<ò±èÈÇ¢£Æ¨<fóa»-aýúÃÙ6?ÖGï%¢Õj$y{ìž$«]D«¯¡W‹s³ÂÚ×?¼js\Ç°V"êÐðÎi«VlpWx ˆˆOû»êg­Žùñ¨QD¬gÖÍ[më}§¿³©»§§—!¨gTOûöeÒJÔ˜›yø·+|úßÕäú \W\?qÛÏq5"ŸŽl¨ÌháÑsÍâµ»»D¤ÆÏxe?³?xäK=­ÿ<öÝœ³m""þ÷?ÙÎCDÄ³uÛŽrRÚÜáÌ¡w†k7$uk§D€ê‡½iZöñûÓWXE´š°þcÆv4”(AÜÿ¡&ÏÌ?ÝÙiX5Ù°äÑ"¢©|ÿëO÷ªs].LuÞl©êÜä¬f«[©çØ¬¹¢õ¸ä ¬¹¶Ëh®âc(ˆôñn9’mR™,bµ‰8ªº7•h5â©oOGM¯ª.ÀuÁØÀõeäÈ¿Y*«µªëp3Ójå¶„Àõw:]•ž]ÕEp¾ÞR×—ë?€+cìàÊÈ®®ôl9?®ªê*\CŒ=\VFŽ”Êë÷¹í9¦JÎPÙò«¬*7?›Ôt´jèèÞ¢è[#=[<Ý…^F€«¢sà²N?7H7ª¯w?èÎª;‚DÇ/.‚Å&ÿœ?å[‰É2¬{¾¯AéV¤ÕJh]º®‰x¸¦Œ9•VÔàÃÕQíäÑ»éàr|õ»#f§<Ÿ½pN=†)®‰±€kÊ6%?õûÜ‚È.ß£w«‚dý¾¢Ó†â_2\ñpM¦b×÷SEwæ?rW$º³jÏ±¢o?E<\“ÕV4?œ¡º#¨*‹àî’äŒ¢xPüK€+!.ªØ A[>c‘\)?FJÜôŒ‘É€‹"P(ˆn>m:ô­êpMÄ
âw3pasæ-Ýõ×Þ¤äT‰êÛsÌ¨!U]¸&ˆ.`ôØqí+|9gÞ’ää”É¯?_¥E€k‚ÎE*3gÞÒÂlPû¾¾=EäÇÕë~\½®ªKWñ@ebŠÅ€¨¾='¿þ|x›"òñWDç"•IJN)œŽY½.99¥xG£
ÙÏøí»ßŽK?NQý›ûÌLÙùÃ÷;ÎÖëÓ¯KÝjÊÌÔ?ËWÅ¥ù5ëQG‰mÀÕF<P™À€Ú…!)9åÇÕ)…ó+ndÙ;Ìð™""Vøä›íu")±¯<ùêf‹ˆÈ‚õ¾ý"º®HêOÏ>ôùf³ˆü4ÿçŒ˜yê\\Ûkÿ¾¸EÑ¹@…&¿ýañ«ÅõëÛ³âvû7-Ë,˜¶,ß±_D$}g¬óü^DäÔæ=)"’¾kýfsÁ¼¿·ìL½„¶àZ (ßä·?¬hüqá„
ÔoÖUWøâîÆõEDj‡Î«\[D|ƒCÎmê{mÀµ@ç"å(•j‡·i‘”œÒ¶MË¶mZTšDÄçî‰S'¨?_u<'°Çø7{øˆˆ¨›?üèÕì?æíLõj9øå‘ÍDD¤ñÈOfä|8?>ÉÐìÑÿÙT}±m?½¶ï€[—ê¼Ùr«¸ÉÄSN¿°@³íýKh[*Ü×·g¿¾=/®«6úþµ}uUWÜr:¾,Œ°¾kè¨Òr\\=PZ©lÀÐ¸uThÌ¨¡cF©ê*ÀõC<PÚ˜QCwýµWDÈÜjˆJ3jˆÁ€[76  ¸ùpÛ"®âñ€‚x@A<\TÑC“Eã&[eëÀYl¢)~Ö ªd]71âàš´ÅîZPÓñÏ‰ª,€øç„Ôt¾ÔrktÀE×ä©+šnÕÐ±|‹£²µàB–oq´jXôMRüK€+!®ÉÛ³èñî-ò“å«ßI.ÓW¿;“¥{‹üÂ9Å¿d¸Õy³¥ªkpM$œVY­ÊtºQµx½[p€DwVÝ$:z¸›üsB–oq$&Ë°îù¾%hµZ—x¸&âà²2räTZ‰Áƒë÷¹í9¦JÎPÙò+n4nPÓÑª¡£øu©çï¨éUue¸–ˆ€+;?®JÏ®ê"¸_o©ëË¥Àe1öpeu}¾ÞU]B6\W×—‘#ÿf?C€Ë ÕÊm5èS¸>âp«ÈÈ‘l“Êd«M„ßþ\•h5â©oO‚p« P0ö€‚x@A<  P(ˆÄ
âñ€‚x@A<  P(ˆÄ
MUàz0çZÒ3Œ9çÍùùŽrWpsSyUÓûÖ4è=t×½:p£P?7[ªº×–9×râTjÝ__/µºük†v{~zfÎéäô zµHÜ²è\¸¾ôcÝßZ~ÞeQ«Ýjùy×ðMÏ0^ßêÜðlª“ªª‹p?Ð¹p}9çÍÁAµ.fM_¯ÓÉé/OX<jÉÚ¢—šÀö½Æ?ì¨¾U^´„¯_?&C¿z$ôºî.'cƒvÐo%æb}²ÙÕÝ‰ÊbRYÔ/÷R?úÔ_¼î¶¢ð•›„Þî˜4Ôpýdçû‰zSKûÔVª%_»}?"ÑÈ«OÚî®]~E.ƒx¸¾ü|G%×ŠS«Ý*œP¨×ïsž™g'®˜½`Ê·þsjrUê®7ÇŠgm5¯áT¿ÍSojiŸQÎ?«¢4’­^±ÐmÒjõ£ì×°–Ëb9ªJnž¿âI»—›Ûîÿ©_ŠQ·eóªêª\S7Ð/n2ÞÁwú›“Òœ/í¶s§ÆM²žáXÍ¦\›XÓï9x"Û&"%¦+j•k4YE²O&ìIL³Šˆ2?”k+¾s±Oˆ?œl.137©ÄöífSŽÙ¹‹„ÔâÍmÖ³UÙušÕ."eÊ(»5Ü"lªä#êÝGÜ,…Ÿ|®[N®JòÜNP'ç‰ˆHžÛ‘½ê#)*ÉWåäöºQY²Ô{Õ'³TÊËU^¾ä™U99n9ywÎñ¶÷h)'?©2œ­Ò‹o¤XIÔ…ÉWeœRïÞ«NÎU‰¨,&·œÜ¢EÅJ*(¾œòœkºYòU–Õ»O9ÏT9§J¼w]ÛKv/?ˆ[¾¯Ï•V7®¸læ¤“9ÚÚ5kˆˆ9añ”o5º£±Gæ¢Ol‘“žîUKÒþ˜óÂŸÚ°<?§fÜl[D¿ÆÿìÎrN¿4aXSM¹­¾?>ïL VA’7§VÏ{ôq5·KbÜœZƒß~º—Ÿˆˆœ\?ãU«g¨þÄŽåç›E½ùt‘´õŸ¾ö«¦]˜?%fé‘Ûzgp¨çÁïÇ|?’y&SGÔ˜ÐZ…g7‡–=÷ãñP?xÕ’„ƒ„GV?¸ß-P~Ðó½Wº—¿µª<Ô¸N,‡4/.QI=GH®Û¤tõËOÚî®íHX¥—*wfJº§ã‘â{T3î*]=GH®&ÃÏaüGF¾mÍwÛ´P=5I"Éá•n–æù³”>w[ž#9»Ü^ü[BºÚ_êPÑ¥9UF¦ˆ?Ã+O½à}·MÞrgÇá•šœ6ùs¢ì’«þâC·Ãuw¨U¾që1ÆÚ¿–[ìçêUZÇ?¾räGMýûlÑêAû?<eó‘#ê'¿R|ÚÚÿ6Q¯šåöo?Û“MÊ–g×¥«§~¢’Ûäïlhž?§ŽÛïsÔï§Kd#Y°R¥jLÑ|±]†¶sépyÄ—fÃ¼é{<DD$×œ¥zâ…0­Øv.]òO—1ïõ«/"›.x&&>bd˜ˆHNýAoG©%þ¿¯ÎØmxï?è@µÄÿ÷Õ?w'k\Q«4¯;ç<î)i±S>Z‘úÀìW”émû2{u÷I­ÑkÚÐ0½È ¸OÆý²öp‡!^±3–F}0¬?^Ä~rÅëË7F„FŠˆäö™ðF}™÷a¬ÑåµgÛë%uÝk“Ö§=ùÚáÎé„=™Ý{å–·µ€ë}¨qÍ¥©½®-xá˜õvþ¡•á.ûÔù"ªþ±šÇcÔíGÙDDŒŽA¯ØZ{ˆˆzÉ*ß‚uNÆj‡ˆXöºMMvL}ÉÖÚC$WýÉ4·aÖ¡/;¼œ=ø#òËîüŸ-š""–LÕÏ§dÄà|?»<òrþç@…šG–¨¢¤þ^·Õ+µÕ‘|•¸‰œp[þ¯ãå·m¡""*ÉwHŽ£ëoªMié¯Ú½S%»[Ý?Ò.GTßZ“›8,{ÕeÊ³­.""Mí?öÈ‘œíÚw33Š­óoa­ùêU_«ê?hÑ”?€ë#¸4á?=<Ô–vdó¢9ñ­FîXKD÷Ç‰Ü±}ñ²í""¹fmJF–sí?úAj­V$$(°`Új·WÒ*¨q?ó§z?VMK~A?‡ðÖaÎ~}P³Fæm'ÓÎ¹Mr—øUË÷‹ˆHª:³V¦sÕ†íBËfñi qSëÄ¿Ø´Uìrî@y[#¸žRcÒ5_gI×æÎSyGýÙ*'?‹:Z;SqšêŸ\éÚ²`?GÀV‘#‰*KÃ|eGˆ¯l:í&·_D:iÝ>¿Ot~}o‡ˆÊ’îöÛ.U²E$W%ùñjèè«zsžæ®Û­›åß^[ä6GO/·7gk"C¤Ch~h=‡xÛ#k¾þË-2Bµé?cÜpùz©êH¤Jö©ªµÉ¿ÝMÊ-¯ºˆ¾_9y¦ØÛôp„øJQ<8ªúá¶ü9-Ë9\ñÀ¥ñò2xzIP«¨ñÃ’žŸû}øô¡¡?»µí5°…ò•2P­÷ISbAE*l¥»à¨(“É*âÜ´Í*â¦Ñzh¤z`·¨ˆ:Î¢"µz‘ƒ""Úòo¬¤ÑT¼—ò·—ç.ÕDò
Ÿd-6@¯pÂÛq›¨22Uâï1I²ˆˆè4"&±ˆ(É¿ðà¾;:ÛF”ºQÒõ¸yª>?Ù£où×m÷ñ·M~U•‘ìv8QõñgšÖƒm#šÚ‡¾œªÛá£ªå_«-?eê]ù­[8&ÿævÄ_b;žlèHöPÿyÀM$r¤ýåL”^§8OÇým<¸E04ÀeªÞ>²õ„EëNŠ·ë¬?ûcW–ÞàéeðtÏ=“j¾ˆ\^+Ùýçºd›ˆ˜oÞpÊ§]SÏ;ÂÂRã·O/ƒ§—Þšššuoíên7¯ü»‚ä‡-êœ|‘|·ßw¨š9J_pÏïÚT¾^«Nø×-ç_õ'¿«œW•n¿ÃQÿˆÛoÿªDÄrÄíçtéÚ,_ÄTKvŸRYœý‚.È,ÿº9no?ïåå0žP%8g¦¨?äJÍzö;#ì?É‘T•d«?dŠ×möÖ?ì#ZÊî4•ˆèZ:ÉUMŽUÝß&_'ùwµ•Ø•n_×tô¼­’òJ¸½™# ø:iE‹’O«2N©r®ðð¸IpõÀåR×?ìßdÕÜØmw?é8`Ìóç¿6f½ÖKc²é;FkTzdcY!—ÕJD¤u#Yöö˜“bÊÓ·922@D:Œ}!mÆ§Óµi<í6i>þé`ÿË~kÞåm?!™®/¿ë#ªçºÝ?Å­šˆ{ÇÌþö2?™;Z?dŸ£þø+µ—?ã‘{ÿ.‘ÛíS#Õ“?×|î&çE=`?ôGhwÇ?_¸E¾î&Íòr¡û–6ÎŸÔH=é]m}uÜ)"")ª?jk¥f¾$Ws|Ð>ß’¢ùf¹æO›¸I²8&Ïq³ßÙÜmÁßŽžM"R³?ãößT·wËWþÚ–[^Z©½Û'‡k^øTó¹F8Zût¬É<ªZ’*ý{]ùpP?7[.b57±‡O‡…]Ì£ìöüø„MCê^î®lÖ\Ñz\êï—×JÄjm™VV³ÕM_A‡¢Kwu·†›…MeqsTÔÉÍ’ã¦óR~z·Äi#×;þû²­¾²PeÉ]é‡ ‰ä©¤ìÌKÚ{Ù™ù*K¾Cwiÿn*(¯¸ËÙ,—Âàú¼ªéÓ3sjùy_pÍôÌ¯jWÒË^£õ¸n­¤œl "Z}%Ã.}Wuk¸Yh*ég¯:ò³zB¢ºgc‡WžêÏƒÒµW~ý¢¥?{y?.>T´÷²3+0« ¼+Ý,—ÂÕÀõ™s-'N¥Öðõõñªè‚ÝžŸž™s:9=¨^-½C?J¨,YnGNJžˆoç‡Àu€[‚9×’žaÌ9oÎÏ/ÿTÆÍMåUMï[Ó@6àVF<  ƒ!ñ€‚x@A<  P(ˆÄ
âñ€‚x@A<  P(ˆÄ
âñ€‚x@A<  P(ˆÄ
âñ€‚x@A<  P(ˆÄ
âñ€‚x@A<  P(ˆÄ
âñ€‚x@A<  P(ˆÄ
âñ€‚x@¡©ê\?Ë7»­ßçv,EeµWu)nZµ4¬íèÞ"?ºK~U×à:Q?7[ªº×\R†êíoÔ‡’TU]€›Rã@ÇëÙk:ªº×?‹€[ÙÀ•8”¤zûuUWàz ®oùf7²€+t(Iµ|3§€ëãß9àúÖïã_:€«€/àVÀ¿sÀõKáÒ€«€/àV@<\÷)pUðeÜ
ˆÄ
âñ€‚x@A<Ô©­ô-zÞRz·•ÆUYàæ ©êWÓ‹ãe`]ezJ¾ß-/þO(áz‰Ù%S/w³Cž”qÁ#ãþ¸zµn<ÄpQ?ËÀº’sZ¾?“toé*á""ÛöH†NöUuy€C§7iLIDATñ\G?›üø±Ì‘oc%ÐO’DâÈY½w®ä'CºH?Äm—äšRÓ&k¤q¨4ÐÈßÕAE¶l?5g+Ø‡ŸD‰%E,·KÔm’}Jfn¹~op­Àu-"¹g¬Xâeý9$’tVDd`_‰ª%1»djcYö¸4Ðˆ%Oz·•»x?“52°¯DU—tµøŠˆFz7¿É²´Ü}„Ê«Q"Fñª&][?Áß^ïw
¸Fš®cÖZ‰Ëß†2¼¿,z_6¾&S:–XaÈÝÒ@#‡6H·×äÁ_EÜ‹-s—ôÍÒq¢,=-RM:v®lG^6yó}é¶HÒE]«·¸þ¸z.$AÆ%ˆÔ•?-¤m?„7”Þ÷ÉÙÃEËDD®IÚ î–ðb­?óg%Ë?º"êÊö““!kÎŠœ•cfñå‡&p!|©€ëô‘Óòm¬LüBþ{LD#?‹ÝáÔh18oqê'Þîlp«âê¸Žá?Ë=îw@¶¯z$b“CˆáNe…ïŽÈÀ@é-ÓŽˆßíÒ˜ßˆ%ñ?¸ŽC§Ä¨“NwÊ‹Ë˜Î˜'k~”YÅVHŠ‘Y»Ä¨“NÍÅëˆÄ™«°XÀ?HuÞl©ê\[=^×Vu¸Þ:µË‰+{sR?Ò\6l?¤ÿoßîQ£Šâ0ÿ“8n!p»4S)RŠÓ¤´°’Úd©\€u¶é±b¡Uê`# B&™±y[Aœ39÷yÚÛ¼Õ¹üîGU=«÷oj¸®çïšläQúøvÞzðù¸ CŸ¿ýåÂ¬Ž^ÔÑËº™WMêém}¸Xñ4Öš<“³z}Y¯öjxRu[_¿Ôù?Ö“X'ò`\®¯êäªõÖ•_“€?@È äòyý›lµ^tÁac  ;ÛËÖ€8L`äôowÑzÐ‡Œ?<€þÌÓÁ3?àA¦Ãò`& òFáøðN!÷6–Ç‡w­W«°ñë÷MëÀŠœ^l~ºÜüþscî.üƒÉVíl/÷wÞÀxÈ |\„<B!€?@È äòy„<B!€?@È äòy„<B!€?@È äòy„<B!€?@È äòy„<B!€?@È äòy„<B!€?@È äòy„<B!€øwáâ"?IEND®B`‚' height='200' width='200'/><br>]]>
    </line>
    <line>
      <![CDATA[<br><img src='data:image/png;base64,‰PNG

IHDR
1K«Í/sRGB®Îé IDATxœìÝw|\Õµ/ðµöi3#?ŠåÞ»16ãBq£ÙÔÐ!?ÐI!7¹IÈrCr_¤à†š¡Å6¦cL˜blš?m\ä"[ÒhÊ){¯÷ÇŒd¹h$?“÷òû~>èsæÌ>û¬3âcí5»q:‘*wð¯é =€¤P€ô
?@Ò(@zH é =€¤P€ô
?@Ò(@zH é =€¤P`—;€_o¿ñª1Qh9Šˆ?2¢Ø&&Ò,,¤H‘Pþl71±?ä²¹0ÒbTÂ³“UÕ}ûÖ$«ªqfM¤ˆ˜È45¦V½ý¾e;D:Õ>îh„‰¶ˆ™LHöîß1‰"mÈÒ©ˆÉŽÈØdéÖ`
Õí}ÐFþ¦D±V¢”ÃÚ>Éa£&”ô@·!=(›ùÇgR™ŒM,b‰?±ˆdÏV93‰Èî"B»?ˆ?b–Â¡(-ÛéÛ·ß¸1ã»à€¬©ík9®e{Ì³Ûv—Ç—<|Î9ŸöbŠ„)ßr'nPH˜ˆD„‘´Ë$ÂLRhà3‘ä³’Ž&!Úíé¨õŽ$†Xq.œyäŒ;.ûø;ÿž?”Í…^æ¶lov+±1Yd…aÀ–""¡B'Â®¬ ð½:Kkû]D˜
ÍëÖvv¾™.Q‰ˆÑZ˜§L>à°Y³†?^•LfÂ„_øÂÇv\‡¤]Ã?¨Ð!BL…¨Úú²¯ìEµæ´WŽAD\H
‘S!™h«¡íY˜©¹%sÐø‘Ãïò8?ÊÀ¿)£}Šv²ÛÏb’B§Á®Vv¾).B…ïáÛ¾…§Öö9Òù3"A*ÕÁèÑc
ƒtº,Ãl6ë8NkËŸˆ„™Ûh·ïö¡ì+`É÷xHk±¶€ó©ºvå=»Îì~k"
#­L†Ýš?æ7{Bï@Ù~È¬LÓ–P%D´"2¤‘!Ã$Di"fR†H‘1Dªp¬)E¬‰,Ö†”El;V<‘˜7{î]„¾ëzÝ
æ©§ž¼ì²Ï+MÊ&ŽHl6‘(›9±È¶‘QdYùPóa3‘!j[ñÂÈ^¡"ÅZ“²„5‘Í:"eG$6™¨ýMÛŸ7<Î´[o»¯÷?}Ø¤e3vüÇOîÔIÕý9ÇyÌlD¢00Äƒô?é¤OwÜq}úô)¡ªªdÕ”)SÂ(lOô/€)ŠôÐ¡ÃËÀ¿.(×!Ž2äVw7=hØ/AøAPYQÁÌJõh­jcL…¶ã¶J¡üPîæ8¥}¼g%Eªm_#BÁNŸªztzÊæ”Oµ³©íÄ–1…©m{¶·Ç£LbÄ‹9Ùœ_]Usõ×¿>ïÈ#{Ü€§Ÿá[ß¹ÆˆîRšÑ6£¸}„ûŒ¹0U¡Û9F~ñ¥?<öð™×üàÇÝ»J…ô l>üp},Û²Q§°,P‡Z'í¶¶¶?ds¹‰÷ÿò—¿<gîÜžçDÔœJ¯ýðÒ¤¬üdçŽj-eèQÛr¨ÝÃÔ’Ém3¤„;@i0¸ lr™t%¥š¨Úæ¶ì í{øÝ˜XL¤Q"""uuu®ë½C÷4440+bUXc¨Ý~lmÚwÈ®ðZwDØ-ò=ú<vÓ®tÛ?v;ÈÐBINéxÿ^|L(½esý÷®µ²;RV?Ýznßé1‹ŽDtDCùÚÕ_«©é?µ>µ1ÙL&Â×_{ýî{ïQ–âÂêCûç´·î†k`"?§ì7ê’/~­»Ï¥Aï@Ù< “nöC£¸“å‚ò÷?‘±ãÇßôã›Ž;a?¥¬’ïëûþ{ï¾óþš5ï¬xçíÕï¬[»&£­õ[×¬_§ÃpÏM›w?¡4ù§ãÎsï;#'yØŸ>Wú½ ;?”Í¶ÍmN·D1»m+ä½´í††a6?>bX]ß¾=¿õÖúúÍõ[ü0p×²”eÙ¶m)ÛfcZ7ZÛKëÆh¥Ý±uÃå®–b"CÉ¸•ì;´´›@wap@Ù,~âe2?q‹,l*LÆ˜úÍõŸ8á¤C?´„»ÔoÝòÄ’'–¿¶\BM­;[–­,UØ™ØhOV0 xó¿'s KÈ*˜ÉõÈþÕN=§w€n@ï@ÙØ?ÛÔØ•…µà×¿ýÕÈÑ£ºUÿ+¯¼rÇíwüåá6|¸©ä Ëî¤y3î[¼¬ÜQü»@ï@Ù,|ô1“ÍD¶šhß_Ì3ùYŸÍž5»ººº»õÇcñ™‡rôÑG'*‰J­u»ù{ÞÐq¬Tª¥ûñÇ‹õ‰÷ÊÂ­Ð%HÊ¦1ÕìèTÆ¯°Èì1ö†™E¤%?>pÒäILîz?Q½°tÙæúÍDâz^Mu•å²¹\6×VsiSJ¾°}Ýºœ™›Zr•ýâ%ßºƒ‹ÊfØÀþ±\ã&¿ÃcÆŒzøáÇ&MÚ¿KÕ½¶üµoçš—-mljîÅ8Ëëø¹3îƒ‹>&è=(›ŸÿògQz³ñŠ1Òº‰³Ñ:—Ÿ~HWs"bÚ²}ëücŽ9ýÌSm+&ñ^[´ÛÔŒ‰Dò;š‰ˆI~?´¶ñG²[HíjØçKêB™î×À‘‘áÕ\ðñAï@Ù¬{ï=n3ñAÆ‹Å+Í¬Ã@3uêA]¬GH^yù•lÆ¯LÄ-Ïµ”EÌJDX1‰ˆ³"ÑÂ*¿‚ˆh£Ã ŒBc÷©©&¥D"¶l1¬Ô®(²™‰0±aVb¤0êˆ‘Å¢‰•1"KD³RdD˜˜I$l³baf!f1†9¿›‘]533…?®?‡uÃ'}”¿Øé@ÙL;Æ´ìlVž«XÄ"›9Ô&›Ížsî¹¿üù/bžÓi%ë×¯¿öÚkïºë®˜çZ–mÙ¶Ñ†™™I±˜˜92¢˜X)2†ˆQ†u}û?;vØˆáûO<`¿ñãV¾½òºë®e&fÅÌÌÊ²T¾b6FˆH)eŒ!&ÅL"šÈb!#¢“‰!¥˜HafÅd)beDHD)Õö¤"¢…òj &£…•bÒFlE?ÿØ¹‡Þ÷Ð¢?å\P>gêÓQ¦!²*˜¥0ž†9ðƒDEå—¾tEWr"Z¹r¥mÛ—ár?l¶˜y·±;TL¤u†‘ˆ‘¡?ÛoüôéÓ†ó<Û¶‰hÂþ6×oöý@)U¨ÚÈžUµœ´ç ¡.ì}²ã:™9“Õ3÷TúGÝ„Þ€²iÜ^“l“I(Öù3FKYÃGïÊåQ­û`m$Úu\¥”Rª0‡€¨m¿b
Ã(“ÉTWWV¬Z?ð7oÚÂ,ÔéPÿ}6ú?L,Â¶NÔùoí ÷ lŽ<úXÝÒ?eGqa"p&•ýä9gßò³Ÿ9N'ÿ>744|õ«_YøØ"/î2«Ö¬`—üÔÞ HèÌ³Îúâ/7‘V¶ÕQ…O<þÄÅ—\bYlYöÞµíRòº¦ÝM$„ˆ©%žuì¡7ßv©w€îAzP6‡2ÝÎíhqû8lˆÈÑF>{î¹?æDôÒK/m¬¯?zÁÑŽíì«ÍÎL”Îf¢Hâä“Ï9ûìŠŠŠâöéS;}ÆôdUÒ±:L!>Îì ¿ïAsªeØ˜¥Þºƒ‹ÊÆs•Žšl»?mYVÎÏ¹®£T±Öyžïûay1Ïj?'?_é'`YV:“ÎåüšÚš¶]¡µi]ñtWm­ëµ?'’|îAû,¶?%?Lh·Jºv!1…M>u’Û@oAï@Ùœ|â©Ž£³9ÃŠ››FŒþóŸÿ¼O]]ñ«ž{ú¹ÿþÑûY?‹"ÑšY‘bÑš‰-ÇÞ±cGÿAý¯ùÏïÌ<tF×ƒyò©§¾wíµ®ë)Å–²´1ùLÃˆ?1Ê²DÄc)KXDfÅŠŒffÅF&bK‰£,+À–EBb4+ÅÄÚh¥”bŽ´ffK)­5åŒÛ²ÚIº%;÷àñ×üÏ/{üa@— =(›­Û·x:³='ŽÅ™\ð‰N®éÓIn?Î¤ï¼û?ë×®S–¥TþëöÂ—ù"¢XùA˜¬Jž÷™ÏÎ<tzwãÙ¾c‡­ØˆäwM ’Â¬Éï–&íîµë¦DÌÌ"’Ôv°{ù|Ÿ‹q~Î±!f¦}\ØîŽ”Îd¶µŒ(ñó€îÃà"€²ÑA–Ã?‘SG&
£¨®¶?²:d´Ù¹s§²-¥‰P~–Aë€œœïI²2?Ç»L…--9f“Yh¯@j·‘qÛM©ÝfÞkRBÛ…ÒúÆ®J„¨Ý»¼û*HíŠˆYn”âŠ¾Ý}(zÊæëW_?kÞ’“D6“¾àÂóO;õ´âåß|ý?ôÃ0Ò¶²
m÷<!Ë¶Â0Øàõ×¯„Ü€ˆ^[þúÍ7ßÌÌŽã
‰ïç´–|“¾­ßÉÏ=jÜ{ÙÓ=Ò‰.ü4Ì³¦Œ¿äËß*á‰ HÊfÉãOZ--›réêdÕÕßøzñÂAÜø??|àÁ*Äd;®]è:P*ð}fuËÏ~–¬®*-˜M›6?òð#ÊæüÈ"¥Øv1†X‰hVJŒ(Kåw>6Ú°RÆ¥”ÃŠ‚fnË¸0Ã8Ÿb´õ(C¬HLk…"1¬XŒ°Rb)%ÆX–jN¥í`Î%¥=t”ÍæúµÜÜÖx–9|w6²híºµ¤H‰eÄx±X.È8¶F?m¹M?M1×;vLÉÁYóÖÍÙ\?!2‰X"›ËÄã‰l6?Ç2™\<Ëæ²ÉÊJ#TYY‘Íåb1ÏÏžg?q+Œ"ÇVQD–%Æ0³±?frŒ„¶åDQ`Û±0Ì¹nÌ÷s±X,—ËÆb‰l6“HÄ3™l"‘Hg2ñD:›I$éTKmR%ª†•ü\Ð-è=(›‡ÿò×\Ð"‘}öYgÏü ¸ãÿwËÆÍ^ÌÉÐ/ÌV¬R©æ#Ž:ò¨£ŽêI0¬ûàî»ïÝÿýÎþÔ§:*£ÃhíÚuo¼þÆÊ+›šª«ª-[YÊÚ{XP›ÝOæ³…üŠ¥’Ÿ—œï@PÌ¦õgþL~rs¨õøO<ó¼ž<tzÊfðÀþMM?‰DåßÿþâP¤ä³Ï>;þ±Q´ï±‰ÊÅ‹Í™3»'Á<øàƒgœqÆÜÙs/YÜÑì†ßßR_ÿÞ{ï=õÔ3ÿXöÂK¯¾~OîÛ©£gÍxäÉeé- Ò€²y}ù+nØ"µÓ§M+^²¡¡aÅŠ·”bæÝfû*¥2™t]ß~S:¨‡Á4îÜùÖÛ«úö©7nœêÚfj&Òo­\¹µa»Cm´c;žçY–•_¢T¤ä–˜9Œt¿êŠQûØÃª ‹0¸ l¶nNeÒ³æë7 ¢????>úXMMÕ^+Q*Õ<jÔèžçD”jiYóÞêÜ?ìØ1c¨ké?²­ÜüæúÍO<þd&—é[W§”R–Úm¤QÉ“‰"[×Œêþ¥P¤esîù555.Z¼dø?ùEŠÝqûÿ~å+ÿÑÑ»7ÜpýìÙ=V”÷Ì3ÏŸþg÷›0áÕåËãv)\×µûîßßóÂ²çÄô<¢‚£›úÈÓÿèµê (.(›E}ŒµžüñÉdE‘b¯½úÚúuk•cëÈpÛ_"eYÙlöØcçWUU÷<˜6,^¼xð?¡Ç;ßRVÉõø¾ÿÔ“OmÛÞó\Ëq,eÙ–2ù‘»Ü…?/éØvcsjX¿ä´ÙÅÒ'èEè=(›!C‡?Ö¿xn?Ífü(:l(³Å¬"‘|†ÀBY?{èøq½’QmUÍäI“ûÕõ±¸ôÜ€ˆ<Ï;áÄòÇï¼óö‡6UVVÇ]72šY)2‘°Ã‰Q¬ˆŒv˜B›•mØ²ÉDÂ6³!S×ßô«r{å +?”ÍqÇÎÿîW?÷•ÿº±H™‡|øâK/Îf³{¿•¨¨||ñâÙ³ûöJ0Ï<ÿìi§?:wÞ¼Çy,ž(eßå½Y¬~vËMO=õd&“#SâLåãŽ<ì?…ÏõJ<Ð)¤eó…Ë/?îÄ£‹—6jø×®¾š´ÑŠ¹m- fÖfà ?S¦ôÚ’>'ìwíu×<Øq?Þªsìøñwýñ®ûþxÏªÕo;žç8n~M£.^ÎŠ³éðà±ý{+èæ”MýÆ?£G"åuT@ˆ¶mÙšó}Û¶ÚÖÍï¦#=`@/ë­`‚ Ü´ySMeUM]moÕÙ^6—ûpý‡ñxÌ²¬Ö$aÏ…˜Zµ¾Å"F%?V=ä£ö†ô lf:ãù¥K“ÉdG¶mÛ~Â‰Ç}°f?çí–­…øÎ;ï>æ˜í”ÜÞ£?<úÙó?Û§OŸéÓfØŽ•H$***F?5vüø¡Cì7 O¿:Û¶÷Øx¡ë¶oÛ~ÕU_{lá£1×¢ü¦È?^•ÎåN?ê°[ÿøPi7€îÂà"€²Ùÿ€IBºHcÌˆá£dµßˆ€)
Ãx¼rÌ˜Ñ½Lß~}?˜w”?¢ Š8“ÉløpÃÊ•o©%ö¨#§L™2uÚÔÉ“&WT›H]¼þ›n¾yØ°¡ÿüç?cñ„RF¤ó!ˆÌ~“:ÙzzÊfçŽmýûU;N‡n1²­a»¥TûV4kÑ1×MV÷ÎšEya¦R)1"´k-aø?/F’Éd~SdVÜ§º–T‰=Û¢0´]—D¨u©VÚ5¢H˜I„˜92¦ÚöMÓ>&è=(›.¸à?ûp:ž¼xñâoû›Žë¶¶œ?r¹ÜÁSgþê×?wÝ^[ôó…eË¾~Õ×”EÜ¶é?1±?±"Š´aæ>u}§O;ø“Ÿ<{Ê”)ÝqôÜsÏ}ÿ†ë-ÇfÅLŠH¤?'0å§%0“3e}3oú~7Þr[o=&‡ô l<ÛcŠŠhhhµT%’Žm›|»\1Eš**ãN‘Ä¢ûL¨•­*+ª•b"!bab!"&!Vdtþ¼øÙàáG¯Zõö…^tì‚ùÝš$}üÇÿíï/>ùä3}ûõ‹‚œ?²›
Ým7%fRœq¼‡3@0¸ lB?›L’RU0ÆärA~B°‘³ÖÆq”eõhÿ²=ˆ1ÚhcT~`O¾uÞv?o»3“1BL,F±¥EÂ0—NgúÔõqìnßÔÔœ"‘XÌ!Ë²óK3å×ej= &b“
ÀÇé@ÙüÇüÇOþÏ?’ÉÊŽ
üñ?w>òÈÃ5µ5$í§ðr&?>ò¨£.¹ä’^fù«Ëÿç'?öÇ¶mé`Æ0Ó®ÉÄÒnÀ“Ö:çûµUÉ.¾dÆôé]¿éí·Ýþà_0 £©œñÃƒ&Œ¼âªowÿ? \P6/ý}™1¦H?÷Þ{oñâÅJí¶%Zssª¶OŸÞfÛöíÏ<õt…¶m·mH°ÛÒBEÒZgsþ3Ï>÷ýïÿ”SNU–*VºÕÌCùéM?}á…¥±XLöªŸ™ZÒÙà¨yWtÿq 4è=(›úM›†à¸ŽÚO§ÓJY…>…aUMumMM/ãûÁÖ­[Œ6¹\ÎˆaffV–åØ¶m9…ZGþì-?;9›NÛÊ9vT×ï›jj®¯¯wã1{_c¥´á
•Ž×?ìÁ“@7 ÷ lî¸íö«¿q•ÓñâC+W­¼ïÞ?»Ž»+7b¦l.7å Î;ï³%oR¶·Õ«×Ü~ûm£GŽ8éä“EË¶†mõõõï¿ÿþÖ-Ûššš‰˜m»{îS ­ý»zX‹Ée³•••—}þÒaC‡uzßduÕÎÆ·Þü3Çõˆy·%\™rA4uÿ1§}ú‚ÞzL(½e3õÀI/ýóŸÕo_ðè£?žrÊ)Õ5UÌj×.ÃL-éôAS¦=ýÔ%oR¶·‡zè´ÓN›7çˆE‹z1/—Ë¥3é?ï¯^óø“K^ýµ7^{#|×sI¨5-ÙgOQ&›?2mú?·Ý>vì˜NoÝÒÒrÑ%—<ðç?U×V“P»nÎd2GÍšùçGŸê­Ç€â?”ÍŠ×–<m’Ýñ¶hÍ;W¾û®kÛ¤˜ÛÍÐÆÄãñý÷ŸÈÔk½M??¯¯xs@ÿ?Æ?Û»V?¼¿úýÆÆ?‘6LbYV"Ï/.D­s–ÛÓš››Ç?5lXçù%\_{íõÚÚZV$ùšˆók%%=kð¨‰½ô”Ð.(›Uï¼sÀ”IvÇ»XŽ»æýÕF´eY»Mòý Ÿ¾ýöÚvÂ›ëëßxuùÄ‰“F?µ÷*¥^Ì?4iÿ¶—Ë—/_ºti²²2?+¥Œ1ûèI^÷ÁûÆÈ'?xÐàâw¯««›9}Æ½º/÷\×ÓZçÇQù¡; éÀÇ½eSW[U¿þ½ê~C;*°mÛ¶Ã=lõšÕû|÷W¿úõç>wYosï=÷žóés;ìÐ§žz:?)i´Ù\¿ù÷¿ûý¯óëM›6yñ˜ŸÍ)?gÖÜûøsÿW/-hll<á¤ÿ¶ìE7æ9¿íü1‡üðÓïþ@)?”Íûï½3yÂåöë¨€1òìÓOmÙ¼Åñ¼üÎdRXÂˆ3--ÓgLßÿ€É½ÌÚuëŸ~âÉ1ãÇÎž=ÛR]Z–ô½÷ÞûÇ?_ò[²•É¤ÅJŒ°]d$RˆÓDº%Ýrâ'N0p@§¾µjÕKËþ?Ål×!²UÔÒgê¬£zü|Ð%\P6©†--)¯ª®Ãô@)žtÀdÛv‰‰UÛ&ÆDÄÆôÛÙÜ†¡ãt<8©;j’É1cÆÔõé£º<ŸaÜ¸qãÆ?#¢çž.›ÉVVVJûmÚf/3¿üê+œ6íàâNš8±º*ùö[«¼XŒX˜9ìCµ5/í½é@ÙÊé_ùÜÅ×ýè'EÊ¼üÊ«'?xbGïÞÿýgœqF¯ó×E?Ÿ{î9Ó§M~éóÅí!ÃnøÒ•_Ú±sG‘b®ë>üàCÇ?x|ñÚÖ~°vþ±ÚŸ9ùˆ÷,ZÖõx '?”Í7®þÆ¡Ó§/3cÆŒŸÿüQî±™mÛÍ©Ô ?{+˜iÓ§^ýõÃ†³÷š—\œã8ŸùÌgF?ýÂÒ¥¶cÛ¶½÷ÖiÌœÎ¤Mñ?—‰ˆè°Cýýï¿sçN/æ1±¬íF®=„¹e“jÜáq6Ùo„¥Š?çI§Ó;v4Ä¬8YŠÄhÖ,LLÆ°ŸË2Ôv{á»?ço©¯¯¬Nö©íSr%Û·lM5·$ª*I„XHXò±
S:“K&být>aÃ‡¶É!m$¡rnõ?’C€nAï@Ù<uZ¥ãÿáž‡gÍ:¼H±¥Ï/=ýô3lËÎo1`ˆ‘[|ùå—ßpÃ–eõ0˜…žwþy³™õðÂG=·Äáþ¯¼ºüâK.mnjÌOMn? \ØYY=tØ°»ï¾sÚ´éE*ÃðsŸÿÜ3O?mÛ¶ŽÌIó¿íO--è.¤esÚé'³¿CÙø€ˆˆœràù~¶aûÛ±´ÖbL~Ž²‘‹…aÔóô`è?¡gžqæ~&ôd£µcŽ]ðýëoxtÑ£ŽãÄ¼˜ˆ‰´ösÙ|VcÙvD[ê·¯ÄqœÏ]ziMumÎO³²fÍ<¨@÷`p@Ù(8jôUMUE‡'ç‰H6?u<G´¾Œ'"b
ƒHGauMuƒÑZçrYeÛ1×cîéfÌÍÍÍ1/žr·©Ìé––êd•åt’ÏäŸ´(Û!ÝQ²‡ñ@¡÷ læÎ9’švªýî»ëÞ#†)¹zÍêóÎ;¯%Õä8åÓ2–ØB&ÒÆQö??ùñÑGõhs€'žXrÅ_<|Ö¬ßýîw%.ÊÛR_ÉE¯Ýð?g¹DBJ‘‘Â?Hª%ýéOöšï|Ó²:ü$"7|ïú¼ßŠô1sûï[ß“x ëº´ñ|ª*+ãU?;×¬Þ÷¾Èm†>oÖ¼H¥lÅ¶R¶b'"ÑÄ¶ëfBÿ±‡Ã°'Á¸¶—¨¨ŒÇâd:__¨¸þœqÖ'Iì|„Úˆ&ÒÄ‘Cl9ö[«V45µ©?™<ð@Çq"Ë±ÝžŽ›€®Ãà"€²1:´ÂÆ@ÕÄ<Ëó¼â…ÅHSs“e;Š­ü÷ëÆ³(e‰Hø••§ßúë0J§ÓnÜózcp5571)fVùþRŠ‰8Š‚ÊdÂédÒ…47§ŒØ®Ê‘ƒÁE.(›K/¾HùM;#«Ò?ÿ×uß?<yr‘Â¬xáÂ…øÃ*“1D$ùF¼‹¥EN=éä.:¿´}”_[I[É IDATã?k¯»îàƒ§~ûšowÖpï’5ï¿íuß'ŽÚ¥…qQAN›6ã;×|Çõ:¾‘ÈOnºåÅ¥ÏÍ9ôà«¾}}Ïã€®@zP6/þíŽnÎQ"ÕÒ|ÀAOˆhâ~7mÚ¼sç¥öÊÌD²æ?÷GŒ¹`þ1%Ó°£áÅe/°ÓãÁEyƒN5ï|kåJÇqÚÏNÎg56l¼èâ‹F?Ùáõ¬l¡W^}¥U?&B@·`p@Ù-Mq«)£úûÙLÌqkêj;½¤¹¹9•JUVV’?6!æüÆ˜t:?ŒWT÷í¼ž½…a¸sçÎx<žLöÚHžÆÆÆ <×Û#Tmt.çÐ¿øz¬¹l®)•ªpDÅKy"(zÊæ§·þ‚ýÆ¬v-¥Ré–£Ž>ò´SO+~IUUÕsÏ=¿xÑÂªduk›{f6Zç|ÎÜ¹§?~ª¥º1©wÕªU¿ûíï&MštÉ¥—ô|…<×ón¹å–æÆfËÞ£BöƒÜ¤û_xéEEî•Íeo¹åÖaýªÏ»ìÊ^‰:…Þ€²1p@¦©9C:ÿrÂ~ž~òéÁC¿jùk¯?vê©ëÖ­+RÆuÜ¯}õkWóÕÕU]æ¡þrÚ™§Ï›wÄâÅ?Çb½3ž'Èú'Ÿvòã?/Ùç»ûMœðü³Kûõï×Ñå;9ä°ý«}ú…^‰:…ô l6¬[+ÍõÍªR‡¾eYQ|ðÁ?.aDDë×­_»n?c[lY{¬1$"Žãd³Ù(Š™yH<ïb0M??o¿ûn]mŸ±£ÇÐžµ–îÃnXÿ¡Ú«‹@„\×9ð€m§H?¶¬\õ®ŠRÃÇMé­x 8.(›–½Ó?UÃ¢‰ÈóÆoœrê©(~áðÃ+“•wÝuo"î±äW1¡ÂZFÂÌÆ˜+Vø¾?lØðæ×ÔÔ¯sgcã+/¿<bÄˆQ£GYÔk[T$*ÞYµ*ÐÚ²¬ü|¦ÂFAÆã'NèøjÞ±cGËæw?|l?”Í×¾úÕ
ÊnÈPÌVÌE‘Žô³Ï>wÛí·Å:ëC¨¨¨X»æýŸÝz‹óÂ b%JYZk"²-Kk#dlËÑ:R–5jÄÈ+ÿãŠSO=s`ÿÔAÇÀ+¯¼rÅWÌ™;÷¨£ŽŠÇ»ÚçÐ©æ¦æÿºî{[¶Ö“?²3i-ÌlÛVº%}Í5ß¹þúï¹ü¯‹/]ôÈ’“>Ó[ñ@q\P6/-{>Û¸Ñªè':"ËSDÙlN1ŸxÊ‰Ì?ïjŸÍf—<ñT˜NWÕÔ33‹Í¤„YÄXÄ†YÄ¤vìÐ¤;tæˆ1£;ªmÛ–mÏ?ól¿ÁýgÏ™£ºp÷.Š¢péÏ55Ù^,’È"Å¤EŠí0Ð#F?š4yR‘ËßûàÃ-kW|X)Kµ@Ð{P6;µUu?“dÖZˆØ¸Ï„æñ…‹Ÿ3·ªª“Fãñø)'Ÿ”Íf—=ó,³í%â"‘?fiÛ?Œˆˆ**†‰‘Uï¾óæŠ·ˆD“Äâ‰?ýú>¤¦ºÖ¶-"ŠW&ªûÔTÆcFHõÚÔ²mgÐÀ¾ëýÀ‰YÙDÂäZ¤ˆØ¶s--i1†÷ÚÆ¡M]MUK%¶Løø =(›Ó?y†Ÿi1–¥”*ŒÈ2dZR-^xá/ùË®LS&¢e/ýý‡?ü!Û–­¬ÂüƒÝí±ªÑÆèÈµía#G÷íWW‘HŒ=nÝúµ=üðÜ9s?¾Øî½ÁEDôóŸÿòÖ[o©®ªjÛMˆ˜9Õ’š>mÚóÏ¿‹uø˜/½üòÍ×ã?%ëÅx ¤eó_ßþ®47ª˜ÅFZç0‘ÖÚü0»’Äãñï^{Ý?S§½öò+NÌ?¹3åûö”ïRÈoN&"L”ÎdL¤…äà~OŸ1cÂ„Žãôîcž÷Ùsè:.·Ë\„$
£:ÅV.¢É'_ñÅË{7(sÊfÕë/WWy>U0™¶†»1±“nI?;¦¶OŸ®W˜jlzëíUž‹ÇcbD¸]>°;)l´,J©¶ÅŽ¢(ª®®6|w4¹$Í©ÔkÖ8®»G¥ZK©‰ö+²ŽªŸ‹6­oÀð±½?Þ€²9þÄ£tcs ˜wý“oÓk­§LÞÿîûîßÿ‰]¬0ÐÑ’E?ÿø§?MgÓÜ6”§]?»u ì%Òúˆyó-ZëÕÁE¿ûíï¯ºê+–eµŸÁD‘Ö#FŒxóÍÉdeG×¾¹ê­ï_õ…»>×‹ñ@HÊæò+®äÆ¶Gbö|?IiØ¶}ÕŠ]OêêêþëºïÎ<ôÐ…I3Û–m)VD»ç
ûÂÌ~&3jäHËí?-“ÛLœ8áâ‹/©¬©2f÷)ÆTWTØN±=úÕÕõ‰“{7(ƒ‹Ê&—iqm±bI¥u¨#fnû‚¿0ŸXK†dqmMmi·Ø¸a£?T$+Ë!&¥”1&Ÿä3†ü7úBä±•üX"îõvza6?¶=WD˜XHHˆë(R¬*;î: "-6o5^‰?Ý…Þ€²™=kNuu‚,;ÓÒBLF+VÌÚ&RJEÚTUV6µ4~Èá×}ïºÁƒw«þ Ö®]ûÛßýîµ×—‡Aè8vKª%YU%bt~c"­+²”eŒñý`êÔ©·ß~{WLê¢ÿüÏ«ûëcñx"?ëš•RJEQ…á”ƒ¦ÞsÏ=j‹-<ÿÂÒÛnúá¯îúK/ÆE =(›™3Þ±nÕŽÈNVU3)#ÆRj×&KÈ°ÔÕö]µrÕã‹¿ð¢»U¿ëº³fÏ?~ìß^üÛC=²úƒÕñxB„DÄR–cÛ6‘X–mŒ‘D"8`wÜX/?1RSÝÇõ\&¡üD6¢E&î7¡Hn@D¶å<¬wã€"0¸ l\¥í°9Š÷#c"M–E"DB"DLJ±b­ÅHú¡ã¸E¶è"­E)6F´Ö™L6}eY±XÜ¶­xÌ)²IYiŒ1ÚhÅ–6BD"”¿CFžk+«ØÜ
³?‘ªèÝ? #è=(›Ž«ô89b¦üôáöëûìZeˆ‰)?N??ášk¾=n\é}Zçú9çÎm[¶lÛ¼qS:›þÇ?þñÚk¯MŸ6ý‡?ü×ëµ¿o½ùæW¿vu.—uìÖ:9ŸIßúæ7??ñ„"—ÿìÖ_¬_ñÊõ7ÿª·â€â?”Mº%ÝðaS.ær3³2­³ŒRJ‰QÊ"yî¹g6lZÿË[~5~¿q=¼{<1bä¨Q£ýÀ7Úxžw×]w÷ë×?¬Î9êŽ7V®|ý?×jª«Dˆ™™ÉÉ?_ÒÚxv'†Þ\ñÖÖuë{1(ƒ‹Ê&ôs¤¬x?eY"†˜s~î?RœŸ$Ð~•!Ë²¢ JeZjjªc½:{˜ˆˆ¤¡aG"‘ð¼˜R½6ý@"ÉbÅ¤„LÛ†k"&Št¢"a\ä‘ŸÝacå"€?zÊækW]U[›vÅh‹•!³÷~e"di2©ˆH±Ù¢ý¬ÖÔÖ~òìON9àÀ^æ?7ÞüÍo~3qÿ‰ŸûÜçk²w]SSÓ?7þÀÅÌ¬CŠHÙA˜™2eúE^Päò†­ÛøÓ›F÷O|ö_ï•x Sè=(›Q#†E;·7eÙD¤D„i?ýÑ”?Q¼ÛÈÌ,FXYZdÌÈÑßþÎ·Ï:ë¬žw&<úè£§?~Ú1GÏè/‰Åc=¬-ïO÷þéœOÊ²-¥ˆDb&C$DV…ßøÏoþ÷÷o(rù/¼pÄÑÇ,8|Úý‹ží•x SHÊ¦©¡>lÞžuj,Ò­S“¥­?Y„¸°ŒQÛúŸ…ÕˆQª¹YŒ™6mZÏW#M§ÓëÖ¯¯®ª<h`o-^´uëÖm[·y1—™„˜
‹šŠçr¹áÃ†WUUut­ù9õšÕÕq§Ï ‘½t
ƒ‹Êæþ?ý¹Æ‰¶„1›MŠï3#O=ý”hSQQyØ¬ÙO?¢JjÜ×××?öÈ£ã'ŒÿÄ'>Ñ+C‹Ö¬^}ÿ8Ž³WêÂ¾Ÿ›4iÒäI“‹\ÎDK–,YñÖ›Ó&Žžƒôàã‚Þ€²6°¿45îd&ní8(ù'U%+O9õôó>ó™3gÖÔÖt+˜ûîýÓ§Î9{úÔiK_\‹Å{øh¹\î“g?õèc?å3ƒ½Cýú×¿þ£ý¨H;v6N9ðÀ><nÎŒ–,ëa<ÐEHÊæ?¯é?šÝ~–D=ÉHq.›s\§%Õâg2‰ÊÊÃgÍª­íÞj?õõõ/½ô?¾uýf2Óîl½ÑNcž|òI¥ØqÜö'ˆHDZÒéCfÖ¿]‘‚ \òÄ?—> nÒôÙ=Œºƒ‹Êfõºõ*9“NÛDš´MVD‘MvëÏü™=~*MF‘2d)iK˜ƒlà:®WíZ?ûô³¡‰HK"ë;hÀ¨Q£ôïW<VŠ´Ä<×R=[äûþ¢E‹<Û‰”Ò?ŽÈØ¤ò?5K6•ž2õ â¹­\¹R´‰¹¶íö0è:ô”ÍÐ?ý«MãÚÔG{—X,>p`¿ã÷;ä°Ã?yÈ¨1£õèÆ<×u­v{<ðÀýgžyÖÜ¹s|I,VúÊEZë«®úê-·ÜjL‡*–,Y2þü"•44l?îø_þçKD4ÿ¨#úë’’ã€nAï@ÙÜvÇš7¬Ì8™Òv*–v%È^›&äÏDQ†Úè0“I¿óî{¤H00ßm‚Á!‡zÓÍ76ÌqœRˆò{·Mœ8ù'?þ‰—ˆ[­3òX©tKKMmíóæ¯Äq½Ë.¾ô‚Î'VCúWö$èô”ÍÛ+ÞHÄsZõW‘!RÔº/@ëKMÄ­çó/U»Yù—ùL ÿn[‹œ[_¶î»LD¢µÎù~ä†„™Û21³íØ®ãÖÔÔŽ>œJ]×tÇŽ+W­ªªJº®GÆÈîak1ñäÉÅ,Ê[µjeèGNÌ‹4WÅ‚~C&”tÒ€²3r„ŸIFï¶ªO^ñ—ù}¨ÝÉ=^îóL>U "!i?1Ìùÿ˜9?Í}äQ?=ò¨/e“µ÷ßÿÂ.\öâÉÊJ“ïáÖ°…ˆ(?I_yù—nºå¦â»4lÜ¸qö¬Ã7lØ?'RYÿôcæýñ¡…%Ä%Àà"€²¹òó_ð·P/I‡uë¹=³€šýÒî­6»­fÔÁ™ö…w»‹ˆhM:`2;%öüóå—Ç?;õà©fï¡RLaÚ¶õÕ«¾Òén[¶l;öØlÇ¡ Œ¦í?¾´x è=(›ú?ëk’NÈ–no‹¶Ï&iZ«â0âñxmM-«îÕ?Éd¶ÔoaKÅ<?•"‘¶ _y†ldð°¡]fã†J)Û²‰I'Èwª”ølÐMHÊæÀÉû‡¹”u¯-¾wÿBw/ß»ï€ò[9ú˜cn»ý÷]ßMŒY¸pÑ~ðß«V®r\—9¿ÖênsŸ»ìóßÿÁ?Vxë/~qýµ×fK(Ë„¹cŽ˜û»»þÜÅx ‡0¸ lŽ[0Û†"/IFw¡øGŒ9“É>DYÝøÓðÖŠ÷ßuMÍ‘Ç-böN;”bß***/ùÜ¥?Ö¦µ^ýþû3fÎŒÇ=c„™‚ÐL?ªÛÏ¥Bï@Ù¸Y°SQî@
ÂH3‘²”êlzA "Y?wcJ)ÇÝ÷r¨¹\Žˆº¸‘‚Ö:B/k»¿2áN_°¶)ÀÇ½e³`ÁqÉ¤"-F(?Ü? D²û™=˜‰w?È_µç\d),´GµÂ$¦}µLlt´³9uàän¾ùfÕA[Ÿˆr9ÿÝwß¹ç®»ÿñÒ?¼˜çº.iCJÉ¡*V©¦æê>}n¼ñãÇw>½øÍ+¾õ­o…?s½Ð?­„˜SÍéiSÆ_wãÏzë3€â?”?ŽdÛ;+6…äPaÐ}Ï*h¿RQëAÛª¤œìÏÄBD$û:È¯‚ÚvÐ>wh_a6“1t¤éxžôö††ûî½ïO÷Ý·iã&?ðm×á}Ïc b£Ðuœo~æÜqãÇuåÓXø×¿¾úÏWÝ¸«x×:¯Ù Úoì?®\½ƒ‹ÊF‡¾
š²\QÂÊEct²*ó:”Éd·mÛª,+O°ˆì{’0« ðE$?×ÔÔtñîÛ¶m#"¥¬ö'µp…ÉqUßî>”½eóÅ+®H¨l†“VëþÅÌùVwëO"jÿr¯2=¿¤ýË0†2oÞÜ;SÍÍõ[êwîÜAœ_«T1³mÛÌlŒé(¥8Ý’2xÈw¯ûn2™ìÊçðá†¯»ö:ßÇ!¢]±1ù?Ì9häù_üÖGÿÛBzPN/ýãï¦qË¦œTUT¤2Ç²\×nÉäª++šÒé˜ë2S&›«©J6µ¤+b±0ŠÂ(JVT4§ÓÉD"“Ë2q<æ¥ÒÙêÊŠ¦–ÏumËjÉdk’•ÍétÜóŒH6çç_VÄâ~hc*ñæt¦*‘hÉf-ey®Ó’ÉVUTaèzîíÿ{GÌ–íX–R©T:Y™hNg*ñœï#ñXs&SUQ‘J§Ûv»%“«©¬hN§]Ça‘~ý\páÅ••]šOøÑõß»þÁï·m'“ókª*›[Ò‰X,ÒQDŽ“Ôôó¿øÑÿ2€ƒ‹Ê©aûVÏ´H¼6—Éy^LëH„mG9ß‹ÅÃ(`²”E¡Æâ1?ð-åi/Ëù9Çvµ„¤Éõ\?çÛž…¾"e9vàn,ø[¹Ê¢0Ô®çú¹¬ë¸†DGâxŽŸÍz^L›H[Žú¾¥l!-F‚0Š"ó×sˆ(¢X<îû9Ûv?„¢Åõ¼œï;Ž§µO¢Ç‚€Y¥Zšß:th]]]×?‡µk×Z–íx.
‚œ?Yß±]R&Š$Æº¢nàGù{€]Ð{P6·ßvÛ *·™<G©üX–üôa#lYFR–ÒZ+¥HHÈ1‘ÅFÅŠm”²Œfba"Åe)!)ÔÀŠY
³?EHµÕÀdŒf¶˜IHXX)6…[‘£H±H‘;1ÍM©aC‡œ}Î§âñ®n©FDÏ<õÌ£?=ZUSÅÄ6ÛU5IbcÈbÒÂ¬4ÓøAÕGœtÎGù{€]Ð{P6ƒöonjìÉÈÿ",Ë^0ÿ˜o^ýŸ‡Î><? +^|ño§œròöíÛ‹›?{ÆCO,ë?0 sHÊæÝU+$µ©ÑT)6DDBmKz¶­;JBÂDD¼×Á^EÛìUŒ‰¤õÝöoî˜ïUØcÕ½Êçò—†QäçrÆ!»®oõ¡Óg¨.'yo¿ýÎš5«ãñ„1†˜˜Ø²Tûà™ÈÍÀÚØ˜IÓ{ò9@×ap@Ù¼ûÎªÚ˜JQ¨¨uaÓ=¶>èh'„®ëz]¹5³ÉæüLKvð??ÇŸpwaå½mØ°qésÏ;×UVSè«Ö<HdÏm´æj§ª„[@iÐ{P6Cöolj,wÝ6rÔÈÃ?õ©sÎ^°`?çyÝ½|ùòåçžwîÊ·Vv±üqsf<°ƒ‹>&è=(›ûþtoóº—›íÌZ‘E…^µ¯M¤ˆ¸³ƒü®bù!2?"ÙukQù‘ˆˆÒ$$BR¨ŸHÄè×oÎì9•¾”Pª¹ù‚.ì×¯?‰˜â13‘¡}*züI@W¡÷ l–/µ’²”´U¹C!""£µ6R×§OU2éxn<§R†uèƒÖnÚ´!OÄbnÌÜ3çü\me¢ÿÐÑ½té@ÙØ?“jÒ¬¸Ý”â2RŠ§OŸqç?wöíÛ—™ãñ¸bV–ÕóšS©–_ÿæ7?ùÉ?·Ô×wkº‚Öú”£gßýØÓ=?ºƒ‹Êæ»×|'·éí­V‡M~2p‚÷1iXh¯Œ¢£c÷óÜvr?"Ì~.·ßÄ‰£G÷þWõ6~¸cÛöOêlVŠ•ÊoíPüa…ˆ™|?˜4vd¯ÇAï@Ù4lÙÀ¹í¡7ˆEšüÜÖöoß¦gÙíå^%ˆºœì:I»–2e"¡HôØ1£{·#ãý5kšv6*¶*+â–SœºvÛ.œBÒ°ëa9Ð¦ÚŽ’‘!|L?”ÍAîŸmiËa)mùÒ=®êhÓ½Ïï–äêAØŽûÂó/Œ=¢¤`ö¨‘Öøá¯~õëßþî7±ãz,dH¸ÃfßZrÙù³¦Þ~ßÂž†]ƒÁEesä¼£›7njRÂ¢™º<?Û}ù^²v?…®õéÓ§2ÙË1566Þuç?¯/íðÃ‰BÓ­PÛoò†ú?ƒê…? kÐ{P6éT³ÎíÐV’Ät¡x«.n?Öþ|[s{?ãv%™ÙSWW?'ºù»iØÖ?Îet¤Ã0ŒÅ<Ë²™IvmÅÜ?ª˜(2”ô"¯jPOB€®CzP6Ž9jÛ‡dDY¬¤ËçŽftË¾6Dæ–––ï~÷»W^yenß¾ý…ç—ýù??¿¸lY.—³Û²,¢ÂNÈ%D›ïCÈ†ú¤#½å÷””ƒ‹Êf@ß~~.×Š÷Ý{ÐnÖð>^î³pGöèJØG…B”L&«’UÝ}
cÌ{ï¼û¿wÞùôÓOç²™ªšê®!Þ} P§?íã­*²õ¯ënHP2ô”MÌQ?¿CTRˆ,ËŠ¢È¶mc‰(KE‘¶mÛhÍÌ¬8ÿRGZY*¿!€mÛ:Š,Ë#bYJGÚ²m£5©Ö
µÖŠ™™µÖ–mëH[–"£?eçËXÆH~?cÙ–mweª€ˆ„AhYVE???¶çXJ%c‘bÝqÀFÄˆØí"Ì¬£È¶í(°RL$ÂNØX•Ã¯Ð{PNW~éK©æ&ÅJù¾?Ç2é¬ë:ÌA¼"žMg=Ï5FÂ0Œ%â~6çy^†"â¹nÎ÷ã±X.—S–eY*‚D<‘Éd×!¢ +‰L6ë¹n¤#­M<Ëær±˜çû?bvÇ÷ýX<–ÍdmÇ±”J§Ó‡~øW¾òe¥vmã,F-‘ÖéLzgÃÎ­Û·®X±âÝ÷ÞÛ¸a£bÎes¶c;Ž†a¢"‘Ng\ÏcÂ0ªH$2ÙŒçyaŠ?çy¹\.ór9ß²,Û²üÀ?ÅãÙLÖu]"
‚ žˆç²YÏõ´ÑaQ¤eæä‘_úæeýEüAï¨.”€H é =€¤P€ô
?@Ò(@zH é =€¤P€ô
?@Ò(@zH é =€¤P€ô
?@Ò(@zv¹è2?µaõ;›šó/ªï7rh?ûQÝK©”_8v“ÉD±²¯ßqÁKˆ0wìÈ¹ç?1%ùQµO~c*ÈY^2ÙñòæÝgÝ¸„hÐÔY£FvÎ9S?Þ(»Ïß²öí¶çÞ€Q£×%½öï7<yýU¿~›ªFM?hð§]>ohBL¥²…C7™ô¬??€Þ‡ôþ_°åå;nºõ–Åïú{œ¯™|Â—}ýÜé}{½e¶ýño÷ƒ¥ùãóóæ—'+¼óÝ·W­|÷ígrÆÇœ¬¸åÈËîÈÎþæ3·|¢oG£o¯|—èÝ·W>7gÈçLýcì?ZõÄÿç‡w¿Ô¸Çnßyg~ýçŸ0¡ðù6o-|ì/Ñ§ç–#=Ø¾øº#¯}1|þ^üÚ¿ìG
ÐHà_?¿ü7ç~ñö·3ûz¯qÅÂ›¾´ðáî¼ç²)Þ¾
@'RkþþÎöüaÅ?)*ó§¨7/üæßx"µ¯÷‚íÏÝý?çîâüô¸º??4€Hà_[ãsÿÕ>7¨¹ßÔisûnþ­ÍÛ×¾»=CDäzð~emÕÖM¹à²ÏlzmùÚfª«ú—ýgµï—]úéo¾¼¦™úí+µîÁ/|©}çCyÓƒUw\Õ.7pûŽ?pæŒñ´úå5[6¿ýAþüø™“ò¹?;fÎ—úàù·6õ)_Èÿ¿ù—ý;@D´fÑm¹?;çêßüð“ã“Ñ•D¤ƒo<úÛrÒôò6j‡yÙ•G–5‚®6ïÊËç•;ˆ¢üÿrËÚÂñ¨3~ñË«æh÷nãÚ¥þÉ7Þ;é¤aù×É)Ÿ¼lJþÿè=Hà_YjÍï¶ŸyAknP`¹C§žqÝÝgìûÒ¶¹Åñd²xöÐZ²óÙ¥™T*è|¦r?.Ï—ù×›êê§R?îÁ³wÅÚw—¶Î<÷Ó»åDT3rÎ¥?{Qw¹¶ü'Ùéow…IîÞ£ IDATÇìæU?(üæ%?º™ô½éü¿bãöQÍ^§÷hCoYñà÷?øÈ³¯oÚÎyÿÔ—¿xåq#÷hòmÿûÝÿó›{žZþÙ»óø(êû?ãŸ=“]vs?XŽ@ Ð€œÄ T@Á‚¨Xõ§ö§R/ZØ¢õ@-x¨B4?
(÷¡…p„@ 96ÙÍÞ¿?296á!áõ|øÇîì|¿óÙYšÎ{æû?É«˜ñlîqëô3§ô­>´Ýq8éµ?-Xþ‹2îÅÜwÚ¯LíS¾VÊýïSèôŸ½zþ¸"g’f”ÏlôrÒß»m©£¹ˆäîNZþyÒëöæž›b¡|÷?6ªÓ:¦Ü½ ÇýË¤¼¤wûn©¨P±iîÐ^sË^ž›hë±îÿ¿Eyãó”ò‰ÂµíÌ+++Ï*ÒÊÏç~î¼/fŽ~iSÙëIï~4¾üë/Ÿ¿òÊÛß*û <õÕ¦ü«ü7ª˜À]i‡LùhËT÷â_X¼Qùg£ï2î©WŸ}ÑY¨RUŸ[÷j?ÿ¾1gþÊ½Ê’0ó¯/MëÍÄ×4â€k™9ú†XY]vaÃ3cK}â7·ßØ#ÚRË™õ¬¤nŸ»£ÆbÇ™-KžÛ²ñÈ¢3º—Ô:SÞ?öÀûÕo…dýåûù¿wD¬›;ªòÒÿÎ™°$ãHåÕ¶-zà!Y±rj×8ÁŸ³nî„—·ÔÑüÄW?%¾¼«F»²™¸[Ò—.žÙ£?Î:Û-ztÚÛ»?•—);óÀ¢Ot¿Â¡}ì ‘å""râÝiã?LûÝ„þ}:·¿˜côß<7áù•¦6;s7,z`gÆ¨uµ:²äéÛ6l©ô?Áyà‹¹lAëæ¾ôÛP?Ýðâ}s7­´¤`×ÛÓfÊ¿—Më|É?@½ã±h®iÑ‰¿UqtX°kÉËOOøõÈ„„!CïynÎ’¤G«ÞâÆ2ä®""-b‡?Ÿ:í¡©Óš4*V9¶>òþâoÎ(+Z×Ì©”Ìñ·OšöÐÔ‰CÛ›E&Þ5¬Ú5Š£GÊÖßÿÜ¡êÑÅ_îTŽ›[wè_ÇW8°aKÝÍÛ¾c¸”ÍÄ<ñ¡©Óš:íÞ[»(kf,Zô]îEï6,Qƒ*¿ÕEÄÅv‰kîð×Ö%.¶ì¿­ˆ87¾QžŒÝ§Í]œ¼î»ä?ž×ADäÈ’G_Ûæ¬¹‘ËÐìÌöåoœV/xæþICôï1tÒÏ/X¾úÐ‰*a.¬cÇ=lx{NE6Ð‡¾kÚCS§ÜÞÝlûþÛ5umyã†-cØ ñS§ÜÞ½b‡8VòÇ/ãë¤nÙxTÌ=n?òÐ]ƒZT¼ŒE_íª~^¸–põÀµ-dðŸ–<å|èµµUî‚ïÌ=´aù¡Ëß˜kî1éÕ¿?:H¯aöÛ—gOí7.®Ò9ßI±Î¡/¯Ù²ýgë¸f‘CËßø^9D3öŸýïùã”Ù®ÓfYí·ÆÖ8)ÞÖ×ó'¶™9fqâ½‹Nˆˆ8wÍ’¾í«¯ëÇùš‡™úÊsÓŒîZ)–LíîèÿÜ‘M?î±Ž~ÅŸ¥6xö'ƒEöÎïUþØ„§½Wù±Ç“®,íg~´H9áÝë®Ù¯Iú¸×RÄ¹ü«­3û^ÆÉuºNyûÝ³OýÏ'U¯êdìø&cÇ7ËÄ6êñ·ÿ4¡ÖqM'¾ÿäÜDö——¿{gÙð¤iÓïX0á÷ËNÔ±aË¤ÿýh³ˆL›>ð9eÏËÞ£ÇœÒöÒ/Ýzîów'´™>zÑ¯§¾?%"âH9vR¢/¹S¨g\=p­èt×ß×~÷Õ{ÏM»=!ºÆÜë/Ëf<´ ¥|È~@?[«d›Õ*¦ˆŠ•mN‘¬ƒÛ³”%m¦N+Ï""bŽíj©QÁ½¿™X±NçîÃÊ_8S|A_àüÍõñ·WÉŽ«*Ô‹‹ü>ó¡ž?Ø¹!¥ìUÜ]Ã+†éÐã–²]´ú—ýµO>²|j?^ýkü· ¥î­jÂ=½xó7‹_}î®á±aÕc€-ïÛ¹Sÿç«Sµ4¶Ø½·üõÝSï87uÁÜ÷ŽÉqum¶Ïwõ)ÿWc¾¡Ÿòå'òü>?áMšzWyšØž÷¶J=u9?@}ãê€Æ@cŽî;zfßÑ3EÄ–wäàÁ=[¿_þÉ÷ÊóŽ.[¸fâ»w†IùÔäo6ü˜r(¯Ö!gŽUÌOè`¹€y¢ÚÀJ•Öµæ¥6ÏÝ?´üó5ÿÝõó?3WzÄÎ¥ÊË,Ÿ‘úÚ?½^ó·JÆ‰\éÓÂß'"AÆp‘Cþ?;ŸKì¨O?šð”xœÖ¬Œýû~YûÕ¢åÛÊª?ÿúyÊ?Æû™õá,ª\£¢«¬Ð¾c/‘ÔÚ·¨©t‰@#WjNEå2üÿ-€F‚?WcXt¯þÑ½ú?Kìqß¸×ÊÎFo<zJ$L.ÿ‚Šg¨™;Ä¶6ˆˆódjÆµ|¾vÿ’©¿}ãÜDˆè¸Vz±W<¬¡Ãº´÷¢ê|œ1¬K\l•%yÎÔºº½¹mlŸ¶±}n=hÎ­3Ê;Ù2Òs%¾–X¢8’—#rn ”äåÖ5´pñÀµÍ‘‘’ßÙßwK«8‘ÊƒUR’)ÙàÜPr©2¼¾L‹¨>"eŽfå‰4è?&={¿Y¤dƒ6÷¾µâ”g;Tºíf½
0Šø¼Ö.Ad—ˆHÈ]ZzA÷hª,|Äs+G\t1¹©{¥s÷p?ÛÒ·îÐþ|—#Â:vÕË¦²ñc[ö?ÚµCù'¶ƒÛ7\t1p}bî€kšcçç÷ýfôÐ'|±û”µòh!Ç©?o.X^þnx—(‘¼ôôò‘9ÑQÑ?âèÁ=Õ:µt¾¹|‚Á‰Å‹¾¨|wë¡ýYrUå=R~tÞ!¦CÅsßŽøù¢»r8s
¬ÖšÿYë°Ôªõ?å/:´¿RNhsC_eúlÖâ·k÷ÏÝ¶eÿ•¿ÿNÆš¿L:|Ú3K¶©:ÈÊšúùüåÙÀÒ½k¸ÿö]n]>.hïœ§^ÛxÜ)"Ž¼CËgÍúâŠMW\Ë¬¿ù\Dr7,{iÃ²—¤|ìM^F•1ú¦Nj‘®½ZÉ¦S""›–/ZÝcZß°Ò£ß¿ÿç×jL‡??øÄ­‹þ÷{‡ˆØ¶¼ôë‘_Ü>úf‹Þ‘µë›u{­w¾µùêõ™_U´èÜÓ"³DD6.YüíS…:?|¿øÅ¿î=Ûjv¾6a¨¿Ió#ìÜN³}>ãö»XôâvŽx~Ù´£gÞ¶èV;Eœÿ<qèG?ëÛ³…sÏÞ_¶¯]ŸrÆ9|îw¿íŠÞ¸èàú¥©"²÷Û7žþö)»Am‡°jcÃôƒfŒ®íRF@ß©œôÌ§ˆÈÑÏgüúóŠVFq4Äohtˆ®aŽâ"?Y¤ò|ë‘Ôª#òC¿º`Z|€ˆH×q??úð¹om"’±ü¹IÊµKÿAq[6V?–j1ëÃ‡2Ê}`MùfÙ¹±üó¦%Ty,Zýª”UŽ~þÌ8åˆ¶ÍÀþ]6m9Pÿ›¯´ÓD
2ˆˆDdæI?°á/,šy¦ìÑÎÜŸ/ª:>gíëOÜ6ºÍ•«ÄZTlª:ÒÉqæPÕé
ú.-øûíu5gÑ‰ê?rÓwyhÁcÎi3–ÔÞPŽÁE®a­Æýõ»-_¼5{Êà.-ªß~> E÷QO¼µníÜQ·"üê×oÍ|î†˜-n?õæ£Ã›×ìZ?cñê÷¦ïPåü·¹Ãà™o<Vý±hõÌ<âåÕ‹¦Uzr–>ü¶§Þy|pDÝÍ®”?Á¯þ{þ”¾•÷ƒ~ÿ™S""ÆØiï'­˜;iPµ?Ò}Ôó¿zíJf1÷~tå“VÌ}tTßö5®J˜£‡NzõßI+gœïQÍÆØiïŸüÑsO?4iÔíwM{â¹¿HZ9£{€ûŠÖ
M—ªÄ~­ÜDÎÃaµÚË_ëÍfcíkÚÊÆÛ˜C.à™V¶òÁùu÷YÿVg–Q±fsÍcðŠO5fó¥?)ìÂ){C¤l—\àÜh«Õj4›«­ì9TñT²€)‹v=Ñý
×
Mƒ‹4þ[ý2^ÌöE­\ŸB.ôûÕ‹º÷ÃUßK—´7œ;Þ=ã?ãî¿ul¿~mBÌz‡5ûØo?õ¶2ã\?®oìù:€ëWMEÁ÷ÿ3ôåµµ0øåÕoÜZË,m€0÷Ð„ècGLI¨ånJú.ã^^õÙÎƒ«€¦Åã<qðçŸ÷þ”ž«,?îsßîÑWwÆ94RÄ
P(ˆÄ
âñ€BÛÐ@Ãpe¦Éw‰èÂÚÅXBuš†.€kñÀõ'?eÙ‚/’?Ip¤A/"6kŽÃÜûîñéh¬;$”Zmb06®¿œnW±]fòÏEk”?7\.þê¸ÎØSÞ}aEj¯±¯ÏJˆ(?b¶[÷Áª£Ã:ëlšúÙ¼¹rï¿î‹»*…^)‡–?ñ‰<ù—É?«êk@ãü¹àr\_Ò¾NÚjúúÔsÙ@DŒQC{¼!«à¡*±;º¸j.ýýÒìÉÏ>ÝÏ\×Zù)+?Y·á@ŽM‘pûè©C:‹¶½õ·õ‡Š¬…bˆÒŠDÞù‡û‡Vjâ±fý¸iÕSR3¬6½9ææÄwÇ+Ä?³'éƒûÒ²]Æ(ËàÑÆ÷ÉMY¶8yK†Õ¦?ˆ»eè”Ññ{æ†•I_ý”U æ˜~‰Þ¯Ä˜JË-?º?ÿMb|¸¶j©æ˜ž'?e:WTáæ?f“U?m— sH H»!/=Ü7¸¢ž|WˆÅÒoÌ„ñ=B«|}q§®|ã÷ˆW'ÆëÊ¹ö¬xæ[Ãïÿ0:FW[óüÿX˜ÒcúcBÏmý—¸—î¬|4éÎÒõï“®¿ýÑ‡ETÞžíä®µßl_ ;Ç©‹hßmÊcã+*ò»—ŠÓ×,KJNÍ)sÌ?åßÚc=¶þË÷×¤gëBÚw¸sü¸ÁQ†²}å¬/åwÏŽ?QºLûbÞ{2öõq?•?&O?MY¶d«²ÏgÜ|ÞŸš.®¸žäfe¸?ZÔ™r×ýé…Íá¿»ÿï¿·è\™>\ú¿g'.—ðà¬n)ŸÎ{Wn{åžÎ"Z?¡j«’}ßnu÷ºgúÔP­”f³è£9k#^i‘œ>³Ú0þw÷?ÞÎ\’0ù›mY=-yëþôÒæ?1ãf=Ü6¤4?eÍÚ]§ãÃ.}qiÆàû_ú[Ç`ÉO]õá3ì¼o°X·.Z¸2lÂKóºEh\YûVöcVüÈvâI_6gÅá[§ÿuz;£'?mó—Ü49á\eÁ}&¾¿oñ_Êo™'¢1Ëë™øûG?Ôd®ÿàí7Þ?öìŒ^•¿?6®gÇ’W7m¹=~pPÙë–ÿ¤ènz$FWGs·ó¬µ Ô]Ñ‹³´(çlÙ)(·ó¬ußªeÙ7œò‡±­C«í;kÊ÷?:zŽ~nRh3qŸ\»äOo$¿:;Ñ""ÙþöRóÔ¥³?9tãØÇŸïhÍØ¼zÃ?›&'Hêò7ç§Ç>þøÓ1fwNJÒßæ½c{þéÄÖ"â±g[Åun{.›5G<"ÊG;/)=î¹WB%{Ó{[ñn›èçúžïç€¦‹xàzcŠªx?¿á¿Ê,{­œ!N]½öä?É/ö±ˆˆhÚþí?-ÏlK×1Îd£Ñä/]õ}°bx’É<äæˆ¯÷fÚFZŒ¥)+?ËJ˜6;1N+"FSÂä‡EÄ½3imFÂ„…#ãt"b2÷›x¿ˆäü?¼¦Uâ‚;:‹ˆ„Æ?=ü©ä¹}G„OûÅ|ëìøˆ@ÑZzŽ}L)?óp~çÄAíŒ:]hÌ°ûcªU¥3uF“ˆ˜ÌÆ²«
åõŒˆÖŠˆ1nôã÷e>ºdõˆ^c«´?¹yLëw¶üb<À,"rjÓ·©–QZ.´¹?¶öÃgMLð7»ÃÜïwÓÏmy`|Ìÿ:V,“ÿ½”õÝ·kŒ_?˜`1Ç?¼?NDN%/Y8þÏâ[‰ˆD˜üø‰WþôÙ¶Á?÷­{>‰ˆ48îÁíDDL‰õãŸ‘ñÆºnhºˆ®'É9•+^ö>´ÿ”Gz{Däàâ'69="’y8UÚ÷/MÙ“RÞ&_\9'ó%.ü|?»ò?¥g”º²?9–V,{‰ˆ1/ë°«Ýø˜jl³N¥KÜèh]•…îŒôœˆpÉ8·i«Í˜s*[$<6a˜{þÛ£ûöŒŽmiPnCÞ½_ÌÚ÷þöIÁÈ„ØèvQápŠ;/ë°«óÄ®çêîSœš‘/1UÏXúßjYöý¦¬‰‘´ÿþX0d\ÿ ‘“ØÜ?˜.Qµ©{Ü…Yéy¥¶¼Ì´ÌÌ“â*.1ùßK'?å»ÇZªvà:™“Ù­,(›ëÑAÖgfHßóÎ,îÝ®âuHs“¤?Í‰¨³4a<Àõ$´]'“ì;–U±@g0Mf£ÉX>bßUl«Ö¦Ý¨G{šä<Ž$=ùØ;ËRÎÚDÝ9¦Uù´£´DÚê§b\Å61V°bwÛ«­fî=aÂà6"¢?›øì«Ón
9“òÙ›ó¦?:oijÙª#ž~ö•ñQöëßŸ3ï·?¾³&û|u:JKD£×U[êRÆÚT|ÓÀ~Ù?®O)MY³>pÌ°8ÝÅ4¿žô•|é?Ÿ¦d;ÅÖ.¾cH³ònkÛKÍ5*pÙ%@Wsée”×)®¸®t’šœ¼.å–{ãýŸj?ìÐARtñ=-5?Ó¤Øÿgêöm9}&¼~O|ÙÛ¬ÉrBDD,mãeuÚqé]eðMTLœ|?ž.?+-4‡[Eæ¸žñÕsED´Ñ#¢FŒÛŽ?¦¼~øœD‹ˆhÌ–.Ýeà¯'Ë±Uóž_µkÈ´„ªÍ´&±U¾G¶Š‘õ‡NH|”²Àuüx†ÎrwÍk#?ñcÆ¬yþ¿)#ºlÚÓ÷ÞVÙ\$çTŽß}U]Ú?É¹q?ÿeB|Ù%‘“Y"9uì¥¨ŽæœC™…Ò.¸ÒRc‹HãñÌÃv‰(ÿY³ŽŸ’˜›Zû«ëd¦H;?TSÇÏMW\_,Ã§Ln•úæì?’S³leÇ~.{Îñ¬“Êçæ„‘ñ%«¾üú˜UYP”¾æÛ”BiÝ&Bv¤l-©v¾<"2B22?•-ÌßµjmyóÀžC†IòÒ/S•Vù[H)mÏ[âuk’–([Í?³cÝÎ"‰: ý®¤÷wä+m]9)«Ö¥yD<é[H/,ßbIa‘˜u"R”²fGŽKYn/ÈwëŒÆÑ"²CÙ²u—Í#â1%ŒæNþwò±²zŠS–/;q»ÿ8–~}c¶&Í^•Õoh_åX¼®æíciÛS²<""¶_.Û|a?IxD{9uè„[Ù?ßüXž*üï%Kß›cÒÖ¿¿N¹d;¶në‘è?wÇ¤²lWNÙÞ8µöƒUùý†••Ý6¦‡lÞžbóˆˆ;k]ÒWÇ/¨®:~nhÂ¸±)€ë?'?%iÅ²õ™YÅÊ?)4®ßÀIwöµŠˆþòå›îJsh?·Kš0zÂÔaíŒ"âÉÙúþ‡ïï²ºDbî}úÅ¡•†Û—}”bÕ9ñã{¤?ÿú¬¡e›ûlÉ›kr\"¢ÓÆ÷øÝñÁ)üåË¿-Üu¬TDÄ“0cÚØøP±[·øƒõ[O‰Ñä¶¹qƒFÏ¸;>Xrv~òÉ[s$ØÜ¬ÔZ`îüÐÌÉý"Eì¿þðËU{ìÆHƒY]mû>ýØè˜šWE²·½õzÒÎ\±LþÛ##‚r¶~øáû;¬:“Öæ?˜‘“žÝ¹–ÇE»w~øÒ[¿$¼øÚØ˜Š<µ7·\9Ù×ÇÜ"‘0zJÇmów–í„œ5sÞØzóÕîgZ!gëGs—¦—›uÎÀÁwuÜÿÏô~óž®ü~÷Òï­Ý™+"¢kÕyâƒãGDÄ~på[Ë’ÓDgrÛÜæ~'ÏP~èÜÐFÝ1éöâ¥ï*Ï;K]ú`•gÆåüðÆ“Û+~¸Únhºˆ®c.»Í!:CùLßjJ­61kÂtÙm?Ÿå"â±Û\µ}ä¶Ù]FSõƒw—Ý*zsõ\v›[g4Ô˜²`·º´æÜ®b»jtR÷†j©§ª¬ä—ÞÙy‹¿Ãú:š—ZmššEž—ÛUìÒÕR?ÿ½äwC»Íég×ÕÚÉyÕñs@SD<Ô"íËé¯[üûäÞ?]àjaîÀ/wêžôˆÛ?àºÂÕ
®P(ˆÄ
âñ€‚x@A<  P(ˆÄ
âñ€‚x@A<  P(ˆÄ
âñ€‚x@A<  P(ˆÄ
âñ€‚x@A<  P(ˆÄ
âñ€‚x@A<  P(ˆÄ
mCàÚãqÛìösoµ£Nlv—Ñd¨´’ÛUìƒA§QÞ»ìVÑ›+ÞJ©Õ&c öÜ?[qé?TÚœÖßšàjáÿ†Ô?¿qþ³ë³#ú²·c_¿%kþ³›;Íz~R´²Šm×²Gÿqvâ¼'F„‹ˆHiÊûO®Ø•0aáñ:IýlÞ\¹÷_÷ÅU¼ð·•”~óž!ç?»öd¸¹™Ú]?m—¨„Çz¿/(G<àWìŒ9÷ž;¢ÏÍ±'ÿ{ÝˆYC#DÄ“¹6é K"*>ÏÙ¼nW·Žq»6m?8è6q÷ÓOŒñäoýð?ùï…¼^¶!pu1÷€_žÂb«­Øj+¶º<eK"bdíÊ]v)Ü‘¼JBÏ¾{®Ir?;ùÎ!ù+¿K¿¬ÍjBûÝ~SÄ‘”=¹—ûÀ% ð+ý“9ï<?ç?çç¼³êHÙ’ˆ;“?š´>ËžúÕ§ö‰÷ÜR¾ªëçíkÛõÜZsËMÍþ³ygéåm9 0DrNh.àWµÁE""ºèÛ¦´ž7ö?ÎDfnU>ËZ»ê fÍžµIÄ]à²'oÎé=ì2FåœK¿—ýÀÅ#¸p†Þã†$¿p<ñŽŽR’©,KÛ¾ª°óø©ñ–²·YÛÞLÚ”6dl•v›­Ø*""Úª·?ªÊã¶eïûlÙ.WŸ±˜š@C ð+uîƒT^¹÷_·•/úâ{""RRöÞºõÛ]!‰?$öTÒ?ôþýÒ5»oR¹³­_NW®5Ä=÷Á½5îa$"9KŸýãR?ÉÓoÂßïŽ7ÖË—ç¡*±;º×¦&P(ˆÄ
âñ€‚x@ÁcÑ€ëHÞÙ¢Â"»Ãéòù|]€F@¥RèuÁA†°æA]€«„Ç¢×§Ó}"+O j¨×ªÔ\9p~>¯·Ôé.,*q:Üm,az=g?¦?x\Ždœ1BƒM]€F)¿°ØZd?nß¢¡Pï8ƒ4}yg‹ôZ²€KlÒhóÎ5t!êñhú
‹ìÁAÍº
[...]
„èì¬§à”¥&ƒzÒ›˜ŒÌ/D
®ˆ/LM¹3ë§RŸ]¯¨7$«¬kŒ??Íp?ŠxR‘‘¯»}moµ”¬·¡±ºÁ0æxÆJe
©L.N„Ã¼û¼£,1Yí??¶¸7È}f½AHé¬vÝd_ïX ÂF¼C½Ã™Àœã‚Òc™Z¦?&f2¥¥*1Hþ €}>åÊþdO?;ÌàÃÎïºú#v£Hy‡î{Ò?VóÁ‘ÇN]s?që¥BÝ= äõ!)­mff&&³#R±¡òÀ‘ª’?.bmuS£st¨ç¹X–ª›sæ•”V˜Ç&"6}vZ!©¾TëXHØJW~ÜÂhï”xÜ?u}çA“LZV×?»/ˆ´–Me[œœŽŠ–á4YùÁ8'†n?…LV`ÊÌµ6ÜJ]yÐèuâªÆ®õº™ÅÚêææ™‰á>w’‹Ù”X«¯±•KyïhÿpœÑ(?Ú*ûÁ|ï mªÆ”¡?â²y"”iÑTx”[S5¾|„‘4UA´—c³®2cÃAÞ5ÙwÏ™X`SŠÒr›´Uv«Ãqÿá´F‘ºº¢¾B»?•lÁäøðí±‰ÆP{`ý·:sá™ù‹ÞZªH¥02ƒpo6½Ä1*ê¾÷ÃÀÕ/þüë8 •Z?¾sÁ8~ÃÅÃõé¯oÚÎÿòx¾Ê:Þ;{ûúßþð#•D}óÑópsÜ«P¨øxHÝòA?@ãö¡/>ûõT?ùðƒ¦w?bÜíþª_mn?Òis8 ¼ù|ýWŸÿ×_j™±ÞlM§/2µœ*ýäïîc<ÜÖXƒ0Û}ù?žtn;Î_È<` 1(ïü­ÏÀ›:Þë4ÑÓFäeˆ~õ«_ívÙin?¯¼lÝ®¡¬T*uúÔ©íÏQAáh¬ÀC©/EHòDÉÞ?LÉ$$Ò—ºëE‹D‚ ˆò<±ÃÖ;4?O
/Xà)!Écó›ÉšWGoâ”…ã¸3‚ÅRÞ¬ ëA”jñfò?o›•.s?õf”j_jôüÎXïŠ‘’É”xmÝø$˜ÍÖ_žOŠ6»² `1„ñÙLl°TÔ›¿¶Ü¾}[´*2ãylb eI«^R˜ây0LÞä“ËHeé?|ýŸ|9ö‹“V¦àVù®“[žçÅùÖ'Yn?Ïb2+©M6$ö#º{@ÈëH,ÙÒƒ‘"±¤øS‡ƒxÏ·¯Ä›n'-‰%/r…ç?œh§L£À÷ßÀÈ4¦¼D?÷…dCbJÔ¨1®wß`ÉR™÷;÷K™¯Ót.T³_¨µý+/õKÝ7X½ÿ­ö¶¯}?¹(OZéE!ç7Ÿ<`­ÌZëžÂ‘sUÌz[å_¸Nn7ó,!›@á!„4Uoª]KŠˆÊüu£m¸ðÿê‚^O˜lO¬™Úˆ?½‚ÂB!„?!Ñ«t»?B6°×oÈB!„Bv…„B!„?
!„B!Bv”èÕ}×+|h„ì}ô$¢J²IBv”X,Jòünç¢ø’<¿ûo^ ä5öª^[H±°\R²v"Z’…„?%•2,û
þ„³,/ÍûæBÈŽxU¯-¤X"Ñ„R±7ßÝ³çPx@ÙQr™T„ËívFŠ)Ár‚ ÈeôÃCÈ®y%¯-¤XÂÑx2)hÔë¾ÏœdÑ{!;M¥”GcžOÉdŒdŸ¿å3Éó,Ë‚ RÊw;/„¼î^¥k)–KF¢‰dR(Õ«w;/û…„??&‹4jE‚åâqNØR»?£-A$‹¤RF¥¤)Bvß&¯-n?O$¢'…^"ˆ$F©?J(6x²AÄb†W|r™”FãBŠnýk‹ “?ÂBÖA?B6
‡v;„BŠ#ïvÙë(< d?gÿŽ~!„²$•Jy<žÝÎ!{…„¬G$ÍÍÍÏÌ¸SHQ?@!ûT*•J¥Rn·{~~žF²>zö€??9?ÎH$b6™4Z?X´£Auú'm'÷H!¯AÂáðÜÜÜüüünç…?}€ÂB6 ‰R©ÔüüüÜÜ<€îuš_XL†Ý%!„¼ZÒ},é«7Ý: dC²±t„°ò7eÇ~`DÅÚW0+J:„²¬¸ûJ±Ñi”»?…}€ÂB6%ý£’3ÎgÇü¤Šµ/?†ææ'„¼¦(0 dó(< äìüŒH$¢_5B!„ìš¹ˆB!„’Aá!„B!$ƒÂB!„BH…„B!„?
!„B!B!„B2(< „B!„dPx@!„BÉ ð€²IŽ?süŽ½*š?\…ª¿£Õ’g96ÎïÐÎ^%)ž?sl¾’ãã›÷ƒí@±íìj…t%IîÆ®I>ôÖdBÈzb3}Ý7®Hú'œ15wœ;a×/ôüúŠmçyÜ´¼jÄqõãWÍÑŸ¿kWzz~}Å±"¡š£?×¼ÿ‡ËŠö‹»LÒôbÏý?\0~ï§C¸<?'íÖµ´“ˆãêÇ=3Ö£?ù¾]+ÊÙéŠœðî;¹2„–÷þ÷é*f)Ïý?\Ð?þÑ-%9©/ôýé†}mçyÜä¹¿:Ö³¾gWo¹èŠkmöÒ¶èž™æ3¿8U“>Zoÿ_?y7´?ÿ¨%píã×òºŒÊj?¦Ã¢Ì“Úž:Ø%ù«Ÿˆ¸ûnÝzèâx`Œõ­§Oµ˜dÈÔÖêXpèoŸ}7§;ýãZt9§8ïèƒïî;=q€Tjm;ÕÂu_¥êº¡§òŠº®3ÇšÒÕEª0´Ÿ=ÕeÕ€§ç×W†¶ó7eŠÃÓóë+ëÙÏáÖïnz×î${àùK2o-ê*u~zk?¤2¹ùÇ§7¦V¬Ð~ñg]&ÏÝß\ï¯hÿÉÅ}ÎíÓß» o?ò,_<Ó'qå&»$ìüîë{Cs™"RYíçÏX\ÿu½?ÏªöKÿ~Ô 8|ùO}žŠŽŸý¯fíRÝ^»zÍÑŸ¿üÝÊß‹˜ãÚïnz3¥?ŠLÞþæÆp0‘Þ·ÚxäÜÙŽJÅ¶.Ù…„?‚bc×þ«ÛËƒ15ÖWizîšžò±ë7¹}…¥³J“ý‡,Û1ïÿâ?å_NZW^~TöÎÍ8Fç`j´§75*W§Ê»z®?1_ZÑ‚ËtÜâŽ©²¯Ü:x§×ÙøV?,óÏÈHÏ°oåÖKûÙê*.X>ÍæÐg7†oß°|ø¶MÁÏõ|ý }óÛÇLL4ZcKC©@l¾døÊ—ŠŸý¯ætš{ö`Ó
V¿„ãê_z\c¬¯·ê˜ÄÂäÈxÿå…Ø¥KGM™Jµ•:ÆÏÞ™ñ4-µMÁ{z¯\î‹C*µ6ÛŒ
Ö795éð:NÕu#‘ôi‚¼ÂÒZ¥AxvÔét-v6Ä™"UZ:ÊåÉðÌ¨»ÿÚUßÙ–šæ¾?î;–>]-ÍM?)©éì(?X˜rq:k}C@U"Cá’Ì[‹üï®›Ô
Rk‹Í˜]¬—ùkn°×Yÿ¶-ÛŠ?8<ˆ¯Ú²@?Ú{xÏƒ/nù™ªæö¦iô¹{bÔåcëMöNÏô¹=Ð5v˜µ`Tïð˜òØ»L¤%Ö»»86ä.]vT%‚ëí»÷×†ãòªºÓvñ¸?Î‰E–Âƒ]Gá!¤~êá-/?ÜŽØ§#qF6—‚¹ùØ‘ÝbÑôÿ8çµ¯?Ë]ªmÝÑcuàá£s07=V¸GÍsç«»Æåîá\ÞñALÇ?ð÷ö?xíÆ•Ç4Þ;ÔV×QütÿwS«7_¿»h½ò9Ù1ù¼gôæM«¾Ý{Óáƒîô÷;ŒKe«¯;r$ÝZŠØ¿^Ÿ˜š‰4€½|°X¯úñî;}.¦7ßË¶¹ÛÜ»|å±ãÎ¨ýRs¶þÂu,>ùÔÉkë?×¹îN¶™Òí“ ãN_Rã÷>ºÐ”nˆA,Wªµ¶BI­öVW€wô¹8äÞèz3cßé‹CZ÷ÞÿÉÄoÇZ†¯þwŸëN¿»þ¤%»ùÐõoŒKe?™šÓs,¹¼úºÖc9wKò—d¡Z¤V05“Z©ÄÖv´)Ï‡üèÃá¶ºô?s=ê[Óq^ FíA~÷˜8|æƒ°ÚÛŽp¼DÊ9š©ã}nÌ-GŽæ|]œƒC¼îp³Í9Ü?äì4ÕËd¦–ôÕ>âðyƒË—äN;¯ IDATÀ³¦â.ó¹Çâ@ý…œ°ˆÔ5µuòÉ<ß²ÃèÙBHž°4·ä4kdjÅô?…½îwæ?ßr×šÕj„«çêÏ{;Ë?V}¼ÿ‹oFÂk>Š?÷>ä˜{[[s‹”{øtjå.}ü~?# å¸ëäµÒU?ºÁy÷Ržý«{÷*?ýÜ)#Ãy»ÿÖÝï‡õÌ[+F¤,I±‰0™<{>÷ôÁ¬~>?‹ŒMuK§NjihÐž©ÙXvÑ×1ïðƒ˜Úš;š[MðŽgú;csSM­¹íT¥úEz¯iuõÎ8xÀÐv(§×\¦V2`<€i®_¾·£ihª¸©™…ì’£Þ_ôx69½PI¾üE1ÿìR!{BKgH¯0ø‡ŒF`aðî0¯Ó®lÔ¨Q{‘J­0Ò×áô"|
?H×/"ïpï$tmÍ-m:L?n²Ã(?ÖÀyÿ¾ÃåñÅ’¤u\ït!¤À(+Ñn9…‰þ+Ù¿ÛÎÿòx¦Qeh?Û$ýôÚ@÷µÒ:·?¬¢îôéò«ÿ3|ã‹Ã÷W´—B“Ã“?o¬a4µI‡ö?®ÉÖaíêb¯}Ñ÷pÚv<Ñß¯8~¾yöz_îïöäÝîÉìßíÖµa;ÐãÑØ«S‘…E¡UÌ&£\.ßÂ?nž²áìù©O¯?óŒõèéUý ³ýŸ:Ñ¸7¦¾®J†ô•>X ?)òEŸ?‰å]A.—U”—‰Å/Ý÷T°úñ‰€RCîQ*Ôz ˜óHåÖ1Þ=êÂtÌ¦ƒBÖz ïzÏ »é¤…¨Òç?·6g/UW–eEbq"žØ?êÊsJukúÝyŽP¥Ï‰· U©ðËÅÚÏÛ‡wÝqåkÝ¿´o¼¯‚%ùò1Dú¿éÎÁ7~ï§2w¬?]•÷®Þéwèdû‡}úæ‡ç¯}»ô<CáõÒX–…H†ŠöTÚOŸ÷\»9Õóv?0Æ¦Žó]v}¡"?52Àá@g£2Y³íÖ½;O¦šÞ¬ÙÒÁ)Nžœ‰ÜyÜsõ10e5§Ïu5èÂ.£ð€R€„ÑÁ…@–-þ¸¶œüEGU6µÜË½Âvæ\ûÂõþ[·`ÞRÖÊ:Þ;;ÿÇ›Ž÷ŒË¿IüTÿý  ó=ëyð+×Žú•W·Ÿ®qÞ¸û•—÷1ÍgÚ*b³«²|áGÇ+23·‘<w¯ôô×àß.4ª‰¼¿Ö%:ívÇ…¹Ê€qoU]Uîpšô¦Î#Í­?¦¥áÕ/x°H$óÞÅ²R}I‰.g“|ž®yƒ^W„Ø`½êÇÈµ@hÞ†i©…?ø¬8ð©céaëZ~v¨Ç$’RpÎþñv‹]ÍHefü`ëOýî‘ê*Â¢/ ‘0¥}|Û«kú4-#°hV~ •pùr‹”‹F0ŒÈF2Û©‹mW.ôuÃ°Á®Ö)É—¿ˆÁpúŸÞiÌæ4§?•Ö7:¬Ã=w¿ð³LËZÍÑo–7*\£¶˜‹¬¥“¨Ói‹øÔÚÎ|TÇÇ‚Þy?{lÄ1:ÒóFù‹-þ?£ˆƒ.éíèx^~hx´­&ß¬MÐÔ}ïŸêNG|Þ…y×¤chtêÆßÝ¿'”"[Fƒ‹!”ZlRÀ=<äá––±‘™Ù‘QÊÒÌ«ú"$¦®µÂëZgTêº´ö·.¶)|.ïRëtq‚£}ŽÞ>Gïh@p`prÅ uÓÑfƒßç‰[ÎÉóã'‘K—òÌjggÅýý¦zæDZMžßFÃ¨5ª-a±˜ÛßÿðÃ?>üð£÷Î³›”9õB›J¥Bá€p$ÊˆÅjužãR«•2ÙÚ‡;·¤`õ3Zlày¶Ô?Î¹ÇÆ‚€©Æ¼âÑÞM×1ïø @È;Ôçèís¹8®>‡7Y…Å
`d0whP,òÂãxöBu?Fc‰‰Ä8ŽÛþêš9MOrÆw±‘¿T¤N×ÒÀ¡ðØÈ8 ­©*ËMAj:öî÷¬p¹òL1”k½’|ù‹FQ ?ÕöcÇ¾Y_¤þÄñ•OQ¯S£^ÒÒILBñ¾ƒDŒ²Ädµw¼ýv[ÀclÞuSÞ±? € k¼·ÏÑÛ7î
ðö9
Ÿ&?Î
àù¬?søÜü¼€A«ÀÇãµÁdµûÞ[]€÷ÖH¹×Ý= „ 2µŸ2v{û¯üu¶±.3éÇlé¹=ß?^avøÁÃlËKUÓn]“ÂªšW>D©±_8ïýíÎ­Î·"5{çôìgßÍRÞ¡¤usº?ø™Û¿½ê6äÎSÖúöYÞ­h¶)€Èš,?ô<˜Îf¹º½%ßã¤Yžþì4‹ý?íïÚKtÚ@0”»FI‰V*Ù»—Ù9X°,›îoN$Øh4¦Óiâ‰D"±Ü„?0LI‰N$Ú¨•ºIëT¿–ëp?ëÎÕOæê¬:&17>4ÃCoÓ¾fv ÍÔ±øxïCKó3BÃŸýá–cd¦õtu}gÇ «Ï{ã“?O6dg.âíý8çáïMÙåê*B8’™ Ž”•¶»ºšÒ§iàúïg-M™™‹‚¦Óÿ|¡>]¤Î«ÿhi.—'Ã®·ŒõTûêc‘ºéí“Þÿúvˆ+´“K²p-Úìó#?É?žP¶½ml<jË99Æ–³ßKÎ¨ÖÉ€å{1ë×¨5§hË'Ñ /)Îw08öùŸBÖš¦2€èóñÀd5¯™…Ø‰þû!˜N}°<@zþÖ‡ë°Ñš·ú¨«­}.×Ðå/"-2>838ÎCo·UŽ\ûìNÄØdÏÎ®æ*jªöØ½¯¡½û»EÙuÊ†ÿ¢îëîv¸FÇ=™ßëŒK—?9wï\öï]ëÚð w-ck^=Ç
S}ìbÛlÞ©è7E¤kyû¨ë“ÀÏ8† ;bÏma0û­ó~Ï ëàÉœR£ý¨1o‚€gÔáÉþ­“Ôµ˜
­ÏýœIÁ§zºUïPE"Ñ¥Ûýr¹L¥Êû»Wlþ`Aðù—½!¹B®Q«r›&jµª¸±PÁê§°¿÷cMß··Ž?{‘žÉþè¹v}¾ÑÖ1ÿøð$`k±å>ÑÚšm·îõ:Z«ZLG.þDû û¾Ó5ìpPèÛL[i½ìjuÃK'+‰)ärµf›««:{š\îþ¹ôlúõJ€Y*Ò¡>_zªûã
Lu/©yóv÷ª—¨äØ°$­ë_Ä6Æ¹†K³5–¶ç†?›Ž¬.ójÔñÕ;È=‰Vmó:áÁÚ“Xœï ÂÜÚæîu8{ÓÇ)•Z?Ÿ;ß”o*ÞTptÈ˜ZW”‚®±ÅôÝ7ÎÞ§­ÖüøªÞ¾?¼wëî°³wé7`œû¨‰RJSK½µÏ9Ô—îjaTÖ–çš_âYR¢_ýêW»?BvšÛã+/{‰gwÐüBÀbÚhèíà9–Ë^hÂ?W[žwÙ/ýûQuxùåx"yÇ„Ã«Ÿ½.ÑiKJ´‹¾ô-…¢=‘œW¡ê—âÙ„ÀÈ7WSIŽÄ2ÙþûpÉäœÇ›;N=}¾¢ÑØNT×uNS’c±fäá6Ùç±¼'±ÜXêóŠöÜî¾NMØáïr1ì£†ÄÐ³„?M`¤û÷guDF¾[û~PÇåû•J)—ËŠ<
·qÉd Zµ0±,»4„]£VmWl°Nõ1›s_4é~ŒR©T \õk"Áƒáª®ëœ&ÉNÅûü"Vè$†B‘b~·»†¯Svø»L6Bá!„¼ Ïð?¼O»ô;bb?Z@«Qmþn‹„£y'H…#R©T­VîýaT¯³¥‡FV‰D¢¼ ¼zÕõ•´ÎI‰Åô$EGá!„¼ÏÝ‚#¡½7¾sˆÕªrcé+3¬(‘H¬z€uI$‹Fc%%ºRCÉ6Þ: /aÕC#¹’<U*å«T]_IëŸÄ`0¤Óié;HŠ‹M&„?bêú÷Ÿu­¿Ê+Ô?'—Ëk­U›X‘ìEb±Øl*_êuÞã6s).Š5!„B!B!„B2(< „B!„dPx@!„BÉ ð€B!„’Aá!„B!$ƒÂB!„BH…„B!„?z-!¯‹`8¶ÛY „Bv“NCïÜ…„¼.èšH!„?Ñà"B!„BH…„B!„?
!„B!B!„B2(< „B!„dPx@!„BÉ ð€B!„’Aá!„B!$ƒÂB!„BH…„B!„?
!„B!B!„B2(< „B!„dPx@!„BÉ ð€B!„’Aá!„B!$ƒÂB!„BH…„B!„?
!„B!B!„B2(< „B!„dHv;„?ý/–+ø!#³;"øå!W£L»âž¿je2fGsG!„ì
!/-†{=XÈþ+”¤ÐfC‚úC8l|‘ÔR`90R0¢¢g4ƒ÷£û!ÜêKð|Q.‡6»»‡7ð4'ÿÊl8S³]™!„Bö
!/M…3g—ÿuÿKàŽWl5µ(ºo£î$ìê"eo•?_‡«pÜÇµa|thy•ƒ/“RtIŽÄ2ºƒó:ã9–ËTÙ{ð–?!„l§E88´ÈþS{ü3˜Z=¢hÏ‰9®]uD6¹²çþîzDFþñ‡‚[yz~ý›OÁm7Ïs7_://ö¼ïêÇüý•Ï¯\ýô?þó³¯‡=lê“Hñl2ûwÄqõŽX‘óùÇŸû¼«—òžž?‹¿¯×OŠó:n_ýìúw?úû‡ú¾ûêÓÏn9¼ì6ì(â¸ú›k#‘m¬Ì„ì#t÷€²žØsÜ…;•vWbn·çW¬³ñð¡8?†#ˆ(ƒz+ŽÚ ­^n)ÅMàÇq{~ÀÛƒ'" —šîaÜŸ‡_@?'+ð?aœ<‹
æœx2w?¢®' ÝÁøø&?“±¹aÜ.5<B€$wä’æQS^ÜÂÛÔ?oýè#ÍÿaEÇ/þ²?ÎÒfñžž+·púŸ~bQR÷ã™ L/4Ts}¿}VóËã¦mÊ$€»ÿÐÑô®]¹´ ¹çÊ?nçN_©ÈÈ7wùö³ï}°T??‚õôuwûO?k(îÝEUýùµ1ò¢¦IÈ¾Eá!¤ Ð>qáø!œÑƒ?áÉ8üfT4âýúÌ
®ŒÃ¤_7•®Ý?¦—Ž€0þWâøè?Â£»˜«ÁÅNÈRXpÁéÅ‘F¼oÆW=¨kCƒ:Ópw>D7‹G`”#1?oŸ`a©ûpOÂ8t'å@==¸§ÄÉJˆ%!'\öéˆÔÞ*J2Ÿøý`Dàsº¥ó¸6ˆ)¡¦gA¹mBlÏ±?Ê÷{ÐõÊå|Ðëae¦2ÝÒFˆÁ³¤ÒåÇ9’+’ÊÄ+n!¯ÝIŽg²[¥wšÞU2â_$•å­tÛŽÜ›l<÷£Ll@¤¶´Ùsò¶:|œg²ƒO2ÇËsl‚cã$ÒL ”âcAo%F?b)ó|Äçõóªrƒ6}„)žå “"´àI(LFƒ¿ü÷j†FÙðÃ™úÓUÙ½ÏN–ÕU…³‰¯Í˜(³?z}R£QÁ³–FOå®¿¿ñÙ*ªÀò¦x6äóÆC™A™nƒäV­ÏòŒL€÷ôÞô·¼ÓU&]:e&?”›:ÎÆnôOÙNÔ¤·Xª·ŸS]óV92é”(–Ó,Q€ˆa°îóN)>ôú8¥©L—Y-Å‡<QiérEJH*èõ°r³QËÉœ¿÷­`(¶è…#±$/lbu?0b?ZYjÐê´ÊM¬NöæÜ¹s»?BvZ(W«›Xq÷Ec­f—.¯<ö¡¬?f0¤
X*¡b0L7pè8¬+Ërf0£*Û·77‚~P±£´Ï‡ ±AÅÀ34w ”ÄP`Ñb0&§PZ‡
%1@÷8Ž½‰ZrÊXp°j*Ô™ –ƒaÀÈ!a€EKyžlD<p?&@M×G!f Ä1÷9J!YšYyfã"œ~gšÐ¬Çü$Ep°b÷Çb&Æ?°6–Ébc×ÿÞ75í^ˆÆýÏÞžT4Ø¤"cß|zã¹ ŽûÆŸºCÂŒ‡«5ðôüqHzØà¾ú…×ÜTžî}v'b;PÊŽ]»é«n(“®»mµbc×¿ñ™Ëd!Çµ«ƒA.ñÏ~5!=dÓ3ˆL÷?M?6öìáC•ýdþ4óåÁsÿ?žJ3yˆ8¾º¹XY/ŸírÎ?_ŒŠã>ORS¥?9œÏ§gcq¿³ïk§â?MÏ 8ríËÁ ?ú]ý·&¤6ƒÑ±k×ú¦<ó¡XÔ=xk"¥ô>~â?ÇÝƒÙ–qÞñií‘¶hÏŒ®¡B!RÞþ¯Oç¦Q×P&Í—1£Ìsÿ?î?GŸL.&¡,¯MdN€ëïc¼§ç>ŠJ“?çcCN—Ã‘¬i(“òî»½=%pÑ ÷éÝûASs¥j¹jÀ\ïoF˜£U°®û£¥'™Tdä›/(5$œ½w£Ên®?Í*kJDËõÖùÄ9éºíQ®ÖªwžÄgüÁ¸¼çv@ÆŒ?~ŠûÇ{n‡Ê[ÌªœbÏW™#ÎÿÖ•H%BÏßó¨ímÔqõ¯=>‰™½÷`±¬Ñ¢#ýÅœ?EãÏû¿™„Ú;0²M<ïÿfRn¯3ìÏþØi·wfvQ$i5J­F)—IÅ"—Ü`,¦?JÅœ/N&y?VµS™ÝQû¨!±û³¶Bv@s)¼QVàÓÀØ7jÅxý(«€{vÅ¶þ(*Ô¨×¢ûNÔ¢Â}?_>‚9ÊrnúëõÀ³œ5’Xð"ø½˜ T’/••*Zñc>ƒ3K-ÞµâI÷ò§öÃ8lÊÜ.P–áäAü~îfÔì¥þ?ŸºþÒ©@­ìã^WÌf—¹û»%Ç~q¶Ž?òöýÉ‘8¸¼¾ÖÖ¬útÜÛÔaÞñ¡rûG
 ûH¿î¶«h/\ÊtâG´ŸßrÅê¶#€³.{#Ã;ðé­Q@ã›¶Ul6Úº£Ç”=½ÏjŽ1@d~MÃOZ%@ªNþ§^W¬®A©kúþMéÞß°ú³Û®˜Í®0¯Ì¬P~rÙÓô¯g,°À|ü0»B.YM»íêgýÛ6;Ñ?ÛÒÕ!™éßàcÆÃ´¤«ëfŸ(ÙG‚#÷f›ÞÏ ïúö7ÃÆÒõ‘éÒ¶Üû?ÓÓQV`Ü—ß›¨n–ìÄ]Wí;ê@³ð‡I½€VÏÌÄÁûû¿“wý[ú‹?òüÍ
WÑ˜ùÐ…6À›’¿íçüA—`?Ñ??žvãºƒÏx÷À½DÛ‡êÐˆ"#·†«~ða›ÚÇ¯òØûÓ#¯¢îÒ©:hT|ú—¹ú_œ®a›äÏ¦ã¶†ý×”œv{½‹¡
c‰©BÏˆ3=$,›ô.ç›IÁ»Pmy±!?d×Qx@) `
´‰çã±—l'Ã®éfj>­êO Ì··GñœÇ¹¨Á.SvA]-êµÐÁG1¾¹µU8Wµ”
üIÔdw­7¯X“ÑÁÄâÀ6Í¤´%Uå¥™3£TëSÀFÂUæòÌB‘ÑTWîŠºVë_FÜm§«à?llìÈ=±l»ZÄëšqÏà½!Ø6;Üà‰?Ù`P€±åÝ÷›€Ù¾?»S/—³±<ý»'R*õH¦7Œz]33žv1”ªË¬YcÊ¬)‘ªÌFCºt™Ò^KkïTý}Ø[c*=vQ?è&²²‰PvßŠ…æÌ¶ì2e&kö6èq¹§|Q <Ï+ë
&?-gßomYjXõˆbrØHØ´ôEL•˜Ì¬–·zT™éÜÈ$0Ó¡§L©*üÎ–¬x0h°¶eó öOUÙÞÍ,?™,Ú±ÅŒ¬Ùï‘\ª¬*ËäM­,?°ç§>X#ŠyCåe:s…^,^¾{*“I,•¥6!è´je´¿ìúÝrBÈ^¥G5°àËó?‹îEœiÁfúÓõDXÌ+þËŒÄA_ŽCíxÿ>ªB÷(xRÈrŒ¸s~†rŒžšF™g3Éê<‚ÀÎùÇÊ^h
ã:Ô,Ý¾XÕÖŒÁ(÷CÇ_Îã|2¹êCÆÒhŸzêdãÎÁùæ†5}yën›+8tåóÁÜÔ~ôØ‘VÛú??¼¥Ùj˜tggbR™B*g¶!ÁáËŸ9xó¡ÎÎ£ÇÚê¶žcê<øîóÞèáfãžzRe×°‰¥&q’K‡KüÌíßÝ?Õ[Û;;?k2¯·õ2>ó…Mº''Kj åóÄLFD¹¥}ð‰LC;ª(?Õa!¿ü•á…DQv²Ç,úBr™ÄT¾"6XRZª•lú…—‹¾P±sG¶…„?4Tâá0æÒÏ˜š ŒëCxã(*67Ø¦¦ì3<Y
3pŒ‚Mÿ1³Ü*?&À0`È —àé4?nÇkqÂ„;}x26
÷(îå„Zæ‚HOvÉû1œ3¿d…Îç™?B“x¼Ô›Æç7áXŸøŸáÚŽ4d'ðáóoñd.sÓƒáö ˜JXöÒÈ¢¼”eåÑ§Nº<Ù)×Øš5Œõmáá;÷‡ÑbÓnr[††ã?Š<›L.ËÆJÍf?LÄf—ÆŒ1Ò@(^ÜÒ5?°?vßvå¼á3MÁ?òvMNe·?‰ÇÖë¹åâ±rS•NÊˆ›uÏ¼DŽeuííu­ÇêV‡’ù3–Kø#‘t5~îœÌ·Ê~c´uÌÞ}èfS@*8òp0}àYV]QeTK¼îì=*1ü‘ô°œ{éèFùü"ëÌ#ß~ûàá½¯»=*ÛüÈðøÐ­‰¦- ¬ªSõÝû¼ïA¦Þæ¯›·|¾øˆgÆâÕUV~`4{q‰Çy”šìÎ‰™L8âŸšd¬æW¯o<‰©”r‰$ÿµO!—ªÕ›í5GhŽß}†B
ªhÁ{Oð?`‘™ÃÇ˜ÂÜ¦LÝÁ·ÙÕjêqá@ÁD˜r¼ßŠoûpG€RV{ê0Hºñ‡'PÉ.Ëlrø0Üýøÿ¦.¾ƒŠÃ¸äÂ£8K-ÞiÂïgsxGîã÷_£LF‹ƒXj}Õ5cê!~ÿTVãx®¥?ÐàL=îôã[drœ8ûR£oÙqûî¤úE¨©Äû‡6uŸd—•µ^h¼yå¿ÇT*@ßÜÒÿê5t?‡5wîk.žZó£^`[ÓÁ\þôOƒ
FV~ 4=2ÃØrZóùg×fkdþ¸Æ˜™
ÖÔx¼÷òÿ|Úßrê£¶¢2fLG/žêûöê¿†B+ŠÃ\ß¥)˜‡¦SƒŸüå¯ýZFn´-ÙTÊ›Ï~öû¿ôkË[ßÏ;ÑhYó÷Ô_]¾æ±ÊQMé&;´óléÑè+ÈX.¥­³áóÏþÛ¥UAk³Z°ÿ¢¬Á˜:ß?ýèÖ•¿=€Úúf[[UÈ¬?“_]¾QeäÕºÌ™SÖµ7\¹þ{§B%Ö4ZÍHõd5-Òë#?š–ŠŽK8–#OÏøÄñöúÌ4Gjû…âÎ­O?ae¦æ®cÍ7
U?ÍË©Ìõ‹½W?¶Ÿ^hjzëØ­¯~ÿ¨¤€²áüùÛÉó¡/¯üé!Ãp,ÌÇ.œÒm"å}&É"ñz7Â˜Mß=Øü”Gd?ýêW¿Úí<²ÓÜ_yÙþö;¿°˜Ö68vV*=)áK§“ÈÖtJð, ÁÚž¤y¦äÝø?1|tË£x°@Þ—êòÀäI<“Qþ­@›,ÆQï8ž/øÄÈÖ¶ÝìÂÏƒÙ–yN—'»Üj6,”íËüæÓßî<ì°°t,Þ¾?>z«.ó}Úd•Jz|íÐéj*Ë5ï[0wØ²O-ï%>öõ•Pû?:Ê
¦÷"™Ïw.Ö.|ÅNÙJƒÃÏ4je?µàä'œ³Áð¦nHqksmQs·ûöQCbèî!d#¢"µ’%ùßÀÅH|i¹³ÑJ4”AÆ€ãžUX1¢˜)øn¯B/['?â} ðÓä[Þv³E/³çu‰òÄ/–‡³¶}™ß|úÛ?‡?årµÛkn²™tÜü`ßdÃÙ¶åïÓ&«”Ätìû÷ã[WïðÚÊ9XßóETužy#°Sßý}MõtLpzøn²ý'eë¥÷òž‹µ_­S¶ŠF­L°\"ÁÉåy.£ÑX"ÁnüX÷RRÅÎÙ^t÷€¼ŽöQÐ¿'îì6Ö‡GŒ…KbÔ™qr¯½§Œ²óyc<dZ“Q»M½‘)>´à%ÀhJsßsG^^0›x6[^¦«ªÌ3¿µûùâ&g.p ÖüêÍ\´?[@w!{?Ì€ã'p|·³Ay!ŒÒ`ªÚæÞ£5Z´›X‘¼(?Vi,ÕÎ/ÅbQY©N&Í´ãqvÑÞ|l`,¥w'ï?B!„?ÕÒ¯3óÌü?ˆF­dq2ÉÇâl,În2c©–Þ‰¶Qx@!„Bò¨¶uZõ¢/F6?‘„kÔÊRªµ‘G IDATÝ7Ø¯(< „B!ùé´Jjå¿nèµh„B!„?
!„B!B!„B2(< „B!„dPx@!„BÉ ð€B!„’Aá!„B!$ƒÂB!„BH…„B!„?
!„B!B!„B2(< „B!„dPx@!„BÉ ð€B!„’Aá!„B!$ƒÂB!„BH…„B!„?
!„B!B!„B2(< „B!„dHv;„?Çv;„BÈnÒi”»?…}€ÂB^tM$„BÈ†hp!„B!$ƒÂB!„BH…„B!„?
!„B!B!„B2(< „B!„dPx@!„BÉ ð€B!„’Aá!„B!$ƒÞšL!„?×Ë&¹$/©R»?—­A$‹¤F&[¯]÷Ø‰C^âXÅ"”jqÀ„Ãuë­¶ë»É2!yQ‘B!äµ#©Xœåa·3R)¤x!Å³—ä•
™X,ZµB(†¯àa_B
Þ ¼ALxðv´Ê5+ì?‚Ý°LÈ:hp!„B^;{¡[t¼ ÄâìÚåÅŠryƒøz Ïò½V°…Ê„¬ƒÂB!„¼^X6¹§š°EÄË&s—<v?6HóñØ¹bÉÞ,ØµeBÖGá!„B^/\’ßí,l£UG7áÙÆ}­J|ÏìžÍØÞDá!„B^/ÂË<œ»ç­:ºÅÐ6îkUâ{¶`÷lÆö&
!„òzÙ×ómhÕÑmkÃxUâ{¶`÷lÆö&
!„B!B!„B2(< „BÙv—ä{nVBÖ¢×¢B!„¬µøøò½ÑåŠµFÛ±v½tk©Å\wº{kÏ]:TZ´YYÎ5@/?ãK|»m{ILÜýû :ÏwÕ©s– óBW?êÒ¸$±TJ=ÝÅGá!„BH5í[+.>?ù°w¼»WóÃ–-òŠæ£gx¹¶øY,ŽãÇq¸d§v&øzNVœ¶©¶Þ¶?¹ît÷¢å‡g­ò¢f?Ðà"B!„?Â$
©\"•+µÕ‡Új!<÷‡?K$B<¸8K?âÁÅÙùÅ‚À%’\Î<ûB"É%Å*ƒAoÐ,…BÈ??;ï-7¸$·ôò®d’ã²Btq~~ÖÝÎW{û±ð}Û¸‹b±äÖãÅüc­x64???L€À%ÓŽ¥²å!Á<Às±DN¡‘"¡»„B!J²q@&Ç§\WšçŸÏr2ÛÛï7`è^÷xL§”‚‹óe‡Ïž(™¹uó‘üðÅSÕR#×¾?¶?y§|úËîÉÚs—•
±©;7ÌC«–Æ#”·œÓªÇ\wº{KNüs{)€Å¡/»-?<k•G§ï~ýxžQ©%ˆÅâÖß?lÚ–¾Ý?—?ÃG·#íµjººðøöƒ»º³'mÊÜ„…‘›·žE
%¸ Pvül‡%>výæ$ßü~‹Þ?Üýõ(O¶âöÃQp|}Õ[¦ÐH±Px@Èk‡?ù¼‹1`4¥F?‚e—Ç9È¥Kÿ,²$Ç&Å2Sô„y–ƒtÛ²€çØ”TöK>E -Sç?ø—N+¶ítòª™Ÿ˜¸ÐÌ¬;!6·×ê1À?P¿ýÞ{z9às|9k<õNK9Ày]}ì\xç@CÙ£ÞÉ©Põ­0ï|ÕÙkÊŸÎ$ÉÍ<y0¯:ü½3? 8ÞýõÐÀ´¹Ëšÿ‰Ùiw²öÜ‡J$XîUj/«8t¬qöëÇýÎŠ®ÊåÅÁñ“ñº?l+’³=×?û-‡›Nµù¯ô>ÊæÇ9sÛÙÃJ\:§½Iƒ‹¶…„¼NRÁ±[ßt?Äuå
@4îåuÇÏ¿ÕQ©<þó:.þ¬Ë´-{öôþùò€ýÒ¿-fò¬oäþÍïF"­ëd;Å³?ÙZØ“â¼£woÜ™ò6Ÿÿåñ-e<ì¼ñå½I^aiì:·6<xùôá9–Ëd[ÿÛr:y•IµU'ëjÍ:¢`®®ÑË á[A}þdè9!*á¢?ØAkí?G½§ÿ@cx|J°tV©€x6­ÐâP[fèÌVµã‘/«2ïŽåúR½xüÖÕpM•^o®©«Ø©#Þ~úæ7;nö~û¤³6»(êŸ?C?˜ÀE™h4˜€^uàè)÷·ãn•õh×?üEŠˆÂB^#Þ?¯®Gê?úy»Q–YÂz½óaT*¶{×¦Îý¢M,ÛÄš›Äû†®þ}0ÑXcEd½õ¢ã×?vÚ~z¡I½ÞZùwpíÚ?x]S¼[Ìc|ìþmŸýƒÿ×¢ÛžôŠ?ó»ÉºŸ¿k/ô+ZôÓAÈ+«ÜÖÒ¶îÀ•¹ÞnN7©6A"£´7k&Fg§”~·ÌövõÊo›H¼?~”ã¸<©òK?.”Úßþa]hÑ»0û|ân·»õÜÉW¦},VÖ½y,tý^ïSd
j³Í^™~FÃÞ"KpÁÙ9@tnÞÏ•—nqò(²Y¯È-*BÈ&x§Fâ--­Æœß)™ÑÞÕlÜ‰?K¤ÅÊÂèjŽ½÷Ï?¨Ï×ô.ÎªŽ\øù¥?š-'ðNÀl,?Á"¤ÿŠ}:ymÉM³xn|"(0bFÌEfÜ¡¨jlöÙÃ'¾ÒÆýÊÖ–Þ\£ÂÌèDPH
¡±‘aV| \HeR`Æ=M&ÇG³#‘˜ŸC[n©ki¬Q"KlÓ?Øp®•2Ð·â\+ìÛ´§\ÒÒ–ÎÚåÙœ”å5¥â©±g!^ÌH DÜ³~@ˆ9ï<Eí¹'ñìæWT Ô•ˆáw?$qz6¹Èèî!¯—h‚
·…¸»ïÖ?¯
kÓ±3oX”Ù19±™¾o{&Ý~^[QÞøFW[¥à=ýW¿ã:/µdRäÝ>Ö¾u¾)Û$f?·¯xj.ž¨á'¿ý|Æòþéz%¼ŸÞÂ›ïgòí(ÅyGÜš™?0f[ëéV¦¿Ûm½pÆ¶¶³ŒÑ™Ê68XÏÀ§ß?³>ÞkŸ‰Û©?ÚŒ¹»0˜«Ú?t6òöD1ú
Ã¦Ê”õ?<¸;ä
†¤
‹µõxg½^‚Øä·ŸÌ‡|ûéŒÆ¶w¿g[u‹fÓéÇÜ÷ûG¦|Q…¡¡­ëx£A&Ÿüî®ª·Ú¹Áï¦fâÒ*[ëév½Ä;ðé­ÑhlàóO‡4¾ùaú?¹ƒÓÊÝ·ÎT]ø¿GuË§bÏûï<wÍpªªš¶ãÇšÊ2²¼¼Ühmíì<?Þ5!$‡ÊÚu*~÷Þƒ¿?¤Ë‘ÿ¿½{ÿjòÎ÷þ!Ož\‰A‘H?`?kQ¬T­Ú:{:?=?9»ëœuÎZûç½öÚ?ì?¢k?9Ósº{ÚÓËt;vª¶R©V¼BAAFŠÜŒr{’Î÷påýZþ@ò<ù~¿Ï7-|?ßk’–„D’d}j§e0QŸ:ìR°-»"ßßx÷æ·D6ÕXjJ’^3¨nußªDïÐ«Éê'"ò?ÛºZoß
±ñú½†øzõ6ÒO•tÛvÚFÄwP÷e6‹`[ö“«®=ôJšZúº¯áöµºþ"ÆìÜ­?Ýkny—_•?M{?c—;oÞ‹©ÊMHHÏJ¾ßråG’g¾q@·š#`¶ef?òÎ?‹W¹¢\­*6:Ât|sã52Õœˆ¡ñîúïë¯ËOVë%D4Ö]÷u»´¼òPeŒÈ?ú÷?œu<Y®aÕ÷ý€-/9pæî»MÞïÈÌ?H¸û~PŠDDÞ€×á–ó»Û|óš6RFŽöóg¨öUÖTÇˆøñž†«6{Œz­ÇŒª³kŽjºëþfÖUÌ?Y¢€­ùüùÇÚšªãJçn«;wÉü°qÍ»}m?çê­º½Õ'Tb~ÜÜ~å¯uÜ;‡³âµ%G·7}~‹ŠkŠ·±kww×þµ#vÿÁ·+äïì¹uå[oÅ¯s•D¼ßí¶Ü¹ÆŠö)sÃMu·jï%¼›§4ªIî½tæ¡vßƒœˆ=8ìæ«õ.£©â?òÑ$q3_y{ê¾¸S]ýÖ9Ã;{o\>ïÝ2/‘h¤õ|?Ýtìè¾x–<Ž­½Ö…ZüÑ€-$a×ñÃ»¾­-;>g± ÑPVc `pB ÌT‡NÌJ.÷ðÉÜé4òhiÂ?!Ïú@‚~ïýD`BÀ
ˆ²ÃYkr*59¢„ìFŽù]¿µ?G¡Í&ÞYrrçœw¢w–Ÿ~‡?Ï¨8˜11˜°¡_8)¦ë?dÚ²cÚéŸ‹j´áê‚õ„
ØB¤éÕïLã¿ýêôÿùøëÿ¬­o7»¸É™D†’½B*a¥JcÑn¶ßñ„ˆˆlkpf––e*e"«Î­*WvÞèp‘25S2Øg54}æ~›±(KÔ5è¥é2wYÓ2µZÆ‹eÔÕÌWîe$UfíËOZraÁr„¬HÂ2Ä0V$aEB"WOC»¨´¢0YÎŠ$²x}ÙÓø?–n­9Œ=hn™ª
’c%¬H¦H/©(kmÃŠ$R!‘PÌŠ$ìâ‹„—aël}jª(×Ê™("¡"½87þî€mê+soÏÝgRÇJX‘<­¸ ÙõÈ>FÄHXËÃÊ$¬H22™%{?…T27,œ´µÝ-¨,ÓÊ"búÒ¼¸;½6"òŽØ?éY
–‰"F¦Ì,Gl°$áìØ`EfÇ3oFlì
766ØtS±Á²7"6Ø¨S€­EªÉ=pøä>øí¿;|Àg¾öÝ—×gÇ³'ÊË¤qôtÜKDã.[ U›4ó§I””ª³?õ‘2Ý$ë°ðDäîÔg˜ô™ÒžÁ"¢±á^‡!UéOÚ¢‘&qÖŒF¡Ô¬ëãó.§M¥ÓÌZ LÖ‘Ù±Öƒ€xç—R¯™™8¥LÖQß“'Ï^T""r9ñ‰,g¶„ÿ?ø(ðÄé_Ö¨¦kWC·gÑ¤4êˆS™\Žá@ã·LgáðïõI5iÚž[µMÝf›Ó‹™½[Â€-Š‘È•ú¼#oc»»ÍÞ%or1Â¿-‚DD±½úþà0O^sïˆ)M%×fHïôÙˆ\ænoAFê¦êðâ±‚ùEŠ´mÈÊLð‰…óÓãùEn_5ŽóÍ{G‘s8W³ŽM¹ù#'Š¬£yÉ‡ß=\”°t5žÿË—ÿ÷§î±ÉE€W†Š¶’Éð¶q3XÑòÊÄ*ÔÔæxJÉSÝÏüSÇ0›?ZÄ&×åìlí1ëÇºF3Ë”D«ËÒ~ÝkÙ!m÷¥ÿjU»"ÅÈÕl‡ùQ@›ž?ÄYÍDºÕ¤1+OSíZ‘<Nnq8ƒ;õËoì‰•´†µnÄÆ&°Ã6;ÿÚô™.‡•´Ùk^Ê0O\ü6zÈÄ$kVW@†Ï¯¨Ç?V¡¦a&699b"¹ZoTë?%“ÎösµmÃúò”MîÀúÃèÀ–Á\ýâìÕû¶1_¸s›wÙZoµ[õ†ENã™"J5æñMÍ?ŽP?3ginP¦NÔ’hw¨Ü¹Ù9™­ÍÎÔÁ×{¤&ýêöLeRsK]—/5›?^ŸËÑ{»®}tÑv1à|ÎçýÎà¸H?ö¢E¬³kÀI¡è(ÑP¤µ46xÃ«#îßhr³#lŒD“<çp¾€Ÿ'â½¡ŸùÝçÊô\mKƒ9¼Dbì—Ægš1mÝû+JŸÕ\ScçÈÔ‡ÏÑupÙ•"yœÜÒÛš2µt—¿(Õ˜Ç54N}¹Dœ£»sÈGDÜP·y|ªJy¯ÇÇl±¹Ï[F¶QZéa¾¥õæ™›¾ð¾Ù,«5í}owòrÇc1êüCU·®|÷Y##'ÐæUÕdÏ´ÛEiã•ëŽ=©SûíI´:õå¾ñòUöyQ¬¡ú=Y[Cûµ­"….·ªJ^ÿŸïôö^ùìÚÔybu§;‰(µ0ÒA`JS•qø‡Ú?7±†ãï¦¨òütå‹?ËÈÃËŒå‡ËS"m+äé½üÕmsøÅ­O:‰H¹oáñj2Cõ›Þº¿ûó5A4ài•'ÊV´„weé3Û
?V·Ö×}sƒD3?#Ï,Ø“±lâ‰9¿*¶~wæË"&¯êƒ”%neÔù55w¯Õ~Õæ±B÷“”Z´GGDŒ$ÐóÓ_k]¬2–Æžòê¼ªjœ±¯Š(Šš\&t~‰EÍ&DÑÄ†=«`îˆô¦­Ø¨ùCç°”¨ÿ÷ÑexÞ,6§*q½¦l,ûÈhrä%¥Ï„ç<D«ÝOg’çüô\?Óí<sz´è?eÚgÎ“÷H<kÓžIžÐªk`ÁµöŠV”>±¢Uué¬òçWÑt"ÏùKØxn?ŸŸXë–É›#È¢gæ?žý™®?ÊK)§·^Ÿy¹i+v^?<»—¨!±˜\°1"v--ã(f£›‰ŽöúVóÔ>9>GçÏNcªf=òdæmèÅ¬glÚDuCëF¸ÊØ`õÏ8¿Š¦Al¯vÁŽ¯’yO·s#Çýæ%¾i+vÓlsÂä"ØD”zƒåvãùkN§?ˆeÕéyïm®½?à A~sös?#F ÍíKØ•F}¶@PÊiWÚœw6gÅ.¬X*6Y²i_²éE—^yR‰Èëã6[Cö1?Ta5ÙýÔ¾Î‚RN"ý²Þl»X?ÀÀ–#DÉ¢Åù‰‰ÉÍ¹ v…¢(J ˆb…Ìb}ä±Rzëuº7@}6z2öL+•Q”K;ÕóÇfnØ»l?ÀPe°E‰DÂ­Ó|Ü•¶h›~Ým©Š}õ`i2„!<€0„†ðÂ@Â€-‡w9ÇøY¯'yÎíó¾ÀsŽ_,??1És¾¥²ä}î§#îçT¨IÞ;j³[,6§wv–|€ó-ü÷¼jj¹*Z|€óø5lK8É?9œÜF6öœØb&íuWhÿ©¼D"¢±þëu7­£-<¨>ý­³ð÷‡Rr?¸r¶_÷Öaƒ,ô!Þ 1ËDmdÁ·~ržŽP¨^xi|àê??÷ó’äŒ’ÊDÙF¢ì}Ôzùò}‡DË|·$ÿ?š"5KD^sã…ö'sîöøn}„bOòœ‚YY¥­´z—¨¢µá/‰­Qoï•Ï®Ñ¾w«3e«L9Êm¾uiìõ“%jœyð’Ax°µð–î;lö;‰DDäëm¸<šyê”1ŽˆˆÔ§þ8!ˆt¶¤­ùóËtô·%ëÖ,]_OÓ-§áÈŒòç’]ÀnO?|êH"z=v¿îËÚ´¿/TG‘T·÷mÝÜ²ýôM³"-BÅxz/5 [QÃú…U¯·÷Êgýi¿?d?.rƒT¿ÿ?ZbÄkH[žaLø¤s _­Çi¥/L.ØRøá?Yš:>ôjÔÙOIÊ¸©‹Bv‰ŽägÔÑGIÊç«-Ø›9Q¬6MxâôD¸•·u4&—d)ŸWÙž;†IÖ8j$JJÕö˜}ë_(ØP=ØJ&–ÒU+‰|ý7.¶X}DtõìðLL Ûó¶iNc×ÛýB»}Œˆ®Ÿf‰sjÊõR"òZÚ›Úº?‰"ÝTRœ¡E‘£ýìM*=¤¾ÙÐåÐø‡õbwMú,wo6t9œ$ÛiÌ/UE(ï¼Ü•¦Cûd¿œi òj•åfsÇ°¦úýB5¹-­Í¬>¿L®Ñç–îJ–FQèÍšýF_Ë?»¶§¬<½ ¢<?e:z©[Á¤Ÿû)ÅDK^p?¸ÛÍì®Ö-¸dk?{£—sÒ„£îl§`ªV'ŽÍ??ÃV7£HÒää§+ØÈÕ;é¶=èîì5?ö‘\®3–”ËÇmAgOKK[¯ÃImfÑÞÝs*!7Ðq£}pØÇjt9å¯â…Žö³7x|Ä?^8{Ÿˆ2Jß2m[ðõEµ?i ò·rCÞGmw{ÍÃ?hMª©¸h:ˆšy_¥ÔæäçïTˆ¢ˆdI±·­>=eÆœ°(„[‰û‰# L—‘D[\£±6RG%‡Š’ˆˆÈÕ{éÌ‚¥¿RmÉÑíÃMŸß¢âšâmD?ˆˆÜÝµíˆÝðí
9Ã;{n]ùÖ[ñë\%ï±»Í×®¨?¹UÇTÑ’%îôõ×Ÿ½ìÖ×¼Y¡qžá¶Ë7­DÚergYrvóÕz—ÑTñNyŒh’ÈÝ]{¦#º´âhyÃ=él¬ÿÚ]ö?¥©ñ~·Ûrç&™Š?ØC#mçk¯Ôíd¢w”Ôœˆ½ìüõ‘å¦,,==nc‰fA—·Ýoµ&—ì‹0t Î®9ªé®û›YWq0CF$d‰¶æóçkkªŽ‡ž·îÜ%ÿñÃÆˆÕ;ÒÓùTfÜSS."â†›jëdï”/,ÁÜÒ4[ïÈªªùµRJ>[Ç•¯ë¹ßîO…+áo(Úw¤HÌ7ÕÝª½—ðnžÒx¨&¹÷Ò™‡Ú}r
Í Zðõ9{8oOÝwcª«ß: gxgï?Ëç½ûOæ%?´ž¯³›ŽÝÏ’Çñ µ×º£P+$¢¸ømÔ5â¤”WwtàU„ÉE[‰Û=Lqòh""FÄŠÄ""‘XÂŠ$¬HÂÊØHP†I¤B"¡˜IÂ³?l?­OMåZ9E$T¤çÆß°MíoÃd–ìËJŽ—±"fñ;]ým½²ÒŠÂd9+’Èâõe%úH{òÌË?™Îa¯Q£?JX&Š·Ük6•”R+’«ó*
“;ÛGÂ¸¶ç„.I5Y¦d—YšSªWÌ¼|¼ÌÜîQÛ?®¸JSê‚ªquýÜ--Ì_8t@¡iZ–!†Õ­?ÈÕÓÐ.šý¼Lã7Z¸HÕKÊÜÅµœIX‘<-CÇ:œK—ÓÛÛÖ’PXeTJ"F¢6å>îîs‡¯º·çî3©c%¬HžV\?ìzd#bBß8ÃÊ$sfÍþúfLÚÚnŽT–iå1
}i^Ü?^yGìÎô¬ËD#Sf–‡b"b£eäò?ç°àYaô`«ažy"—ãŸ¨ç,Ã–©w|xâô?ZFD¤Q)–½SérÚTºÊY=÷Ê¤ùC‹Ó¨§s ·ó1ŸY?<Ó”•$iSýN%iU3—Ò$ÎyIKn¥j»ýmÝ°î?šôS?ø¡ŽgZõk+]Á/|Þdµ;œiY3]Û8G^§Õi³’+iéF6o·;”2½c¦ž½~‰Ã?NþFfžZC·‡(v‘´f}}³¸Ã?„¿Å2<?ñÎQ/©¥š4mÃ­Z6Ï´C¥JTHçýUÝ³dé`SAx«ÅqóûÜ9‡•±úÑ½“pÄ
ætÉÖ6C?ã|$d|vÉvÿJðÎÎºÌÚ7Ž†¶4?cÒÕÕ2 ,<¢]ñoÐÏKD?È7s×¿¼:®+6dÈ¥Š$)?Úý`™ä'xnÞ¯s©¶°2:nñO¬V?›ˆ?"ëè¶8É‡ßM²öw56:=É…oï7ÄN‡ ›rµ;,áÀVE=[uw.#Ž%ÿÄôË¸ømô?‰IÖ,Ûw¾ø?ò8¹ÅáRìÔ/¡±'V¢¤Uk:‹–'mŸêóæŸ8¬Œ2OFä^æ£Kï®;÷‹¢úhÉÂØ€ˆîhp¦Õd.ùø¬HL<MM¸E|^­AN«×gîT–¼µïµÐ˜X¶¸llëôˆÔšäUµÅVD<\É­±
53±ÉÉZ$Wë?j½±dÒÙ~®¶mX_žÂ?I$“bcS€—Öl%±ryýËf+S(s¿y,Üº?‹ßF}Ü$Ñ$±Z£?kjì™êýö9ºîFJuñ;õ¦mƒ?ÍÞP®ûwÖÖšgµF§9œÅdÀr§¹S‘“i¤•¸úÃm^E®‚fŽFžnDO:Ú”Å9Ë´ÄE1ŠXg×€“ˆh’(ÑP¤µÌ~ÞMnc¶NJ«WÏXvn’ˆˆwvtÞŸJS.×Rÿ£ƒÊô\Mwsƒyªy·¥½Û±ÜiÇ"yœÜÒÛZ×°ôÍ¢Tc×ÐØé˜úš9Gwç??ˆ¸¡nóøÔXïõøax‹Ûõ”4q1Ë6¡Å¶ÌŠ7xuH“´ªÛ¶'c\„NñÙÔ™¯gÖýüåÇ­ÊÒ#oåº¢²Œþäã[DÊª÷ªÓ·­n­¯ûæ'ˆf~FžY°'#R:Ì¢wÊ?¿ªäê¯öñÏÑ2âã3?TèûëÖòLÌ¶ÂÃ·.×žn`X¡{‚ÑfÃÿë+¼–î®§DMuŸ5Íz×TõßŠÕDÄtÜáGËŽœ(MUÆájÿÜHÄŽ¿_˜~ ÊóÓ•/>þY,#/3–.O}ìüêÍ¯*þñò'_´(eÄ¨ò3w‘9”¤T_TÒûÝ÷§Û(íðË´³ã™¡ú5\ÿîÏu-#ÏêŒ%{—}ÔÄœ_[¿;óe“WõAÁ·2êüšš»×j¿jó‹X¡{‚IJ-Ú£#"Fèùé¯µ.VKcO›÷IW
ÏIDATyu^Uuh9ÿÄ1È¨óV{Þ2¼`Qÿò¯ÿö¢Ëð0‚—cèÌ>2š¬Ž´Tt­m§ÏŒ—|°gáV<ð¾‰gö´á¹±sÉ
8bE+™¥¸Ø?|€#v]æ§G(Þ&0¯i’ç‘'äÏ/ÿb5Ã¸ÉÅëœp¼`uþ/Räæ=Ñt"~If%âhýê{þÀïÕ›ìxv›S•¸Ž¼6——£…ëE©ËQ÷ÚV¶p—™{b.#ZÐ(®,6XâNf}bƒÈÅÛæÕ!E1‹5Äç—±ša–¬sfõG_/^¤È9D<G9Š™9{È”†Øà¥ƒð`‹‘§ç§÷Eš¿°nx[WBQDxù`ç"€­†Õî9µò#Ö‚Q½ùDØä0za á„!<€0„†ðÂ@ÂCxa á„!<€0„†ðÂ@ÂCxa á„!<€°uü.?=Ó€çi=ÃkÛ·Y×1A
øýþàz&‹Û¤“‹ü–;¿üèÃÿõ}ô¿?üì›ÝN~‘;­Mú°)“xºkÿt¡Ûó\
¸ ¯àPÃÇ5Íf‚Cý¥ÅAÖ[~ø}÷øs)ÀZ70mWßí.Ê.Þ½ÊÏùû/}þ?#ûØoþGªœýÎá{­Ÿª*çº¦K•Ÿ¶tSräÓozû¹­4ý£’äÑ¿9á’I^h–³a£®¾«/vºëô_‚ãï?Tû•î?3"Š;
ìÇA—}hÈîâ'V?RÀã´Y?žéBð¡ÉJA—}ÈêôÎêé%kuÎ™ÊXp‘ßi],w¹nWöÃ»½ö™w\½÷ò^‹'"‘\¥ŒžŠÅx¯Ó:äpÂYûýþ™j
ÌžN5÷ÀÛ˜ÑWßÕ‹OÌXíÐ?Û9”é)Š…Wxû?ïÏÝ%}V‚ÿÁE›ºòøzy¤ˆˆ‚Ö¦/.>T¤¥&1Î‹ßû
Ž?Ø­"OïOŸv2:†ªþÞ‹ÃòÂ“oæ*™€õö·ß?NÞµ?qµÔ¹Ò?ŸÌ–“ëÁç:„úrþÞE»êÐ±Â$†\½—N×?Nzm§¸¥Á/^!Hu¯^¹Ø3dR¥0DêüÙ“lCD?›>:M§þ¹,‰‚ÖÛ»dO2ª™'ÍßSÎ‰ªÏ½Ï/1Ç~—§""ïÕÿ¨—ýCi
CÄ›>êTþÓá¬U×!ÀšlDxàl¿x±ÝJd½ôéýK/§TþæÄ®­ÿ° ¤ha„r¹~ihîy¯&SNTfêøæÓ–¾ÿZ¹s‘T„Iùï½_Je§ì«o>Þ­ÚFD4ÄïxÿH–œ¨4ûîß>¿=`x#íqWCLÙ?íÉŠ&Ê+!"¢§õ×d•¿ß›ÂQFû·W~I?©w6]°g?:U–ÄÞøÌìZ?iJV™êÿuìNÑKÉÿ°ã¶j÷ûsgDñCß[²NË‘Ñ.ÍÕÏÚ†t{wäÑ¹~kž*‰ž>è´ÇÊî÷?*JIú‡ú:²ÿ±<7(Ò
³~ùî>ÖÊO/Ì’]øÞìËŒ?<Á…û¹mƒ5é•áñ¹2‰®X?‹†DüØPßCû8GäL|âTg¿^¿#œ„")•œ£¤OÔdÛ¯]ªw¦%k¶'kT1B?ýáÃhRÝk
Mrl2¹FúHW“Ä«Ú–LÂ¢øcÖõÎ~—>›z;Í¦]ûço<±Þ÷ÐÎÞ–Ðšf¿/ÚåñQÊÎÝgå'É-Ýü®7ÊÇ¾é,NI2÷ÜËy­|Éº‚- êEæyµÿ:oÈä"¹®òØ[Ì¹³bOÌQ0«úpŒj»ÒÑ3äÌŽŸ;Â d$äNOé™ Š2D‹LÍw¶ŸûËPæ©Jc,CcŒ¥ƒ›ºàçüD¡ù`€V@“Qõ;?gÔa·÷5|Ý?|ô?]B1Å*Ó?YáÆ½1WÈÒk4ùyžhÉÇ§eæÔ_`WR»» J· q/Œ¦Ä?ÙFMèU¶‘„b"Ò¾¦º5hÍŠë¦×*•ÛÇ³.v™M½…9•¹t^
Ãƒ¼P¸ºÿ?`ƒƒ<Ã¼Ê—7ji²X»÷Ø[9þ¾‡ºØ—¡4íÏõ_¹xµÛáM=ÎµwìbMÚ.gg÷?ŸˆÈÓÛÝ¡Ú¥M Š–kÈêpEËôÈnç‰ˆüœ‹Q$*£Åb±ß>Ô?“úÐýûV?‘¿·ëïÑYID.‡3 ŒV$í0ç¦;GF9qÒN“­ëá‰Åb±XL®1·€Tš,UWG¯‹ˆˆ·ßïê‰\z&%+_xçÂw¢s3nµ¤Òd%uÝè%Ìð.O?ˆH®7jo_ÿ¡]œ•OLJFîÃ;—Zùé)¯òz°2,ËøpúÀ¦áóYöUn£m`ï´X[vL»–2IeÇÞ××óÑEžˆ(N?W²??Äª='G/?ýèc’ÏèÊÞÌKbˆä)9¦{?ýðzé©ÿž§/U?»ð?[´‡þø¦á€áríÇ§åâÄŒäô™ÄõòþŸ^òú?Aeù›ÇR„äqõ5];k—ÊeA—+¦´&-šØ?åÇ\—~üôÃ XðSJÁ¡J%©r«
‡/|ú§†¸h¹.'i'9#_™?¯½q?Êu‘ÖM«
¸^ÿíŸ®£…#AE~Ee¢B, qŠÁt¡?Þ6iG^°á—¬ÊM½“+<'b1;6î?‘ašÀ¦àöúbc¤/º(ê_þõßÖ+-kÓŸNÓ‰.NZ¯i"èŸŠ…óßäógZðAb„ËüLäé®ý´Gÿ~?!š‚Aš·ü9R²aVG?Ÿ2Ï>è‹™C/#Ø¤g.4îöFEEÅË±Là{êòLNNÆÈ^åð`=[HòäÒ}É‹n5º‚±-lÄÓì`ÑŸçX¸5R¤d)ÂŒïõˆˆÀÊÅÈ¤Á ÿÔõ|N€Èžº<Á ÿjÇë<z°ùñ~?G9`ëy‰FBÆÝ^.”I%±+•ž›`?÷ùƒn¯OÄ
_ùØ`c×lBŒXŒV¼¤bdÒ@0è÷<^?Ïó“/º<[AÃ0,ËÄÆHÙH's½z¶ÄC,d}ÑE€Ín’(ÈóAž÷ú¸Üþ*@x[”*1îE`ÓyÉ¦_ÀÆAxa á„!<€0„†ðÂ@ÂCxa á„!<€0„†ðÂ@ÂCxa á„!<€0„öÿ“½?ŸOò)IEND®B`‚' height='200' width='200'/><br>]]>
            </line>
          </reporter-output>
        </test-method> <!-- runScenario -->
        <test-method is-config="true" signature="tearDownClass()[pri:0, instance:Runner.TestRunner@31edaa7d]" started-at="2024-09-19T19:34:49 IST" name="tearDownClass" finished-at="2024-09-19T19:34:54 IST" duration-ms="4793" status="PASS">
          <reporter-output>
          </reporter-output>
        </test-method> <!-- tearDownClass -->
      </class> <!-- Runner.TestRunner -->
    </test> <!-- Default test -->
  </suite> <!-- Default suite -->
</testng-results>
