<?xml version="1.0" encoding="UTF-8"?>
<testng-results ignored="0" total="3" passed="2" failed="1" skipped="0">
  <reporter-output>
    <line>
      <![CDATA[<br><img src='data:image/png;base64,�PNG

IHDR.8�bQsRGB���IDATx��ױ� ����w~Z�@!M��kf>�����e(����2�[�r�Pn�-@�e(����2�[�r�Pn�-@�e(����2�[�r�Pn�-@�e(����2�[�r�Pn�-@�e(����2�[�r�Pn�-@�e(����2�[�r�Pn�-@�e(����2�[�r�Pn�-@�e(����2�[�r�Pn�-@�e(����2�[�r�Pn�-@�e(����2�[�r�Pn�-@�e(����2�[�r�Pn�-@�e(����2�[�r�Pn�-@�e(����2�[�r�Pn�-@�e(����2�[�r�Pn�-@�e(����2�[�r�Pn�-@�e(����2�[�r�Pn�-@�e(����2�[�r�Pn�-@�e(����2�[�r�Pn�-@�e(����2�[�r�Pn�-@�e(����2�[�r�Pn�-@�e(����2�[�r�Pn�-@�e(����2�[�r�Pn�-@�e(����2�[�r�Pn�-@�e(����2�[�r�Pn�-@�e(����2�[�r�Pn�-@�e(����2�[�r�Pn�-@�e(����2�[�r�Pn�-@�e(����2�[�r�Pn�-@�e(����2�[�r�Pn�-@�e(����2�[�r�Pn�-@�e(����2�[�r�Pn�-@�e(����2�[�r�Pn�-@�e(����2�[�r�Pn�-@�e(����2�[�r�Pn�-@�e(����2�[�r�Pn�-@�e(����2�[�r�Pn�-@�e(����2�[�r�Pn�-@�e(����2�[�r�Pn�-@�e(����2�[�r�Pn�-@�e(����2�[�r�Pn�-@�e(����2�[�r�Pn�-@�e(����2�[�r�Pn�-@�e(����2�[�r�Pn�-@�e(����2�[�r�Pn�-@�e(����2�[�r�Pn�-@�e(����2�[�r�Pn�-@�e(����2�[�r�Pn�-@�e(����2�[�r�Pn�-@�e(����2�[�r�Pn�-@�e(����2�[�r�Pn�-@�e(����2�[�r�Pn�-@�e(����2�[�r�Pn�-@�e(����2�[�r�Pn�-@�e(����2�[�r�Pn�-@�e(����2�[�r�Pn�-@�e(����2�[�r�Pn�-@�e(����2�[�r�Pn�-@�e(����2�[�r�Pn�-@�e(����2�[�r�Pn�-@�e(����2�[�r�Pn�-@�e(����2�[�r�Pn�-@�e(����2�[�r�Pn�-@�e(����2�[�r�Pn�-@�e(����2�[�r�Pn�-@�e(����2�[�r�Pn�-@�e(����2�[�r�Pn�-@�e(����2�[�r�Pn�-@�e(����2�[�r�Pn�-@�e(����2�[�r�Pn�-@�e(����2�[�r�Pn�-@�e(����2�[�r�Pn�-@�e(����2�[�r�Pn�-@�e(����2�[�r�Pn�-@�e(����2�[�r�Pn�-@�e(����2�[�r�Pn�-@�e(����2�[�r�Pn�-@�e(����2�[�r�Pn�-@�e(����2�[�r�Pn�-@�e(����2�[�r�Pn�-@�e(����2�[�r�Pn�-@�e(����2�[�r�Pn�-@�e(����2�[�r�Pn�-@�e(����2�[�r�Pn�-@�e(����2�[�r�Pn�-@�e(����2�[�r�Pn�-@�e(����2�[�r�Pn�-@�e(����2�[�r�Pn�-@�e(����2�[�r�Pn�-@�e(����2�[�r�Pn�-@�e(����2�[�r�Pn�-@�e(����2�[�r�Pn�-@�e(����2�[�r�Pn�-@�e(����2�[�r�Pn�-@�e(����2�[�r�Pn�-@�e(����2�[�r�Pn�-@�e(����2�[�r�Pn�-@�e(����2�[�r�Pn�-@�e(����2�[�r�Pn�-@�e(����2�[�r�Pn�-@�e(����2�[�r�Pn�-@�e(����2�[�r�Pn�-@�e(����2�� Y�EN�IEND�B`�' height='200' width='200'/><br>]]>
    </line>
    <line>
      <![CDATA[<br><img src='data:image/png;base64,�PNG

IHDR�O�1U�sRGB��� IDATx����s\�}����w���ƾ��})J$m-�,Y��X�8��5�'udf�Tݩ������g3���'77�db;vb%ז�8�G�%��(q_ĝAh,����΃n�  �Vg��/WI@�,�s���ן�N͔�������uA�h@]@�P��� ��4�.�uA�h@]@�P��� ��4�.�uA�h@]@�P��� ��4�.�uA�h@]@�P��� ��4�.�uA�h@]@�P��� ��4�.�uA�h@]@�P��� ��4�.�uA�h@]@�P��� ��4�.�uA�h@]@�P��� ��4�.�uA�h@]@�P��� ��4�.�uA�h@]@�P��� ��4�.�uA�h@]@�P��� ��4�.�uA�h@]@�P��� ��4�.�u6z�H�r����e�$v�����y5SDD�zX"�"�TTElEn]����J�8N�'.���s���|�9�ܔΤT��V7K&�gΜ��)�:��"��2S15s""K�suc!^�L��w�^EE�I"���ݼ��ۼg���*^�U�$�t�����7�"/X4�?����η}�R
��913s"&Z�}ED��/�.b�e�����_x���AS����s�����W�jnnqA�A�4RUo�����?��?>~�X,��Mhs7T��d�Ś���imi*��~�-܉�G[�^�i\�Wu�꓏}���wtE�@���$)�JR*��0'Z��������熎o^,������׾0EQgG��ᵫW�^�fh�������|K6�I�Sa��op�K�\)��A��e�ՠ|�I��O�ɭ?���n~�Y���/�1M|m*^J�J�\���������jy�5GQ�T�-q��[|��Fk":�����yo�O�OT$�R"bޛH&�Y500�vmgWW��9���W�����g>��я�a�wK�l""�/P2�)�Tu�1�v���ˠ*�r%�M�_;��S�{�S3�F�]�����QKJ����U��ĳ}f���s]˦��&��h���:,t.�5��$�+"�knX�j�"�e0���鱱�J�✫V���ք��~=�:w����J��ܣ��V�G������{
��G���l?��܇7p�u��H�x�I6�ʵ�����#L@��������WQ�)$.kfթ^u"^�lv[m��"�>e���W͟Ջ8�ٵz����.ҩԆ�y�G?�HW�0���R����ֿ�����C�u������7u���b��l����8'b�˞m޸�P�g�&ͷ?���־US/��6ěh��$b�z/��~�MW�u=��_��w/�2`���HA貙0�є��춲�[&n���o��e�O3è��eǎ�{��o���U�� ��h\��f3�&3_�;�F�su��7�P\j�}���c��o<����a"��ҵ��{�RQ�����'i���v�5i\,i�
�gf���{���A477�Y�fpp���}ɖ��A088�����ǯ�l���?���\6\���#������׬��R�*vדɵ�D�y������mnjR�{�w���f�M}}}�|N���������^v�{�P�"�>iGG�ʯ��h�������M+�D���k%>��bn��9*�-��a����կ|%���r��M��8>v�����7>$"����s+��������e7n�93q*�J<����SO�ڿ�|���4�P��r����#��j��K�e"z�YDļU�8���ܹ�K_���z���s�g��lz�82:r��E5QW]���Y����΄�t�b��qV(\���ˤS3�F�]Ǐ����0)�K&�}����W1Q1�$��[�}SSS__���p{{{�������赃�SUQWM�e6 �==������?�"�zې�����}�����.��uu�:N|>������ݿ�N0�FJ|R����k�Ŗ�?��U�Tw�l&����mmm�T*�N;�Vv�f�x��q�����R�ǪN�/��ۊ7�OM/���ߋ�[%�J��5+�����7�����f�ly��**⽙w�ko�|��w޿���)��Y���K�����Lqzjzjfzrrrfz�T,�>���^�ٕ�#Չ��݇@Eb���������n�r�QA�F�p���w�-gʱ��:��Tw����--<����]m+ڹ�$����Ϟ;{���s�Ν�x�ҥׯ_�+���뗯�LOMy�)��M���D��~X���\�ݸnhŖ,�h4��篍\+O'��&����>
��\*7e�}����T������իWGG�KŹ眪������m���Z^��֦��[�}+���M��ݫ֮Ȓ�%1�F�>>~��y񕲏Tl��j�����Ķ-�6m���ёJ��y#����G9s��d�0X�+qǱ��:��Ls*����Q-'Z^���{��U%I�)�O��!�@#�۷��_�ۤ\�H��TЪb"av�ul\�!�kn�5��}���Μ9s�����w���˗/���̻���\�<_��l6�%�퇾�z��Dz;[{���;��ܺ��@���3ŉ��rq&V�K�fff�|~���ݽ=�l���;>>~������CG�+&�$�j���$�_�b���kNk�4���#�h4��3�_>�W�IŖ,�Ş��7Uͷ���~_SSSwt�$I�8�ދȥ��N�>522��d��t&�q.0��_ �V� J�b'wt�3� ���AW{�u��|T0�F*��S3��K%ɪ��QU3�){���׬���N���_�x���c��f64۔U�J�W���[|��e�?/y�;U}w}�t�bqО����.@��~��������X��8s[[���7nܘJ��������������+ǎ�(���sT<�̛���x��Ǿ�ig����
h4RkK�����SM�dt@��yoI�7�[?�f8����-���ȕ�+W�$���nk��*��ٻ�^�q�������J��,��v���M�^>B��H<�@W[�W&}���~�ꮃ"�Ng��Z}Gt�T�����T*�]�v���t:�\(�p��-���ӛ��a&"a��j��""�m\h6I7H�9����F/!�h�L*���!IƧ;�D�D�D��WM�XEZ����u�����$If�3gϞ=u�t�g3���v�*�n^2lf��b":�iu�C�վ�A��l�X*ŕXj������^�W�j&�"����Ԣf"j�"��i3'��N�j�̼���Eĉy�y_�VG�Eռ�\&.�$���*�'�c���)ײ��@`1�h����w��O�()�L�t��b&&"�j�}�\Y�z�g^�얭���h������~�{���w����(� pa��f��*��D��&f���������ڶz`���g`�������wΟ�ַ�u���ǩ�7s**j�u�Ϊ��*�Z'"���D�#f"&��}��:�E�T�DML�j���H Z�Ͻ�s*ջj�D�'6�L�,p2S��{�>����������T`4���o�����t%Ȩ�r�j�Wun۶�O>�x*
�h����Ϗ������ݳכԩs��Wǝ�1�\�k��ޛ�y�|s������ڵ}�}�|>��皛�(���:u�dk[��^��`����ɍ���.i��Qm�n|]}Rչ��y�~n"�&�2{��K03�7׆�k���>3���N�XIz;[�z���nG�FڱsGKSdI�$Y���fb�7�rCC�6l����Y\�
ٺu���`�f^�VPD�{��8\:�I��Ռ�)�ͷ���ۻ���s�a:�T�{�Τ�}����ٲ"�y�J�j�o��mT4N�%��������H&V���Uj��ŕ������[�z�2g��89~����'L%��Iu�xn���{{ﭭ�u͚5������(X]X�T.��q���/�!o���[-.����?׹W�g[D������~�����TI#��~{�[q��̳���o����@,+3�����O�������V����M��޸T�$f������O�s/�0o���8~���~�w���w��B�����/�.P,�kW���g�۸c�=�Xh4R�ۤ23�j:@'ޞ}�ٵk�.�|���|�ԩJ��}ho�������+�J������#�|��g�٬�%�|n�.p�t*p�B��տ�ZUf������n*8��ѩ�r�����+�/\�`I��V5��f>N� V�Z��ёN��s�8��Ʈ_�re||<��tn��dv߾��~�r9��0�� H�R�����ݩTj9E������g�M�L.��C��{����7u`,���9뼟��y�g���Pl�"*�x�kk���Z��W
�;&��H�/]9~�H����%q�vww=��Ǜ���R#�"R*�.���ƾ7�_W�(
E���VUcY�I�$>Ig���صfxM>�[f��+��OL�<q���5��F�}��k���f���*L�ֆ�څn��u��{�=�O�>���V@�CC�F��������J2]��Z.�����z�G1[�������_}��o��W�\q�A��y���U�_��&I��dv�oӆMZ���Cq�9s毿��Ǐ�@T�fff���y1񦪪Z�\�:�l�lU�_�y�0�?��]�yu��{`�sQo��;���j���x�E�9o&"Ω�T�a��+������|��w�n]��!�@#����j�Mũ�(���ڴqK.����'Ir}����ޜ����
X�{���˦NE�$�Rњ�5�}����mkn���jU5��T:�R�(YUŪ]����z�Vg�m.�V�-�S�Fǳ��2w��*f�|���3'�g8U�\{���l�kS��ʉ���0�pY�&����49q}�p�|1Z�|�$�t����9�[�|�y+��.]J|r�H�lF��r��O��\s���-�N���su�X��::V.��*.���2W{�7Wb�(�P���c�j���[�D�
�e�f�d~����o����x����L����.��L@���}��o�^)NV��R.mذ~���͹���ãWG8�ƛo�ʕ���8��l[MeU�Or͹�����P&�]N��I���K�����K�Թ�9I�8I������LD��۬դ���zΛ�l�}�y��@�O�uގ��k�]��[7o��h|H��H��ދ�����D,N��Ͼp����3�������7�y���9p�SUw˞}��eU}�駝s�T�^���M/^��/�����Թ@ļO�6t,��ʼl��8V����Mo�RpY殳�@�MQ��V�d��˒O����w����"�@#�r���)��V|6��h�XΉf699�����OGiS�PU�y�ΛW�$�q\IE�|���?����_�d2�]�=�{�o��J�������q��ټ��{�s�f�a��v������\�oL-��4��*�U���~k�;���!�>q.��-
}�A�}��$I�0,K�]m���)���h�k׮LN\�<皳������VuKL@�Y�T���T�jΛ�����.�����7/��恁�(��}�fV�.^�<55m"8�Q��8��R�J��S�J%NEQ�T�n-�Og�q����$I�(Hb��D�{.�������/�j�K��|"��A���0�$��.�T�Q*�ı�AP.�әt��J��R��N�+�r�֖�\�{�r0�F:q��;�WJ>?��#�]]�I�+q�����S�K�b�f�z�Z����J���;wn޴)�yc�O�KW.��'����m۶�����ouhb*z�b��'�ʕ+gϞ}���ϟ;?53��d�(rNU��lAt�&c��z�Ionu51��#Mo��P��>�$IZ��M��=�04>$�h�����_���K�(̬^�aÆ%O)�G���o��ѣG�8���EDĹ�SO~��]�a�R����̙3�s}����̞�{�(���j�D�����ޞJ\)��#�=t�칳׮_�>Y�5���p��ߊ�٪ޮg�~����X�[K!�@#=����R�̓C��lf�ST5��-[����ݾy_5��8��>������\�s���c���&����b�%���557���\���g��՗/\8y����g�3�}��:pA��c�T�;۔pq�+{����5�kW�����@#�}����g�������575-~��~zz�̙3###qߞ����w�uuw�X��ٹ����_;v�D�}}}�����Y��y?6v}�ڵ�i�$޼O|�X���6�0��ˤ�I�3����k��M��p;&��Hcc�N�:D��Û�`�Ng������_nnn
��5�O���u뻻�W6}����©����Y34$w��s��s�L&�;~�؉�׳�L���No-u�Ǒh�>�I����������������;:���L:���gϜ�������_���_��s��_���5C���+��r�r������߻x���>���>�`��e\F����K?��{�N
��&�bV�u}��߹��:]�4i��=�S���[6o�.�:�oy��]��o�����榄k[�X���{v```�W����>��&&&x�� �1}�L&3<<���w����o\�|%��0\�:�T?`��e��8W*WZs�۷����#�@#�]�>�k�hk菢%Ɵ�$�``ժ��1��ɪ����|>�aÆ\.��������+�W�^��.�ْo���CCC��ÅB!I��������qDa�z3���Mԉx�~R}�D�������������J%�ޞ�%A�F�|��g�۷�R�sKL���:th��b^ŉ���y�f�����Od�7D�#3���>{�l�8�ͤ7lؠ���e�jCCC�oK���������WG�8q���M������"b^$�)��&Ή���:K���Y����nY�5K"�@#���?z�����ʯl�~�[jC��O����|o#^� IDAT���������e*F�Ν�o۶���G$Z���q|���?��8:z����v�N����p�NUSa���^~���N�*Kմ��Z8��ÇW���za�CO����@��v��i׃K��"��ֲ{�� ,�ީ���汪b֔�nظa����mw'��Ճ_��/N
;w�W�zAQ�������؃{���w��HEaޘ��SN+夻�iϮ��``A:5Sn���u��ӕ�������]�h�k"�W�^�t���x��gCX�M���l&���=00A=�a�699y���8�{��W��S]�$��kc��ǋ�b�$���b��j�>�7��w�UKi�����gpS����4��ӧ�3�[�n]<}�b���o�۷ojj*��[X3o�6m�������+7�ɥK�~��+�W�vvt�����0�0�d2-�����\��)۔�dҙ���KBAgwWgwW�$��S/���cǦ�&��:N|gkӎm���!�@#:��صѧ�y&Z�3�8S��o|��ߙ���[��}���O=����?0X��&Ir������ѣG;:��\�(��(��v�wv�����������v�t������P���7�|�ȑÕrY]�zg]�8�qI�O�p���������ܜ5[�MBT���w�};�$v��#U�8��Ԏ;zz��Z�\{G��hkk1u���_�R����zu��c=]�CCC�֯[_Z?<<���<Wo����A����+��+�]���������(��Ej�.�"qb���k��n�]��46v�|���+��?2I�ի#�BAk�ݠ��%Q�������]C�r�Y�X�v�Z�X23�-�5of�ūjF���� �7��n3蹻�J�r�\�($I�\�ΉY5��[�Ju�F��^���&f��������^pG��@#����'''~��~)��T�VG���K/9z$�j�Z����+�����>�ؓ�z�~����ԩS/����3gDe��Z�b��L����fà��u���۷o۴isww��Vs�j6��f����{����?Q(h���#�}[=��Dǉu�6��u߳���J�`q�h��/^�6�d�
�K/8������d2�9�M��Ι��Y34�y�溮�̮];x��cǂ�����n27wlbfbf*朋�t>�?~��޽����38�����0h�h��x�����R*y��M{9��}9��n�����,4ipp���5�n1niiٺm[���)��7���@����u��r�j{[ۮ]�����054�M�F����:1/զ5�ަ�g����FGG��� ��:��nٲ��g���(d2i3/�n�j&"b*:���R���֮[�r�X�h�驂H���9r�933355�I�h�Zګ�$I*55e��t�Vkfq�25=U�$"��f�E�*:[���WWij���$N�J��I�%�S�0���ڢ�D�X�����J&���s3Ϫ2�4U1S14#3����eb���W^�,L��/}�i�=�_��W_}��K�lvv��ǥbq����=�؞={��$IN�8��/~���saԚ@>ؼ��-�u�T��r��IE�6m��Olڴ�N����ԙ3g��G?z�g����������]˱ooiڵ�O��Kwt�@��Ξ93v��f&����Ν{��׏?�Τ��-����ӻw�^���������}��:��;���4W/�)"f�$�����^���/}�;v����ˏ�U��%���z��ᩩ��!腕ʕ���\Sӧ�yu��@��6o�<3�*ܒ��M��}�ٝ;w�at��Z*����q�"ι���'�xb����'��d��Z�i�R�����-I�S�hoWS��]������v}�_�"���J�q���|߶-wt}�^��F:{���Rްa]*�Y���k��Ξ��n38/eU�+��֖���������{?1Q8u�Tqf&���r93��WJ�r�TJ��|��٩�j�}�8t5,�IWb����-�N��-��]�/���g�WG�\)�]��6���l���=C���w�h4�{�7U�^;�Z�ȋ/�Ï�����Qޘ��&�R*�V�^��c��twW�z��_�x�^�,L�o�'L�L&&''�\�r�k���Ʈ�Iũ3�������Y�����_.��0ܺm�S�<�~�Eƙ�s�e���L����|כ�s���*R�������z�h4ґ���]��>of������_��?��?�S�)��j]V�q��3�Wf�M���2�%���Z�$�Ν�����ѫ�*�/|6JE�m�]]]��C����_ط��#�O�<u��8�a��ɍn�����ՕJ�����;o�/��?�Z5��9hU���S��k?�ȑC���sW�;�T.�v�����[��,����#��f�R�[r�w��}�k�?��(
EUghS�8�s��}��EQ�V�ᦍ�7�T,m۶=��h�A�ҩ\>���588�y���c�W�\9���Ԕ�Ub�\*U�fs�۟9I�D��۝���pa�l�駟���:{�L.���۩�PE�{�oJ�^��,�����7e�S4��޾n��fUQ�Tn�&�&*��d��r6��߂S����3���'�����EQ��d��|wO���T,M
�r�{�b�8::z��H�A:�Tu����h�c�?}�������������tA�a��Ύ��.��p!��ٴۛ5��ޮ�����h��ǏMƷn��2����ɓ'�x��R�8��l�~*I�lޜ�d7l�P��z�/]����^+�����׬�jQ�M���٦9������ĩS������eQq�%qr�S�R�V�+f�u�ևz���E��'�S�T{[���k����̴s���ċ��&�u�6�o������M�B�Fڿ��������N�I|���o}�WG�.|�ɣ�>�zpu��$I.^���_�v�=���b&K�o�YEm�mN��^��#�SS.�re�;�_3����cYKT)LM�������@%�E$����b2��]���O��//�y�{�S3�F�]�>�T��n^����N`�[��}ob�FQ��:<\M�˥roO����߸es�V������9N�۶�޽;��b/�̒$)�'O�<r�ȅ}%�f�N�����R��=��$I�dx��C?����&&&�>x���$�8�"��H�I)iiά[?�s�����c��
�8�ri&�/>n�ࠊ��\U��Z�d�v�&I�J��I�$I�dy�W�k����M|���ᖽI���a���6m�400P,�33�N����AA�P��I�}��N��\�N���Q.��ǎ���+�.��� EMU�ؚ�a�2'���@�F��??y���?��ß��`�K�һ���я~TMZ�:0�Ղ13U�򗿼~���l�w��$9{��K?�a�0�l�К���_ԙL&�ɘY�P8z��O~���ѫ����s�M��&Ibf�\�_��;ZZ[�E�\.�J����:�ڌ���t���޵j��;Z3p���H�9������z|����+��.���ffv��jf�W�~�G����@{﯎����ۣ�W�����ݨuuTytt��wN
ՙ��j�`Qyp�CCCK�s��9{v�[�����:�����~��4iϞ=�=�[�lrˈq{{{�y晞��Je����sq�DQ��ٹ�0���p��u��K_���޼ys�}�������w�}���K����0�b����+Z�^��ιuk�~�_ݻwo�X���zۦL8���.�6!@#&���͙��{�n�`��f�ŉ��Ba"r)�Q1�^�����xo*��ן�ft���13+��\��ͷ��v��k�r��qezjzrbbz���fj{���U�Jj.Ɖo�f[[[�s��\�\*]�/�H(f��)e�Ƞ�!a������������}�7��6455-r��NMN�쵟��7�������n�f�*�z�S�?���Vv+�J�r���?��?��(<��'�򵯄�=�EEa���Ƀ��g��R�{_{ ћF��$���>�����W.y�0�>��o~��ɓ.t楿���G���潬X>h4������5��~}<N�%���T\�v�\.�Xu*Y�n�".p'O��ޯl�����k׮�_/&��r
1���d�;:3�왳gf�3��s"��|���RͤU��2�F��,'����'�/\0�f��<99u������s�P�M頭�#���4��m߾��~�k��I�VˠE������57�d�� �}�ٙ�̖-���LX���;w����ڻ�&'DQdf�|ǖ$�Yh�������2��ׯ_���}nh�p�R��֭[6����e��4=5Q���X��=�Lf�\���$�2��DUͬV�Q�8N|�477�w��n��̬X,���y�M���m+[�����vA���"�;���ǖ$����r��J�r}b�4Sqa��SA��{�,�h4�7�����7�\�����{��ݹ�vثT*.\������Ǐz�T�"��q��3gb��N��?��_���;Vj��Je߾}���7
��3�>���=��L�'�ǿ�W�|�?�>>�H�d~�TD*�JSs�S�z�+_�bOO��ŋ��O���~e�09���ē����k�,��T.��&�+�ӅB���s[6o^2���������С�FG�FQj.��jT��I�:|��[��o��[�Qe3󉟚����*�J⭶��
ijn���:v�x��� �=W���z�лcc��K�wGQ���>999:z�9�*gVj�����H���iN�Iif҂6f2�%Oq��r��>��К���ף0�٠֬�@;�$��rk����ιYm�C��_��_,�K[6ov����sR����w�s����T�;��UpH�r�9��ޞoiY��[ZZ}��0�����׭������F:���Kg%.%����U�}}}ˉ�����+.^�>>�au�L�LU�ɬ�����TOOOoooss�=������ĉ�'�$���\�h{����+W����Y�ez.�N����cph��m�j��G��:::����?�a��,�h4�?�㏿��w�2SH�t=�����֮]�䉪z���_|�W^IgR�
�E�VͣE�TU}�>�¶�[S�Խ�6I������'���O>��/�t�8s���������ֳf�F��8ٴi˗�������h�������W~�
��'�ү@�CB�F�p��;jR*I�X,6��֮_��ZD�:����/^�855��@\V�t�bS�9ߒ_���
(����cǎ���nܴqv�z%[8D$�δ��NON��\.;�j��"7J����={�lݶ�#վ�%] r���Jqr�f�g|x��@#=�޹Ӈ-���T,vwu�_�~���;33s�̙�G�NMM��i��d.�չy�I���[���q/���_�z���.��Ck��m�V��$IƯ_���["���U]o۾}x͚t:��O?y��W�ߺk��,(�_�����k�G������D��]:��Lqzz��ږQmEQ{{{__���LOW7t�S'b����]8_*�s�|��+/�̦��FFFD������{�ǟ�;(�3������D�*������8��(�Z[[�\F&�)LN&�r�����o��,�
4�[o�����K>P�Jwt�?��C_���2�̒��A8�]�ދ/^�y��7�T7�K2�̦͛���M�6������r��Ξ���nrr���ƍ��0��'^�0����=99��|�4N*�}��<�L_ߒC�q���g��8r����o��NknA�F:s��������tq�V"ߒ������~���ץ���(���r�����ONM.~�s�?���x�K_�Ҏ�;3�%r�[x�����ε���5k|�-�0-���:z���Ο?�A�����\��SO-@�蹳���NKsv�W|:��HΝ�r�t<S��l�TT�9��ܼg���L@Wk1*q|���s��MMOA����a1���*�J:�޺u���@���h�����k����xU�����kP��yv�'O�8{��daRzf�JE��7n�FKL�x�;~m�Rk�y��uZ3p&��H��ɫ׮�xfFc�DD�l�P�����v����Yr�WUSQ�nݺ�Ύ�'O�8q2�Z�\3���~sߛ��ð��s��M---a����fV�+�B�R�tvt��]I/��vtt^�xizz�Dhy6����(�����۳�՜sa����%���D�F��־}�{ΗǓTu[@3��{�x���>��-[�,g:�I�Jk�$�y����A����J�ڤ������$I�ikk��-[x`ז-[�����"wI������������?�y�fuZ�}�nw��ۯ���y|V�����sι���7B��K@v��p��h;�t�0m��q���h�m��:�h;�S�t�i�S�:�qk�
*���e��D���ɽ������s'w6������>�}���뜻з����-�pX��c$���F��i����g��ъ�w�����W:��
:!��@jnj���7\���Dƪ=�u��ߟ1}�6���|�̌����cǎ��\���hm�ķ�1F���x�[_WW_S�=7f�g����i�F���O����7�ǇV��TK8|�TMSc�RJ��Z�m۱h,;+����7W�����f/�ך�d̀�@�������X��
f㉲E�bt4S"�&�^<����������S�����m۲m�,%J)��6""J�2F+%J+1Z�44x�*(9꒼A�,��,Kٶ��}���=U�{׮p4<t��%%��e<~.<�=������8~��Z��F��l�աԴ!Æ�5�W;^u�x���EFO���j����d������BJ��E���~�#�n5zt(���l����]���p�����-�����x"F�%FZ[���-""�`P������d���X�JI�����������-K)��)�Pz��b�}>�v��a�NFzjzFZ�ֶ߶ň�Q"�(�sb�L86Zw�Pa�P0�����g�@G�H�^~��_?�Ţ����Di�#�Ȱ�C����+n�e�eY�`P)u���{n��ݶ�XJL<*���u�t|���FD���eeg��R�R�23�NV����N۶-Z���K�^wg���{���7�y���B��1��\+�h4���6w��7�>��Q?~��W77�V}�֒�+HF������Bi&[>�5>mKQ����ڜ8q<�9����׶����c'L8v��S�Ǳ[�qHc�M�-#F��m+n��r�l;��V757���Դ`J��%�������R�WG��k;v(�z�blۗx�@�tF��4yҤ4��פJ�R��j�m<�����[��3��s���$;'�d�O�V%n,���,۲���0��{uψ�����z�h#b���i�fgg�5�v�~m�Q�F.��1c�8�Ou���<��?d�P۲ՙ�����L�2����_�@` ���
���*�ކ�ުl���{�7|��!C�ddfڶ�ˋ\8x����XV~�dU�1���1�c��5�m����F�k��E��:%%�����鳈��R

��9>_�:��JYY������d~�?-=Ӳ�q�D�h�_��7?�37nv��~㤣m���7fd�oY}���:�[W{|�䯟|c��h4�O�7�!����7tذ�}��_���}~���ｷ뗿���O?eYVr��1��4 IDATP��.��O~�J������'�oz�������
�@` �Q<g�\���^9����"Jk1������ɳ��R��Թ����aÆ�ۿ�3Z�Rʲ,K)���۫��h^n���Be���MЩ��Ç�v���cL�"�ց@`ԨQ�>s�/� _)���@` M�6-?'S�n�c�ѝS��lc#ᖖ�ܼ��`$��n%=��W4dH(5uĈ�G��bD�X̍D"J)��X����$ڣ��r�b�-*���aÆ�v/r��3t�+��r����1IsID���mYy9�~ߙ����'N���8��K�@` im�����T_�q]O{�ڈ(�aބ��E��*��`P��#���{?ZD������&O�,"Ƙ�������ǏGݘ2JY*�Sl�^3)z6""F�刲-+��������b11:%t|~��+Q����KMK��uxZ�6v�ϭ�@` =���?����і���b�i_�/�Y����~�_D,�*_r�-�L�29==����y^KsK���~��ޯ��s]��H8�
)��ؖe�SrQ�����Ƹ1�����k����k��ׯ3��o������{��*�&�e)���y�����^qŧ'M�|�2��x��/4�T��7��_�@2h���]2����D�g���DD�2b,�L�J,#�$M.;��[o�s�8����/_8v�ݻwo߾�����jN�RRDTk�R�۶���V|D���������~����񥧥���h���h���_PTXh��˲B��J3�jj�t��u��ѪO�x�ƨ�aD��G��a�I䭖%�}"�������/*,���<�)�h�c�h}}}��S���h�Oh��1��:s=��Z��R���Y�JOM\X0lذx�t������O��l�6�����D��Z���.4�����jll�>y,i)*ׯ5m��@�������1+��m�D�I�n��U�����}��S�)�6mZf�$іe���`0Р��mc�����H}CCcSSScS��%�ƪ�O�:u*%p{��a}�zTs��?(��#�y�ewh�)<��ppo��ɱc�,h\0�H;����'��iG�6Hi��㙰_0�-bbn,�5���~�yy���~�6�BY"b�2J�繑H���qϞ߽��k��\s�5SJK-�7�/��ъ��lغu���,Kuz�x�7sƌ�ܜaÇ��j{�������r�Jg-诊���0���@����-���i���V"J)Qb���,AaĲ�1���]7����j���Ai���s�-K�`0��i�]���m�~뭷=�%�:�TMMm]]̍��I3*1F�_�R�@ %��՚����33����h������q�*����lD����&ޏ��2�}<G|m����s�^��`pzZ���c��1��F�;n������ʶ�~L�����ږHX)K�eD'����h�u0%%;++<s]_���X�Dg��_�@2:�0���ٳϮ@�;��������r#J���X��RFD���ؖ��؎///o�ԩEE�~��oK��e�<Y��oF"����͘1#�������/mz�����J)%�-�sH,׋��敔L\Pp��c��v��fՉ��E��@�!��@ڽ{�SO<n[�is��ge�6�eD�ߧ=Oe��99ӦN]�hф�����DWu��<������ohhX�dɥӦY�_f@G"��������꣏>J��N����i�n���3��s'����jƘ�'N���>�pޜis������@` ����fgǚ�ŧZG*+cL��7�D#b��@�
�F��/�'JD<�-;TV6�l�С�YY}^��8)����>�t�~h��\���V�
�����LkWx��-�u232SC�3^͈��k����z70�̀�@j�;�Tsҍ4��tKt��s���1�MӶ��"&i��uKs��z�С���J)����s�����1MMM����999���T�vX��%�8q���N�؎�������<���������_P���T�I�m����4��k�E4�~�o�O�/h)}���&�\��+�(e�RB&N3ztvv�:�yZ뚚���y7���0>?/�?&@755.+{m��Х㺱�Ç�d���gu�=o׮�<���1c�p�@` ����'yX��Zc���Ϫ��s�4�c�C3��O���Y�fM�<y�a)))���>|���OUW_s�5S�L�Y�y�ڝx��w���^�n�*_h��3c�����#G6������/���]�)W/^Tr�>,8h��#F̚5�mnl�R��ӝϏR�h��e)��U[SS]U]0xpJ0��.iYVFF�رc�����yNn�ӭ�T�.�D�zބ33{5�ڲ��!E�h$;=T0��_���h��#�'+�U���ΰ�1���
1�?{��:.:14���(�Z{��m+��ѨR*-#c���)))J)K)۶}~0������ZWWW�߿/�:t��1�m����Z���WTT=zT)��v|���g4�c|~����srr�~����555������ƴ����pĘ�}X3pt@` ?Y��G��U��h��3eK�'�-�-"�X�h[,�~�m�X�t�x��)%Z�S�u�?<�O�q,;
e����奦����9�m[����kcbn����uc�H�o�o�H}}�;�s��m�K�-���eDbn,�N�tZvv��gcLcc�޽{O;����H���4Ҧ7��}^�'-*1j����,�����O�D���O#mgڶLI���:t���cƏ�0n�؂���P(���ϗ��������p�ԩ�-_>n�x���W1��y�>������޽'>�����?z���}�{C���f$ٷo�w������D�ÇY�t�7'_�'gD��4s���E�$��2{��tΝ{h�N�m'����S��y1��ܜܴ�t�ߟ|��8Æ�r�Ɔ�ɓ'[v_�@hYVZZ�̙�Ǎo;���u(�b��eY#��'�<S��Jff���s'L�i���>y�*8#h�Q#G�|Ƌ5ƬK�t\q�kv܇{���ZkcDk�=W�8>�v�����Ʀ&_���Ԭ�����C��V���<���������033S)�,K%�m�=��BC�4hPo�V�b1�ϙ?�Xb�JX�r��f�7�0�N�8���Ö�z�A�������v��S��Α��k;o6����v=�s]���T��i�ڡ����JOK7�(�|;���hEE��~�����R|>��,1�tyƘ���-Q<v���\9�}�ᡷ�z+����V!������}` m���C?�Y4�5���a�7�9��] ��{�pM�;��2JDDEb��Æ���M����]SS�y��������euH��c"������/���I{s����W^~�?��S�N�����)�a�gJg.8����#��@�:eʟ|�3-�jL�RZ%ww�u�,�S�d��}��]�""��A�&N�(�:��ǎ���7v��I����m�1��Y��j�U�g���M�33�.�B)Q1O�fM�8�<zO5�D���:�qy�����[$�J�����<��Ç�� �nc��hcCc��S5�5-�͎��]�,���D��쬢��윜NK#v}��'NTV~RWWk[�(����쬂cέf�l������CＵ�V&f�����oF��999S�L:t����74����ܹ��hE4�m۶�����:L?a�Ӳ��zs����{�m�ZQQ����%Ji��3R'NO�����6<�L��1f�5������aÆ1�.�g�l�p�#����_�����?w�������Tc�����bn/o�yޛ;w>���e~_�P,K{���A�Hx���>���sF��4z��O]6�������.�W"�hvv�����uv�s|Uú��Ç���q�%��N��{���=bĈk��633��w�Z�47�(\P�8v|����ܬ��Ç��`�<1){�fѮ8)]K�(幞R*���Z���1��c"�H$�\O�8>GYV���E$�i�m������e�&�ό���3F,K)��1J�ѢL̶���{���#:�0�6o����7�>�RJ��$>�"�9��T������[?�Sݶ�]?$�v�u#��>'�k���������^u�U�c��]׭��-++��{�TnY*�#[��e�R����hG����y�/�tZFF�z�E����������]7�؎�lcL|Nu4⦧JJ�^�dY/��'h���?z���č5k��i_�����}go>��
=]J�vJ[m�[Z
��R�,^lL�]�Ƙp8|�Ї��ݮ��}o�޽ǎ}bٶ�ؖ������Zkכ9k�R���{�>O�8�m۶��� J�����H�-�8W��r��!��@6l�����ƺϲĴF��.�צ�����X(Q&q�eDD�I��&�3y�I\YI�<�t�K,\0x�С�R���a��D�'N�������A�
rsr���NhD���1>�o�cǎMKK��]t湮m�cG�q�>e)Ֆn�y�pPΐ�!��p�������i�/Q)��Qȿo�ց�?5-5%�b��/��S��u�1�H�����<�q�>�0���v;%%%>�ٶ�0�#����������&�,�S/�6�W&5�f��g�h�W^~yۖ���*�:��I,���I�J��m�#=���v��C"��iOn�c'w��ynjj���ǎ���������XWWWS[���Ж����K�RJTOWk��e�p8�J�9k�5�^
�����^0�TUW=��3�۵�u]�q:%�'�i3�MZx����G��t���۷n��M5���=�=ϳ-�q�H4�s���ϱE��<K)��D����i-"�?�8��D��+"~�/�J�c�-ш�v,��<��NZ�۲,eyZ����\W�ؖ�z�6��s�1��>_$Q�N�X�����|�Դ��Pj$�<���y^,mll���h���縮+F9�-"1���hTDl�RJE�����iOkm[������W24�U����>��S��͡C��W�@�u]#b�V�>��E������
$@` �L��t�2mn�%�i��˲<�-��(���:q�XJ�(m��v,�K��ڈh۲Mb�@7�-�zqǲ<c�u޴��-Ƙ���۲L���1F,�D)Ok�RƈRJ)�Z����ض�8�m�hԍ7~kcDm)����X��i��VJimlKi�]��<W{^nn�̙�F�ݩ��L�e��ܼ���O�2Ųl����bc��6�����>~¸>���0���H��O�v}in̵��:��(�VZ{bĲmm����g.;��y������6���6�X�2�˶�1Z˱��*#ʲD)��l���#���%ZeY�h��m�F�֭�纶�c��R��\�R�(1F��Ӟ֖�ǲ��=cY����y�e����eY��c��J�eY�hԶ���P(5d����LKK������p����ԩSuuu��vlǱ-��\˶���ף��&ਬ����K��'�����gϞwwnK�;��-K�1"��jmߍ72[�1F�Q���Z'T�>Z)������H��X+%J�e�R�����o[�_<P�o���,1�Ŀ-b�6JY�s��X�2mE��x��K�֖X��,c�(/ƈ����ܼ�SKG�������G����o���l˶��9NJjJ����[)K+�IO)7�4��o����E$ܢ%i=�?�e��N��uKsrr�3���ѣG�x�x���JY��/��w{��A����9�_{~��E���hѕ�sӣ--&o��O�Enݛ�Y�&����z~��N����鿫:���vc1��1b�NjZ�tҤQ�G>��q|'N�e�-"��[��]ߪ-�n/��&3=4a��s�pn�0���M,�`�h�IQb�ɭ�뚶�]b�N�����t���]��-6�:7�sa�=wv]�M0%XXXň��`П��϶��󼦦�O*?������N�b9v[*��%_��
�
���^�� ��@:t��[�߰ń�Q�r���=���.xV�)%�(�����i�ǌ,,,���S�1n$�?~|ǎ��;�ضe)eD��*�� c$7#mRɄa�'�����B����;��׺_655����i��6�;:�,+7/w��Q��S�Ok��Z��������7w�����董�H䬾;�h�g��v�������Y!��@����F�k:U�dRʘNC�{��l�褝Z����g�t��;M��m�2o�|��rr�e�6Ƌy"�(��I.�c232ƌ=z��ܼ@0���-뼢�X,�.�LZZ�mY���4�jO��S�F�8��gE5�D���:r��c�$V�V�\���ݎ���4��{yB'm�іm�S����sǱ-��Y��󥦦����|��|W�N����mllhnn��>�/>�Ü���N�������]4�up�����޻���˶x1�+9����IKK�0a��_���n;���w|�R�|�;���t}}�������Ƒ�?�Î�����3�O�J�����o}��pSCD��D�Jn���!%b��ܑ�ng�GU��.'�[��у�B�@0��|�e�j��z,=v�W_}��W^���"�ş�wJzKFD)�<=�pPF(���Kz@��4k�����N�ڙ��x~{�����&霮�;z�ZT,��͝:u�A�z]��<O���TSS����s�1ʲT��ޤ�m�Cb����:�dB��$c4R]MU�c:���*1b�4�M�r|��3y�s'g���P7<�sr������i�|U;V_[�D�6J�����<��Ӑ����t{��j�ufZ(�`x����i�M_x֍���"ƴww�O;~��и�������M��Q��,<�S�u�u�����>�6"J��pee�[������j%bێc�F)��*��:����|$��I�7{��lu��������'-MK��9g�-�md�·n;|�/w�o�9�uc�`����󼳯�L��b����m۷o~e�������(˲z���ƚ�'��b�3"��@?~��W]�R_�b�"Z#�N?2���t�I��Sl���`ʄ�_�ʘX,���õ������c�y���r3JJJ��r@/0���T}�I7��Y)r�Qk�)g5u��qݎ�0���Zgd���祧g�c�Zk����hss�S-�����Zk��gY�R�G<�7�i�%;#-3�y���H6<�䣿����K)K�\FM���E���gv(��̙s�M7-Z��<o����ᡲ��~{붭{���âĶm��R*���|�+������AW/��K�~�<�z��h�nK4Ӗ:�/���5"��j��g4F|�FՉ��w�عs��?~����h-"�����Ԍ}.O�e�g�y��#E��4}��P�il���7��'Nc,���#J�(��'~�N|H�iM�C9�:"J)1ƈR�u��5'>$�i�#m#���G>j�sx^�i1b<ϋ�nVN���%C�U"ZL|ش1��>�1JT|eE��eY�SJT�U�s'j�?�2F+e1��,��UNFh�%#���N������'Ǣ�FM�c#�$9K�B���}��Ԧ��>��hBa�� IDAT�qM[7�Ji�B�%�k &O�Vm��^^{:%%%�%�Ie#b�1�x�scn4m�[��[ZZ"���z�c��^8V�*��ر˶�}��7o�q�TR?t�#���SH�v�-AG�d�����h�m۷��ic��و��r=O�8�n�8�cYJk����pĶ�eY�6�����Ĉm�1�1�m���@4Q�m��u��`,3�X�-��bn��7F\��9��=Okǲ-ˎƢ���s=��mY�mG�Q��_-�vK�H$RXT�p��e�>�q8s<x6�ֱX�����������G�>|�ȑ�'O�c\�՞��q|��:>GDEc1��'F��g+��sZ"a�ϧ�ўVJ���h$b�v|F�eێe�����l'�8�OYJ{�6&�G#۲��<O��'"Z���̹��/�y�������Z�]�"dt��4�_@�4�_@�4�_@�4�_@�4�_@�4�_@�4�_@�4�_@�4�_@�4�_@�4�_@�4�_@�4�_@�4�_@�4�_@�4�_8].*U���"�q��Ң@�ܛWLK�~/57V�(��XDD���G榧���;oϺ?��Y�����e��[/r���4��w�N�����ū}|��7_k�����B4����?Y��z��j���""��Y0���w�?��ڶ����}�����ǫ���ڵ�7�:�|(�x��nZ�tvQ�$�侃�ED��'"+>�{@W=u�wnk�\�_[o�6���#8�P���g�{sb��_��B��gҰ{�W-���/v�>�Hm������uK��e�P����n˿>��ѧW���W\��."�w�~����Q{������ލ��'��9Fp I���j�/�=�)/?t�����[}˸�ͼ�>��T�����ev���M�5s�Д��7vWT��oo�������&�3��UI/qlޅ*8����lZ~碬G�<p������>�5��b�#�%�������0!=�}��H����'���Oގ�tÕ��hѭ�]�z���t�����)b.{��*/pA��]o�I�\������@n�[�n}a��d:}��8�p��UG��s�'���C&N�:i��\��Z��O~���]�n~`�n��tN�����珟>2������'�����ɥE~�6����JD$w������=>QŁ�w��]�ԋ�{���䎺tr锱CB��n�I3'�<ͭ����ؽ�hSb+�p����t�Lr���3���N�E`襓�����-�Fá��U�m��)N�����moV4�HƐɳ�̝P����h��Pūk�}��n׻K�|�������N{�=�=���{.�Ԥ����;���7|�/ַm������'rԼ��_ܳ%���~0�ſ�ˎ���L�x�~��EE��9�������'g]~���,9M1^�'����_��M��������U�/|�s�k�K����װ�5�~#�5�[���C�͛���Κ��_�\�$�s�z���=���l�=��+�ڶV<��'��O��e�/]��Ͽ4��o��#8.6e��^��ݧ�"Ұ��o�����n�����?z��h���7�][��9�?Ϡ�ꕻ��k�)�|����N�Ev?�g+�阱��H��W~�C=ݤq��W��n�g�V���W�{�����N�49��s��.���;ʫ#���yw�>��y{��5k�u�ߝ��-�[������鳈Dw�]�O��fp��#O�����Ӌ/_q˪շ�Zy]b�H�%��p�mk&%>W�������1������̖�Ys������me=+��ۓ�S��z�S�(;��/"Ҽm�]� ""��|�Db.��iKV޲j�-�V|zl^k��_��s�w?��������[����-�1c޼ϭ����|�`EC���v�=k�a}�טU��f����=ћ˜�o��my��F�{�=V�?L����T�ܼ�mc�O߳$/�5�.Ұ��־]��ǩ
%��z�/W�.3�{�/_���i""���DnX�����m���������]5��/^㎵����-,��;�1�5
o��������YP�9��޿�ֺ���""��O��Cn����e���;�����f�y"v�(���wn]v綮�;6��T~p�c""铗|��5+����U���Â��o����;W��c��Y/�>R���;o�~l�-��_��{���Ӆ}[�;~�H�A\D���T}�v�FAn^�N���%���[�fu�^�Қ;nH�׈>w�/vEE��ɵ&ZS�+��j��ǶE+~��ճ�i��6��5+��:�X��qǫ��L����f�"R0����mA�7��8ܾ1tpN���Ȝ��Ѫ:�;���=�����C����g���4�~�޿X����g|Q��+ے6;����+��G+{9����E�X���޵ll|y�@���׌M:�����o�4�Ee����+�oز�`Emc���3E����ب\�oO�7������ݶz~t��bv(i�?v��nO,��Z��̥��v_�˯�����J���q��X��w˫j��ޤ�"R��o\�d^����ս���H��U��i��s�_\2���u ˞����t���}�&m�_��ӛ�OZ�gc;�;��-����v��G���7��c�E%ﲥ׆�=�:ӠqǺ{v���獛<�SKn�ai�F�._�z��-ϻ����AmK��Y�4�/�5��W�E��?�\2��i���"��!�^�j����������_Y2c�g��t�ܑft2�?�dɊ�%+n���������<�����~���?���4�UWv�<����KFJ�Fy�����CzU.t@\\�.��u�-�f�C�������/^}�7�i����o�|�}�����@���׬���^M��3��7xr�ƭ���VLu=�X�o���o[v�����
{g����`يۿ����\��9^|��i���_��8[t@\l�o����6��y��o�~��`Ur��?��~4���O7Z��|ۂ����a��;�<7��W�G�%#E���K�a�uGy��<�ڟ��|e�ooy��}��]�Ҽg��Y���&AgO��O׮��`px���V~����Dێ��j��s�pz^~���U2�S�����6�\@\���<�*"i��x���]�I��Ww6^����""K׬Y�emyێ�k����;�Cڐ�}���w�������};O{;m䜥#�,�'ȑ���7����7�ί�|fˡUN���/*�����z}���ՋV/9�ЏhC�q�#�0��x�ղ���6�/]�<���g�`E?0Fp\d+�;�
��\�z�g��44�i�;�7ݶ�-w�p�M�ZѮ���LZ��6vHi#;7�����DD��e�;�d�~~�M�گX�����ٹy��w.�z��o�u$iMȄ�O|�;��v,�:���L�����=w�'$~�ڃ��m�3����~�skO.�a�MK?5�8/19R�a��m'�G��Jp��_��m�m�"�7���S�J������֭�s�Z=�f�Փ��e����*z�bd��e�������.]��ȱ�?�w�Κ;򼛛{�񥧞i�޲�-��IYR�(�59�������w�F=d��4�#��7�.��`[�z��oߴ������ ����y�~�ʫ����O*^uݔ^]-}�k���~Ur��W?������M�߶���ぐ?��u-��-�<!"��]��ٵ=];p���`�H�֍;�W�����ۻ;�x��WO:�m�����z�-�꾉�x�-����.Fp\L*��:�)��w��L���~I[�?Z=��������fz7���6�MV����xy�!xZYK����g�n��v�s�<�?kJ{�o(Y��u�Z���dM���\3���\0t@\L���虩���WO?������r|~͚//�p!2�>������_w�mU�ݾi�W�uך��gn��+��oڰ��'yj�K�Vw�x�5��U_����]� >oΪ��tsŁͯ�f�6n.��zJ��O/]�ś�O��t�$��K�������lٹ�Ó"�;��W�+
���q^6pᩦ����".��Ɔ���E$�;꒢��?�~X/�PUYv��?d�Ȣ�@/�c/����<p�^$��dX^z�@���Ɔh�������z�'�'�㷢;���+�J�m?���7V��G��9 ��P5�p�UO޾���uʯ�޸���DYb3p��7�1��s��>E���\�n�{w�s�Ȓ�����4�m���Ƥ3�������L�c4��iߋ�v�m4���\�����n�c%�3�5�8'��u�ܼ�i��]~�C��e�70 ��!�V���u�ooy��d���Z�@�ؑ'_���]3i�@/��?f��~�@� ��h@� ��h@� ��h@� ��h@� ��g�@�qc�-���@z�7���#Cp1�5�[���'�c��|��_��/�X�=���c��Z�]�T��u��Ȧ*għ����c����}7����ܢ��+�zw�����3>�����w��f���f��3�\~ z�{?yk�w/=Е�o�p�9�i�#��n��//+&v���U4z�������^��"�6�h8���W���p�_���� ��p�D�1h����?��}viR��.s�5��(��pQ����߳y�_���yi�:���[�=����&_Jq�e7/�lDZb���jO�c�`~�OD��Y�om|vǫ�Mͱ�PN�uKo�?<�|��������Ys�9��7h������|h�+�?����ͱԼA�v�^�8Z���eͺ��E3����P5M������^{͢�.6j��ǿm�H��V�����6��4�u��{���|g��o�4�a�����{�W��s%>��Ѷ�<�vИ�.����|�C%C���7�i�~Ǒ�Y(W��z��W�U��7o��޵���^���{;?ihj���e�[��'wx����y��}��4�R�G�^�|qi^�%�j���_����⑋�^��8�̇���w������7~~׳���_^���,߽,��G^��d�/u��e7._XL�h]C]����a������ǁ�}��g���M��5c�Ɠݜ����p���qs�}fᒩ��6��ve͞U�֞h��͇���M*\�=xؘ��:_5���[���H��O��ų�;>��k;�1��f��Ѽw��?��~]<g���SǤUor�w̵�3O{���{~����9�_qâ%y�/?��3�C?=)�i������2��WϞ0�8p�͗�]-�Tq�����kw�\9����5��xH���G7��҂����t�6���*�4�#.�96pA������Z;���h��OM.{�ן���7�8UuzV����/�{�`ւ�Itd��x���E_��'��������̹v�cR+w����׫�̛����C�}j��+��_�����vo��L�9�s��{|5e�m�,�y����9?�����M���^4������=��͕E�g9�~�w?y�H�%W]{��Iy��o?����.��}�|�;��yy_~�ܢ�c�w�k�)K��R�]u����5��3�ٺ/c҂�TI�vl¬�G��U���k���|圑��g�T��y[]����/8�޻Ͽ�?cޜ�!�V6��Ǐ7f��S<� {pA���C{�?`��c���DE���_򾺏w�״o�,���u���wY����ǃϑ��O��w~�Ԯy_.����dﺗ���{��o�5����ۺhKK��w�zv��뇗���o�dSc�ʻ�rѠ�^}�dC�iɡ�}�f��w�\o�9��8��ooظpܵ�E��޸[��߿Z1�i����7׹��{�ַ�]���{M�����khu�{oڸkW�����oTʌkV^ٖ�v-lƼ������ۦk~�\t��eC�Z����i��]���[cE_�z��T��n��E��+K���9o�]���J���Y�q߉�����{f��������6���q�����|i��3.��c�߻�2t����ŉ�Z:��k�j2C"�]���m���_�<ޗ]Zzٲ�'��;4kμ��힇}u�_.�쩖�N6���vxki������6�-�qd��/��+�޵�Xѵ+�Pro������޽�E}���̕�q�2��#"3�#FE�d�$�{�$�GmS��v{�f�_���lv�I�M�i�K�&imS���&�D��5�H"��b�Qp�a�����������?��s����/<�s8_����9mM۞i��͍]���*�9�\�g٭
f�wT�D}Au���YDD,If:��ED�s��[4�;��>�j�����dc�u�lGߍ<�
�k+�r�6"}���X��y
�}&s�g���b��wfJ��=�~NH�u�M�T����Ź}�S7sv�EDwoi�w����\t�,��,"��8}�=�>���ٚ,R�lꪩ��)��ܖ���Z��E$XUY4�]d�{���������d������1 ��m}.l�'���13���
h��$!m�����f_��W�?�y�g{�Oo�q���}w�h]�"I��f�����44u��="=9��{L$uLr?g����XPtw.[��Okǡ69�rL�*I�_��׿y��]9����N��l��$�����;�~��i�Ou�3�'�Zc.�^���H�-��Vk�M�����s�ezQ����dK�l�ND�v�i2?�Љ�xN��kR�Z+lk��1g�����/���Y����yRDD\N��<�]���)N�[E��Ur��*�<~왭I��G��w3b}F8n�����@�$��"��rv�ٯ��l{��3�r�^oH������?|��d����=>N�d���Z`������t���3u�-S�I�ZEk.���5�6���^�z�;$1�;���E��""����k˶l��ٹ���k���}}v����_��x��9so�_�j[�"�\K�|K�/m��>O�3|?u�J��N]vNa^��4��:ZY��gD�N?����s��w3��.�`D��n,_��q���&�<������V�N�+y�sO-�w]�7��7�D�'�N��tW�1��8�[��^��^�HD���߽�럽����hJ-\xo�B�ֽ�̺�ed>ws����}��f�H���D��GpR���U���{�N�,�!���Qo��XPl}Sܠ�C$ut����.��ڵ��������n���Z)5ݟ��zNv�Ĝ}f\�Q���9gUr\�Q��t\
���v�}"�>ջ�l����4�Ȓ=I�8�^�����rL�Vo��qv�鍉��񝹡�<�n���ѧ���T��ؔ;�.��*}�\�B]�[ʝgm��w��]:k�̉l=�9�K����Ɖ��wC#g�]�m�S�w�����Pb�fؖ�3�f���;kL���g3��4HŞ��>�;�K6xĞ�ݕ���{�Ƴ�! IDAT*����:=���No����3I�cr�Ծ��̍�#""��\�x֮?�Kѧ�dGC�׶meb�����&�'�vﺨ�E��!_�E��˜�>9�5`Ō��޹�_�Z���-F}�#�?Z�i���������˻{J��H℉�>\�f�m�-Ũ����W/��_CE3m�$S{�����jw���|�fm[�沆֔�c͚��r�k�7�����32cE$&c��j��>:a����[�K�x}������t�W�V�)넔DM(�9�mx������(�����M�&)1e�Q���?~k�_k��,�%�,�����ㆴ��8�Vj;��e�O\�pѴ����0&��m�y4���a9]�GY2l��v���eOH�����v��b�~c����:�f�T����Qӑz�]�e�^��9�eCٻ���IOք������ܩK���'""z�ܶyG�g\�U&9�R��kjc�<˜��""�ʿT5d�|���5n۱�EcϞh1jN5l�ݚ}]k[�$�&���/��'�R���Ϲ���Q�2'�g�w���;��[&�5�#W�__a�w�u�������aM$yb�Q�޺��M��{�}C�ND$��-ۼ��)n��d�������6{<��q}��m��{^K_�֝��ӯ�j8�������\[��T�K}���P�v`�k�P�x�xg�����U�:�9��{��)���6���յ�Zˤ�����I={A�����UU����r���Ŏ�b�H[��~V�
��h���}{��~vlɏ���P��m��EIYsw%�����]��u�\��꒺P����i�ݽ��Xu�E��v��ݳ`�C��~�iwS��c.�{�y��K���V��O���Uø��*�vM��>����?�f��s�k��劦ԥ?��gm��V��7}^KJΒo-���g�o���9љ��=+]��ث��""�˖.�P��������X����d��;e�OO"���嵟}��Ͻ3!���?[���f���=�ZD:o\y��D�ͺi��oω���#�Ϳ�ò��v������>�5o<�li��2DD\�yq���+�8���g�4v�6��O/u�[ �H@0�E:|����bͺ�w_�<���c��N���!����v�:s��������~���}�����u�&�9��u}�X��?�������N�{���u%�<���:=���|�y0.�ŒP���szϒ~�z�{����|>��n�4��po��~׺��'���R��!.�s�z��oXH����j�%;��Mr,�>�2������(�-8� �(��h�"�� �(��h�"�� �(��h�"�� �(��h�"�� �(��h�"�� �(��h�"�� �(��h�"�� �(��h�"�� �(��h�"�� �(��h�"�� �(��h�"�� �(��h�"�� �(��h�"�� �(���p.3�K��AI}ߖ��/r��ĳ幏=��s�`����Y{����?�.1/����z۪�-]��h��um|�rf�j�x�����^]l?��)�^T��v��7��
A�Q��,�����".�V/��|��Ԟ����%�"Y}�t�|��C��xsc���r.����8�"r���5�|d{�cO/��^��ű��#�d>�{�k�從��u�����;�U�,�/�W����K`I�q8�c���۹���e[�C0/@y��>���G��u\Nar���6������`q�ܾ�uV��ߖz�����/��}s���X���dqV~��y�`Џ��������-�u�;���{�/��{�elK�rU]Iy�Y����ԥ3SE-so�_����������q&���pJ�b�@?�?�_����Cg�mIޏ_]����z�-Z<u�;���;%á;TY)"�d������e����^��nF�r��E1.���mkM���D�{;�{7�j��_�T���^��9kA�s],_ն��$���,C4!@Q��>����9P�>�PҊ��Ou�{L�3<e��A��_<2�t:\��Cϕ�������PMee�8��\{�?���j++�"r���54��s�{�P�e@�~��Z2�_x��O�6��ެ�Nh��f�~s�k���ߑV����w���������{N�1�זu�o�Y����}�v���(�B���)>���
"�"�� �(��h�"�� �(���p�u��~���w���p�@7�Fm4�G�cG[↻� U�?0�5Ett�6�i����(�Q��wEtç��㭞P(<6%����"��::���R�ď�Z����r;[�Ə��A0"�4#���6�g��o�Ւ:&�hs�pA�t�ݮ�jH�W�1V�V�9�n�B��#�`:��%%���
+)�|���*��#�`�wF���]�5�d�w��"F hF�p8��i��
K�ӄÑ�=h�"�� �(��h�"�� �(B;���ڿ������DD����翟��"{ rv�Fg���!��3��1���H����Q�O��Æ߄����qK�盷�f�-{w�w�s�+�ZQ�~v�);������Q��fu�;���n���.����2��[r����`�@��=�ĳ�6>�_�]�\c2�<7ch�\9��oo��A6�/V@������Q�o���V���֔1/޵u��Q��f̛5ƻoY��Q��o�>ˢ:=r��Die�;$s|�̼����$�w�Z���F¢�$�L��fw��uu�i�����U��qB��X`��O6��hl�F�j�eLFѬ��kP���j�~�;��)S��&Z.����/?���)s���++�@�����xa�ں�>����H�38ڰ��>{JF~���lX���'��d�U�[K�{�&���&b�˘�g��v����w���w�;[%�>5c��DM�s㺊ƨX�-�@c��w`s�w�8>�"'�הj5�O�{���ְn{c@D$����>�i�շ�2����ֽ��R�����ק�O�j�4�]���y��������~��C{?�\��*N�9��$ڬ]�Z���MP�d�O��1h�sk��{�'��'D��'��S\k7��䌩^����֕_`=�J��}.�&~�͎*����77�*�=���R�:����:��gC�Աv]����c�qvV���y�u���T�n��*�'�ͻ�*"�}휓[�8��i�W�~�#gD�v�3�ED$�ݶ�`���4��@����ޣO<۵��5��?�����!�1���.�1"r�a��m����RbZ���X�gjk=%�?A�{i�E\�'N��'d'�7��x�y�@��Ɛ6+;]����_����S�"���"�把�����>랭]��%2`��q���M�9V�$��AA�E����CN��5k5j�P$ rfG�!9#��:x�9/��I�(H�>E�>&�g�%=EL�"�DDmL�����]gh~���@�N����;XYU���ȳggOHL=<�=MQ�^�����&)���ȉVKC���,������1��zr�9?7�f���m���S����̳/�2[��[s��g_g �q&q�[]��S�����%���㉧~���~��T�_O���p��5�m�'�OH�ȚBm�6՛��1��埵�6kb���Ioi=T�c5�-��-�宭���Ơ���-^U\���ݓ��'�k��s��:���4fs�$K�.��m��|�Q����S�2?7%.cJ�s끊�����D:�?9t �q�����M�8�~��"�S��C���h!�d��l_��w?>P?P�J��O���E�x�CŔ�t\bNl��EDT���0YDD��
l���kΙ?{zf�<ߞҏ�s1�����{7�k�c��~˄���&����ʍ��{�P���lƨ�J?aV~`{U����""b����?�����s'�7R_Q��B�`)��\^�ȗ
#���ϪF���#���w�k7���p�a��o�ܺp����k��^E�����܄h���㌚����ޠ�d�M�#{Xgԩ���\Vv�2���*�l��t}&�5�l�{�1&o��`�W6�s�w`���(�a���p��S���"�5���Fs?y����%b����>��.���y���CG��^��QՁ!6T�1Z���ɝ/R�!�?Ɯ�3�&���Cΐ�>������B���?�����(!o�?��D�A �g��~<�%F��(��h�"�� �(��h�"��4u0�*�`0����)#��0�S^�pW�`�����pW�4#�(s��V�pW�`o��2�w`�@0��ąB��{���Z\�P(<�7܅��G��46%���F�̵��Ζ��)��]P�����"::G�۴ZMR�y�ɨ�i��"���S^��VO(�o�ahF&hF����S��#G���i4j�A?����l�E�4@�E@AP4@�E@AP4@�E@AP4@�E@A�L���/��"DB>oG0ri��X��.\f��>�����C�6k�m�|������{۳���P��_<��;}NG��/��WWʬ3Y��������ۯj���+�}���r��vo{�_��W��,swK�[=����'���6lX�r����;6{�w��6�IDĵ��GV�NWj�>�V�y�gK{{��I9�,�mn�Y_ hЏ�w�����VW^��Uo==*�w�D��dS�Nt��e��εtv�X�̻��������~gMٺ55��ϋ�=wZ����''K-"��_Y#"�*ݳfwMY�w��4y�D���eO�a�7~�W�V�0�*w�~��g��<��b{l������$iok���_V����>�(��˶��32D��m��M���������g�
�؂�Cc�5�c�l��o�3S�5.�,��a��b�s�����M�6�g|�n��$�u\���~វ�۵3su�����v��쌍7�j*��ED$R���#v�#K-���s���%�2SM�Y������m�˶8{.��3�cMf�8��{�dIG���k������p\W���o-ɖ�U��;������yE�'�"q�8׶Me�S<s��{R�����q&���{��j����I}�v�tm�I6�9^���P��ۧ�e�=""*7�gf��ꪝ"��Nד�(2����9���:�"�����
�u��Vқ8/���p��[v� �����N�a��b#�k�q�-(�)�]��ʒrO�,����qɒc˗�Z^�JD��������]�9�f֖V�,�]^^o��%�#0k峛��f��V�fOK����EҬ�3�17[�E��>t����תE"���Cb/^4��ot�Zc_ h00]����%�϶'i�{w�x�KGee��X'Jٛ�gޕ�������/�p5��d���;�&��sweԮ��i�cK�wh��h�ο6KD�Ė�<fm�.�w8RED�G'�|�rE$�t�q�`�i1O[�`�ų��u��}��:��w}!᯿��E��Z�`���s������ZY~���d�mY�h%"�Q��r��r���GV>�*Y�'�d^�0�|����?��l""�E��_�s��REDD���*V���pt����Y��[lwmȰ;I��к~���V���\ݹ�'�*Y_+�����7@_�`�v�i2,|����{�<�_���o[tM�k�S��
;����c{ּ��$�y��v�M+4�z�͕6{j�����Q�&�Ӻǈe悅o����_���Ź���\�F�/���RϮ�2c�-�}{��r�H뮰��2("�m��o�|H��_P�E�-@hpA���徴�s��6��r��j놺�����e����Hlv���� U$n��.��Է��^_��ҵ/G�t���"����~�����+VnѦ^W���E��ˑS���[�f�΢����U/5���։9Kx�������T��� �\P(�I�Aw�>��_��:���*|����I�E@AP4@�E@AP�v��:�n?���;�pd�k��F�6��̱�-q�]P�����"::G�۴ZMR�y�ɨ�i��"���S^��VO(�o��wE@��L���G\�c��X-�]jq��-m��Yɠ�����hs�3��7�jI��m�� �`:�n�j5���+��E�՜t�w!`�@0������]���`>��w`�@0�;�L����e2�;x@#4#P8��4�]���i���pW�4@�E@AP4@�E@�����`�_�-���n�ުk��˽:��[�3'�qj$�oD�h�Ę�W�� �vo@��qz�pWWU�?0�5�!VS{���9T����^yu���-]���/]��]�UԶ�٦�&\�{��ġ����Z���:ə?{z�p�#Qye�=g�pW�ؕ��|q��N��>��+�.�뎛���ȑ���zKnWl�pՔUW�T�Z�/�n`0��[8�7���{�wE��-�ͯ~�o�`hּ9�V�4}��2�#V@�����@�������b�w��Z�H8������������������4���D����:��D�3Z��NN5�Dڝ�v5ԟ�E�7�s�L�OhY��3���;�]�{kw�{@����]W�k׺�Ge�=˦SUMy����֘�=~N^�QD��bCU�)c��Die�;f̭��&�\U��?:��Ֆ��|�%�I�D���gg�h5 IDATD��5���?w�=��N�[�r�XF�K�]��[2��Fo[��-ˌ��w�z��={J�my�Z�󳊏�'��u���굉�7d�h}M��>�k�-JO7*olnη���x�<�Nih���ED�|V�k$�\�gcC�bK����]�X����tt���uMZ�����D������iצd�ƛԾ�C�GB"������O��1Σ-��{�V��[�{x�5y����Z�fK��H sja�YT��ܭUWG�޻e���&���:�x��V��);>-[DD���IȻ*+�(b�)�#""Y���}'��q"��F��h���\e���Fwؐ8ɦ��Ov54iW�1#]DD2��m�����'""!�ۦۻ�`���������""�cc6�(?1��v@�5l4b�3 ���AM��&$�i���Ss��*Q�;]MG�GOx�!��HT�""qiV}Em㺍�i���c�)��1&��k��Y�O��661��}�X��O�>�Lƥ7�s�o�X_~��#�&�ᖈі�""�=n����=e�S����"�)""��Cw_�����S��=��)z!���A��p���=�l�������A�_0;7�fÞ5�n��m����=���G��c>������ڪz����0�.�`�����S�-�E��u�l�^��9����`4�3d��2�ݶ��C����Ɛ1/�*"]�6�C�1������3'�.�*MG܁�7奈�D�{9�)9�0YDDZ����:����U\��y)W�H�y�����mv��&&��8�W��a�ɊU|�����CeF�Xҳ��1�1[��nuIf��
[�~�et?�%$Eܭ��е�s��T�=�ࢨ��p��7}Μ`KKK�)�'=p���󇇖~�/d�QK����]$�=R��3���ݱ��������1V/�C���?��H���="Z�I'""�Y�H�'��L���mb���UB�2L]�ƍ����xc����i=RUZ�Ĕ)����N\����y�=������700V@�3�>��3�]�z�s�M���VWm�uPD���髺/6䣽U��EDD�MȾj�8��Q�vm�Q�����zj2g��>�[33-]�)iW}(~Rv�ec��y�M�UU�+DD�I�7^�e�8Uz��u���X���VDc�N�uV�oE8�l�v`�kC���H�#����:+}޻�!�k�vo8�d��}�`�7�3���"𷇵qF���[�h��jb����wx�K�`p�+�9ㆻ
0�X�p�}�����Fc�]j��|IWT�q���Yc0��Dp!�`@��}�h�1)@��g`�3`���h�"�� �(��h�"�� �`�h��`x��`����F���@��d4�Oy��]�u��7��]z��@�̱�[=�]�u��3�;�U��G�4�
�[\��.�kq�C��hK�p�4#�ؔxgK4�2��r;[�Ʀ�w!@�v`�k���mn�j5I�Q&�N����Oy��[=�PxlJ�!�����N��Oy|��@8�Z�Ѩ��(s,;o0�@��E@AP4@�E@AP4@�E@AP4@�E@AP4@�E@AP4@�E@AP4@��.(�}�w�����h�<�T*U�Q?�b������|��L-��~gjJ�(�Q�V�gd$=��;�[;:c����#�����s���L�J;��W$=P�?��:h�PahF��nojJ���gQ�U�)'�^%��maF �?0�d�سF���j�ఠ���Ѣ�5�.�7���N��.��\�"*�����&�������S��Q��P{�����"Uk��p��^���&~=`$�xF�h4zQ˟��ժ�?�PDD\�_|qYÙm:�㎯}�f��y�k�ˏ��%?~x~�p��JqB���U��n����!�qyU��
h�&C��W��}�+�9c����Ls�F��w��k�zOU��Ъ�Fhޕ�r�@���Y���E֮�;�eo���U��L|����..��y�g�"�8�ԯ?�~srd�}�F��M8�~���]�ʣ��+�O=תb�D�� �b��)��/��yG3}i�4܅��ue��.1��,(���ʆA�\��~l�7Eŧ�up�k��������+�ҵ�{Tt�Y�'��.9V@�K�����\��u��z�1���y�â���/��&���l{~�Fu}�6�����9�i�ީuvjSg�����7�#�Û����O�Œ1��a��מ~/y��c�~�NY]H�]�ͯߕ�.]��M��B���|xqA��B�+W��/%:ĒZ����;z��?��m�����y�Y;xԽ�����ϳO�~kM�GRr/�w��v�k]��-�������W��a���T�J�Z�L�>xG�fiݩ}l�|��V�l�o|'� Q]S����R����o��V��#x�U""rR��*��&i��}\��E����֝�Ƕ��E�����E��������kED:�"!u���媊Ҫ������]�x5�V�W�ƈd���{Sdބ��H��O+�o�V��E�tw8�]���UY7��ҽF���:}����[�y�g����gG$��xO��Rᓄ�roq��)]K�5o�D}xN���O��j��l�/,!���Ӽ|@��2}j��ݚ�}v�8��8!��H�~���A�����s�8��?��gs��Y�,��kغ�R&�4'#��!�9���7��~�T�Z��>�o�4�����;�)L:���?6��%i�[�~KY]��ěo�1-�Ħv��WU�ϸ��Sc?++�hH�n�-F���O/������÷����ow�g\�+��-o�j���w��y�ך�J?|w_EՇ��;�O��Q�Ac̼�6�������j�8�-\x眫����vi����q�����#�;�./-)���-{�������Ģ�;�F*>|��jﮆ���y]|��U��|Sn�:A%��1�z�.��*=�jnQwTc-Q9�}�5U�9��M�;&J���;ճfET�׼r@U]��'D���.�k���P&]���hnT��T�^��F
�"���T��*�����y"T?-Ug^�4�Ƨ��F՘}�(Z�%�c��sj��輌��6��ؤ^_ߦy��Ti�E�>���a��GU�N�jD��%�/�ѧ�|c�d�T+�d~^T���'���D�*�V�jW��k�ޝ�W=r�#����ݕ��m����$���w����r����U�r���dΜȃ�܈�U7�ʜ���z���]M�uͪ93#Kѱ�Ɨ5�~Hn,�,ɏ&������R8=�'��e���7Mџ�6]�������5�<�����N�X��{�Z�P�;%�ɳ��� UDıd����ݷ�vm����o,�R�8̇����m�SOv:w���`��ʕ�M�J;
��d�]+"Y�|�ӧ~[�0Qf��f�����"�k������G��}x�����Dz�i_�֒��8��ϼ���mΙR/0G�'��� ��H���%��"��-{�1�,�eqd��_;|�U��.t\��kT߫��N�l�O��U�>��׻w[��=���Տ���-:�8��k�""^���$�ȿ���~��g��kB���B�F���_��>�~y�f���1�]o��͟2��[5��y'�C�2�8<�$b
?�D�w{�\��;U�"v���̛����H�M�R׈����,��%��̻+<ODD�O��6�.ox�I�^��C�e�^���"�]�D?)2g�ȧ��Ȝ�oF�^��]��F��3"Y""Ҭ���_B��z>վ~���u}_�������K�J�/E����K�]z_�h�־�Fe�h�7o�Ŋ�|Z].��X�be��p�Hc�gR8������(��d9�PD�}��)�����j�[|Ǵ��F�dv��Y�m�7��Y�}��zsd�}�Y�v9;%��[�3J�EDR{�k1�s������B��;"b��~�߸h���<�z|FwC����ɍ�Q䞜�9j��*�J�Շ�D���Q=��hv��9�j�����czL����1]׍J@]�����h@�-"]� 6�?V�yO�?���Έ$tm�<6:'V���u'�F�gE��EM����̌�٦ں_=gF�b��uR��4�W���o�,�zk�,���^��I�,�@v�]�f�D�Tu.��z:mz��s�Z��;���Ro�+�x0l?�?��
F.�)��pXED�y��&v�IPb�3�ړ{�N͛1z�E�E�W���cz��9�1��r��2��lM��ъ��!� Cp\V�A��Y-��~��2��#����j��P��EN�曤5�Zs��'2���W��F��[�z�:��Kw�����ߏ�ئ�R�z�CM}@������7^����߹&���㾈-]5g�jW�*���j��ҵ=����`��ZM�㣃
�H���X�/���WV���k��R۲�d�Ϙ�p�'��N+�%��Ⱦ���5JA�$uumb��l��27��$�;^��L�,��8>��Qd���2�t�#��R�=�Q5~�j��d���^9����:�:|B��h��g��sf��U��Q��}=dQ��g'u�Vy�@U�:�W�T��t��6b/�؋DD����w�gGl�^����j�VY���2)*�ȼ�g*4��$er���q�Q�5�X��ED��Om)Q�������?ϫW
6��Fm[x_nl[��6�D��nrXj��dE����y=Κ�W_.q^Ԅ�����X��ۻ��8�����|>��$P x����Ȥi�^�2m�1�QL���
�$�P!�*�RU�Mbb���ʏ�6kmVِ�i�Hn�E,��@S'd���%��$�8��.��^�]�y�����c�����u����;k;vn{�ɟ�q��I����w���;k/?�����ޏ/Y0���T|�CHc����7���R+Ն;�a�T�y������Ϝ��KW����w���|,���ӛK�����åZ�����6b������J>W���'�՞�W���/E��:�Y��zǽw��o.""���G̈�*�˷�����EDD��e{Ĝ�{�T7/�++���r����닕�����W���e�Ń��J�Zi�`�7���ӛ}�����e=��VÏu���Ε�'�~���
hhCEQ4�R�Ǳoj4�E1�S���wާ?��������e�o�|����������>{���_����+���e�]���S.�Ȟ���r�_}v�|�o��zD�O8��/��;��S�|�CH�o���;n�i��_DDT�h�x���Yܜ{�{gw�|�x�q���W�-V�þo������M?(���#"*�����������e���Wu�q���k>2�])>�|��_w�򝎕գ���ǿ��KƑQ|eey�Q�6��ltADt7�z�t���7���\q���I-5�����&.���ޛ�~\<�;ͳ~��P���3E�K���X�X�ƍ��ى��K?;�]Z��cEđ�7�?=n��8����F�h�C����/�w��G�L�������'�8��ݻv�.������gwm$zfv��n�{箘1�@�������8t��E���#���(����_�/X]\v��KOz�1�J�hVg�:�J��;���K���9��E�VČFe�ߢ��]Q��o�I�/`�����ٳ�C[���v�t���2<g��)�sFO�8;�rgu
���9�2ũ��A_���CG�����3�W���|o����S��ڋ�{����Y'�����X8�SW�ı�nV�َ�RnV�?��0�Y����>2�z��#�1C7�Wk#C[�����=z�{8#@�)j�*��e7"J�w|�s��{��`���m������v�ԛ̓���(z�+�gUgMp�88�>��4)hR���H!@�B� �@
�4)hR���H!@�B� �@
�4)hR���H!@�B� �@
�4)hR���H!@�B� �@
�4)hR���H!@�B� �@
�4)hR���H!@�B� �@
�4)hR���H!@�B� �@
�4)hR���H!@�B� E���֔��aS�c�գ�>3�c����Nk�z Q��H��3)��\��PǆME��1-�׼����5[=�B��������z��7�;V\�G���dhhO�=ԡ>0-����h�@
������7�F6l*���ڐ<��ǟv�`�q����m��g�7/hK4�!�?0�y@[�H!@�B� �@
�4)hR��(�zx�̋����C���O�PDD��,�gE�_���Z�ѨF��ۦ�0��.�"���o4.?/���?�C��c"�Ne���1?b��|bʮӎ@��ho}޸!��ڑ��X<7z�����*�T�h����u������������U-ڗ�᢫�Ck��}�q�I����W�~�vG쉍�C��=18��G\��8��ظ>^��s""j[b�]�����'w��R��t��*"⨅��_Ƿ?��I����g����GtED��_�����˱q[���X:'*]Q�7v�+N>5�c㖨5�:7�X��>���X@��/V4�S�:+͊E�e^���Vѿ�vgDD�q���w�mq��Ɠ����_G3�!&wLgV@pXX��8��q��b�S��֨7�:7��T����#�����}8�Xl��RC/ē1����Y0�Y�adp]��;"z���gFeN�y��޲Nc�o�٨7&�ғ;�5+�h�ŭ�}�sgT"��-G��rD�������8�뽜ڊ���O��ҙ��������s""6�������[�꼸��Q�JW��m�$�Q��wǣ1�5������9��3?����C��O�Sn��h�w�#?�u�l��*^��z`�����V�����b~w�^�'7�y�9��#k�=��WDo��_�[ޫ!����v�z`�ق���3�㙃�����?�/-�������㨈�P�z�F�6"@�[����sc����z.��Q�z.��hx��ڸa�8�����B� �@
�4)hR���Hm~��$IDAT!@@����`�ܼ�-�І�k�z�7/hK4��35Z=L���%�в�֑0�,��\v�mH���t���6�`Z��מ?��)��k#�V��xvsq�C6�ƴp^���G�w�=���֔��aS�c�գ�>3�c���v���&@�����H!@�B� �@
�4)hR���H!@�B� �@
�4)hR���H!@�B� �@
�4)hR���H!@�B� �@
�4)hR���H!@�B� �@
�4)hR���H!@�B� �@
�4)hR���H!@�B� �@
�4)hR���H!@�B� �@
�4)hR���H!@�B� �@
�4)hR���H!@�B� �@
�4)hR���H!@�B� �@
�4)hR���H!@�B� �@
�4)hR���H!@�B� �@
�4)hR���H!@�B� �@
�4)hR���H!@�B� �@
�4)hR���H!@�B� �@
�4)hR���H!@�B� �@
�4)hR���H��,nP��z�IEND�B`�' height='200' width='200'/><br>]]>
    </line>
    <line>
      <![CDATA[<br><img src='data:image/png;base64,�PNG

IHDR�O�1U�sRGB��� IDATx����s\�}����w���ƾ��})J$m-�,Y��X�8��5�'udf�Tݩ������g3���'77�db;vb%ז�8�G�%��(q_ĝAh,����΃n�  �Vg��/WI@�,�s���ן�N͔�������uA�h@]@�P��� ��4�.�uA�h@]@�P��� ��4�.�uA�h@]@�P��� ��4�.�uA�h@]@�P��� ��4�.�uA�h@]@�P��� ��4�.�uA�h@]@�P��� ��4�.�uA�h@]@�P��� ��4�.�uA�h@]@�P��� ��4�.�uA�h@]@�P��� ��4�.�uA�h@]@�P��� ��4�.�uA�h@]@�P��� ��4�.�uA�h@]@�P��� ��4�.�u6z�H�r����e�$v�����y5SDD�zX"�"�TTElEn]����J�8N�'.���s���|�9�ܔΤT��V7K&�gΜ��)�:��"��2S15s""K�suc!^�L��w�^EE�I"���ݼ��ۼg���*^�U�$�t�����7�"/X4�?����η}�R
��913s"&Z�}ED��/�.b�e�����_x���AS����s�����W�jnnqA�A�4RUo�����?��?>~�X,��Mhs7T��d�Ś���imi*��~�-܉�G[�^�i\�Wu�꓏}���wtE�@���$)�JR*��0'Z��������熎o^,������׾0EQgG��ᵫW�^�fh�������|K6�I�Sa��op�K�\)��A��e�ՠ|�I��O�ɭ?���n~�Y���/�1M|m*^J�J�\���������jy�5GQ�T�-q��[|��Fk":�����yo�O�OT$�R"bޛH&�Y500�vmgWW��9���W�����g>��я�a�wK�l""�/P2�)�Tu�1�v���ˠ*�r%�M�_;��S�{�S3�F�]�����QKJ����U��ĳ}f���s]˦��&��h���:,t.�5��$�+"�knX�j�"�e0���鱱�J�✫V���ք��~=�:w����J��ܣ��V�G������{
��G���l?��܇7p�u��H�x�I6�ʵ�����#L@��������WQ�)$.kfթ^u"^�lv[m��"�>e���W͟Ջ8�ٵz����.ҩԆ�y�G?�HW�0���R����ֿ�����C�u������7u���b��l����8'b�˞m޸�P�g�&ͷ?���־US/��6ěh��$b�z/��~�MW�u=��_��w/�2`���HA貙0�є��춲�[&n���o��e�O3è��eǎ�{��o���U�� ��h\��f3�&3_�;�F�su��7�P\j�}���c��o<����a"��ҵ��{�RQ�����'i���v�5i\,i�
�gf���{���A477�Y�fpp���}ɖ��A088�����ǯ�l���?���\6\���#������׬��R�*vדɵ�D�y������mnjR�{�w���f�M}}}�|N���������^v�{�P�"�>iGG�ʯ��h�������M+�D���k%>��bn��9*�-��a����կ|%���r��M��8>v�����7>$"����s+��������e7n�93q*�J<����SO�ڿ�|���4�P��r����#��j��K�e"z�YDļU�8���ܹ�K_���z���s�g��lz�82:r��E5QW]���Y����΄�t�b��qV(\���ˤS3�F�]Ǐ����0)�K&�}����W1Q1�$��[�}SSS__���p{{{�������赃�SUQWM�e6 �==������?�"�zې�����}�����.��uu�:N|>������ݿ�N0�FJ|R����k�Ŗ�?��U�Tw�l&����mmm�T*�N;�Vv�f�x��q�����R�ǪN�/��ۊ7�OM/���ߋ�[%�J��5+�����7�����f�ly��**⽙w�ko�|��w޿���)��Y���K�����Lqzjzjfzrrrfz�T,�>���^�ٕ�#Չ��݇@Eb���������n�r�QA�F�p���w�-gʱ��:��Tw����--<����]m+ڹ�$����Ϟ;{���s�Ν�x�ҥׯ_�+���뗯�LOMy�)��M���D��~X���\�ݸnhŖ,�h4��篍\+O'��&����>
��\*7e�}����T������իWGG�KŹ眪������m���Z^��֦��[�}+���M��ݫ֮Ȓ�%1�F�>>~��y񕲏Tl��j�����Ķ-�6m���ёJ��y#����G9s��d�0X�+qǱ��:��Ls*����Q-'Z^���{��U%I�)�O��!�@#�۷��_�ۤ\�H��TЪb"av�ul\�!�kn�5��}���Μ9s�����w���˗/���̻���\�<_��l6�%�퇾�z��Dz;[{���;��ܺ��@���3ŉ��rq&V�K�fff�|~���ݽ=�l���;>>~������CG�+&�$�j���$�_�b���kNk�4���#�h4��3�_>�W�IŖ,�Ş��7Uͷ���~_SSSwt�$I�8�ދȥ��N�>522��d��t&�q.0��_ �V� J�b'wt�3� ���AW{�u��|T0�F*��S3��K%ɪ��QU3�){���׬���N���_�x���c��f64۔U�J�W���[|��e�?/y�;U}w}�t�bqО����.@��~��������X��8s[[���7nܘJ��������������+ǎ�(���sT<�̛���x��Ǿ�ig����
h4RkK�����SM�dt@��yoI�7�[?�f8����-���ȕ�+W�$���nk��*��ٻ�^�q�������J��,��v���M�^>B��H<�@W[�W&}���~�ꮃ"�Ng��Z}Gt�T�����T*�]�v���t:�\(�p��-���ӛ��a&"a��j��""�m\h6I7H�9����F/!�h�L*���!IƧ;�D�D�D��WM�XEZ����u�����$If�3gϞ=u�t�g3���v�*�n^2lf��b":�iu�C�վ�A��l�X*ŕXj������^�W�j&�"����Ԣf"j�"��i3'��N�j�̼���Eĉy�y_�VG�Eռ�\&.�$���*�'�c���)ײ��@`1�h����w��O�()�L�t��b&&"�j�}�\Y�z�g^�얭���h������~�{���w����(� pa��f��*��D��&f���������ڶz`���g`�������wΟ�ַ�u���ǩ�7s**j�u�Ϊ��*�Z'"���D�#f"&��}��:�E�T�DML�j���H Z�Ͻ�s*ջj�D�'6�L�,p2S��{�>����������T`4���o�����t%Ȩ�r�j�Wun۶�O>�x*
�h����Ϗ������ݳכԩs��Wǝ�1�\�k��ޛ�y�|s������ڵ}�}�|>��皛�(���:u�dk[��^��`����ɍ���.i��Qm�n|]}Rչ��y�~n"�&�2{��K03�7׆�k���>3���N�XIz;[�z���nG�FڱsGKSdI�$Y���fb�7�rCC�6l����Y\�
ٺu���`�f^�VPD�{��8\:�I��Ռ�)�ͷ���ۻ���s�a:�T�{�Τ�}����ٲ"�y�J�j�o��mT4N�%��������H&V���Uj��ŕ������[�z�2g��89~����'L%��Iu�xn���{{ﭭ�u͚5������(X]X�T.��q���/�!o���[-.����?׹W�g[D������~�����TI#��~{�[q��̳���o����@,+3�����O�������V����M��޸T�$f������O�s/�0o���8~���~�w���w��B�����/�.P,�kW���g�۸c�=�Xh4R�ۤ23�j:@'ޞ}�ٵk�.�|���|�ԩJ��}ho�������+�J������#�|��g�٬�%�|n�.p�t*p�B��տ�ZUf������n*8��ѩ�r�����+�/\�`I��V5��f>N� V�Z��ёN��s�8��Ʈ_�re||<��tn��dv߾��~�r9��0�� H�R�����ݩTj9E������g�M�L.��C��{����7u`,���9뼟��y�g���Pl�"*�x�kk���Z��W
�;&��H�/]9~�H����%q�vww=��Ǜ���R#�"R*�.���ƾ7�_W�(
E���VUcY�I�$>Ig���صfxM>�[f��+��OL�<q���5��F�}��k���f���*L�ֆ�څn��u��{�=�O�>���V@�CC�F��������J2]��Z.�����z�G1[�������_}��o��W�\q�A��y���U�_��&I��dv�oӆMZ���Cq�9s毿��Ǐ�@T�fff���y1񦪪Z�\�:�l�lU�_�y�0�?��]�yu��{`�sQo��;���j���x�E�9o&"Ω�T�a��+������|��w�n]��!�@#����j�Mũ�(���ڴqK.����'Ir}����ޜ����
X�{���˦NE�$�Rњ�5�}����mkn���jU5��T:�R�(YUŪ]����z�Vg�m.�V�-�S�Fǳ��2w��*f�|���3'�g8U�\{���l�kS��ʉ���0�pY�&����49q}�p�|1Z�|�$�t����9�[�|�y+��.]J|r�H�lF��r��O��\s���-�N���su�X��::V.��*.���2W{�7Wb�(�P���c�j���[�D�
�e�f�d~����o����x����L����.��L@���}��o�^)NV��R.mذ~���͹���ãWG8�ƛo�ʕ���8��l[MeU�Or͹�����P&�]N��I���K�����K�Թ�9I�8I������LD��۬դ���zΛ�l�}�y��@�O�uގ��k�]��[7o��h|H��H��ދ�����D,N��Ͼp����3�������7�y���9p�SUw˞}��eU}�駝s�T�^���M/^��/�����Թ@ļO�6t,��ʼl��8V����Mo�RpY殳�@�MQ��V�d��˒O����w����"�@#�r���)��V|6��h�XΉf699�����OGiS�PU�y�ΛW�$�q\IE�|���?����_�d2�]�=�{�o��J�������q��ټ��{�s�f�a��v������\�oL-��4��*�U���~k�;���!�>q.��-
}�A�}��$I�0,K�]m���)���h�k׮LN\�<皳������VuKL@�Y�T���T�jΛ�����.�����7/��恁�(��}�fV�.^�<55m"8�Q��8��R�J��S�J%NEQ�T�n-�Og�q����$I�(Hb��D�{.�������/�j�K��|"��A���0�$��.�T�Q*�ı�AP.�әt��J��R��N�+�r�֖�\�{�r0�F:q��;�WJ>?��#�]]�I�+q�����S�K�b�f�z�Z����J���;wn޴)�yc�O�KW.��'����m۶�����ouhb*z�b��'�ʕ+gϞ}���ϟ;?53��d�(rNU��lAt�&c��z�Ionu51��#Mo��P��>�$IZ��M��=�04>$�h�����_���K�(̬^�aÆ%O)�G���o��ѣG�8���EDĹ�SO~��]�a�R����̙3�s}����̞�{�(���j�D�����ޞJ\)��#�=t�칳׮_�>Y�5���p��ߊ�٪ޮg�~����X�[K!�@#=����R�̓C��lf�ST5��-[����ݾy_5��8��>������\�s���c���&����b�%���557���\���g��՗/\8y����g�3�}��:pA��c�T�;۔pq�+{����5�kW�����@#�}����g�������575-~��~zz�̙3###qߞ����w�uuw�X��ٹ����_;v�D�}}}�����Y��y?6v}�ڵ�i�$޼O|�X���6�0��ˤ�I�3����k��M��p;&��Hcc�N�:D��Û�`�Ng������_nnn
��5�O���u뻻�W6}����©����Y34$w��s��s�L&�;~�؉�׳�L���No-u�Ǒh�>�I����������������;:���L:���gϜ�������_���_��s��_���5C���+��r�r������߻x���>���>�`��e\F����K?��{�N
��&�bV�u}��߹��:]�4i��=�S���[6o�.�:�oy��]��o�����榄k[�X���{v```�W����>��&&&x�� �1}�L&3<<���w����o\�|%��0\�:�T?`��e��8W*WZs�۷����#�@#�]�>�k�hk菢%Ɵ�$�``ժ��1��ɪ����|>�aÆ\.��������+�W�^��.�ْo���CCC��ÅB!I��������qDa�z3���Mԉx�~R}�D�������������J%�ޞ�%A�F�|��g�۷�R�sKL���:th��b^ŉ���y�f�����Od�7D�#3���>{�l�8�ͤ7lؠ���e�jCCC�oK���������WG�8q���M������"b^$�)��&Ή���:K���Y����nY�5K"�@#���?z�����ʯl�~�[jC��O����|o#^� IDAT���������e*F�Ν�o۶���G$Z���q|���?��8:z����v�N����p�NUSa���^~���N�*Kմ��Z8��ÇW���za�CO����@��v��i׃K��"��ֲ{�� ,�ީ���汪b֔�nظa����mw'��Ճ_��/N
;w�W�zAQ�������؃{���w��HEaޘ��SN+夻�iϮ��``A:5Sn���u��ӕ�������]�h�k"�W�^�t���x��gCX�M���l&���=00A=�a�699y���8�{��W��S]�$��kc��ǋ�b�$���b��j�>�7��w�UKi�����gpS����4��ӧ�3�[�n]<}�b���o�۷ojj*��[X3o�6m�������+7�ɥK�~��+�W�vvt�����0�0�d2-�����\��)۔�dҙ���KBAgwWgwW�$��S/���cǦ�&��:N|gkӎm���!�@#:��صѧ�y&Z�3�8S��o|��ߙ���[��}���O=����?0X��&Ir������ѣG;:��\�(��(��v�wv�����������v�t������P���7�|�ȑÕrY]�zg]�8�qI�O�p���������ܜ5[�MBT���w�};�$v��#U�8��Ԏ;zz��Z�\{G��hkk1u���_�R����zu��c=]�CCC�֯[_Z?<<���<Wo����A����+��+�]���������(��Ej�.�"qb���k��n�]��46v�|���+��?2I�ի#�BAk�ݠ��%Q�������]C�r�Y�X�v�Z�X23�-�5of�ūjF���� �7��n3蹻�J�r�\�($I�\�ΉY5��[�Ju�F��^���&f��������^pG��@#����'''~��~)��T�VG���K/9z$�j�Z����+�����>�ؓ�z�~����ԩS/����3gDe��Z�b��L����fà��u���۷o۴isww��Vs�j6��f����{����?Q(h���#�}[=��Dǉu�6��u߳���J�`q�h��/^�6�d�
�K/8������d2�9�M��Ι��Y34�y�溮�̮];x��cǂ�����n27wlbfbf*朋�t>�?~��޽����38�����0h�h��x�����R*y��M{9��}9��n�����,4ipp���5�n1niiٺm[���)��7���@����u��r�j{[ۮ]�����054�M�F����:1/զ5�ަ�g����FGG��� ��:��nٲ��g���(d2i3/�n�j&"b*:���R���֮[�r�X�h�驂H���9r�933355�I�h�Zګ�$I*55e��t�Vkfq�25=U�$"��f�E�*:[���WWij���$N�J��I�%�S�0���ڢ�D�X�����J&���s3Ϫ2�4U1S14#3����eb���W^�,L��/}�i�=�_��W_}��K�lvv��ǥbq����=�؞={��$IN�8��/~���saԚ@>ؼ��-�u�T��r��IE�6m��Olڴ�N����ԙ3g��G?z�g����������]˱ooiڵ�O��Kwt�@��Ξ93v��f&����Ν{��׏?�Τ��-����ӻw�^���������}��:��;���4W/�)"f�$�����^���/}�;v����ˏ�U��%���z��ᩩ��!腕ʕ���\Sӧ�yu��@��6o�<3�*ܒ��M��}�ٝ;w�at��Z*����q�"ι���'�xb����'��d��Z�i�R�����-I�S�hoWS��]������v}�_�"���J�q���|߶-wt}�^��F:{���Rްa]*�Y���k��Ξ��n38/eU�+��֖���������{?1Q8u�Tqf&���r93��WJ�r�TJ��|��٩�j�}�8t5,�IWb����-�N��-��]�/���g�WG�\)�]��6���l���=C���w�h4�{�7U�^;�Z�ȋ/�Ï�����Qޘ��&�R*�V�^��c��twW�z��_�x�^�,L�o�'L�L&&''�\�r�k���Ʈ�Iũ3�������Y�����_.��0ܺm�S�<�~�Eƙ�s�e���L����|כ�s���*R�������z�h4ґ���]��>of������_��?��?�S�)��j]V�q��3�Wf�M���2�%���Z�$�Ν�����ѫ�*�/|6JE�m�]]]��C����_ط��#�O�<u��8�a��ɍn�����ՕJ�����;o�/��?�Z5��9hU���S��k?�ȑC���sW�;�T.�v�����[��,����#��f�R�[r�w��}�k�?��(
EUghS�8�s��}��EQ�V�ᦍ�7�T,m۶=��h�A�ҩ\>���588�y���c�W�\9���Ԕ�Ub�\*U�fs�۟9I�D��۝���pa�l�駟���:{�L.���۩�PE�{�oJ�^��,�����7e�S4��޾n��fUQ�Tn�&�&*��d��r6��߂S����3���'�����EQ��d��|wO���T,M
�r�{�b�8::z��H�A:�Tu����h�c�?}�������������tA�a��Ύ��.��p!��ٴۛ5��ޮ�����h��ǏMƷn��2����ɓ'�x��R�8��l�~*I�lޜ�d7l�P��z�/]����^+�����׬�jQ�M���٦9������ĩS������eQq�%qr�S�R�V�+f�u�ևz���E��'�S�T{[���k����̴s���ċ��&�u�6�o������M�B�Fڿ��������N�I|���o}�WG�.|�ɣ�>�zpu��$I.^���_�v�=���b&K�o�YEm�mN��^��#�SS.�re�;�_3����cYKT)LM�������@%�E$����b2��]���O��//�y�{�S3�F�]�>�T��n^����N`�[��}ob�FQ��:<\M�˥roO����߸es�V������9N�۶�޽;��b/�̒$)�'O�<r�ȅ}%�f�N�����R��=��$I�dx��C?����&&&�>x���$�8�"��H�I)iiά[?�s�����c��
�8�ri&�/>n�ࠊ��\U��Z�d�v�&I�J��I�$I�dy�W�k����M|���ᖽI���a���6m�400P,�33�N����AA�P��I�}��N��\�N���Q.��ǎ���+�.��� EMU�ؚ�a�2'���@�F��??y���?��ß��`�K�һ���я~TMZ�:0�Ղ13U�򗿼~���l�w��$9{��K?�a�0�l�К���_ԙL&�ɘY�P8z��O~���ѫ����s�M��&Ibf�\�_��;ZZ[�E�\.�J����:�ڌ���t���޵j��;Z3p���H�9������z|����+��.���ffv��jf�W�~�G����@{﯎����ۣ�W�����ݨuuTytt��wN
ՙ��j�`Qyp�CCCK�s��9{v�[�����:�����~��4iϞ=�=�[�lrˈq{{{�y晞��Je����sq�DQ��ٹ�0���p��u��K_���޼ys�}�������w�}���K����0�b����+Z�^��ιuk�~�_ݻwo�X���zۦL8���.�6!@#&���͙��{�n�`��f�ŉ��Ba"r)�Q1�^�����xo*��ן�ft���13+��\��ͷ��v��k�r��qezjzrbbz���fj{���U�Jj.Ɖo�f[[[�s��\�\*]�/�H(f��)e�Ƞ�!a������������}�7��6455-r��NMN�쵟��7�������n�f�*�z�S�?���Vv+�J�r���?��?��(<��'�򵯄�=�EEa���Ƀ��g��R�{_{ ћF��$���>�����W.y�0�>��o~��ɓ.t楿���G���潬X>h4������5��~}<N�%���T\�v�\.�Xu*Y�n�".p'O��ޯl�����k׮�_/&��r
1���d�;:3�왳gf�3��s"��|���RͤU��2�F��,'����'�/\0�f��<99u������s�P�M頭�#���4��m߾��~�k��I�VˠE������57�d�� �}�ٙ�̖-���LX���;w����ڻ�&'DQdf�|ǖ$�Yh�������2��ׯ_���}nh�p�R��֭[6����e��4=5Q���X��=�Lf�\���$�2��DUͬV�Q�8N|�477�w��n��̬X,���y�M���m+[�����vA���"�;���ǖ$����r��J�r}b�4Sqa��SA��{�,�h4�7�����7�\�����{��ݹ�vثT*.\������Ǐz�T�"��q��3gb��N��?��_���;Vj��Je߾}���7
��3�>���=��L�'�ǿ�W�|�?�>>�H�d~�TD*�JSs�S�z�+_�bOO��ŋ��O���~e�09���ē����k�,��T.��&�+�ӅB���s[6o^2���������С�FG�FQj.��jT��I�:|��[��o��[�Qe3󉟚����*�J⭶��
ijn���:v�x��� �=W���z�лcc��K�wGQ���>999:z�9�*gVj�����H���iN�Iif҂6f2�%Oq��r��>��К���ף0�٠֬�@;�$��rk����ιYm�C��_��_,�K[6ov����sR����w�s����T�;��UpH�r�9��ޞoiY��[ZZ}��0�����׭������F:���Kg%.%����U�}}}ˉ�����+.^�>>�au�L�LU�ɬ�����TOOOoooss�=������ĉ�'�$���\�h{����+W����Y�ez.�N����cph��m�j��G��:::����?�a��,�h4�?�㏿��w�2SH�t=�����֮]�䉪z���_|�W^IgR�
�E�VͣE�TU}�>�¶�[S�Խ�6I������'���O>��/�t�8s���������ֳf�F��8ٴi˗�������h�������W~�
��'�ү@�CB�F�p��;jR*I�X,6��֮_��ZD�:����/^�855��@\V�t�bS�9ߒ_���
(����cǎ���nܴqv�z%[8D$�δ��NON��\.;�j��"7J����={�lݶ�#վ�%] r���Jqr�f�g|x��@#=�޹Ӈ-���T,vwu�_�~���;33s�̙�G�NMM��i��d.�չy�I���[���q/���_�z���.��Ck��m�V��$IƯ_���["���U]o۾}x͚t:��O?y��W�ߺk��,(�_�����k�G������D��]:��Lqzz��ږQmEQ{{{__���LOW7t�S'b����]8_*�s�|��+/�̦��FFFD������{�ǟ�;(�3������D�*������8��(�Z[[�\F&�)LN&�r�����o��,�
4�[o�����K>P�Jwt�?��C_���2�̒��A8�]�ދ/^�y��7�T7�K2�̦͛���M�6������r��Ξ���nrr���ƍ��0��'^�0����=99��|�4N*�}��<�L_ߒC�q���g��8r����o��NknA�F:s��������tq�V"ߒ������~���ץ���(���r�����ONM.~�s�?���x�K_�Ҏ�;3�%r�[x�����ε���5k|�-�0-���:z���Ο?�A�����\��SO-@�蹳���NKsv�W|:��HΝ�r�t<S��l�TT�9��ܼg���L@Wk1*q|���s��MMOA����a1���*�J:�޺u���@���h�����k����xU�����kP��yv�'O�8{��daRzf�JE��7n�FKL�x�;~m�Rk�y��uZ3p&��H��ɫ׮�xfFc�DD�l�P�����v����Yr�WUSQ�nݺ�Ύ�'O�8q2�Z�\3���~sߛ��ð��s��M---a����fV�+�B�R�tvt��]I/��vtt^�xizz�Dhy6����(�����۳�՜sa����%���D�F��־}�{ΗǓTu[@3��{�x���>��-[�,g:�I�Jk�$�y����A����J�ڤ������$I�ikk��-[x`ז-[�����"wI������������?�y�fuZ�}�nw��ۯ���y|V�����sι���7B��K@v��p��h;�t�0m��q���h�m��:�h;�S�t�i�S�:�qk�
*���e��D���ɽ������s'w6������>�}���뜻з����-�pX��c$���F��i����g��ъ�w�����W:��
:!��@jnj���7\���Dƪ=�u��ߟ1}�6���|�̌����cǎ��\���hm�ķ�1F���x�[_WW_S�=7f�g����i�F���O����7�ǇV��TK8|�TMSc�RJ��Z�m۱h,;+����7W�����f/�ך�d̀�@�������X��
f㉲E�bt4S"�&�^<����������S�����m۲m�,%J)��6""J�2F+%J+1Z�44x�*(9꒼A�,��,Kٶ��}���=U�{׮p4<t��%%��e<~.<�=������8~��Z��F��l�աԴ!Æ�5�W;^u�x���EFO���j����d������BJ��E���~�#�n5zt(���l����]���p�����-�����x"F�%FZ[���-""�`P������d���X�JI�����������-K)��)�Pz��b�}>�v��a�NFzjzFZ�ֶ߶ň�Q"�(�sb�L86Zw�Pa�P0�����g�@G�H�^~��_?�Ţ����Di�#�Ȱ�C����+n�e�eY�`P)u���{n��ݶ�XJL<*���u�t|���FD���eeg��R�R�23�NV����N۶-Z���K�^wg���{���7�y���B��1��\+�h4���6w��7�>��Q?~��W77�V}�֒�+HF������Bi&[>�5>mKQ����ڜ8q<�9����׶����c'L8v��S�Ǳ[�qHc�M�-#F��m+n��r�l;��V757���Դ`J��%�������R�WG��k;v(�z�blۗx�@�tF��4yҤ4��פJ�R��j�m<�����[��3��s���$;'�d�O�V%n,���,۲���0��{uψ�����z�h#b���i�fgg�5�v�~m�Q�F.��1c�8�Ou���<��?d�P۲ՙ�����L�2����_�@` ���
���*�ކ�ުl���{�7|��!C�ddfڶ�ˋ\8x����XV~�dU�1���1�c��5�m����F�k��E��:%%�����鳈��R

��9>_�:��JYY������d~�?-=Ӳ�q�D�h�_��7?�37nv��~㤣m���7fd�oY}���:�[W{|�䯟|c��h4�O�7�!����7tذ�}��_���}~���ｷ뗿���O?eYVr��1��4 IDATP��.��O~�J������'�oz�������
�@` �Q<g�\���^9����"Jk1������ɳ��R��Թ����aÆ�ۿ�3Z�Rʲ,K)���۫��h^n���Be���MЩ��Ç�v���cL�"�ց@`ԨQ�>s�/� _)���@` M�6-?'S�n�c�ѝS��lc#ᖖ�ܼ��`$��n%=��W4dH(5uĈ�G��bD�X̍D"J)��X����$ڣ��r�b�-*���aÆ�v/r��3t�+��r����1IsID���mYy9�~ߙ����'N���8��K�@` im�����T_�q]O{�ڈ(�aބ��E��*��`P��#���{?ZD������&O�,"Ƙ�������ǏGݘ2JY*�Sl�^3)z6""F�刲-+��������b11:%t|~��+Q����KMK��uxZ�6v�ϭ�@` =���?����і���b�i_�/�Y����~�_D,�*_r�-�L�29==����y^KsK���~��ޯ��s]��H8�
)��ؖe�SrQ�����Ƹ1�����k����k��ׯ3��o������{��*�&�e)���y�����^qŧ'M�|�2��x��/4�T��7��_�@2h���]2����D�g���DD�2b,�L�J,#�$M.;��[o�s�8����/_8v�ݻwo߾�����jN�RRDTk�R�۶���V|D���������~����񥧥���h���h���_PTXh��˲B��J3�jj�t��u��ѪO�x�ƨ�aD��G��a�I䭖%�}"�������/*,���<�)�h�c�h}}}��S���h�Oh��1��:s=��Z��R���Y�JOM\X0lذx�t������O��l�6�����D��Z���.4�����jll�>y,i)*ׯ5m��@�������1+��m�D�I�n��U�����}��S�)�6mZf�$іe���`0Р��mc�����H}CCcSSScS��%�ƪ�O�:u*%p{��a}�zTs��?(��#�y�ewh�)<��ppo��ɱc�,h\0�H;����'��iG�6Hi��㙰_0�-bbn,�5���~�yy���~�6�BY"b�2J�繑H���qϞ߽��k��\s�5SJK-�7�/��ъ��lغu���,Kuz�x�7sƌ�ܜaÇ��j{�������r�Jg-诊���0���@����-���i���V"J)Qb���,AaĲ�1���]7����j���Ai���s�-K�`0��i�]���m�~뭷=�%�:�TMMm]]̍��I3*1F�_�R�@ %��՚����33����h������q�*����lD����&ޏ��2�}<G|m����s�^��`pzZ���c��1��F�;n������ʶ�~L�����ږHX)K�eD'����h�u0%%;++<s]_���X�Dg��_�@2:�0���ٳϮ@�;��������r#J���X��RFD���ؖ��؎///o�ԩEE�~��oK��e�<Y��oF"����͘1#�������/mz�����J)%�-�sH,׋��敔L\Pp��c��v��fՉ��E��@�!��@ڽ{�SO<n[�is��ge�6�eD�ߧ=Oe��99ӦN]�hф�����DWu��<������ohhX�dɥӦY�_f@G"��������꣏>J��N����i�n���3��s'����jƘ�'N���>�pޜis������@` ����fgǚ�ŧZG*+cL��7�D#b��@�
�F��/�'JD<�-;TV6�l�С�YY}^��8)����>�t�~h��\���V�
�����LkWx��-�u232SC�3^͈��k����z70�̀�@j�;�Tsҍ4��tKt��s���1�MӶ��"&i��uKs��z�С���J)����s�����1MMM����999���T�vX��%�8q���N�؎�������<���������_P���T�I�m����4��k�E4�~�o�O�/h)}���&�\��+�(e�RB&N3ztvv�:�yZ뚚���y7���0>?/�?&@755.+{m��Х㺱�Ç�d���gu�=o׮�<���1c�p�@` ����'yX��Zc���Ϫ��s�4�c�C3��O���Y�fM�<y�a)))���>|���OUW_s�5S�L�Y�y�ڝx��w���^�n�*_h��3c�����#G6������/���]�)W/^Tr�>,8h��#F̚5�mnl�R��ӝϏR�h��e)��U[SS]U]0xpJ0��.iYVFF�رc�����yNn�ӭ�T�.�D�zބ33{5�ڲ��!E�h$;=T0��_���h��#�'+�U���ΰ�1���
1�?{��:.:14���(�Z{��m+��ѨR*-#c���)))J)K)۶}~0������ZWWW�߿/�:t��1�m����Z���WTT=zT)��v|���g4�c|~����srr�~����555������ƴ����pĘ�}X3pt@` ?Y��G��U��h��3eK�'�-�-"�X�h[,�~�m�X�t�x��)%Z�S�u�?<�O�q,;
e����奦����9�m[����kcbn����uc�H�o�o�H}}�;�s��m�K�-���eDbn,�N�tZvv��gcLcc�޽{O;����H���4Ҧ7��}^�'-*1j����,�����O�D���O#mgڶLI���:t���cƏ�0n�؂���P(���ϗ��������p�ԩ�-_>n�x���W1��y�>������޽'>�����?z���}�{C���f$ٷo�w������D�ÇY�t�7'_�'gD��4s���E�$��2{��tΝ{h�N�m'����S��y1��ܜܴ�t�ߟ|��8Æ�r�Ɔ�ɓ'[v_�@hYVZZ�̙�Ǎo;���u(�b��eY#��'�<S��Jff���s'L�i���>y�*8#h�Q#G�|Ƌ5ƬK�t\q�kv܇{���ZkcDk�=W�8>�v�����Ʀ&_���Ԭ�����C��V���<���������033S)�,K%�m�=��BC�4hPo�V�b1�ϙ?�Xb�JX�r��f�7�0�N�8���Ö�z�A�������v��S��Α��k;o6����v=�s]���T��i�ڡ����JOK7�(�|;���hEE��~�����R|>��,1�tyƘ���-Q<v���\9�}�ᡷ�z+����V!������}` m���C?�Y4�5���a�7�9��] ��{�pM�;��2JDDEb��Æ���M����]SS�y��������euH��c"������/���I{s����W^~�?��S�N�����)�a�gJg.8����#��@�:eʟ|�3-�jL�RZ%ww�u�,�S�d��}��]�""��A�&N�(�:��ǎ���7v��I����m�1��Y��j�U�g���M�33�.�B)Q1O�fM�8�<zO5�D���:�qy�����[$�J�����<��Ç�� �nc��hcCc��S5�5-�͎��]�,���D��쬢��윜NK#v}��'NTV~RWWk[�(����쬂cέf�l������CＵ�V&f�����oF��999S�L:t����74����ܹ��hE4�m۶�����:L?a�Ӳ��zs����{�m�ZQQ����%Ji��3R'NO�����6<�L��1f�5������aÆ1�.�g�l�p�#����_�����?w�������Tc�����bn/o�yޛ;w>���e~_�P,K{���A�Hx���>���sF��4z��O]6�������.�W"�hvv�����uv�s|Uú��Ç���q�%��N��{���=bĈk��633��w�Z�47�(\P�8v|����ܬ��Ç��`�<1){�fѮ8)]K�(幞R*���Z���1��c"�H$�\O�8>GYV���E$�i�m������e�&�ό���3F,K)��1J�ѢL̶���{���#:�0�6o����7�>�RJ��$>�"�9��T������[?�Sݶ�]?$�v�u#��>'�k���������^u�U�c��]׭��-++��{�TnY*�#[��e�R����hG����y�/�tZFF�z�E����������]7�؎�lcL|Nu4⦧JJ�^�dY/��'h���?z���č5k��i_�����}go>��
=]J�vJ[m�[Z
��R�,^lL�]�Ƙp8|�Ї��ݮ��}o�޽ǎ}bٶ�ؖ������Zkכ9k�R���{�>O�8�m۶��� J�����H�-�8W��r��!��@6l�����ƺϲĴF��.�צ�����X(Q&q�eDD�I��&�3y�I\YI�<�t�K,\0x�С�R���a��D�'N�������A�
rsr���NhD���1>�o�cǎMKK��]t湮m�cG�q�>e)Ֆn�y�pPΐ�!��p�������i�/Q)��Qȿo�ց�?5-5%�b��/��S��u�1�H�����<�q�>�0���v;%%%>�ٶ�0�#����������&�,�S/�6�W&5�f��g�h�W^~yۖ���*�:��I,���I�J��m�#=���v��C"��iOn�c'w��ynjj���ǎ���������XWWWS[���Ж����K�RJTOWk��e�p8�J�9k�5�^
�����^0�TUW=��3�۵�u]�q:%�'�i3�MZx����G��t���۷n��M5���=�=ϳ-�q�H4�s���ϱE��<K)��D����i-"�?�8��D��+"~�/�J�c�-ш�v,��<��NZ�۲,eyZ����\W�ؖ�z�6��s�1��>_$Q�N�X�����|�Դ��Pj$�<���y^,mll���h���縮+F9�-"1���hTDl�RJE�����iOkm[������W24�U����>��S��͡C��W�@�u]#b�V�>��E������
$@` �L��t�2mn�%�i��˲<�-��(���:q�XJ�(m��v,�K��ڈh۲Mb�@7�-�zqǲ<c�u޴��-Ƙ���۲L���1F,�D)Ok�RƈRJ)�Z����ض�8�m�hԍ7~kcDm)����X��i��VJimlKi�]��<W{^nn�̙�F�ݩ��L�e��ܼ���O�2Ųl����bc��6�����>~¸>���0���H��O�v}in̵��:��(�VZ{bĲmm����g.;��y������6���6�X�2�˶�1Z˱��*#ʲD)��l���#���%ZeY�h��m�F�֭�纶�c��R��\�R�(1F��Ӟ֖�ǲ��=cY����y�e����eY��c��J�eY�hԶ���P(5d����LKK������p����ԩSuuu��vlǱ-��\˶���ף��&ਬ����K��'�����gϞwwnK�;��-K�1"��jmߍ72[�1F�Q���Z'T�>Z)������H��X+%J�e�R�����o[�_<P�o���,1�Ŀ-b�6JY�s��X�2mE��x��K�֖X��,c�(/ƈ����ܼ�SKG�������G����o���l˶��9NJjJ����[)K+�IO)7�4��o����E$ܢ%i=�?�e��N��uKsrr�3���ѣG�x�x���JY��/��w{��A����9�_{~��E���hѕ�sӣ--&o��O�Enݛ�Y�&����z~��N����鿫:���vc1��1b�NjZ�tҤQ�G>��q|'N�e�-"��[��]ߪ-�n/��&3=4a��s�pn�0���M,�`�h�IQb�ɭ�뚶�]b�N�����t���]��-6�:7�sa�=wv]�M0%XXXň��`П��϶��󼦦�O*?������N�b9v[*��%_��
�
���^�� ��@:t��[�߰ń�Q�r���=���.xV�)%�(�����i�ǌ,,,���S�1n$�?~|ǎ��;�ضe)eD��*�� c$7#mRɄa�'�����B����;��׺_655����i��6�;:�,+7/w��Q��S�Ok��Z��������7w�����董�H䬾;�h�g��v�������Y!��@����F�k:U�dRʘNC�{��l�褝Z����g�t��;M��m�2o�|��rr�e�6Ƌy"�(��I.�c232ƌ=z��ܼ@0���-뼢�X,�.�LZZ�mY���4�jO��S�F�8��gE5�D���:r��c�$V�V�\���ݎ���4��{yB'm�іm�S����sǱ-��Y��󥦦����|��|W�N����mllhnn��>�/>�Ü���N�������]4�up�����޻���˶x1�+9����IKK�0a��_���n;���w|�R�|�;���t}}�������Ƒ�?�Î�����3�O�J�����o}��pSCD��D�Jn���!%b��ܑ�ng�GU��.'�[��у�B�@0��|�e�j��z,=v�W_}��W^���"�ş�wJzKFD)�<=�pPF(���Kz@��4k�����N�ڙ��x~{�����&霮�;z�ZT,��͝:u�A�z]��<O���TSS����s�1ʲT��ޤ�m�Cb����:�dB��$c4R]MU�c:���*1b�4�M�r|��3y�s'g���P7<�sr������i�|U;V_[�D�6J�����<��Ӑ����t{��j�ufZ(�`x����i�M_x֍���"ƴww�O;~��и�������M��Q��,<�S�u�u�����>�6"J��pee�[������j%bێc�F)��*��:����|$��I�7{��lu��������'-MK��9g�-�md�·n;|�/w�o�9�uc�`����󼳯�L��b����m۷o~e�������(˲z���ƚ�'��b�3"��@?~��W]�R_�b�"Z#�N?2���t�I��Sl���`ʄ�_�ʘX,���õ������c�y���r3JJJ��r@/0���T}�I7��Y)r�Qk�)g5u��qݎ�0���Zgd���祧g�c�Zk����hss�S-�����Zk��gY�R�G<�7�i�%;#-3�y���H6<�䣿����K)K�\FM���E���gv(��̙s�M7-Z��<o����ᡲ��~{붭{���âĶm��R*���|�+������AW/��K�~�<�z��h�nK4Ӗ:�/���5"��j��g4F|�FՉ��w�عs��?~����h-"�����Ԍ}.O�e�g�y��#E��4}��P�il���7��'Nc,���#J�(��'~�N|H�iM�C9�:"J)1ƈR�u��5'>$�i�#m#���G>j�sx^�i1b<ϋ�nVN���%C�U"ZL|ش1��>�1JT|eE��eY�SJT�U�s'j�?�2F+e1��,��UNFh�%#���N������'Ǣ�FM�c#�$9K�B���}��Ԧ��>��hBa�� IDAT�qM[7�Ji�B�%�k &O�Vm��^^{:%%%�%�Ie#b�1�x�scn4m�[��[ZZ"���z�c��^8V�*��ر˶�}��7o�q�TR?t�#���SH�v�-AG�d�����h�m۷��ic��و��r=O�8�n�8�cYJk����pĶ�eY�6�����Ĉm�1�1�m���@4Q�m��u��`,3�X�-��bn��7F\��9��=Okǲ-ˎƢ���s=��mY�mG�Q��_-�vK�H$RXT�p��e�>�q8s<x6�ֱX�����������G�>|�ȑ�'O�c\�՞��q|��:>GDEc1��'F��g+��sZ"a�ϧ�ўVJ���h$b�v|F�eێe�����l'�8�OYJ{�6&�G#۲��<O��'"Z���̹��/�y�������Z�]�"dt��4�_@�4�_@�4�_@�4�_@�4�_@�4�_@�4�_@�4�_@�4�_@�4�_@�4�_@�4�_@�4�_@�4�_@�4�_@�4�_8].*U���"�q��Ң@�ܛWLK�~/57V�(��XDD���G榧���;oϺ?��Y�����e��[/r���4��w�N�����ū}|��7_k�����B4����?Y��z��j���""��Y0���w�?��ڶ����}�����ǫ���ڵ�7�:�|(�x��nZ�tvQ�$�侃�ED��'"+>�{@W=u�wnk�\�_[o�6���#8�P���g�{sb��_��B��gҰ{�W-���/v�>�Hm������uK��e�P����n˿>��ѧW���W\��."�w�~����Q{������ލ��'��9Fp I���j�/�=�)/?t�����[}˸�ͼ�>��T�����ev���M�5s�Д��7vWT��oo�������&�3��UI/qlޅ*8����lZ~碬G�<p������>�5��b�#�%�������0!=�}��H����'���Oގ�tÕ��hѭ�]�z���t�����)b.{��*/pA��]o�I�\������@n�[�n}a��d:}��8�p��UG��s�'���C&N�:i��\��Z��O~���]�n~`�n��tN�����珟>2������'�����ɥE~�6����JD$w������=>QŁ�w��]�ԋ�{���䎺tr锱CB��n�I3'�<ͭ����ؽ�hSb+�p����t�Lr���3���N�E`襓�����-�Fá��U�m��)N�����moV4�HƐɳ�̝P����h��Pūk�}��n׻K�|�������N{�=�=���{.�Ԥ����;���7|�/ַm������'rԼ��_ܳ%���~0�ſ�ˎ���L�x�~��EE��9�������'g]~���,9M1^�'����_��M��������U�/|�s�k�K����װ�5�~#�5�[���C�͛���Κ��_�\�$�s�z���=���l�=��+�ڶV<��'��O��e�/]��Ͽ4��o��#8.6e��^��ݧ�"Ұ��o�����n�����?z��h���7�][��9�?Ϡ�ꕻ��k�)�|����N�Ev?�g+�阱��H��W~�C=ݤq��W��n�g�V���W�{�����N�49��s��.���;ʫ#���yw�>��y{��5k�u�ߝ��-�[������鳈Dw�]�O��fp��#O�����Ӌ/_q˪շ�Zy]b�H�%��p�mk&%>W�������1������̖�Ys������me=+��ۓ�S��z�S�(;��/"Ҽm�]� ""��|�Db.��iKV޲j�-�V|zl^k��_��s�w?��������[����-�1c޼ϭ����|�`EC���v�=k�a}�טU��f����=ћ˜�o��my��F�{�=V�?L����T�ܼ�mc�O߳$/�5�.Ұ��־]��ǩ
%��z�/W�.3�{�/_���i""���DnX�����m���������]5��/^㎵����-,��;�1�5
o��������YP�9��޿�ֺ���""��O��Cn����e���;�����f�y"v�(���wn]v綮�;6��T~p�c""铗|��5+����U���Â��o����;W��c��Y/�>R���;o�~l�-��_��{���Ӆ}[�;~�H�A\D���T}�v�FAn^�N���%���[�fu�^�Қ;nH�׈>w�/vEE��ɵ&ZS�+��j��ǶE+~��ճ�i��6��5+��:�X��qǫ��L����f�"R0����mA�7��8ܾ1tpN���Ȝ��Ѫ:�;���=�����C����g���4�~�޿X����g|Q��+ے6;����+��G+{9����E�X���޵ll|y�@���׌M:�����o�4�Ee����+�oز�`Emc���3E����ب\�oO�7������ݶz~t��bv(i�?v��nO,��Z��̥��v_�˯�����J���q��X��w˫j��ޤ�"R��o\�d^����ս���H��U��i��s�_\2���u ˞����t���}�&m�_��ӛ�OZ�gc;�;��-����v��G���7��c�E%ﲥ׆�=�:ӠqǺ{v���獛<�SKn�ai�F�._�z��-ϻ����AmK��Y�4�/�5��W�E��?�\2��i���"��!�^�j����������_Y2c�g��t�ܑft2�?�dɊ�%+n���������<�����~���?���4�UWv�<����KFJ�Fy�����CzU.t@\\�.��u�-�f�C�������/^}�7�i����o�|�}�����@���׬���^M��3��7xr�ƭ���VLu=�X�o���o[v�����
{g����`يۿ����\��9^|��i���_��8[t@\l�o����6��y��o�~��`Ur��?��~4���O7Z��|ۂ����a��;�<7��W�G�%#E���K�a�uGy��<�ڟ��|e�ooy��}��]�Ҽg��Y���&AgO��O׮��`px���V~����Dێ��j��s�pz^~���U2�S�����6�\@\���<�*"i��x���]�I��Ww6^����""K׬Y�emyێ�k����;�Cڐ�}���w�������};O{;m䜥#�,�'ȑ���7����7�ί�|fˡUN���/*�����z}���ՋV/9�ЏhC�q�#�0��x�ղ���6�/]�<���g�`E?0Fp\d+�;�
��\�z�g��44�i�;�7ݶ�-w�p�M�ZѮ���LZ��6vHi#;7�����DD��e�;�d�~~�M�گX�����ٹy��w.�z��o�u$iMȄ�O|�;��v,�:���L�����=w�'$~�ڃ��m�3����~�skO.�a�MK?5�8/19R�a��m'�G��Jp��_��m�m�"�7���S�J������֭�s�Z=�f�Փ��e����*z�bd��e�������.]��ȱ�?�w�Κ;򼛛{�񥧞i�޲�-��IYR�(�59�������w�F=d��4�#��7�.��`[�z��oߴ������ ����y�~�ʫ����O*^uݔ^]-}�k���~Ur��W?������M�߶���ぐ?��u-��-�<!"��]��ٵ=];p���`�H�֍;�W�����ۻ;�x��WO:�m�����z�-�꾉�x�-����.Fp\L*��:�)��w��L���~I[�?Z=��������fz7���6�MV����xy�!xZYK����g�n��v�s�<�?kJ{�o(Y��u�Z���dM���\3���\0t@\L���虩���WO?������r|~͚//�p!2�>������_w�mU�ݾi�W�uך��gn��+��oڰ��'yj�K�Vw�x�5��U_����]� >oΪ��tsŁͯ�f�6n.��zJ��O/]�ś�O��t�$��K�������lٹ�Ó"�;��W�+
���q^6pᩦ����".��Ɔ���E$�;꒢��?�~X/�PUYv��?d�Ȣ�@/�c/����<p�^$��dX^z�@���Ɔh�������z�'�'�㷢;���+�J�m?���7V��G��9 ��P5�p�UO޾���uʯ�޸���DYb3p��7�1��s��>E���\�n�{w�s�Ȓ�����4�m���Ƥ3�������L�c4��iߋ�v�m4���\�����n�c%�3�5�8'��u�ܼ�i��]~�C��e�70 ��!�V���u�ooy��d���Z�@�ؑ'_���]3i�@/��?f��~�@� ��h@� ��h@� ��h@� ��h@� ��g�@�qc�-���@z�7���#Cp1�5�[���'�c��|��_��/�X�=���c��Z�]�T��u��Ȧ*għ����c����}7����ܢ��+�zw�����3>�����w��f���f��3�\~ z�{?yk�w/=Е�o�p�9�i�#��n��//+&v���U4z�������^��"�6�h8���W���p�_���� ��p�D�1h����?��}viR��.s�5��(��pQ����߳y�_���yi�:���[�=����&_Jq�e7/�lDZb���jO�c�`~�OD��Y�om|vǫ�Mͱ�PN�uKo�?<�|��������Ys�9��7h������|h�+�?����ͱԼA�v�^�8Z���eͺ��E3����P5M������^{͢�.6j��ǿm�H��V�����6��4�u��{���|g��o�4�a�����{�W��s%>��Ѷ�<�vИ�.����|�C%C���7�i�~Ǒ�Y(W��z��W�U��7o��޵���^���{;?ihj���e�[��'wx����y��}��4�R�G�^�|qi^�%�j���_����⑋�^��8�̇���w������7~~׳���_^���,߽,��G^��d�/u��e7._XL�h]C]����a������ǁ�}��g���M��5c�Ɠݜ����p���qs�}fᒩ��6��ve͞U�֞h��͇���M*\�=xؘ��:_5���[���H��O��ų�;>��k;�1��f��Ѽw��?��~]<g���SǤUor�w̵�3O{���{~����9�_qâ%y�/?��3�C?=)�i������2��WϞ0�8p�͗�]-�Tq�����kw�\9����5��xH���G7��҂����t�6���*�4�#.�96pA������Z;���h��OM.{�ן���7�8UuzV����/�{�`ւ�Itd��x���E_��'��������̹v�cR+w����׫�̛����C�}j��+��_�����vo��L�9�s��{|5e�m�,�y����9?�����M���^4������=��͕E�g9�~�w?y�H�%W]{��Iy��o?����.��}�|�;��yy_~�ܢ�c�w�k�)K��R�]u����5��3�ٺ/c҂�TI�vl¬�G��U���k���|圑��g�T��y[]����/8�޻Ͽ�?cޜ�!�V6��Ǐ7f��S<� {pA���C{�?`��c���DE���_򾺏w�״o�,���u���wY����ǃϑ��O��w~�Ԯy_.����dﺗ���{��o�5����ۺhKK��w�zv��뇗���o�dSc�ʻ�rѠ�^}�dC�iɡ�}�f��w�\o�9��8��ooظpܵ�E��޸[��߿Z1�i����7׹��{�ַ�]���{M�����khu�{oڸkW�����oTʌkV^ٖ�v-lƼ������ۦk~�\t��eC�Z����i��]���[cE_�z��T��n��E��+K���9o�]���J���Y�q߉�����{f��������6���q�����|i��3.��c�߻�2t����ŉ�Z:��k�j2C"�]���m���_�<ޗ]Zzٲ�'��;4kμ��힇}u�_.�쩖�N6���vxki������6�-�qd��/��+�޵�Xѵ+�Pro������ޝ�EY���ܳ���2�(���1�5)�Ҵ�\N�N�m�S��+�2ϩ��}ӎv�LOj�e���J��2��!&*(������bB9���?������s��p��\\7p�҈������,��oKjis��x���m7�L�����퇒u>���R�,""~z����������w�в$������]��M���M�y����p ����p}r����u��b��%��[=���m�*I[�dVs@Ѐ[C�i�[�W����!]�`�����ޚ-�G]��;@�q{�q�E�x㨚�g�K鳈���"���JkJ4�K�ؑ�7�/�_D��vϘ��׻`�~����Aa��X�ͨQ�CC\NbkaA}F�5��MI���"yv�6�/�}��x���������C��ϧ�h2�D�|N{��'�'�����S-"�9�%/C$�U`5Gն+;�.ړ;-���Z�k��:�!b���czm��������+"�S�����������YO��}CO�14�c���>oz-y"�!A�[A!"q�"�ˎ�����[�c�MZ9�su�g�D�VDĒ�!޽���6�1�=#=K�u�ρ�W�p\��|$�PRz���d��''�"�PCuC��f��0TWINn�H`�6�[D6�ɨ�f�D߼R8��S�5�p�#�hJAE6�ϕ��g���Í]�Wj���Ϡ:��kMZ��朖!Q����>"9����"">5翵�jޱK��J-=�&iQ:�V5����-�Gw�\�"�X<w<����z�БoϹ>ak�9iǢ�X�]�Þyp`P}���G�U�ު.�o�_�">a�i�_q��Dkہ�]�(���g��Ό������.Q�C{�Ջȯg��.=<����x_>w�����]�@4)��H�M�k��R{O���d������We�N�ޜ8����*����/����I��}iNt�w�{�L�L����c��cDĞ��y���m�w�,}�oP��qQ�E�87eݻ��{�C���<Zճ?�.�z��V�@��5Կ�qź�����̱������'���Jfz�]B\S\{A�HPs�K�Z��؛�k�N�>w��`d�"��$��k����Yr�D<����%���+r٬do/�����֥���*bp�>���4P=րhZN�.�}��]{�0S7o��-{�0�F�"��zTb��i���қJK��ei`߈�F��o�^v�+�Jޚ�^e�d�E�]wiQ�;�=+�r�.�����,��k�j�����eO��8���%ަ�3l�~1�%iC|��I��c�W�����{ʾ=�s]:��hchxi|)�.g5'$�t�Y�v��.EC IDAT�hqi�g�Q�� a�n�r􇭕nv��x#�bY����eW���=����ٻKi@_��W��{g���)�F[��}�r�/���5�y�hWtp�O?%�?|�K�(tx��I:qh�ukv�Z����("Ҳc������}Z���Km�ٳ���\��O���C<ED|��lK�lٱCU�j?}���4�[R�Z��l�Wg��-��>+[z��-":�lܱ���NA-������ş-��%:��
�~���|�бuKu��fM߿q��+N�ܽ�ؓ�<��u@��ͼ�����oW�tԫׄ�������V��l���S�.�>��E[.\?|L�6�ͽ�j�$���8�m���8=��y3�!��w�=n��#��߶/x7��W�3�h�q1
U����u;�'�~���K��[�6?�1aͮsͻ�T۳�,y�s�&=1��#"":?9�e{�%�Cg_�9w`�G��z�X,~�n�n�4w �C�7�Z��d�������N~^�)��z�Z��]>Hˎ�.����Ӻ���^j�5}��s?��zPw�OHW�#���؟�ש�^�e&�����z�m�I�o�w�����y�m�Sۖ��4�3z�c7jED����lIN���Q��c��rK��bQ��H�/?��X~-��)�v��.]�����������]<������k��_`k����Sۿ_��hR�Y�Z_}��4���Z{^��ۏWM/�y�������i
(_���W(���6��'��Ă�l��E��f�ED4�cF?k<��2&�>uh�C����al�ٲJ��#�<x���J�Λ�.\{��^V�'��*=�oM�-�0�z��׸E�ټ;��@��G��0iHȥ��Ud'.x��-�5G�=3�P:Ȃ�.��{�ё�+<7/}�̏��M~���U��6/���ZZw���[�,��wtŻKV�Z,"��GN�wl��N[0�("rh��%�'|91���[S7~�dI��^:Ș�d��qX��[���L���;S�������$h5aѣ��5��D��Ԧe�~H���[&<{{�<ߑ���/��W4�GL��i�C.?I�g̎��T��H����]�zE��~\������?6k����h�&�Qh��ED��ּ���j�;j�c/���۳��V���S���ZTC�Zv�֯����&����Z�F��j�z�z^�x�[�rƣK��"����TM���-���C_����,V����\W�fI�=��^�-��>T%��8�~��Ql��v�p�!�@����?Yç�xwhc�\5x!�ǥ��!]�7'}\�����ϴv5M��ϯ}��,�p���4�-�nAph�[@܂��� ��4�-�nAph�[@܂��� ��4�-�nAph�[@܂��� ��4�-�nAph�[@܂��� ��4�-�nAph�[@܂��� ��4�-�nAph�[@܂��� ��4�-�nAph�[@܂���.\e���z>6ٵ%4���љ�g�N�����G��r�ԙCm�_�kV�~��S�T�Z4y���_N�����SK���J�Ϙ1m�c�J�����I��|��hP����d,�Pyy�d�HޡE��߸5�|Ga���d�0�#sw��+�j�o::t|�?^��a�Lz�9�c��eO�|hڬF�?>0��A�������'��7&Z�7R�}����������Y�v^�����b2�L&��Q��X�_��E[�`\��@�jX�,����[��D�|m���X�O��Dv=��P��A����a�p���:)�6��t�܆�,�������_�U,��c�f���m��:8��EGB&���xlb�Q��q�&�����;�o�3�!?����)[phP��O�zihZ��I�__���̴C�o{(��r�����7�K��W�YD<���o:m����*���]ÍphP/��1Wό_�1-&D�P��ލ+�D����������0V}Yį͐�:�5Ѐ�"�հ�Y�y�*/��Jۘ��h9�r����KB�Q�q؇O�����7c�b.�L]�k��\�O�&�X�{�ܴ�fs���ܱz}��?�*��4�������h�����qaUHٸ<I����479��m���c�ѿro˖/�m)߸��tu2����UDD�g0�2n��&Q�k��_�S|�D� ��4�-�nAph�[@܂���.�WNn�E����VR�h�Z(�V��<u�����|��FJ~���knQXd;s6[�Q��7���jՍ]e����y�,��%mZ�{z��"��4M�E�S�3�Z��2�5v-��\fn�����2h�$ր�i:s6��p�ke�j��lvc܂�&('7_�Q�>��~�:'7����&���B��UPW-�-�Ʈ4<h���B[3_�Ʈ��j��UP��h��h�JJZ�������ZuI�������� ��4�-�nAph�[h�pU{���+)阈���y��?�ܶ��I�}�1���N�;ǱX�C�{�^��F���V����;z��m���_���{�|�-/�o���Rp�=s��ǿ����pl��b����^W>؆�b^���{kT��P:�hP��f̮��W��������9��bgvջ�Y���ы�OHz��M�Z���a�����?��[�\k@����w���� ��)�M��iD��YD{?����v���������z*U5TW�x%ٻ����{��S��d���G���i����v�4yZʑ���|׌oL>""�Ž��Uq���w�u���u���sĨ{��M�dS����MǦ��!/ED>�6����`�͗Wta�����?f�w��_�x����ED~1�ӓ_��ů�|��E<��g�ѩl�u���O>yg�����4�i}?���Қ�t��D�OnX�����{�7�z��Go.6���O/~bN��7ތ��h����IƋ�>��i�/m�����HTK��p�"��3;oٺ���z��������?�'&��)�HX�l��>7w�ȓ�����Y��;@/"�M_ʨ�&��d�y���2e�����7������]��7��gt��F��G�Lx�2�O������rAik���-�=��=�[��c_�x��>{��NJ�6��iӨ�����ܰ��W������9���g����g��9������u�T��%u��WN��ͬ�����?��~���K�ǟy�I]El3��?��G����q����'/?���-8z�і�_����ٝϽٿ��<�:@���拮!�h��(�V���6���/����{�0�ֻ����̟�n��ҷ��Љd�>Z0��N""�,[�kس[�vՉH�[n������:��x�2�Z����H'S�>խmK��#]��h���<2s�%��-Z/"��q���n���=u)k^��p���*��|o�音�,͂��9?U���Ľ��Ão͝�UD�O�%�����M�Ғn|r��j�>��[��G�%�m��{��c�B��Ej�w��͘]��s�����^8��&���%v]P�̚g�nh�¼Qm*�tj9}d�m��J�Ѯ���-��.#��yU�t=����-��l;|R�{��H�V�i���C$�R$"�%�I�zV�>}E�ʳu��S�7����kE[��&�5���$""Z�*�o�AD�l�5���w�Ε�����h�����O��zm�˧*�[r\�r���[���9q�����W�ȵ�c���}ڕ���3�E�ڏ��,E��j���ᙉ�g@��]��9~���@RE���1<�c���>H��ƶ�2~����H���pΗ�{�y�e�s�A�9%Cz�������S�G�-9��/��љ�EJN�Z��ǈ�Z�HM#�ED����\.�/�d�E߰�}걮E�Nƶ����F�Q�����EB�t��&k�'N�)�����d���4y��=�0c朘�����,��7�b��m��9���)u?�~e���%'�©�|�`I[�҃�}��zs�%ߒ�o�ɷ���L}n>�?[D�{��Gm_�p[���X��`ރ!_L��׀����=s�-#K˿�n/��|�[��s}`k�����ȅ�l�G�����=�]�-9���ӿ�yO_�*���D���?����5�����K��/�֫�ӫ2j(I�{�D�_>�Sz�������軆���\;����}O>�\��u��~=��W��W��Z��ܢw_}���?/����(�s�7���3y�;����Ó&��&���/vz��W�{�����a��;�.#�N:�y|��_?>&N$����]�kw����1o��|�#=�`����=��@DD߭��G|�t>=����KW~|,d��g_k��_�巨ڒ|z<��\��Y�?�PDD�c��<���4��(�,K@S�t�t���u�f�������FR�qKl��_9wM[��e!��}b`�9˖0iD۪�,W?�͒/�>��ζ|K��ޫR�"}���J+A��|x䛭�ƾ|����ՕTb�X�z��.�)�.��]h`̀�l�yW��/�V��u[;�툷V6��{��-jT��O;�I�߾ymܹ�^�:��uz���>��:�y��e��4����A��~r���Y�֍�w`��sM%�uu���)!���r�Hv�}Z|��I;��{��]�Eħ㐩�O�ڶ����!�N[��cf[D���Mw=��#,�W@*i׮͹��u���:Ժ��n��h����Z�F<i�dc��hPɿ?~��K4��.�4@܂��� ��4�-�nA@�V����Ʈ����K�j~?���&��Sw1������.�xy��
���h����gY�
��|���޻����&���Oqqɹ���.�+;��[\\��ϧ�����Mk��s�d���ܹ���s�mZ�7v!�-��[c�ܢ��v�l�F�h�o��ժ�"���%�
�gY��Kڴ���`h�&h������kA�����صPF�Vyy��Yy�����ph�[@܂��� ��4�-�nAph�[@܂��� ��4�-�@��[-V{=���Ql�+�;�� �?���W��q���M���j����21�P��un����=�É�K�&��7g}fiʬ�5�<0����շwN�d�����ߥ�����O���??m�������q0����Kٸdْ]���;����4���dnz�����*�5DM���H��$-�1;�b�Ưk��cF����T�����`���㉱�^��f��
����IZ���%���W�9w����d�>�B�ғ֭Nʸ����#%a{R��.a*�܃�$�i�0�t�����zw):�h���������ռ��%;fϲL�5��]zr�1/< ��)���n�y�_xqL��]!c��AD��woؼ��CqwO�9��87�'����C���1�z��P�MJ��"s�B���1��k��VtN;�j��w�hS��!����S�ۥ�vMd�m^��GJ��ܽ%���S�dޟ+""�C?�z4��$7q��l��S�1i@h�oP؀;_��}h����k||�޾zC�i��AaRx�DŜh}��d2�L}�'O�ǤpI^�.��Ͻ����Q��'���#��9A����7|lP�qa����d�_����²&Um����_ٲ�����C?�xF�������#�-v����"����t��y��pS������^V��Lz�H��5W�2�E�G�lЛ�Kp�j�'�[��)�줽��y�C��v]�}�w��H�ȁQ���&Z"�E��͓&e,Y�bI�
��"'Li�]T]z��\gN��<11ٷ�ߌ&ۀe������������mE$;�H[���'�zC�H���63��}}�J�Q�s�X�1czV��F��1��'"�5��o�2醁��}���<�ɯ�l6����$,ߘ���0��w���:�03���c{֮�1���o�VS�J�zw�M�}$հ=�0��0���ߜaH�Y��0���7ٕ�鐠K�%3C����H������a��,�W���o��p�����[�����?4�FP�I��ח���]$qŲ�K����G��҈CD%��4w1w�w�Zz��,kQC{�H���W��y���GBDD:�}c?Y�i7L�MxD��:����Y�
�=iG\�u�.�=;M�1u�d>��{+#>����z�����KDG��7�+hP�w�N��܋w�W4Y���������\2sQv������=c��3��@c�$-��]DDBzG�W���l;�gk)_�#6[��z����Æ�Z�v��ܘ���;�,>d�7=qcP�
��M�-��U���qG۲
���v)�޽a�_%��a����"�WdIX�hm;pp�k�>*�ˢ��m<=�iX��h����x�G>�� ��KE��V�{�Y�R�.G��&����B���a�%K�m���yeBt��r䠘����^�#��~""���T��Щ��F�o�{���_`�C7�+*�������:�5��{p�����"��O��4�-x!MYv�X
k�؊��l�j(�(�ӈ��轜���]pր�i��Q2.JIIc������L��I)M4MM�MN�W
�����C��^�Ʈ4(h�K��<����Z�(ұ�S���u���Ch:
l���k��)'�)̒�)�!�4��W�>�<�2�TR�+V�\5�=$$�i��������t���J� >M��`����Lv�����U����/ׇ*�}�6��ɓ=)�U�%#W�F9ڶ��8��癄4�4S���K�i�O~TO�+Ji̲��7Ώ�*��Z�A���-����5�h
aCeP IDAT���5}��*�g���(e�p��J����Hv^��4M���Rм�*�OH�ׄ���@?�y���U^��5������'�Q���kT1���8��\�h�[q�������L\3�UR�Wz����Q�4��j�Is�F+��j�[uʳ�g�$@܂��� �MS�~�5v���� �����׀���߭�=t�������=�/᷏����u�j��
�/�j��%�{�س��_�|h�&��QK\�X��&#�k��j��%����hP��KV�n��iݒO?~�ڽ�bP�_q�l׮���_'�v/��j���J�c�����o|X���d����~���w�}oƥ�T��?���o���Θg�8R�rȅ�w&�٫�m�n}��M��0��N��q����������<��G.�P�@m�ڴr�ܳ�������P�y}��W!m��������~Y9���e��m��w���B���.�}��8K���=��m""9���xz�+%���'/\�a[Ƒw���)����@���L�����C�_¯4ƹ��N�n��3��#��l.��ͥ�����Gdo2��}(9l^�:��`��îc4�^����7}v���Z��>"�J��6�Wnh��LDDtz�J�^��te_T9"�׷���K׶��^��Ra�#�ըK�����C�4��M�w�*��j��}7���wLռ���i�{�~�����*�c]�ѓ���>�t��K��~�#�V�K���_��p�3�T\7��L�}�����9�cH�͖�v�G��=�w�8at��e]G�8�.~s�5x��#z��[N�޲yW����W�}���M�NEfj���P%�'�l����8bX�`�Zz��m�~��C�g����][L��Wh�4@ה>��ڴ:�w��@����&I�������31.��ahPI��>Pẁ5b�3��`4�-�*a�3��0���ib*74:h�[@܂��� ��4M��T������F+����o�J-U^��5���@����ܓ�l�j��=)ΐ�J�\U^��5����ʬ1SG��V��j��:V
�����k4M�ޫ�/�};;2r�&A��$83r�og�kc��6p�"��)����R��(��k2h�U���k��Q��g�Z�}�&�p��[c�@F�r&�RK�ey�*�OF���C���&�j��ɞ�풑+c�m[V�Ĵ��6�3T�h��c�JAQ�Ɲ�T�J�y�z�.����8M�UV�/�D�@A@�Q`��銓���,E�� ������5�h:�tұ�SQ�~E���H�hR�@SS`���Y�������>��@�4e�(������J�jl�Sh��hʲ��R�X��V,��z(��4��!z/��ocW܆�<���� ��4�-�nAph�[@܂��� ��4�-�nAph�[@܂��� ������{њ��g-�9��Z�)���k������O���@�4���)((
jݢ���J�����p^�+H?�UXdkeh�'�h��[c�X�Ekv��kX�ڣgW��Hr�s=��5�h�rr�Z��{�,"*�ԺENn�;��oa� k����W}�j��u��sW�f�Z�J-Zo��j�P�^h-���UW���Cɳ^����׷�e��$��vu�;�Ty6�y;t*����:�-���_~=�)��&��t�k�s)�J��q�""����w�Tn�jLw<0�֐�g�̭�Z*�^�:4��Kp���~�}eg�V��*6��Wly�M��������j��:��W2��5Cg%��n�gw�=�����T\�C���p�k�r�@���y{z������?Y�hu��o�����;��hG:68�go��wsl_RS���ռ�U/���\qص����*=_s��t�E��T�}��;�ط���|��AQ�EIa�9���Sצ��[�bUv�l�Z~'�uwϽ��u��f��z���,����0�V�y޼��uq',v}x�aSƚ�T"��e��ՁwN����C�E����S�v�ټ��i����>1ү��q����o���ĩ\���i��qC;x�H��g�8yj���|�p�X9��;�s��g��bmۈ��:!��R!��楟{�P��b�p��|_��?b^�]���*+x����d������߮6[�u����;�ta�)B�<6ix�Zo�k���uʦ3���A]���Q�)"��C3m�<��}�U-K���k�J�U�K������썲�J�;�c;��H�z�
��4Iu�1�y����;�vh�mSΊ��CsT"�'���:��H�]�X��K�,Q�wA�Tr]G����ʓ<����e'%�!am��nq���R�L��d�亶ο�.�._=��J�-���([#u��Փ�Y�.����S��_2}�C�}?��:(��Ң���)ۣtj�z�թA�q�ʜmJRgǦ�%R����z�9���=+VkR���qQ���-�{��/���5��y�bPk�:t�*�\�!���.֔m;���A|J�Sk�_|�>��=*Ɉ����g��6u�Q��/��l���j�Kް5���#�N��ޯ�����w�� ���������-!n_J@�A!"�I_��ϟ}�������P}��ݺ~}B��r|�;S���:$�z}Zܮ5���U���!1=4�n?�>�cH�O���fݓ<|��A���G֬�;n�\���*l�g��>����~Xn�⍩'����5(ȱoך�{w�42|T���6$X{�����|\Ŭ�M;�^J;�r����Mi��Ӛ�*����oq��I��(sw�p�P� Y=��r�R��y�g�v��Z��.�z���������Jj�"��B��o��+���:Gw9���
��ꫴo-�IJj[��hgd���r�.�MB�C:���վͪ�r�pG�l�k�(m�8��yW���U>:����T�j�ꏜ�Y�P������T����Q%9gOt��S��T+3�7�r��P-���&�ZD�5˔M�J�pGW?��ݚ����%�ʾ%�gȠA��#�壟T��2��SD��Geg���2��c����O�4O��rs�c�u��Lտv��)Q}�>Rq-�>S-�u�5�ķ��/W;f@��K�}jr�M��4恱F�Hq���Ɂ߸;2HD�4ir�yf��]�J��w���aa*���օk�;�|�l3}�µ'Se@��ݼ(�0jʤ�F����t߉���K:&��l�?0<\DL>��g�X��3e�g���15M�"A���L������w���X��/���#��R�¶#�N��p�ф��>c��4@/b
/IM\x��,��MpKNR�IrA�96�Wm[���9�?X���u�4�>U��RM�W�Z�u1ŏ�r���i>�/�{9^Y""���ơ�{B���U��e��C���\�Y�7[5o�z�%׵R�\����5��o�����dJ�MŔ��-�;�Y����L�J��Ѫϑ!�K�m�"r�-�Ai�3�>�X�BDdȝ%CDD�o7�īv��IV����,۫�#�DD�s��:59��{D+y8�Qz�����T��9�DD����'�CJ�9����e���^����zn��'�[�"4E���#&��h."yG�/6ۣ'L�5�[D�ġD����K���,�I=��Du-=п|%
�!PD�l���IIOo��EG�Z�kvj����,�����*�.BL]+rd���^Ve����7�w�)}*?��������Mp��!���E��K��vF����2�_YCxp���T�$2�KE����K(M�U��D�뚕��t���է�,��,=Ѣ��o��_y�gIX���:ŦJ>�?���I�9��+�v^�F^�A�;�����hQ��r� o��j/�t�s�;}uNi��9(^�vP5��s�n%��cv[��V�GJX�j[��ˡ�JSΊL��K������L+}:m;gH���:]mg��Rm�+�_b��^p#���d4�""���'~��S��b��w�О����=��kަc�J�"��]��M�.QA�R߇Sy�\���zhD
l��&p\Ul�:t*�]���U|Y���hot�_5�%iZ�肝û9��,���L�ǐ�%|�jc��ٷJ�U�����%:]���:�ū�&+�v��m2薒�:��cH{���U��rn;&w�w��SmRv&+-ҕm�����C��n�E�������Y����D������q�������3L�]6Z�:�L��$]C���rP�M��?Xک�Y6H������)зǯI�WgD{Y��rV��q|�J�H�V�e��d��6��~c�NDDI=��-��o���r�&-JSj�r������:���v�(�͜�y�8DDDI>Გ���?R�%u���ʾۤ�ND�0F;��"���B3}�*u�#D}#U�o�m�d��9��ST�!�կ�S��&����o�l-��4e���(gω���[VS[��N��+�(~���s��Z�"[��Q�᝝���L}�[L~I��,5��Y�y�����b��5`����k?]�1%ۚg��OMX5���1o�0v�g-ּ��M_-�+A��k��k�7�U��7�������l�*/K�z��S弣_ui�o��C$+I�ا�M�hV��sR��w��s���Ś�,U^�j�R�r��-�,���"GT�O��TY���_o���Γ*%�z�/�;l꯾�$�QDD��39"��R'rF�����EDĦ:�#�_����s��̍SZ�-9���$e^���S��HG��6�z�f�U^��l�z�A1�s��岳s�w�ή��C^��K����k3�h�Eq8�*�R���8NE��!��Ƒ���dź���Fv���w.{n���x�M1�|����0���d�%��]$""��z��}K���k���'E"�i3�ٛ�t�i�&���%�oS��^���""�͜�.�[�������_5W�۪,[/=���������8�9ǎgy�����Ģ,c��)�,��`U[Z�l�0!�&�M���iRP$�P�6�ۺU�@S$�J�i���dCE����&dix2q8���I�4��oN|�zݝ���=��?~�����M��y�G�c����?4��֗d` ��}���G�uSs���C��Jn��s�/�tW���4����������K:w��߿��%�<�/<���$Ý�>5uU���ů4�z���� ×t��6u�CR�폮m~eW>6:u�w6�s�_�sÏ�j�7�^c⯚m�ۚ����R�s7M�ىͩ�?�7��ܺ�ok����}���}{�����&�h�C����\�b�ҋ��Y��q��W^���Kgp�=r�h��EgSu���̢�ή�=|$��"ss���������:�h��Ⱦi�i�{@��o����Go��=�iN�3��T�9Ҝh~�-N�՜h��Ӎ�hM4��=0�Q�G2<<�Qg���yίCЃ�.��ᡙ/�n�;��-[�xΆX�pтv:���`��N�Lq���{��78tuN����5v��o�;�3���������l��vn���G-lOw��|���;q��;3l�����|�Y�/`��z�+������#+�`�n�;oLL��?444�⒥�pF��Ә�As���7��C���w>��g�z�-z��o~���Ó�N�t��h,X�dx�n��'@P�g�PB���@�4%hJ���(!@PB���@�4%hJ���(!@PB���@�4%hJ���(!@PB���@�4%hJ���(!@PB���@�4%hJ���(!@PB���@�4%hJ���(!@PB���@�4%hJ���(!@PB���@�4%hJ�����@����O=�ܳ���d�G�eͪ�u���mw{�P��V�gJ��rc�c}{�5�=Lkͪ�=�������A�4��^n���~��8�-��-�4h�I���޴�>��y���l{���S%h�A;w5��<�g_c�.��@���Գ��3^Г<��Y�����=I��d�g�/�I4%hJ���(!@PB���@���ΕU�c4^�$�/���d<Ir�ƌ.I^�v�٭6|$�ɡ�2vpή���[r�����Gr��y��r������K�s���xV'c�g�[svM�whz��m����={1˳�\�2#+�d�@��K�`����?��d��|�k������ޝ$���.�K��B18�㻏�}��}e~/�~5In�9w�bF��c�����.�����������}.o���$�؟�͎Ӯ���Y����=�$�xM���|��s�g�C�~up0��h0IFn��-#C�x5{�C�aY3Зw��`�^�k��w&�^�-�>��;z��������v>�>�K�nI֭�mO������'���I2r}ݔ�.w0��y�NF?���&_:�!fw�gV@pA�����?�]_�����i�3�2w:#�?l�O$ɋ�s�����3y��_��I����`�ٝ��\@ƞ��3y$ٔ�_��e���ǽg���[��j��ֳ;�5+��}�����޿�yA��s�r佯&�5?���$>�����S����}bm6,Ά�3~0�$�Y�,I�>��'�s���o�dxU����20�V۲�%����=�͌H����Y�2��%o�����o�ء����S��5�֑<�/yƖ�0[��&[ݞ�c7�ɂn�穫�f�P&^����=���yb��k�cKF���0_:WC��z��#s�\@�.ϟ�����%�ߔ�CO~��\��Ƴ���=D���x)O^�ѕY�$���3��<���\0���ݹ��f��PB���@�4%hJ���(!@@Z<���yx@O���Y���pf<��'�Ѓ�[���pf<��'�Ѓ6^۶��ydͪ��kh�A4��{6O�L�ya�P��<��)���&[ݞ(�����IDAT�ˍm������� 0�5�:�l���2��I���sW�g�{�5ޜ��(p�⡬Yչn]����hJ��4%hJ���(!@PB���@�4%hJ���(!@PB���@�4%hJ���(!@PB���@�4%hJ���(!@PB���@�4%hJ���(!@PB���@�4%hJ���(!@PB���@�4%hJ���(!@PB���@�4%hJ���(!@PB���@�4%hJ���(!@PB���@�4%hJ���(!@PB���@�4%hJ���(!@PB���@�4%hJ���(!@PB���@�4%hJ���(!@PB���@�4%hJ���(!@PB���@�4%hJ���(!@PB���@�4%hJ���(!@PB���@�4%hJ���(!@PB���@�4%�wwu <\RIEND�B`�' height='200' width='200'/><br>]]>
    </line>
    <line>
      <![CDATA[<br><img src='data:image/png;base64,�PNG

IHDR�O�1U�sRGB��� IDATx����s\�}����w���ƾ��})J$m-�,Y��X�8��5�'udf�Tݩ������g3���'77�db;vb%ז�8�G�%��(q_ĝAh,����΃n�  �Vg��/WI@�,�s���ן�N͔�������uA�h@]@�P��� ��4�.�uA�h@]@�P��� ��4�.�uA�h@]@�P��� ��4�.�uA�h@]@�P��� ��4�.�uA�h@]@�P��� ��4�.�uA�h@]@�P��� ��4�.�uA�h@]@�P��� ��4�.�uA�h@]@�P��� ��4�.�uA�h@]@�P��� ��4�.�uA�h@]@�P��� ��4�.�uA�h@]@�P��� ��4�.�uA�h@]@�P��� ��4�.�u6z�H�r����e�$v�����y5SDD�zX"�"�TTElEn]����J�8N�'.���s���|�9�ܔΤT��V7K&�gΜ��)�:��"��2S15s""K�suc!^�L��w�^EE�I"���ݼ��ۼg���*^�U�$�t�����7�"/X4�?����η}�R
��913s"&Z�}ED��/�.b�e�����_x���AS����s�����W�jnnqA�A�4RUo�����?��?>~�X,��Mhs7T��d�Ś���imi*��~�-܉�G[�^�i\�Wu�꓏}���wtE�@���$)�JR*��0'Z��������熎o^,������׾0EQgG��ᵫW�^�fh�������|K6�I�Sa��op�K�\)��A��e�ՠ|�I��O�ɭ?���n~�Y���/�1M|m*^J�J�\���������jy�5GQ�T�-q��[|��Fk":�����yo�O�OT$�R"bޛH&�Y500�vmgWW��9���W�����g>��я�a�wK�l""�/P2�)�Tu�1�v���ˠ*�r%�M�_;��S�{�S3�F�]�����QKJ����U��ĳ}f���s]˦��&��h���:,t.�5��$�+"�knX�j�"�e0���鱱�J�✫V���ք��~=�:w����J��ܣ��V�G������{
��G���l?��܇7p�u��H�x�I6�ʵ�����#L@��������WQ�)$.kfթ^u"^�lv[m��"�>e���W͟Ջ8�ٵz����.ҩԆ�y�G?�HW�0���R����ֿ�����C�u������7u���b��l����8'b�˞m޸�P�g�&ͷ?���־US/��6ěh��$b�z/��~�MW�u=��_��w/�2`���HA貙0�є��춲�[&n���o��e�O3è��eǎ�{��o���U�� ��h\��f3�&3_�;�F�su��7�P\j�}���c��o<����a"��ҵ��{�RQ�����'i���v�5i\,i�
[...]
�DDb�/G"���""��5�s��孉9�F�]?z�����;��W;=�h׀�������O���[D,֪}r����QC$����M?�xED���腦xL&��r�Nuh��hZ�q�r����5OnKݮ��Oc�����:*O���]�l�Џ7�1=Ԥ���j�V]$���j<�ƣMD����;i���yWF�ѳ]��HB���d{n��/�����[�UY`���oڜq����1}��\Cۺ-��J�<�"V_���mS���"���muS�Rҁ5eS�<����&'w����"��p�����a�.�3�����@X�������Ғ���>�"�1'�RYi:���K�/�ӿ5����q\d��\85���ED�LS;�D�gZ�;�o�_�l1y%2�}7�띭"�S�L�h��X��V�9��������b����V�L�`��S�h�6$dڨ1k���Q��G�L���2V�L��Nlv'o�0�<w��nݯ�֏�S��Z�O���nRo�~s��h���ڦ������c/2W��ڡ>Q;�HC��2����{I-���3y+�%���UNK��~�b�X�wx���}Q�������N��o�76K�l�p�O��8��oN�"��*�<P�SQV��[�r�u���<$��򋍛3e����MF�Nq��������?��o��D$w�����t7����Z���/;�D�b�޹����4�p���b����/���?����5����Wv��ݟ�j_ԵOo��א�d9-{R\qoB�T[_唀���z�]��UD�-��[�����]k��?􏱰�d�O[�?�P�NG�$�����mތyW�?ê�x��_�w�Y�x�u�a����M�������c���E��G���&"�2�s��}|�K�H�o�;l��oZD�h�ϗg���U����#����iQ��?��Ɖ��;�M�]Y�.��Ωz�%���߽%�����{���<`R�VJ>��l�}���W���9�?��Z�G�HS�Ś��׃7����7�����V�$��]�:�?��C޼�O:�2�n����.bŇ�yg{]�����\h�t���}�NEZ�o�����o�głꅷ�}R��`��w�HG���I�dy�ڒa1B��3��U�����d��؇�l����[��t(��"�����'����;��7����]��ڗb:�#K���?3��e���H4��?�]���Yr-F�bq�1�}�C�6��<��\Yh��*ʨ><��W��^%�G�闉]�������i�o��}�R�1�ft�5Ȯ_؞L��`4��?�-"ν�_�%=�]�@=�#{_�T�}To?�_�Z~�k�{�iW?U?jw�ik����F���+R����2�z=��/�]�vXr"�����o:J�s[�٧��ީ���m+"2�×��~ ��]�J�ED3n���MO�b�m0�ƨ|A�U�XF��*��v�=��L�h����M"Y�������⑑���l�zT�U��W�E�D}�V��i�g=�c���=�p�o��gM�"C�ib�ͽ��Q�8�y~[K���N�c���X4a�Ѫ��'�L?ޛ�$��a8�y�Uz,:_�bh�*f���æ��u��k��P˚;}I�R���*�y�����k�V�{N�l�_�|E\��N}`���W��M����S�yw�B���ӇǶ(O
��q��S �c����=(�]v�S�V�jZv�������D�Uc�kP���F�>�,����(�����a�4)�e޷�t�5i#�� IDAT"J�m�k��3~}).���ۻ��;�W#�ޚ���Om��I�8�{�0�>2��?�Ed�+�W�q���/���٠�o4><*"�W�z��%�ҿ@56�"�Q��/�c""��ȳoڶ�m�T��[NHݦ��-O�"�3걏��""�%��߯Mq��lx��ו��3Ʊ���XRo�ɟ[��"b-���x���."�B�~���}5���?ϊ�����wۧ�T�����J�+�ԣ����S]D��[k����RRmr6%2w+�Ϗ�b[ܔ�c��P��Z(�U��k�b���8�3��z�O����{��b��ݢ�R��Rm}��(�yw��Y�f���3>�&őb��T�o�(+�&h��:�㥏��K��N_�r�����ۧ>�٭���l�1[��N}`���+N^i��C�}zqA�o��mgݦ�_m�q��S��h`�y,{dG@7}�r��͜�lgf�+���߹3RX��vk�C���&ĒbГ��y��TsJ�QC�9Vk�v�h°�얅'�04}bʎ��I�EE��y+)bI�}~������Ǵ�R��*:�D����N\���61�z��flZ�7���ѯ�~�Z�O�*"q�e�Ð(H��󎍏_vG"�9W�Ȱo�|J��3{P�0Z-����Z]�9ՠ�Ծ�P����}l��_μj��UZ���^>�p�+�g��N)���.b=HhH%���uk��_��I�}R��5c+�Kv=1xt�Խ�<��E�e�hC�JG�rW��1���� ��4 -�iAHh@Z@҂���� ��4 -�iAHh@Z@҂���� ��4 -�iAHh@ZX���vã���j������A��ǉ��`
@Z@҂���� ��4 -�iAHh@Z@҂�����,w��PU]�t�0��r���1�L��l�(V�����{%�'�a��KY�U�.��<Q�?��u�`� �`�1�D$�c�+����뚮�Us��f6��[�����,��T#����r�����S�$/{�5WJg-�a�*L���b��H��4�M7��H�0�P|{D]HW��,4,�.�푹]����a�6��.�h�����!K$�h|·N]^�97R��r������JѰVhVU�W�p�t�CU��{���d�aipEw֜`"�`Q52��f�I�o�1{�+��Vz�,hV��;�6}f��C�<�FWzg���X��"+qB�t��&m���]靵��`I@҂���� ���e�+U���ƌe��b^��lZdp`T�ӓ����R�#�&��eظ�j������3щ���4/��}��@�ǧ��\hqU?�d�w�"�x��lK�����+Y�)Ei�l+�l��زБ�����e���^�Ԕ���[�;^ْ��OD��Y�6,�
ߵ�ts�W�""
�]�}�������KQ���oX����-��_#EK� �U�����};K���ȉ;��g���`E!�)�\^�w2y�{��?��i�EK�*��6�<���G��E��\���]c��\g޳�ٌW� �����RUU"}�';�9�����]�j�/mZ#�ȵ��˽�1�j�+�TQ��%���_��M��x'C�h��':�Kw�̺���Y���kD$��f[��h��*��,"2x�˯oHQ�3ey""�kM�ۇ��;��ۓ�%�׿����m��r��*�~����UP:��g/��ے7Gm�BW.���p�)��.��E��v��޸�h�SekDDƃ��~;f^SZ��l���ȝ�ӟE\{j�3��X��-,�1��3$�dgeH����N��T��5Y�p�#M��ye�wn�Z�v5�=����~u<|5x#:Y�xO�ձ��u�Lѣc��1m�����7��)k�6�/͕���8�=>qDu<<6���D���ƣ�!"j��G�zF�K�wn�/�Sn}�7��fdXF�6�d�nٚ��/����h����W��M{wn��k9s�r�k^y�W��pyP#t���P�����]^�'�!"��5>���v&�����hj|���b��|(���O|a�ZmK:��U�nUL{�����W���b��9��l�ȸ��������YDD�כ����;
�"�ϳ�>;�z-�(.˺�r��g���)F��cTl��"�HRT�m�[���W��"�y�=}����pk~��sd0d��lkyQ���[�qu��3g���6r�\�7���,In����zf鮽�n��s���_�W�ͷ���T����k��Ɗ��F̹uOmZc)ڴ)�;�=4�̯�ah����j��r��7�����m�5Ή?�Ͻ�as�����{���?�·Ͳ���w>��Fz���8w#����p�s"�Mǎ�w��ks�W���ݥ��DƋ.����ً]јx�|-����?����R�ܛ;�`�(NO~I�Ƣ|���2[~��n�0<�+�i�;��'�#V��G"RT�o���sk�,����5UE�1��p��x�.���\r}hp$"��6{��}}�Dh�������e��ԚW�������S�];�nG�Y3�{��wbɘI$��5"��?=r�X��K�e��/�m�b�V�x׉w��#��,-��������͹C�t?}���e�����Jf��ф:�q��3=�"�0���S��^��<�6����ݳт���(��m�����=z�w����*z��z��]t����J�ݦ̚�/]�]H��NK���e�\�d�x��`H6XQr�w?3��Wgf��ז�_���4���K�.��tv��w{�+-ZxX�b��H\]�D�Z�������B�__�4�^���굫;�p��n�v��=E9׮�����QUVyX"�J�����zbE��ﯼ;�js��}�5]C��K�E|5/�Z����������]�I4�b1���Cc��E�9/wQ�s����F�����������E��nm�����x�~K�v-"�_��՗����-#c�Ƞ�]VS85Dژ���-/[����|�}G�E�fǢO�1��"b��E$/'i,nb�ѱi�<;���-.�H���Z:znW����y8djDsl���#�,CQg��j��z��ǯ�?���E%wz�6���5=ď���*Y�@X��F���x�����0B�ƧZ�t;%����S�q�2�3G$SE4�)���� =���d��ǂ�O�/�:$6r�Z�i����"��_�mkJ�������r_��������Yj���*����<u|��*��;�ƽ�/}yI����s�H���Hvf�CN����L|�Ȕ��'"r娜y�՘β�jKE߹��7#4�˷��7v�;�U���P�H�'x۳}o�Ӹu�T󐑱��m���\�G[:ΞwgQ�H�ۛ!}c��I�G�y��s���j1�-n<o"������74�dz�[��%�����ll��F8>��|k7n�Z�?q�`���Ɓ���)7����?��+����Y>�ކOʟ>P����Y���d$M|Q��46��Wl���;�J��{��X牢���T����[�\�{��>4��T��#"�~�����Ƚ�8&7}gh\�t�).߲eC��~��#�@nf�u�k�H�ħ̓��.����n("����=����ݮ>������l������i���/=!s�7��w28�dw+&%{^��t~y��y~��Fcs{�g�����fN.|&po�:�}���k W2�l���ު�[��['$wMI��M�9���x4X�T?�����l�1�rK���B��7P�=����O>U�������7EDq�vn��!�X�v�<w�����}�̢�5����C�r�m��M��+k
�w<�#RE��y�L�(�H�.��MOU����M�i�(ٹS.^�t���5k��b�EF�Ϟ�6u�Akq]u�.]��{*�iv������m�����]����y,�����/^+'ζ�}�ʓ������7n-����RCm�mG޿�%��n���ǇrK˫v�\j��囏��ۺ�Pﳊ-�x�鋗�*s=���[]�n���pyս+�����!e��rED��@Hb�C7���؀��Ps�^YY�++~��b�W��o<_>yή������1g���5���pW��?���"1C��-���XFo�z�]k��DD\��MGs��m�s)�7�Nj�����/��~���G/�OW��_?E+�����CQ��П-"�Y��JyQ��8t�7���~�L����{]���s'�>:6�o��m��F����P�ULr2E���Ccz���;�me%�m�������D��sHb,x���[vlyfM����.~��������c�>��߶}We�Hd����ozw�ف
n���^9�i�G3�w,���l�V�|�Z���+���������3��U<P=���h�ޢ:CU�j1'c6g��x栮���j5��+%�'�ly6 �k�&3������2lt���g��^�U����n��J��-�3T���:yJ=}G`���ԟ��@��m���f�)��>�j�ڷ{��N~���ӟ�/^����f[����@,����'�0��di��Uӷ[<""íG��j�;�çL��ac��|y��k���+.RZ��]뙼u��{�Sֺ<�.oW��M.��ե���o
c���r�D
�G��/.��.�x�@˩�aǖ_��N�����俟y��h�����כz�������P��6�8�y����g~AI����|����������.��KD��c㪣��?�S2�`��-쫬�I���q�_�m�s���v�]�{���|���u<_A����=�]��[8�{#�d{}ɼ��浟V���i�ƻ��g=�g���_~����n��)PDƮ���{�NV#���j[Tg�=���ρ�f�}�g+�2��y3�h�O�~�>�Z���:d�<s�'�|r׆�>w������_~������s�o)O�@��-��plr����~�����.�sVl)UFڿ�%"��o�V�z&�{��HŶ�kն��=߶J�*0��"R��"�
6��#jL��k��-*�uu��l%��;�ƃ�{��讚�䁷����H��vGR<ёS\XP\XP��$�V[��ٗ����]�����lw$�M�ZR�1���J����Ľ%��)�j�*��s��R�^YY�<��R��Bo��?�D����oU����V���)��V�HB��t44�9~xD~|��^�9�&u��4�46:&����O�\���SL��r�����I�ݝ-�҃�ט�dS��V��$����_4�Vgƴ*X�I��T��q#=w�_�������FFD|��K���"���"�N��*��v�*�m�@�g����ڏ���dn�Ż�펏K�������KGC"��q���;�{#�3�$Ց�[�r�6^���~�hD$C��(:�����(+*�z=�.�3`� ��*�������{m���˦�����N`ᰥ�oz6l�\�&xk�����j��L"ť��翽U��E���+U{�m)KI)��g,����_�;�Y��u3VO�����ƪ\���pڶ����O�Ia~�F%;��]�r<��!�?�3���������uv�v]<|*�`ǳ��}�u�G�4��̙�+ҳ��V�[%tgXw�TM�e��)s�*�^<s��>'~����O<""���:v�g��իJŁ�Ú����w��IN��B7DrR<mXmv���1��!�zL�f,����i�حV���Sܥ0][Ζ!SV~A�����_E�HB���'<v.�'{
X��*���������"���9�5��`�Kz��&-���\��s/tm����=mW;��M��:��zkg���`vy����*.w�����Բ����A��bQ�SѼ�_�A.w$7�XgK���}�J�_o�5�~���(�ι��ŵ�p�jgGr�N���IAQD⋘zږ�ʭzkg�6k�����Ǥd�/�>2VF@x���:���򜫬�|�?��^�DBC�=��:o�g�K;�g�3U��,�xzKA�"���S�6�O�ܘlf���?Ӡ�v켗�ڊK����ݵ�����fW|O�<���Ғb�"�P˷�Ν%��怎�����ED$����%��˞;��j������di�Hf�k�ڶ�>��|`��\���s��w��V�9�Xw[ӑ�&_YyE��q{��Pok�~)޾e�~q-��nw_M��#��;v���E$>x����h���J���/w5��=�s�g꣱��y�3���꧷t9���k�������46�����!z�ُ����ؓ�PD�o��q�����,h�?[���Yi[�7ͭ�;��-V|eU/�ؒ��q3Y�w��������.N�u���w`O��4�Q\V�U��SQ�4[����\ZZ\5��N7=7�����{ڿi����-����?+���2哆:�}�<���/�]�<���$���������ZD�Z��z2?���KʙM��2�2��>��7��Ĺ�W<=ߜ;��eG��2��x۳/n�Ϙ7�_\����տ�����#X�䖔�ߵ��YDĳ��Sw>>�ջ-_�([~���s��p&�o�K���~��ɉ%G�j��ŷe��ęc��Y�8=�~��9o��H&�)���K�&��3E�Ub�.�K7�u撕�Y��*d����]���ț�����;��E΄��hj\�����M��!f���H��i?��q��7�|�{�MW�(v��|ި�qm��&���|IZ��+��Uݸ�W7�F����x���j\�X�q�F�ڌG��ú��JaQ�̌i'ӟ5�����y�|ݴ%+��f7,���̇/�V�%��L�wʯ��hOۭ5�I#�������ɂt��)s��ۆ�\K��T�b�~�?p�S?qΎx V���3�t�Zf�l��@�3���ΚݰV!hXI�C�-_�8ism��϶�H�����y��3YV1�U��f�X�Y�P��l�5�<_�z$4���uIy�̅+���lX�4�$�u�_�O�]]����Q��l۽���M��E�p��"�=��R1�L��O���$�.<����Vyj�����JѰVhXi����SZU���
e6���H4�B��.�l�p�������-�ɩ�i�u�S�$/{�GWbg�nX�4���lrf�UUW5]7�7���0�L��l�(N��-/=)�������[�뒀��7fX)������@�JY�d�+�_8#~�,+�y�+x<@҂���� ��4 -�iAHh@Z@҂���� ��4 -�iAHh@Z@҂���� ��4 -�iAHh@Z@҂���� ��4 -��w� IDATiAHh��rW`y=��4�G��l�uc�k�<t�0�ô�1|IV"�E���r�`y�U�bQ��K��#�f�D�����D�6�e�k���<v����8�����k��;����#���̴�_�Z<lwF�33��]�� ��p�m�2]�<<��Q�Ey,�?@x�d93L&S��0sq��^<��n�L�,g�r�%]�i��hYΌh,>tg�jU26�բ(�T�n�U-�����i\�>O ���q�m�-��G��#�0�]%�%a1���b�Y��2��:iG�5C/w-�ะ���� ��4 -�iAHh@Z@҂���� ��4 -�iAHh@Z@҂���� ��4 -�iAHh@Z@҂���� ��4 -�iAHh@Z@҂���� ������W[g���tA�����a6c06.��I<q��:5��LwO�9}N�P�P��s��k���$)�;�b;�ƦP0����]�,�E�X�"�6����u������Ͻ����Gύh@D@"���� �D4 "�A�h@D@"���� �D4 "�A�h@D@"���� �D4 "�A�h@D@"���� �D4 "�A�h@D@"���� �D4 "��?4���੍�N��&ۈJL�}�m��-?_������ �D4 "�A�h@D@"���� �D4 "�A�h@D@"���� �D4 "�A�h@D@"���� �D4 "�A����?7�3ev��#\���_E�����G��Հ��D�tJ��j���N�<G9����(�R��ƿ�_@�����&���<��FE��4r�%�(�6�Yի#�gƃ�?��������ԈU1?524�}�-ɬl;�{��S%J�W6��%Q}�Q����kۂϧ�V��o��X6�v�|�{݃J|�5�Y\���ۭc�\���]���߾�4�R����q��UR��7s�/������7:��c�u�������~���)�mً�k[vTD��yX]��9��<�K����������<\���F):�I������������;���JRnɉrg|�[�?�����q��2i��N�4OY�Z��r���w���u���|�-ì�M�L(�e�;:@�'�uM��[y@#Z�gv�G�ţm^��/p*3���~�H�Y���q#��m�i�ݓ>�||d��W5�4w枢s����?A�mmC�C\DD18��r���}I�?����ۻ�mlF��ˮE.�S�5?�t��ss+����O�<�Հ빮��zIN��wrM�����u~��Kr��o�9��ӹ����}�f�u^��#��|j{������e�X�v����XQg'&��:;����Kd�z�ܾ+��F1Xb��\y�+������ݒ����v���䰻���Ew����c�x��$Y����sL4����'iE%o;mI{t�rw�nջ�i�|�z��{U��|��V��$3A'O&��������KS��(gu�u��D$f�&�����Ί_}P��E�L��N���b*�,M��k�L���#���[Ġ�V�5�}��S��J�Xdlvy�)�e���(4��J�nz���Hi`���T٥�YD4b�K���͚N/����_��]�0\�ӣ�u���,�,z'��Z�{ꛣ�����gq����k���I/�S=��wJen�+;��K�|�Q���,c�o����;��Y�Ѣ��F:�~�7u05y�Z�R){�Y�Z�ڝk��:vI��"Q�}��$��(��Ψ�*]g5&��-�y�����>���r��2���Ɔ�ʳY��V`�<�5n���7��LKٙNg5�[�r�z&�D>}���~��gs��%'?HɊ_��Bo�*}����bs��P�#��t{M��3��������Ⅿ��r���P�P}U�t�"�[7P��qO�ۥJp����i�o�7�r*Ϛ]篵�x+/>ܔ �G"&y����&�Nr9m�d���$�+׃�q�0%Ȯ\#Vt��ðx�h$�ߑ�ޒ�ޗ���J��/��֕��A�ܹ��=0�/'n������b���]�ނ�ź;]ݽ�ǫ�#���O�]�_��oww��V�ܹ;����ae��-"��ͩ'?�u��#}K��i~�9�����嵼}z}B�ݞj�)d�J|�N:�������� ���3��i7m�/u���%`7�e���K���x�oa��w���d�����e��=��rB������z-~��5T��U�'("�h�w��ş��Y�c�ů���75~Q�e���V��;@i:�eR#'K7nb1-���Hd�YD%ڬ��g�MYP�M_0;왕GZl�1�6�<���h[�ǋM.�ڮ}v�ErO�>W�=5�hH,���nh�r��x�����=��脂��C�΄��Vg�Z�[���A5��(<r�4-6�����7
��j����̼����K#�}�m5��m��j�ݱ���8�|f���[c�ۧ_S��T��j�������XY���}
�jC����e��w�k�Rv�%"s�n\�����d)v������3X2�VJ׋�}�����z#���s�b�R��kiK�7�r�Z���L��m`J��������7��áN�4�o����)����YI!��ҳ�3s����_X�k%�4���̬x�h�!����ƞ�I�bH����S��WO�Q�iow��F)9U��yXS��Ƹ�����5s�l��<t�w��{��T�����B/��7�v�Nz缊1μ�FoWյ�R�FE�pcmC�ǯLI���̇+������T]JF����~�Ǻ��?��UC����$s�e¬�L׭��N�ҹv̦�����R������Ý[����h�9���4�St)֬��B�j&��5s����z�6�|������W7qɺYş��V_��Ru���ꞔ��lk�?^��W�U��@����/�n�Kl�W"ޡ���mK�PI�����;y��ҫ�j��E�?�����晙�FC����l_�.Nm�"b^���rdVlN�ItI6�t��������-g�:���1���
���l�:�ޓY�AD�ڿ��u������4"�h��-"br[��9�[��1b�Ӹ���H5��z�w�D���KS��gN�(I�;k&�G횇�H�Q��<�k�����dM�M�%p67 "^���c).]L��v�Ȃ���(HY�?�ttjZV��_\�;�L���W�|�DIjF��Xyێ�i�y�HE@�ҴJ�A>>�8|p]��Jk��}Z�I�����q�b����J3�KS7$�b0J�sq���&�mC�>�F�M���~M�u�;�L$:K�,k�����S
���7K�ԅy�(e�33���_L��u�N�q�&�L�.H�y��Ǖ���ON�>珑�&�D���jc���WW��Yq��OE�\��_\#��0�p�s>���O>y�"}���G�z=��K7��O)�7���R�SM���֔�����O���Z��a�Ȃ��T۷��c>��o���{-�}�/��̴_��BÓ��s�,_͹[�N���c�#u��_{������u��u��-]�j��ٷ���w>�ݧg������vP�͞:���^Yw��z=w�-_I�t�u���ψ<��!��X�/f���}Y�6d�;����6���_]�Z��}��ܗ5����p��#�����+k��{�:�}�r=�?\��?_n��c/z���Ъ�_=W�3��.,/�����ݹ��'�²���d����=�P�_/^��2�?V��0���ʃ�Ǚ�K���/����'�皦\ߝ��[�6�z=���U�m�K+,?v�(Uzk8�Zm�\��_]����/=y��.���su���("�G�?���mޒ{���]����r��.~MMv�i���st��{�<��Dd�S����M^ka�[��,w��?\<W?���٥~���o\�=�p��e�����qx�Q�gvt������b/;Rqd���Qs.��3=�/|~{��U\��m�W?���}���i�ڼRŚf�{ڛ{�,��w7���26I��)�d��^�w�s�]��.��W5m�ܒ���y���˟W��<?�p�\Ͱ>��Hő,�tk�W7�W�[��z��@H��m��:\���5��=��e'����ݼt�y�~��蚕���w#��/b0lH�uz���vZ_�����~h�=Z��� ���YED&zZz�9��YD4��}K�nhR2���M;`V�D�_��-�등�y�f.A��I_��b�f�Wg���hny$9U�;Y���m�����ɜO�V�o,ȘO���{Ŗ8�#�"�M�ڐ�S���]M�)��*8�r���g�U��uگ�Ő8z p$S��5_���{켌���Ns�O�r�P�\Ӥq͵{�a��:��efD΅����Ƽ����VsoB�2��I�On���X�ǈ�tk���U����}� ��jo3�����'Z����������im�u��YdatlX�ғ7�C��y}�A��^/2���_Q_X,>�y�K-��s-��n�XB�od��On������Nc�'o����d��o5=*:�o�{�Dُ��}��䄲�{zG�
�ƞ����D�YD$����W��`�]��3��fEDo/����t뱵⿿�0��؏�x���[�����e�9u4� "bO����B]�6%g�d޾U�~�^`��G��Efm�9����V[��8�/��ʣ�o�=����Uhllx�)(���܏�쎔��{;2�"#=����-�U�2E#"��^�E|=���أg�\J�,IV[��ܵ��#��pW���GG󂣌mi��B�?z�7��ê�'�E�<{8x�4[��}��e��5����T���#<���/��Z�%V�N�o�L��5]t�t�U'"�����~�K$)���2��f�ɴ���Ҭz��-=%�Ε�s����>����1)��su-���NDԁ�n5����F���îs�w��{�ΐ�Q��_9��2õ·.������G߾��[��z÷Ѯ�æ�
�""��U�Y���ۂ I[���׮���9|כn�Q5�f�dپ�X��CǯC���)g�}3ط���n�r�uk���=��1����$����������4�Y:*�ۣ;�n妕&e%�V7����[�P�?�h�O9���Ӝ�b���꿞���IIM��Rl)�x�N���.��W�/���2�������{����E��DZ�=���n6��9&�Y�-�W�|�r���IZZ�|y�����2�v=�3��jF������<;�)ڳ1�6E���E6Q��� ���vsBٯ�;�Ҡ���)�vV)��q��8]�f��wVDĠ��l��i[64;t��ج�:��즔@��=?��s��DD�U�D�^̉YZ 'M{��m*�>.�Y��4�*M]��8yQ'"MS�x-�����51!��=׮�gY4���4�&�h�r��d�F��4ʑ��*��K[�upNl�▚�n�~�!�r ���k#|�3�}�V�zGz59�""3�[��d�-�i 5M��4�缝~�4�==Csi��3�{%1߶�-�:��%noƦ��xg�D�u�\�n���7�Y�K��G��͹{=a��Ω�����0�[�G:E��W�G�[REF�wP�o|���X�㽺��q5�d39#ue�bI��:09-����56\�t�~[�����
��Ή7��x/��uH�sdJ���%g�me��N���oQ�� _���GDD<��Cɥ��M.x�U�������E�F&E�ҳKcGZzFDd���9e�/��;�>�mq�ڷ�G�m3�;��k�8���y`x�}�Jh�3lR��uM���8e5��������\�j��$�����3��>%��%֐��<���
�V�F1�L"�S��2�;�!��[�V�U����آ����u�]�Q����%%ΐijuւ�� ~�5U2���掞�#����8o=���Q{��$��B�Bq�\�T��̦M
N�[r t�rd)3���L�X۷����f����ꀚ����Q��js�гu�*5gڔ��!���:����G�K�&G������L�������}����Bu���(�-w�M�J�`���U�r��%Z�d~���w���`Z{5�c����9y~��r�h����ɫk�E`�M���u�3��s���o\���DT��O<C-�6�����fIOX�/���d���]qq""����kz&�d�V�X��Ų�!Ѱ&�h���ߡi�po t���$��Ί��Q����5w�
8,��Yӛ�9[��"'�7_��I�����k�BGȇ�>`����;erPFD�skߘ����Ť��j�t��f���Ccڄ�f������1���ard�VQ�vW�[v�m�>��i��R���_�Z��#����|@��o�2k�(V�O��ڮ|vi ����n�G�Ș��f�z]ȩGTT��ϯ����Χ�=�]�{�Z�{����[���Ή1�jO^���s�f����fL����>h���<)�V�����dk�����Ċ�$g�'�nv���Gںs�OŧΖ�~��qevlw�t�I�sN���_����
榧����]d�#"m�*Hjm:���r�33����C�#���%n��ۜ`�\��ä́�J�E�����H�c�����]�Y���0>=����um����dF���j��qo^��;#b�_7�h����J|V^潚����a���&͋�i�qͯ6��i韚�d,�vVL��uG}�9M�ɩ�.�$޼���h2����D�����3P_�����"�Y����;j���QXb��:|��q$������9hSRV~RV~p��)w�u5UWg��7s��4�.៝��4���ƵÇ�u���p��U�����gf^D�76%����ﯴK���KB��S���WR�v�wfR$żq}�rD|=U7�iG����A�~b|" ���'�=��k�M6�:3)��]6ED�>��K�ً9[n�u�2%� ~�t���ǙEƶ*Ӱ���c����"�}ڹ�5͈L̉���1Ei��|���j���o���kv㨐1Ϻ^��&t�=�OD��v���fIDATEY����g%X��x_ϓ���M�u<nnl���)+�w�8�c���E�~�}2;#b2��ß_�M���S��|v�˯���{}�6g�[�g�4V����<5t�MML����z�dy�����Hv�v'�3}-j��g*��6�ε�}�=��.�wp|d@Ķ�����D&���Z�&��K�Oo��ן�$$+R�[��]'�E��VR����Zj��.c�{�7ϻ��]�>ٞ��)R���Q��۬<*8��QĘ��|��3��0�<���@D�G�"���iO\J�m��1�f�Vb��db��g�����ܪ���+I�e�*�6��d���a9��u{DtQ�������Q2���)��="��l������t��:��+6�WA���T���w]|�[p���a��$�m�Ȗb/2�?���=�}�t{L"���uf�-e͇�-Ŗ�zI��;j�J5��fWuGOIF�^��N>�v4�!�Q��$���U��GsJ�v�K��N/���a��+���\GZZJ�"�]�o~�rgڿ��Ajٯ�3��OF����[���y�WĲaj����tU�tF�*�S�K6{ǟ���P��^Ii��?�,vgUۀjKS�y��nWצ�u�aRDԙ��]�3I#����s_�l�L�.�xRd�a��0��>@���zI��u��mV1,t�%�M��%Ow$�N$�k=E^�?3q�֘���a�զ[�����IOذ��Xۃ�A�()ط�}�z������z~�/b�~e�{kD�9����ŵ+�d'�&G�W�s��{_�i�`E�è��ƻ������?�f�L����ڄ,�����[�Ƣ�EDo4��Q�Ǟ��֯�3Jcw��9{�qq���~��-����7l�sb���v��X�Z�^da��z�vp�լh�755+�vC���T$|v�[����d��o���c��2Ϝ�(K����m9y8��pݸ�͐msvaֵ�w%��"=�)�>��P�\�o<q���w5�K��|�j7nJ֙�zY����){'��=����yxF2����I�Gˤb��Y�����l�_f�_V!�m��ךI�����������IR��<�q��|v�m�-�����C߃��'"�.M��R��6d̬�҈�O�Jz�*��-�\Ј�gzF$n�+BӘ��b�ɉm�r��&Ig㈹�ry�t:��lK����h�Lͨ�q��9�!$�\�&♞��Q"��M2������_���+1e�eV�t�{���������]p ��*���>Zf�x׵)R�=�G�|t�0~yO��=|�Rgz����SWg!�$Y���x�0>��ܐ�#y�N˙���"����Ƿ7���Q���'�&�Nr��i��噢2*�+��^���W[e���V�H�L�5����!����<���?4��h��O�����GX�b�aF�dRHM�����FJ�Ȃ��7&~v�6GbӐ�o���KJv�������$��4/q�Vg���'���(��ԈW�2b_�T�;�bh�N(8��l5�OߢR���Ӥ��{����%!���e�Z�ԣ�Ϫ7o}��j��������""��੒�k�����GS��Y�^ť����G���WE�rc�/8_;������3'bLr���"8�>F:���ڨ*"b���~�8YD��������K�'�/����Q""�e��|��g7�h,�8y"���-�V�(z�������b=�ޯ�n����ժ�H\J��#+��O�*���Cy�K��ٞ�2�3W��h���[s���d��/�IiY�����������ӭ�̻�K�rؚ������;�����Ӗ�L�=�{�z��Xl9���.wi��X`u���l�Z����cX}�<�;n��R��R��9�r������q�5�*��{�����}�:�u������֚��x��,�^��u֌L���3���Z�}��7�v�����3W�fu��eTRXB?--���+�OOˬ�����hWc��$eʹK�\K�,��JEV�7���]ݦ��g��=��P[�.3;a�l����"Y���IiY������Щ%�<�y�W�l2��p�nqS��-�\��4x���S32�3���i(�����{%�d�i�夔��'�k�v\�s�T����p?�2:+2�\s��.K��fU��U���E�V��W}�?�ԯ�]b���4ܗ[ڳ��qk�=�'����^�I���âiд���W�?�y����;�K����ޯ��Y���;�ғ5u����@��o�]���(�"�~iy�I�đzc��GgKOhy0404�7�Qf]��z�M���E�K�EDVkb[ϣ�1��ե'���S`}eg�x���h����G%d=�}��ϧJ�^���w�q��[P��5ki�<���+|��^����3_��|,��k[��y���[��KH�Q����=.>���2c�w>=$���{�ݿ?�ZQ�?o������7�,ؘ��rC�M+;���No������B;��?l]+�L����/��ǆzz:GT]Z���8)��DQ������%�:�w�ޯ�q��d�Nfھ�>�R|0�k�)�މ���\uUl����/�~��-?�%��V�r�@~���M�c��(�%��j��(��щ��Xu{�#�Œ��47�5�U�&����5~�M�s˝�߶^���U��u���C�/Y$�<���-�]׿���ܙ��t�����V��铷Yӥ��R�oV_%�-GHPm�:\�y�u�����u�N�?7�U_�샃I"�`�P��U�Wf��(�.��2����@側E��6U_n\̨|-+�Rd�l�*�EI�I'��6���=%�Y��&Wu]�vA-�8;n���'{��ߟq���>ót�*nE[NNl���#b��L
�7���j�z�j�����)fS|B��31�n���W�*9t;�%����ժ@EIf�N�s��w��S��a��lu�W�k_B�ݬ,�4��\x��Y���'�%���~o�S�fk�I}Vye�U?\T�*r�2��pݪ�_�3줜gb�9q����+CG�m&E�-���4ޮ�zk���!O9�����m�>�8�""����YQ̚�}����7��n�o���0}��S yg�4L�������'Q�u��I�W��˝��I߂~��>�G��r�!ED��^Mݰ=����Ĝ@�Gs��pn`_������.�I��ص�~��k����V��n͝E)���ף��HJ__L�i�ݓ>�||d� "#�k������NkIɈni{�/1i��<��k��6����hg<�5y��l�Չ<髹�xҼ��p�ADti��;m��G��#�!wW�{!.�(}w���U/#��uQ����Tz�K�����������o�6=��-^O׍�]+)11)�9��9s���egޏwU�^��zi�xGΩ#�ԔY�7z��\����{���o��m��6�����殶�~}�=�����k����[�G��|�=��׍��DD�cr��>���<l�ip}������窃��|Mj{�&Q��ξ}�F��/�DD�$��z#�立a+U�%g�F߼V��Z~6��fV���!��}ۭip��9��C����u7k39��0�����׭�M�ĘsKO�/M���~Q2���k�%��7o�u��o喙q�R�HpS�8]�o���Q��}���UO�e&���ʃ��UG���s:������gOf����!�O�QK��ux�����E�k�7)�(��z$� s���+>�MV[SSc���>dsd�}�xy��mw�����=7��^o�^��I���JR���v�B����Vz�D����Oy����I����랲���g�L9'�WUm͹�Yy_瘞��g����ˏ2�]�n�K��X��)���>:���*&���I��fMC�<�[ʪuz)��>u��ԩi��`AQ�p��:m�|�>9�������㱦eH�f%9%�Qi@?׈S��G{�w�4��1�Ң@�f��r�o��6j����ޔ���]g#�^%ގ����t<��w�vH�������$q�m����Ȣ��޳�E%�������^P.:{j�=""�.5�(���͗�/G���q���n�)Η��`�_nu�;���ԗ�@DDѾ��<��W��t�����WE�:Zq��گ|�ҝ��D�S_ܪ="�����ݴ���Y>l�]�kj�����[��m�r�,W��`����}��藿;�""�ϯn����Hخx�
�j�J��/���8�鑌������E#w�Kl��(����N������7:��cن�����[tQ䩾���oLկQE����S>�<�^���7�Z�44�E%����F$�{Q#2vm�6P�U�E�]`�C[8�`4"mqq~aQ�Q�?�Q��n�1�n:Ɵ���>�f��j��M������N�vV�$�p��^I9i{��c��/j�T�)��L;��kږUlR���߲I��lk�E�����=e���;�Cv��m�a�l�����i����ƿ�k;4����`tV�0"���.��Q�����"�Ft�6�f�?�6��u�g�Zm��2�'���6���M5���Z�f���t5���Y���6��4$�������hfJj�4�њ}I�U�<2%o�����Wk��,��'vi�8�������i5�1��Ϗk��s�ﴧohd�m�~��hi�+=�-.$.9���k/���_�ܟg1�T�+GP`�m����_�;[ ,]|�(M,Z�̴��t@��Ǌq?��U[����X����"�g64~�ȰA�h@D@"���� �D4 "�A�h@D@"���� �D4 "�A�h@D@"���� �D4 "�A�h@D@"�����u9��IEND�B`�' height='200' width='200'/><br>]]>
            </line>
          </reporter-output>
        </test-method> <!-- runScenario -->
        <test-method is-config="true" signature="tearDownClass()[pri:0, instance:Runner.TestRunner@35841320]" started-at="2024-09-12T10:34:43 IST" name="tearDownClass" finished-at="2024-09-12T10:34:46 IST" duration-ms="3528" status="PASS">
          <reporter-output>
          </reporter-output>
        </test-method> <!-- tearDownClass -->
      </class> <!-- Runner.TestRunner -->
    </test> <!-- Default test -->
  </suite> <!-- Default suite -->
</testng-results>
