<?xml version="1.0" encoding="UTF-8"?>
<!-- Generated by org.testng.reporters.JUnitReportReporter -->
<testsuite hostname="praveenkumar" failures="0" tests="3" name="Runner.TestRunner" time="55.612" errors="0" timestamp="2024-10-05T15:15:37 IST" skipped="0">
  <testcase classname="Runner.TestRunner" name="runScenario" time="10.430">
    <system-out>
      <![CDATA[<br><img src='data:image/png;base64,‰PNG

IHDR
1K«Í/sRGB®Îé
ˆIDATxœí×1À0À°¬ü9g?9´‡„À¯¿Ý€™s;x…=b€Ø öˆ=b€Ø öˆ=b€Ø öˆ=b€Ø öˆ=b€Ø öˆ=b€Ø öˆ=b€Ø öˆ=b€Ø öˆ=b€Ø öˆ=b€Ø öˆ=b€Ø öˆ=b€Ø öˆ=b€Ø öˆ=b€Ø öˆ=b€Ø öˆ=b€Ø öˆ=b€Ø öˆ=b€Ø öˆ=b€Ø öˆ=b€Ø öˆ=b€Ø öˆ=b€Ø öˆ=b€Ø öˆ=b€Ø öˆ=b€Ø öˆ=b€Ø öˆ=b€Ø öˆ=b€Ø öˆ=b€Ø öˆ=b€Ø öˆ=b€Ø öˆ=b€Ø öˆ=b€Ø öˆ=b€Ø öˆ=b€Ø öˆ=b€Ø öˆ=b€Ø öˆ=b€Ø öˆ=b€Ø öˆ=b€Ø öˆ=b€Ø öˆ=b€Ø öˆ=b€Ø öˆ=b€Ø öˆ=b€Ø öˆ=b€Ø öˆ=b€Ø öˆ=b€Ø öˆ=b€Ø öˆ=b€Ø öˆ=b€Ø öˆ=b€Ø öˆ=b€Ø öˆ=b€Ø öˆ=b€Ø öˆ=b€Ø öˆ=b€Ø öˆ=b€Ø öˆ=b€Ø öˆ=b€Ø öˆ=b€Ø öˆ=b€Ø öˆ=b€Ø öˆ=b€Ø öˆ=b€Ø öˆ=b€Ø öˆ=b€Ø öˆ=b€Ø öˆ=b€Ø öˆ=b€Ø öˆ=b€Ø öˆ=b€Ø öˆ=b€Ø öˆ=b€Ø öˆ=b€Ø öˆ=b€Ø öˆ=b€Ø öˆ=b€Ø öˆ=b€Ø öˆ=b€Ø öˆ=b€Ø öˆ=b€Ø öˆ=b€Ø öˆ=b€Ø öˆ=b€Ø öˆ=b€Ø öˆ=b€Ø öˆ=b€Ø öˆ=b€Ø öˆ=b€Ø öˆ=b€Ø öˆ=b€Ø öˆ=b€Ø öˆ=b€Ø öˆ=b€Ø öˆ=b€Ø öˆ=b€Ø öˆ=b€Ø öˆ=b€Ø öˆ=b€Ø öˆ=b€Ø öˆ=b€Ø öˆ=b€Ø öˆ=b€Ø öˆ=b€Ø öˆ=b€Ø öˆ=b€Ø öˆ=b€Ø öˆ=b€Ø öˆ=b€Ø öˆ=b€Ø öˆ=b€Ø öˆ=b€Ø öˆ=b€Ø öˆ=b€Ø öˆ=b€Ø öˆ=b€Ø öˆ=b€Ø öˆ=b€Ø öˆ=b€Ø öˆ=b€Ø öˆ=b€Ø öˆ=b€Ø öˆ=b€Ø öˆ=b€Ø öˆ=b€Ø öˆ=b€Ø öˆ=b€Ø öˆ=b€Ø öˆ=b€Ø öˆ=b€Ø öˆ=b€Ø öˆ=b€Ø öˆ=b€Ø öˆ=b€Ø öˆ=b€Ø öˆ=b€Ø öˆ=b€Ø öˆ=b€Ø öˆ=b€Ø ?#¯_˜>™(IEND®B`‚' height='200' width='200'/><br>]]>
    </system-out>
  </testcase> <!-- runScenario -->
  <testcase classname="Runner.TestRunner" name="runScenario" time="1.782">
    <system-out>
      <![CDATA[<br><img src='data:image/png;base64,‰PNG

IHDR
1K«Í/sRGB®Îé IDATxœìÝg|T×?7ðÿmS53š¦2*£†º ?1!Æ$¸$ÎÚÉ:‰S6½ín¶$Ù$ëxKòlÉf7Ù’Í&N6mÇ±ãwØ€i* $?:šÍHM½íyq!„?Fˆß÷š;÷ž{4ÀçssÎÿæÑG%"6Ý€ÅñR ñR ñR ñR ñR ñà*Ôtw`ÁðéîÀ¢£h¨Ä’BŠÈH"±,q<«21“î>ÎÄ€‹¨¤1¬’<´ó•þ³gIÅXLä•’
sÿû?l³Ùx~i>H/ÜoµoßÞÉA†H%bˆEaY63Ó^XP˜a1G£Ñ£ÇŽ¥‚˜JÄ?JÄh§N¥Rù²RWVÎ‚unÚã*£*ÄªÑñ6áã"Ïé8ŽXŽ“Héç?yüŸþÏ¨
Ë³KnaáâÁàà zñ¤-‹ÕZSUUPX8yD’äÁ?ÁÙ´V?ï¹ñ]"RDR%RRbT""•!†%–%†'VHwÿæOêYŸ•Å—ùc+#+‚ ‰Q˜$ËO„cf«E&™#õÉ§žúà¾G!aéò.\<ÈÌ´Ÿ?*Çqn·»¶¶vêœ­d2™L$333§¤Ü¥­étKøß%@:¨
)’Å‹žÿC•I–‰D¢q±zb–Ú³±ª©ÄÈÉg~öÃ,%!‘$1ú„Ê?%’¢¢8l¶‰h,–H&$šèéùßþðƒÿÌÒû.h?0[ä-ÔéõÚKEQ#á‰X,Æq\á”Á„+0šÌóÙY€[Œ'99ë“E’EâtÄæ·WH!’bÄØÉÃ»í¼Ìéô±87§@x‚ã¸ÊÜœh<^˜ç1˜3bÉÄá§¬ÊJÒÓÝñláâA[k‹¢Ã2ÛîÞ6™ZZZN?:u­™«¬6û?î#À­GUHŠ‘*ÏùB9IŠL¼qi|ƒ®qrr¸çtïé®d4nVÍÁMÄU¥…¹¼BIYêé?7á?˜lN^N?˜‰'Ìˆ×L”dU¥úõ&“I;òúŽ×?£’Ê0Liii–;kß[û˜™fM¥)Š² ½XÒT™Äèµ/ë¯Ê$FH0ÃÝàŽ-8fbì¥çž?Œ„ÇÇõ¦Œ¾±1?Ãâ1³«*ŠXF!R¹çtºFI&ÏMÄ¢³·CX¸xPQ^®Óë++*´—g{zN‡Óå”¥´¸Ä–i#¢x<^¡? uÊ"GS+T²Z­sî?*GÂ>ßp4‘zÍ›­v‡Ëbææ¡Þ<9O‘Þê´è®t¢Fd"bÍ‡q©U¾À¢¦*×•Î·Bb”óÍ>†ÀšLw½óžŸüìgã
é"ÑÒ<WMu•,+1I°8FŽøc‰Œ‚2?ÑÐyð€Åj)-­4Méîõ?·pñ`$\±b…öóððpwW9ìöÚš?.õ-Ër(RÕ«ÿÍÍvÏåær¸ÿts×Xlú?Ã9"2:r*+½.ý\Ú»ªÈÐÑA"*Xá¬¼b<HŽô=#¢ÌeËùKmp
5)vƒ¶VIŠ‘pãKCc±˜Ñ¸PHŒÀ[2?þ¹/(ªü‹ïÿGIN&§çFù¬_?ûÌGßóN‡Þ¨°ÒS/¼62>úÙw½3’Œ…ÇGù%8x°?Û¢©ªÝn×†<¨(JFFFUuõd6ÐÊ”³³³õ©j0:74t~ÑE{¨D¢(Îx“™ÈÁŽcM±z‹ÙeÓ³DÒÄX0,&dŠÏÝ®¹­Ö³tJk®FŽ_K½Áå¨2ÉñX©Üqº«££SûÙh2äç•/+½Q?_Ã²Ú::õåe§ŽÞV]ydßQ#eèxŠÇ³íÆ?¾k‹*Æb¡ˆ#Ãboú)U—Z¸xPS[§-c‡³³³†©©­Õë/úÒžçù’’ƒÁ@D¥DbRœˆLœ>}š¡éõÆYå(¡îã±¶ÜÆºBËE¢ªÉñ¡“­}ÃœÕ–¦l`ðÔlÎVˆˆ8,Õ
EUf¹NQüÔ«Dd¨¸ëê§ÊIbu×?Å(‹íÛ(?i© ‹E£±ŽŽÎ¾þ?uk×Ìã`3ù'““•e_Yg’•ûWWËå‚ï<{F‘Y¯—GÇ‡'Â2'¬jlT9~éM_¸x`2¦À{{{Ã,Ã—<’«ÚÖ)‚N°ëì???ÍÍÍ###JT’¤YŽ¨?¡ HDd®ª?–ˆˆÑY=Ë×:ÃlÚÖIe9~)æNXÔ”Ä,NÒÎœËƒ’ îzß?5·Ä¢±òò²©ÃÚ`Â¾ý‡¶lÞx?íÏFVU­/)?£\"Ééˆ1â²¬ŠIÔQYžHnz÷ý*ÇIª,Üü5ÙÓ,àä"†Ñ¦µµµ©ª²lYsÉÔ‰dbÇŽ×-Õ5Õ.—K§Ó±,KDõõõmmmGŽQYÛ±¢´¸`vw?'bDDdu8.WÀè-–ëûÕn.òe¿i?wì`]a£ö’µdM}Wn—Çå[.ÛìõÅƒþþÁ‘‘à´l@DÚËŽŽÎþþÁü|ÏõÜb‰Õe­Z«FÇÏ>,ÈbŽÅRRè…‡ÇqñÎûß£r¬JŠp“WcÏháâ?N´âãÊÊ*Žc½^ï¥çôúââb"òùüÃ>¿Ñ`¨¨(ç8Žˆª««ívûÐÐ?6ðcµeÎíö¢4Ûä«ªñÑ¡Þþ€o,‰ˆXAÈtç–—äN|PÁ?Þ3}££qE!"Ž·Ø]E%žóÅç‰ãƒÝ½ÝþHL$bY£ÕYYUì2œ?Fc={ÚGˆ(§jU™?ˆƒ­­Ýa"K^cM–èm?†%…ˆÕ³½E•yÖ‹±’ç††&Fc’B©â
OQiÙ.µ€%D¹Ò,Ö`Iôälyœ-?ˆtù«&ß’Çâ;.›&g¯}ÊôH0HD3€‚|?6Åhþãq#3g²ßq{wGKW?&U.J<ãÈ<xpïò†½ÁLW[Žÿf´Ð£Ãèu:†ax~†[3,›??‡“É$Ã0²$µµµ[­-Käææêaphˆˆ8v–YÍhÍäi\¢ØP[ŸkMÁÕ*¢ƒ‡÷?^œ$Qöî©iœR¾œð·éˆO9O–Â?s'ç*V4œ?ÍÊÄ`Ó‰¾àdƒŠõ=­l¬-ÐÎQ’Z
‘R«*)r\ŒÅˆ„øðé£ýâäbKJ26tº=]¶®ÜÁÉ?ŽææñâÕ˜”D8|æÄ±sëÊ2—`ž€ë§JWxSWØÈè-œ-Ožð%{Ë¡^"âì…ºÂÕ¬Á’Ñø£¿âúòªDtíñ 0$¢ŒF£Ñ´@«1ËI%jvÙ[Ž„KìvR¤¾þ@ÃÊ:S†!<>b4˜I&Zjs‹r[41©×ëY–íêîR%?76®™vN<·Ym¹¹¹Ñh4
>|X[¹¨¯¯oýúõDdw8NutÙ,f›Ý9›ûÚòr3ûûFí<±£Ç˜]àÎ±Û2ÍF~ÆíŒ&Kãz‹·¨0ßi6ð©rd´¿íø¹Q9ÒÞ=’Síd‰HïhêHk)(©ófšV‰G‚¾þ“gâ®L=?ŸÎ7ÐÙÇl•+Šs?,‘8z¶£¹?¡(‘Ž3#yZS—3~îä8k)(«óZõDRÌßÑÒ7œ Ä@ï@¾Ãk""ÎjÑ)¬œ™“WZàÎ4
,CJrâ\ç©Öa)Öw¶Ï³Â»—â€ëvµíe…ì*yÂk~Š³dëË6‘4|*Öü”±þ.#ëÊ×’¢\ç³Óé¸Ü[&£1‹]Wë³Æ’Bj\Ï¨:‹yecãXßpVŽ?·¹ÝîÌß`–#gl$`qd-½oc.È²LD,Ëzr=ÁàÈÈH@QöâA–e–aY6#####Ãåríys?$‰ãããýýýùùù,ËÖÖÔŽŽŽÎ8ø03ƒgå*©ùèPP&EŒu÷iÇ9ÞbÏÌË÷äeÙÉ¤Àd–4®*×M‰¼g¶{«½#ûÎˆŠt”œ¢øÀÙžQæ²Ú5ç7+`®ÂÊõ¹¢$Ðd< ½cåšeŽTg×²šªÈ‘ÖM6uSçÏòšø®#~‘¾PÂkÒ‘.§âN—0µ³¬.ÃSQîšrÀEÔ«Ä"Jöæ,ÙÆåïÖ^
ÙÕ±ãO'{«ßyý?ß$TYUQIÊÌrËqzíõƒ›7ßÁÆ‰h,ÇÃwœì\é¸ZXº-\à™Ü© ´¬Ôår;?ÎdrúrZ<Ïóü…¼i47¿m³Óår»ÝƒCC’$‘Õf-È/0ÌeM+ÞRØ°aÕºº¯Ë¨Ÿl^–Â?ÀÉcÇwî?Ù¾0?ˆ×Í0f4™‰ˆ”DR$¢˜8FD$¸Ëó.é† L.™…ùŽ‹‚Œàpê‰ˆ”XäÊ°ŽÒi?[mÚ?ÀñèùÐÌ3t–3š?DD‘ø¬W$€[
3ón^ñS¯ÆÛ_Jö!"9ÔËgWL}—Ï®Ð&%û?ÄÛ_Ò<?}ã³‹ÆL—ŸAd2cÑ…=PUUUY’T-$°¤òKIWv¦ÊŠbB2ëLr,ÁÞÀ?#?…=hok_¿ÁÅ0ŒÅbñù‡eI‡Ã7n„O¸’$±,;u/žç‹‹‹ßzë-"õ¬Ý^VVFDn·;?Ñ¬æ?Çf—§Üå)'"YŒDÆÇB??¾ÑQ‘”øØÉ#ít[mÁ…uVUELF"‰É‰yQíï^e"!'""‡Årµr‹ù’ß©
wå*{f˜MÓgÎ_9-”+²?ŒF'kŒ’ÚQ¾Ò´B€Å¦¿?ˆœŽËN°ÐjFF‚W˜€t£¨ªÊ°Œ—Edôº¼‚‚ûïÛ&ª’?·H¢<x°eèàqyƒ`¹b%ÆMháâÁÄÄD(r8z½~ùòú–––d2ÙÒÒRUUe8¿Ë°—®vêv»m6[4Òâ?Ýañû®½+œ`¶:ÍV§Ç«FúZ÷wF%ÒÑ,(wÉáþÎÝ£‘ÙDAžKól³ÄHGkwßØÕæL¥24Ó÷”S÷>ãì…Òð)!»zòˆ4|Š³N[Ëè2?_#mÙ"§Ó~¹´Å‹úç;Hªzì•]†àxÝ;nŸˆ%32ìª,?ŒŽØŒn1CqÏêåUÉäÁ^½ýÁw³³]2çæ°pñ ///:"*((`fdd„ˆº:»<ž\»ÃAD¼0s***†‡‡µJ‚ ‚`4Þ?YõŒ¹ ¨d µ3FJ8'b‡O<VˆŒŽœ¯ÓaÖ§:ìÞÙ6:ýjåºÆÎ®—:ÞÑÔÙ“ âŒy%¹yŽÌóë©ÆúŽµwN¤³k°¨1,]mVŒ®pu¬ù©Øñ§µ)FÒð)9<l¬`V?_“X,Ö×7àt:®°/²Ñht:?‘`,›Çí“‰8…LQ¥fÕšD[Ï?<fÉusªÚÔÔtÿ>]ÖŒƒÏ¿\½þöÜšêY4v“Y¸x088¨1SZZJDùùù¾sÃÃ~1ÔÛ×+Ër¦Íætº
½…zýôGA¢‚‚‡ÃÁ0L4›ÝÂE³ÆK‰á?°BDÆÜ•õ…S÷QN^´I³Ñ˜A4A#§í†öbÆü}"¢ÜÊºê¬©1=’ˆ¦«Op3`Y’¯ÔÄ8+Œõ${':ßÐŒõ0,/µ¹µWiüšknÑ~h>Þrå3cÑØ|oŸÌòlÕ¶;i4¶÷õãîåeŒ¤ª’RXX¨ªj4?[¾û›ÿþïòç_\bC†}ÃŠJÃ>_NNŽÙl&¢U«Nž<¹ï­}Ú¤z pº³3/?oÆËÏk+Ÿj/ñøŒ§]j¬ëx?¾¨zÚnbçI¡¡>­ÌØ–¡›¬0N(bÀ™òÒèÊÖwL$Hô÷ù¼¶¬‹×îRjU›SÄëßo,x“?à
žè²;£‰ÃíñŽ¦åïælyÓÖ)‡Zâ?»T9y¥ùEÌµ<^ŽŒGF‚ç˜í%ó7ÅH&•3ðä“ŒÀªñDñ£Zm6•T1‘dxþ§Ï<çÊ.°ð†Y4v“Y¸x°¼n¹6§³««~ùrí`eeeEEE__ŸßïW•ˆ.: "Žãê—×©™™©Í’3í³û× ?ôõÇ†•öánc®×íq:¬Ï3¤ÊR"6êë?yfLÛ½ ²ÀJDfÑ8Qpx šåM•«‘¾Sí¡‹Z5{
òz;Dj?Á³U•©-ŠÕäøÐÉÖQWCõ¼oåGDFs&GI)±8SáG9Ùê¿ÒFˆ¬@tÙõä±ACùmËdm?¢Éz!·V•“òh?]!\Ó–ÉN§ãžíw_Ã…ó„UIaHGc6ûHUHeÆÆÇbñ(ÏñFŽ“e•]‚«Ñ‚Æƒ¤(jeÇ²,555åææz<måÂÂÂÂÂBEQÂá°ªÎ0¡ßçóÉ²Ä0ŒE‘•Ùý…°9yÆá¾˜"Ç†º{‡º{g:Gï]Q‘£#"rdõ?*±Ž‡{2­Y&y4'Ù‚üÌ¾þ)µ¼³¼nlü˜?¬$úNëcY£ž“¢¶ƒqÔó˜g¸ÏfÈ-Íjê—Ä¡ÎÝ?>‡Û"DÇã¢lqè}ãóß¸yqÉ3£h(ß2õ¥¾h=]þª+eîÚ÷K¾ÔäøÀÂ,U4•öÔª×ëEYá9^Ud1):Îx<n4úúÎqœ ªq•f÷Xúû¦–òž9s&;;»¤¤$//•MY–eFÛÜ`š¶¶6I’<ÇqÚ£ø,7Ìcô®²å[
'ÎôžŒ„“M»a½#/¯<ßmžü—lð¬Y«×–JŒŽö?qFo}E9ÓÛ×QÃ¼­díZGOWwç°¨(J,¦+sK‹ÊsŒtIó<`ËV¬5vžè?ˆ‰À`‚ˆŒYöÑæÀÜnb¬þrñà’3ç²2{Ã¶d¾µÿ?Ñd4?##Á-oÛ8¯µÈ3ÒëŠ(åäØUŽIHI?ç?.‹dgåvžVdé’7—æÑG]˜;íyó?KWúQÅ`0Z¬–¼¼|›Í?F†™öwßÒÒ‰¨¦¦ÆétQoo¯^'dçäÎ¹ªz!~°<Ï]þ¯T‘%Y!byájÿ%&Û¼rƒóHUDI!"Nà—Z|€y#ÇIž¾GíuátÄÝÈ¹ø§»:::‰¨  ¯~ùë¡o<E%öÕ»û‡ƒ¦Hè¹_?ˆú‡voN"!vŸí?t°#8:ü¥/}‰]raáFˆagøøXV”Ä`08(ªÊ³¦qÍÔ÷C¡Ðèè(Ë²&£QËªªööôV”—]S^˜Ý˜Ëñ³ÌÊ³os¾0¬  ÀÜpRä«®p:[wc³•/+-È÷,ü ?†!Ú²ùÎ~ýëÌœ,%.s‚‰G¬Š”HÄ’˜©çþÔ'TY¥W¿¹™-\<œ©¬`ºÉo÷“ÉäàààÁˆa8Ž{ûÛß~¾?¡Á¡Á‚ü…¨þXÊx#‰‘·H›#†øyyˆOW6 bˆT’¥Æµk_ëðš˜Ž7%‚Q ÞÌ¢ÖlNï×…Tn?Ö¬\8Ü®,EUbTšºüç…´·’Éäøø¸¢(m­mñDÜíÎâ8nùòå6›MgÎœq¹\éû·°T0,&£×—L×¼ÚbÅ©ÏŸôËzû3¯ìÜrÇJVaûN?u8²ŸÙ±?çˆ7˜Ø%W—¼ ñ ¿ ?aX•ˆTbRUÒŠ9.ä•ˆ(C1Ù9Ù*‘Àñ…“ûMôõõegg‘É„xpÝŽ3I±kœeÄpÄ—\6Ð0ÄÐª5+ºžÞ)ìï_+`Y–3dðÖH8 È*Ëž¢]B.47ŸS0µX¬7nÔét“Ù`ïÞ½çÎ?ÓÑ74dX3ç­³·†%Á|-•Ê7ºy1R“,£(¼ êõ’Áª7èIg¶˜õjr‚ç8æú§e->Xš<ãŽ—Ø´i“Õje†çyfJÛµkW pa½NõL’€ó8±:R³Zð”ˆÕ/ÑAƒ‹ð¼A`™”p|âÞíw½úêk™V§,©,³äFÎ[ÈÉEW*effòüE½J$ÍÍÍƒ!??ò`†y6¸•0,qFâŒ¤ˆ¤J¤(¤*çëFbXbYbøkÛù&%p¬¬Æ?Q•üÂ¼Ò²2_0¦ãI–%•T†!Biò5Såª§I’Äó¼,ËáðD,ðûý—Æ³dò†.Ó“X?H ¹ì‡¶T)
éõ‚(ICƒ®¬¬4ÚÖ=1¾;à¦ËÂÅƒ­[·ÎþdŽã23m™™¶\ÏÜ÷>¸´ï¨yžUI!Rs=ÙŽ´²,§-ª¹$-ýc×FUUžgYŽå8VUd“Qo6T†Ün÷R›TtÞ–&ÜTX–q:í¢D=g,Ë(²b4ÙnoEYáÒ«:Ð0?>úhºû‹&@
â¤ @
â¤ @
â¤ @
â¤ @
â¤ @
?8Jw`Qà=Ùöt÷`¡‡ÜN[º{°è`r¤ @
â¤ @
â¤ @
â¤ @
â¤ @
â¤ @
â¤ @
â¤ @
â¤ @
â¤ @
â¤,®x‰Æý?Pº{p‹âÓÝ"" ÔÒÞ½yCCk{×ÙžA"2›?E…žšª’twà’þxÐÚÞÝÚÞUSUª½t»µU%>¨µ½‹ˆ?LšãÁÎ7›üþàæ?«Ý.»vÄl2¸]v·Ë^äõìzóp$kl¨™EK¾#O5?7Ü¹É«›z4Þ{èùÃº?ÔgÍâòÎÉW¼?UP¼¢Ö›)Ìå—ñ5?±‡6M»WôÌŽ—†¼ÛÖ•™æÒÔ,ÍkãpëIg<ˆDãÓ²ÁTf“¡±¡fç‡³\ö"¯g6úZÚ}yõY“¿“<Õ:ªÐÕ¢ÁyeëïZ•E¤Hb$Ðv¸õ•×F7½½>kNàf–ÎÒäÖö.³Ù8c6Ðhc­'»gÙ @¡#?c“/#Ý'»íé^Q’IQ¹p¦"&EI™©"–,9õ›VV?ïÈÙpê ªˆáàÐPp|êURxdèœo,¦¨S¯Wâc?!ÿXü¢ƒ¤D‚Cþ±øÅ÷Tc¾¡ÀhbêQE‰^|P•Ä¤Dªø"
‘šõŸK³üXf)m£‘hülÏàU'{=Z±òlxkK#ÍÝý¥+ó"Éwê$ÕUÚ?4:µog¢ò?Õ9,Iç¾pÒ¸~S½óòm1Žâbý©¡@|™Å9³cGwÜîÈÍ?†ŽÛ6¬Ë×‰¾æ÷G²¼V.ÚñF,oëÛJ­DD‘¶}{dÁ¦ú†”¼-Ûª?DDRÏ‘=?œ%Sìé+6¬«s°¤Fz:8¢Ë÷£‡ŽÊÞú­õY‚â;òâ‰~“5×Á‡Ë¶W;ÈßúôžˆÓ?Ù•k²èÜ®?¡LW¾ÐqHÔËsøÈ®"Íµn·cÚ t°©uòe$×^a?ácA}yÏ®SÁüZÇxgG¿·ú>Kß""ry2^íé©Ë)ÖS| §×ìÙv…l@DDœÀ“B2™½›ï)fY"¢¸ãÀ³Ýñü_·Ï\³nm©™ˆÖ\(HÚ+6Õ;‰¤?ýÏ¶õª?f"JPÎºmef"m{ã•¶¾eë½º¡Žƒ#ö;¶Öç
Dµû_hk+Èªwd­xÇæUÚ?òÛžÞ3è«vd%­wnÉæ‰’½û:Cyu÷4äDâÀÑg±9|ÜW”þ•‹¦Êº$˜M³×c2gÙ‚µ´8ë…“?ùÞ@‡yÕ;êK½a)ªÈê9Õ.^¦êÏZ¶Òzµ¦â±$±ÄQl´§·/#¢¨H
ÉÄ;s¬?7½9ž•ëÎÊõ8ÌŒv‘=WK¼ #¢Tl0{=fí§L—?NŽŽ“—ü%§.W›ú$dºlbO(B³<áëîŒKDR„dÃù¾ØóSã?å¯ÍI]gÏ´âÜ0iŽÑhÌlš|¦"¯g–UÈ—%äÕÕö¼¸»-£zíÚ‹ªŠuÞWÓÑ¾‘lþÔXÞš;t—o‚ˆˆÔ@?h-wˆÄþ£/6³?kÊô$Ÿkíì&"2Ýöù±ÑP0ÐÛöâ‰Ì?wÕ^¾Z'ËT"Ž#"Ž()+ç‹?d…ˆaiôä‹¯‹7­¬Ëàh¢Û×“˜l‚KÅ–ã)))‹mÍ+S IDAT?;XÒö”i6Ìf£Ï•=’[Û»w¾Ù4·–KjŠÊÖ[¦g=euú?½{©¼ÀÉÌpa2™“I1™ŒŒ4ïj>Åf­*²‘œ”³Õ™¡tlÈŸ*}ŽŒEÎ˜éÎ+[^ì‰EÆÅ+ô(qºûœ¨©±3Ý>6Ïå"rz²ƒý§Ã
‰#=gFÍÞ#‰R’3»ìFA§Kƒã34åÈ/ú»ÎŒ«D$?tŒÌé£¸¢tŽ¤Ö-uÛ/WWà„ZÛ»6o\=·v[q½m¦7,ÞeÖæ&ª+œž4½w÷«7f×l¯ÊÑ¦
J«zš_|aÀÈó%y6
QlüìÉý½1?A?ã¢¡²~?‘(<c«Ddöš‡_y¡5))²µ`³Ví¨Þ²²i×ë;N0¬BBñmkÊLDÆâÆÜ¦½Ïí2êy{?eÆâgemÅžæ—ž>Ëê?×–I‘¹}8—Ç<úè£i¼}k{÷ÙÞÁÆ†šK‚?ÚùÆášªÒ¸qòÈ‰]Ö/š+E!ö’ëf<x¹ëv¦.9ª*
±ìLã×t_˜ÁàpÈíœ1CÜÒÒ\{PSU‰Æv¾qØívÔV•h%È~ðLï?ßt»70P¢¯­›–m¸¦l@4óãøžÑgÈ3efÑ(²Ìƒ4?h´ÅL#‘‹ðy=Å^Ï¬3?=E%t‹k±&HŒÌhQ<+»]öíw¯×¶8ÐL]Îè†aµÕF¯ºººÕ«Wçååñü¢ø{˜W’$õ÷÷8xèøñéî¤,¢ÇÐy‰7?­[·®[·.Ý½X8<Ïåy</¾ôrº»”Î…Maªºº:d¸e­_ÇòåuéîâÁb±zõoXZnk\“î.!,
ªªæåå¥»é”ŸŸ¯ªjº{ˆ‹ƒZd¸Åñ<Otå?Ÿ`!à©4ÍT9€´ç""b„„tÂèAúá¿ŠÄHA<€ÄHA<€ÄHA<€ÄHA<€”E´kòÙžÁƒM­n·£±¡Æl2¤»;·œEÎöÑÁ¦Ö"¯Çlj-.Ì5›?n—=Ý]¸…¤?ì|³)?E"1"òB‘H,‰iG6o\=ë„à;òTsçä+ŽµzÊ7¬.0Ïfkîè™/uÚ×ßµ*k¶}VÄ¤ÌéÌÌ¸qü#cDÄ0³y€[ Çq‚Àéõ‚À§ÿÉy¤ÿ—ôûƒ›7®>ØÔªí Ûew»ìgzç4€P6ùˆŸžx«iG»õ¾jÛÕ/ÓeÕÝnÔÍâÄó"Ý{÷õ¬ÛRjžý5pen§m±Å"bH•d%K$1ÃlLwwæ]úã?fûÝë§9ØÔzíÍé%æö¾`¤Ê¢N`ibtXÉÈµéˆHIŒ‚¢ÎáÈÔ³DD¼ÑåÔ“pþZUâœÍe5²“ÿ8¥ðˆ?B.§…U’Q!YJˆI?xŒ!,e*1ÇY-¦DB?Ø¬KüâÅn¸x4If?1Ö³ó¥>r)¡Öè­Þn5ö8tpD—ïF•½õ[ë³
{¾Óºm]™‰(rf×®>Îã0KÝ{ƒÖ;ÞV›%H#-ûwv%ì—n¬5ä**òtÅHîly¥‡ìkÖy—~ˆ¸Å©*ét14‰-í1„%|]-G†ˆˆäh°ÇÇV¬Ëe©‡(AžuPf&"eðèÁû[ës¢Ú?ý/´µdÕ;&Ÿz«Ó°bóÚ<žˆJÚÞØ6¼-gèP[w÷–
3‘(*ÂŠÓ®}=‹jrQ<žˆÅâÚÏ&A®vÅ­¢à\oß UV”:ìs˜C0?^'Äã¢(IK¸a)þb¼9»(gÙ*G¦ž¥(ósSÏñ@É©ËÕžœ…L—MìEh2Äýã?;y$@DDQvÜ‹ûCã™Ùùçƒ€°Èæ©ªÚv²ó?ÿúxK‡¢(ÚAžçîX»êãyoA~Nº;xu¿ýÝËßý¯Ÿ]z<Ï“ýþ÷Þ{÷Û7ð<w=í8Ô¬µÿOÿ—?«—_OSp‹SU2›±xñàæ?UZ;ÓêC,w¾„€ãJÊÊùÝàd…ˆ™ò¸Ïñ:â]Ååe©u,Oƒ=KÄ‰ÑHÁy’$?ñÔÿóãßLƒÉã»÷:ÙÑýÏßúra~î<Ý=žHþÛüï‰ÖŽM?öáoxûƒÃÿø?vŸéûôÇ¾Î„p5Ÿ8ùOÿú#K†éËöIo¡'ÝÝ€…Æq¬(ÊéîÅ<ZRñàªœž,Ã›ý§Ã¹Vé93j.Ë1…Soë²½9'?õËês†(M82³sr?vu•9su¤ÆFÃ\¦ÕlÍ¤PpT,5*Qújë÷ì;¬eƒ‚üÜÏ~òý«WÖ‚ ŠâéÎžÿ~üWV‹%'Ë5?·WÕ`h¬¯h||âú³Y-ÿò_)+)Ô^†'"ßÿá¯žqçK¯½¹uËúŠòâknyû¶Mo»s­6çêúû™H$ûú‡lV‹(I×ßÀMêð‘žÜ,OnöÔ#ƒCÃ÷m{Zûµ@dñ`ÉpToYÙ´ëõ'V!¡ø¶5e=1ê
×¬{«ù™§[9½"“yYãêLwÁÚõ‘?{w?!q¬³rõf«.kY™kGÛÓOµ‘·î¡†ôLàÿêÉEñäfÿó7ÿ2'Û­¡ºªìÛßúJ8<¡ÓÝ¬–ó#xÿ‘c­ƒC¾“]×½Á ¿¡½¸Õ}ão¿384üüÓ?káð‘ŸøÌ—=¹Ù·H<PÓÝ?y•þxàv;|þÐäŽ“"Ñxqáì'Æd­zà®›Š·<pÑ“¥¹°a{!)ŠÂ²ç§IbròmÁU·qK?ª(ê…÷gåÖû*IQhò?¹xÓ}ÅYpg{ºÎôÑ½ïÜ4™&ñ<g·Û¦Nzÿ{ï-òæýÏ?Ÿh>qò3ø=ïº›ˆ:»{ðø¯›?·'E©´¤àÃx`Ým«X–ÑªNwõ<ýì«›Ž!žç–•=òþwÝÞ¸‚a˜þä7»Þ<à÷‰èµ]oin#¢ÉYFãá‰_üú¹—_}34:îrÚï}çæ‡ÞóN“Ñ0§_P§xž×æJÑò›]oÜ´¡ñwoüÁãOì?pôî·oøâ>BD?‘Ð/Ÿxþõ]o…FÇÍfScCÝ}èÁÉº‹K§©ªÚt´õ'?ªýTÕ×UþÑ‡þ º²lr•eEQ÷8òóÿ{öt×YEQós|à•å%ßþî?|? 6¸ñW?þ‹N'`–Üš~ðŸßúÄg¾rÏ»?úüÓ?ù´lð?¯ÿiºû7@úãAmUIK{÷¥Ç³\ö"ï|=uM>û?÷¶´u÷»Jê¦#0,{é”¡K“@ú²uvõ$“¢N'ÔT-»Òyç§5mýáO~??¬¾ðòîïþçO“¢äv9t:¾¯oèëóoûðƒ?tÃ0­í?öåoÅ©è$Irû©®¯ÿÍ¿þõW>wçú5ãã}ýç´·"‘h$%"m–Ñ™³ý_ÿÛëë²gZòs'&"?þÙSÇ[:ûÚç-s¨à:ç†F‰Èé´k?÷õ?ìè>p¨¹£óì…Ï¡»÷¯ýö°od²3;ß8p°éÄ×¿ü™ÛW\:H’äŸþòéŸýß³,Ëd¹]Z~øâ—¾õ¥?û„6I’äÿ~üWO>ýòdEÇÙÞ?o÷ñOüá?AßØx˜ˆEö´9Q˜e· OnödBÐ^~ãëºzU]ºû7@úã?Ûeß¼¡!]w×Ù\ÞÚ‚.ÛÜ¾Ù^"Ñ³yVSê_}}ïŠå•_ûÒ§‹
ó22L}çþ÷O+ªúØW?¿áŽÕÃøÁ/ÿõ·ùÄs«WÖV”{ó¶¿cómkêWÕW‚?LŠÿþß?æù/¼¼û¶ÕË¿ø…?|æ?ú÷ßÛðØýÛ·hßâQ2)þô—¿ëëºÿž-Ÿûät:A’äÿúŸ_>ù»—Ÿ{áõ‡º÷rÝSI‡'B¡1m4 ídçO~þôÄD´ ?§ª¢tò´CM'JŠþî¯ÿ¤ºªÌl2Æã‰ÿùñÃ¾‘â¢üo|õóE…yccáÿ÷íì;pô‡?~bY‰×uÉ®Û-m¿~òK†ùþîÏµ–Owžýò_ûñŸ>YSµ,;ËyèÈ‰ß=÷½÷=ïüð0Ã¾‘ß¿´kë–u=°íàáãñÕœV)pòäfâcão¿CDŸøØÃÈKFúãAzl9óµ²Ï<›ë|úò²¢Ç¾ö…L›U{yèðñaßÈÚÆ?«—k“jÜ.Ç?ë×üèŸlië¨(/6›M_øô'/×é„Ûo[ùÌó;‡|±Xürwïíj:Új³ZîÛ¾E«|àynËæu/¼¼»ùÄ©îÛz¹ÇÇ'þä/¿9í Íjù“Ï~8;Ë9yÄå´?öÕÏ¤†•ÚNv?q’eÙ?zäŠ
óˆÈf³üÑ‡lmïììîmi?½iCãÔUUÝùÆ?x"¹mëÆÊòí`IqAÃÊšW_ßw¶wÀåÌÜ¹{2)ÖÕT|àïÓ&Deg9?úÈ{æôi,y‡?œøÆß~G«=øÆß~gõªº©•ÊpóºÕãÁÍK¯ˆ(?k{®ªª¢t2QOï ?híøØg¿6ypb"2ù¡=o5?ìè>ÙÑ-Ir,¿ê]‚ÁÑ±ñ0Ïs_ÿ›ã¸Ôä«dRŒ'’WÎ,Ëº]ŽÉDQY^RSU¶iãmÓæ#••z³ÜÒÂÄD$‹Û¬–ÜÜ+Ú:í6›Í26ÖvC›*‘HžÑî76m½ÐíÐ˜¢(ýýCõµcãDTR”oµdÌd²ù_ÿSOnÖdÂ€xp³*òæëtB2)mn[^[1YV;'n—cõÊši++JˆèÀáãý7ÿO$í™ÖªÊ2OŽûÜp`O i6ÍúU+ªzÝÔƒVk†îâ#SY2Ìß|ì‹7vºÎä6Ò—*ÈÏ-/+šv°È›ï°„iã“õ“uGöÿ>Ý]ƒë…xp³*+õÖV/;r¬í¹vÞ±vÕ²‹vã‰¤Ï˜œ„s)³ÙHD9Ù®?ä¡K¿ÑEñ…—wÇÉ·o^÷•?ÿ¤¶+Ù®7îykJ<`­Â;žHÈ²Ìqéõ:?NàXîÝ÷ÝµSóµÛÅâñpøÂÞ‘h,O‘·0oÚùÇj¿lIqÁç>õ?K3•(ŠÚ}C‘hÌl2^ÒÇ²¬(ŠÉ¤8o¿Àb§LŽh•ÊƒC¾4wn„t®½×Ãl2¾ïÁ{z]`$ôg_ù‡'Ÿ~90’$9Û±ë­?ökÿóãß\áö¶5õ½îÈ±Ö7÷VÕÔê½ñDrÏ[MZÑó4ñxbç¦1èu9Ù.":Ñzzèœ_;XT˜WZ\86þíï^ž\õHQÔ­—Nõ¹~Úí’Iñ‰§^Òº-IòÓÏ¾êó?¸œöêÊÒiç‚°vM=Ë²;wh>qròxx"òÆžC²,‚°þöU,Ë;~òÅ—ßPUkóÀáãZû‡Íf³DcñCM'´wnA—Vxr³Q?¼4`ôà&ÖØP÷…Ï<òÝÿüéØxø{ßÿÙ÷¾ÿ³©ïªª?N­7˜ª®¦ü]÷ÝõÄo_ü»ø¯ïÿèWFƒ?HõûƒŠªþãßýÅÊúêµkêßØsèõÝûÇÆÃÞOk{ç¹aÿ´Fî\¿æ…—vè_r:ìåeÞ¯}ù³}ä=ßøæ¿¿ðòîÝ{9ì6­B 4:þ¾·ê?Þwm“ .Çf³<òþw=ö÷ßÛ·ÿÈƒøc‡Ý‹Ç?Ë²¿÷Þ‚üÊÎ7o¼mÿÁc»Þ<ø§_ú–Ví ËŠÏÈ´Y‹¼y…žukW­m\±oÿ‘ï}ÿgÿ÷äóFƒ!EQûXòr³W.¯z}÷þÇúäÓÏ¾Bóõ/}¦á’Z7)ŒÜÄ†Ù¾mÓÿó›w®_£ÍÿÑ˜Í¦÷=¸ý{ÿüõK·K›ÄqÜ'?ú¾Ç¾úùì,W êëêë?§ÓëÞÿÞ{+ÊKˆè®·ÝñùOÐh4j:ñäï^6™ŒŸøè{§5R_WùÇŸý?Ùl’$yØ8Û;8Ž4®^þßßý›†•5±X¼¯¨¯(<¹sýš{¶m¾±Ù@³î¶•ßþ_)/+ŠD¢}ýC?@(;ËõØW?ÿî{ïšñvƒþ«ùé?þì‡22LÃ¾@_ÿÐàÐ°ÓaÿÈß£}\f“ñÑ¿úÜÞwŸA¯Ó>™D"±eÓíZØÐé„Ï}ê+k‰(4:
?uu÷Þð_
 ]˜G}4Ý}¸¥i{{ì±ëlGQÔpxBQ?^wéŒù+‹DcÉD’ã9K†yÚ#µ$É‘Ë²—¾5íÖ*©fóÔ”"ŠâÄD”a™iÇçI<žˆÅâ—þ—Û©@UÕðDD–äË}b—û½¦Þî>m¸œ¿úê×µ/@ÓÝ‘«ð?Œ¹?¶t÷b¾`rÑÁ²ŒÍf¹¶kÍ&ãåžqyž»Üô¤«ÞZ»}áþçúKk¬C¡±_yƒˆì™VÇÅ?aæÊK—^ù#?ñv7;ÄX²þå»?~æ÷;´Mî»g‹=ó*9`É²Z3Š‹ò—×VÜóŽÍËJ½‹¤ í`ÉúØ‡üØ‡Lw/n&X¹R ñR e±”&G¢ñÖö. DDE…žšª’t÷à–³(âA$ÿýKoN¾<Û;˜å¶»]öklNJŠ*/˜›EüþàÔ—‘H¬¥½{ó††¹¶nÛ{x`$ADD¼¾°¦¾¡Ô&øšŸØC›¨Ï"ò{u×hÙöMÅæ¹4«ˆI™Ó!nÀ’·(âA$ŸvÄl2Ìµ‘xï¡çGò×nÎ³°¤ÄÇ‡ÚZ‡ÆKlÎ)çd•7lˆè?sì]÷Þ}=ë¶”Î)SÜ|ÅWâYîéóˆÌ¦9>ÃSðÔ‰ÑŒê•kó-,CÄ°[Þªu•Îiûäê2\vãäï¬$Æ|CÁqII½–’¢¤?šõŸó?%µS”dBTH–b2)*°„-ŠÑ·Ë^SUÚÚÞ•zévÌ¹49:Hè½Û•ÏòµìÞEõ­È"’|Íûö-^9~T^¶vS‰Ù×²{×¨57!YÂHï¹´á¾Z¥uW[gŒäÎ–WzÈ^±f?w®¹à¦±(âÕT•y=~Ðl6^KQ²$ŠÄ³þm”Áoøs¶n)·2DÕû^èè/\©#¢ˆ¥ú?ÕN†”¬£OôÕÖÖmm0îÚ×SÐ€ÉE°ä-Šx ÕhÊ‘HLO˜[¼ ?$J³==à(ªÔy¼…ˆˆÄ‹'IGDy.m>+°$ËsýEnjé?þ@hç‡§4›?sÛýÀdsé;{Çª¬W™_¤á8?2sª«²9íuË˜[Ç–š4—&Ï˜´1„Öö®³=ƒ³nÉQ½&+Ùvt_W0®©Rd¬çÐÎ¶•Èœ‘Iá‘ñ‹Îvz²ƒƒ=^Ðé?OND’ÌåZ6[3)‰H?ã¯pSIóèÁ™+€Ö“ÝE^Ï,›²ê·ÞÑ¶÷pÓ³ÍDç÷=°2DæœJOßþ×^=QR¿iòlGõ–•GßÜ¹ãÇR‚2
ÊÖe^vØ!kY™kGÛÓOµ‘·î¡†œÙÿv7—4Ç t…w#‘X$Ÿý†ìê-Û«I•D•Ÿ²‹™¹pí¦BE!–%ºë¡GWn+$’$âS‚uÅ…w)«þ¡&O-Þt_1¥ZX²ÒŠ
=¾+&„kØ?^¸t¦ÐåžìùYÈ°Ô¥9ÔT•Ô¤·p¾€ÄHIÿ¾@D‡›»ÓÝÄƒÅauý¬7€X¢žz"Ý=L.€I=€Å"’ ?v,JŠ2·Y–l&Êw)fý|õí?x‹B$A­½lž“
\sÞqJQ(8A­½lM!ÂuÁä"X¬ÇA.ëµìFË²ä²’ÇAý<ß^||°(ŒÅÈ‘q¹7YŒøÎ…Ç¤+Í:rdÐXt~:wËÀä"Xårã±Óo?¼îcFŽÜîØê5ÍxËÎ¹h¦A<€EÎè©ËüdF??øÑÙè^“9Ý}Zª0¹;s†6ëHI$ÉœÁÒÝŸ%ñn²?°£?½³ÒÊ¥»'KâÜä ïÙÝbÉ?ÎJ3ž`ç>\Xô"?—_=wºosëÒÝ•%¥É°Ø?ŽŸ”ˆvøö±ï¼ßSiLwŸ–¨Å"ÑøÙžA_ ?ÆˆÈí²×T•šM(;Ê]‘ÿÅéîÄ­aQÄƒÖöîÖö®©G"‘˜?**ôÔT•¤¯_°p´]¸ë¨;¾üÎ0[é?Ó²A‘×s¶gPK­í]f“¡Èë¹Z¾#O5w^zØQ¶½zü÷{"«¶­+›yëX,lF
N?Ûví-'È†§¾ë“æxà„¦f·ÛÑØP£ÅMëÉn·ÛqµYFY«¸kùŽ½zÂ²nKéù?2ÔØ–Û#†%ZÁ?&†cáH2™L.ð­¿é¤%²?o
‹œ7£tµcýûK>Skk¸†Ëó\Jk/Ë0äÈ˜ó €¢Pp‚ƒTS¸d¶MVEÕ1v×4Çƒ3S’ÀŒ"‘ØÙžÁë˜b$X?™ODŠ’TH`“ãÁ?lÌ¶›YF‰?C²>Ûna'?p)<âOpG¦~±?K…#‰³=Ã‚Žwdš22œ|÷–³û;î—ø¦°È=7ðË—~û§‡Þÿ÷+ÿ»Ñyç\/7ë©¦Páƒ¤Ìñ!ŸeÉf¢šBÅ¬Ÿëm#UUeYV‰X†a†˜Š²,§ôàªçø¡šk¿AëÓ{hÓõY8öüÉPKz3ù{-y†€?±?/°×RöŽ?Åf¢H÷?WN³ù9Fùdóˆ£nk}–pÍ÷?gÑXâLï0¯ãr²íéî@Ê½yß›÷ð§ößÿÕcŸüÎê_\Ã‚YOyKæëÿk¤ªŠ,+DŒÀ±§¥ƒŠ‰dº÷=ˆDbS_jËÕT•ÎÏÝÆ¢µ[Ö¬Ü²©Äˆä­;ÿ³o(Fîxó„nÍÛÖ¬©¯]»iuápGwx~zq#ûÇtïÉv¤»#Ó}í3å–š_tÿgº;rSRUU–†au:N8–e,hÒÜî‹p#‘Øï_ÞSäõlß¶aòà?[ÞÔè´óDDË‘Ùuág™TŠûCã|r¨­åHsË‘ã}£Lìâä²¸„#ñ3V}€Ej[Þ{?ìIw/nFª,ËDŒ °\šÖ`Jóä¢,—ÝïN=‰Äv½yØí²O=çÝ?å.½8ž%½¥¤ªÄª½®*çíÔ"¢dRÊÈÀ^ °HÝ›÷ðŸ~$Ý½¸ù(Šª\Ú²AúGf\´T+GÖ~6›?³XØô²sr#çzB$èt‚Ž—'&ñà,Aªª²Ãqé|DOóè?Ùdhl¨9ØÔz¹®½,ynôk×GÞØ¿û™T…ìyw¬u˜—èŠ¨°iñ`ak¦Kÿ¶hÚà@ëÉîieÊf³±±¡Æ=Ç™EY+îÚrÑëú‡Hý´ê?¬ÔASñ–Š/ýYpVnÙ^IŠ¤0<›Ö¿¸%1Ä¤9¤?hÁívøýA_ ‰ÆµbƒëØëàú°übßò`~,Šx Í22{=Sf3Z,ñ–6UU‰¤¬(DdÐë8ŽSU5‹k[„ëúÉò|Q”’¢¨?3y¡ ðŠ¢&EQ;Gà9?N7y²NXŽMÄêùÛM¶©ªª(Š‚ hƒtÉd’ã8­eYQ$IÒëtÚ]’I‘ø©Ý`Y†ˆâ‰¤v„cY½^—æÉ€óñ‚$ÉÏ>ÿêÀà9½^žˆlÝ²aÙ²âŸÿò©D2Éó|<¿ÿÞ»‹‹ÞÚß´÷­¦ŒS<¿kË†ºÚJíÂ5«ëG‚¡]»÷›LF"ª­)¿cÝš·ö7½¹÷ Õj™˜ˆÞ¾¶¡«ël$Œ„ìv«Õb¹ïž»œŽLI’÷ì+¥¥ÞU+j†y}×[å%ÅEDtèpsk[Ç>tŸÉd”$ù™ç^©¬([^WIDñxâÉ§_¸ãöÕDô«ß<k³Z‰¨È›¿õíxÿe`)Ã³,œwÝwwqQÁ°/°ãõ=……yF£á?w½#Ëíììê9ÑzRøŽÓg>ý‰X-ç†ýÏýþµ¼¼\«%còòMw®]½j¹ösÿÀ¹ŽÓg>û©Y-’$)ŠºñŽ5‘hìÉ§~ÿŽ»7g¹?SïûÊko8ì™Z*ÐD£±ÁÁáÜœaòTi IDAT¬Î®-ÑþƒGŠ‹ò-–ŒÎ®³'Ouiñ`e}í¶­w.Ô'?fˆ°p‰D$ö›L&žçE?ÇccáS].‡ÝñäfkyÀé°Û¬–ññðÔxÐÖ~zttœˆV,¯>7ìËÍÍ²d˜‰èÊßèëõºíÛ¶ì?xÔå¼°Ewoÿ Ã‘YWSñÆÞƒ%,ÃêõºÂ‚¼–¶Žúºªî³}ÕUË´3{zû_{}••yóçóãH?ÄX8/¾¼ËbÉ(.*Ø´q-Ïó¢(kn?ÆâFƒþ¶Æ•Ç[ÚURUUeFUUEU§]îv;µ£Ñ0§ûæä¸uzáå×vkU‰dòXs[‘7$8OôôhÍÖT—79±{tIQAÿÀ9íZ›Í¢½k³YnÜ'°HaOX8ïºïî?}ä}[6ß‘™iÕ¾×_{ÛªwÝ»5‹÷öæ{rÎiã~ÿH$u:íªª¨ªª×ëˆÈír”–xKK¼f³)ß“{æLßðp€ˆ&&"cãá+ßzYYq¦Ízèp3?;çŸ˜ˆLLDzû2mÖ¶öÓ’$iý©­©ðB%Å…“fÚlÚMí™¶ùÿ„Ò£·œ—^Ùù?ÿô+êkþò/>›“?5‹+æ—Á _ÓP¨©ù]÷n½mÍŠýä×C‚ ÜwÏ]ñxâ§?ÿm^^ŽÓiÞµ{ÿÁCÍZiò†;7Ü±æñÛ±±q›Ízßö·Û¬WúvŸcÙëC£c²,?Ñ¾qýmåËŠµ‘„ç~ÿš?ÔN++õ–•z§^x´¹¥ûL/J“&ì~ºï§ï.xä6ÊóÒLQTQY–^’dUUyžc&‘†t:áÚd}ôÑyè*Ì–ªªDôØc?ÍéªÃÍÝe%¹s½×K¯ì$¢ü§ÿØ¶uó±ÿÏÞ?ÇGUŸûÎ:[f2™I&û?@X@?­jQTêÒª@­ýu³ÚÕ[µUŠ­Ök{Û{Û«Ý®µâÖZÅª¥"¢²ˆ²C€–?}_&ÉìËY~œcÉd’Ï»ÿœ9sæ{¦ñõ:Ÿùn¥eIIË—/NJtL/*¸Ø¦f¿o>uƒt±Ÿ€h÷»“?þîÄ£D4'~Ñóóß;Ï•ßà/öiá¡?LD£ñ¶Žîû°+?$™e?8ØŸ#ý?`sK‡Ñ OtØššÛC¡pR¢?øúúžçSS.¶€`HÂO¡ãÅ÷¸®¹¹­¹¥•ˆ—–5·´6·´jg~ý«õCH0Þl¬}NËD”jÌŠt9@RXêìt)Š’H6g—ËçØí±Çuv¹E??J0÷`9\ZÖ;šHD4½¨àšåK¶lÙéê`´ÛÓ¾ý?CwkÇsâ=1ã™HWŸ¡*ª¢(Ôm—‹†Þƒñå¥žîwæÉ_>¡Z jìiß¾z×Rí8Õ˜uþaE0’TRÃa)I’,ËJ0"†‘dY¤¡L<@<€O5øªÏ5Ôà«îÍD„~ƒQ„aT•Ú:ºÂa©³Û-…¥êÚfžã\.OŒÉ0´&€ˆhõ®¥{Ú·§³>XVÑ{²ÁW}ç®«z_>?ÿ=,X4zˆŸou¹½ÃÄÛbU"–aˆ¡„ø8[œehm"Àˆ’eÙãõÅ˜ŒÚe½?`8,ÅÄGÿbc[ƒ¯ú?Cw÷v<pèî_µvŒl0Úð<g‹‹?³Zú®aªªªß.‚Ñ­ÃÙõìs¯¼úúÛ¡PHÅ{¿¹ö‹·^Ï²ìñòÓ¿}ú¯Ú†eéi)ëþ®¶ŒÒoŸzö¯Ï¿ª}VÅóK¾z×ó'æDúß0fÝ”¾fOûvm…¢Tcæ½ù?hýÚ»÷NzÙ`´…¥––I–“ãÍf#Ë²D$ËJcS›ÀóæãÚÄÊE0BÜnOr²cë¿_8ðñ¿þúç_½öÏ·ËOT0ÓÐØrç—nÚ·ëÍ}»Þ\}ûMzæe·Û«}äË«o>¸{Ó¾]onzý/“òs¿ý½Göî;éÀ˜µ*cí½“ÑŽ7ÖnXòn^o6˜¿èÞüG"Z@
K?Ý5uÍgªê[ÚœaIÒzÜnŸÇçZ›è=€’•™–•™¦gf¤Nœ?ÓÜÒVX?¿üª½×Ì˜^ðïÍ¸Ü³ÙÔ{’ã8»=î+koeYö•×6æUUÛ;:š²³3z÷K‡¥ÓU²,çæf=Óqº]îŠ3ÕI‰Žä$ËbäÀù¬J_³·}ûžöí½Š³DÇq³‰a˜ºº¿?˜”hò°"M„ãAuMã¯IH°™Œú)g,›^TPZZÖ»ãA¯æ–ÖåË?p1ÎÎÆ¦–ÌŒÔ~ç+ÎÔØlÖ¸?fÒ0sÅÜ™ïnÝÙÖæLKMzæ¯¯9Z>yRÞoŸúëª¯Yqíç:::²þ¿ÒR“ôzÝÁ'?=ºîÙYi/þí?g7¼ò¹EóêšfÍ(ü_ù’ÖéJ5f=1ã™%ïæõ=ƒl0š±c·Å&:l?Mm-­> 1Á&+Ê?Œd<Ø{ l0ñ€ˆV\³àB¡õàÆÒŠ¾'ly+g›Îý?ñfÍê[7<ÿ
é¾hZÁ5Ë—Œd%>¿ÿOÏ¼<oîÌœìŒ¾çÏTÖüõù|ïÞ»{øïG'Š<Ï)Š²gßáS§+Ÿøù?bbL--mOþú?sfÏ8VvÒn³þð»_ÓëuŠ¢2Uœ©ÞüÎ¶??ýŸy¹™ªªúüd€Ò‚¶Zª1ë…ù[#]\Ç±±–QZÚœ­­Î*_£Ûí5†²er„ãAo60™^ïùFGµµ9M™)l0ïÊe3—¯¾±ezQÁô¢õ‘®‚‚ÁÐŸžy™ˆÖÜù…¾‹54¶<þäS_ºueIqÑ¹>ëõúü? Ë²‡K?wtt¾ðòëD$I²Ëåñx¼9Ù•Uµ?ûÅoç”L/).JJL8uº*##55%Që|0‡¸ú/Àx³*cmƒ¿Fktö60z0Ãñœö¨Á KKqºÆ¦6IVøÏ®9x‘Ÿ{?•™2{VAuMãÞeÚP¢¾ïú|þó'‡óQ¥pXá±gÀ¹"…%âž¤?Ì‰y;ZüœÍfÕõùEYrw´?=©Já0"èvv†„¸øXý'c×•`w»ÓÏÅÄÛÍŸ|‡ªp9;e]bœCÜ$Ëò³^iii{à‡ßìÛEÐÞî|ôñÿ¹zÙ¢×~î\›ªªºgßáÌŒÔ„›N'æççÞvóõÚÅ«ïX¥­”ºá™ßÔÖ5<|ìÛß}ä¡Ý£Ó‰.—[’äü'Œ˜ˆDQp$Øt¢ (*±,k·ÅêD!Öc1Ç­ÍÈÇƒÙ³
>ØyÀçókÙ ;#¹ï»­í?ƒ?¡P(úäË<uÿh‡+óÚÙ&©õàÖÒÎ‰ó–æ+v}t’µp!Ö®ßë5M˜uÕKä­Ü³å4›–d?O”vØ¦./rme¯èu$I²+:[›”Ô¥×L±3ä=³çí
63É Ÿ.ûÀT°jVn=øþÑv[b<ï?ø±’¿xN6}–,Ë/þí??>>ððC÷©*uu¹8Ž‹‰1vvu?þäSÙYéKÏÓÖ,Òëuz½Nëjèêri»"¼¹ië?6nzì§?4³‹‹ò©öç„¼lY–«kêz}{G'Ïó¹9™Y™igÎÔ47·M›Üír9V>oî¬@ ØÞáLO»p@téìru»<½/UUUTuÈ+²D>ì=P6{V?Ïçß{ ¬­ÍÙÖærSµ{·×ö¾È)ºuºÃQT2}çGï•²ù¾SõÉE×æšˆ¼DäUâW,Í51TÒubÓû§krçd‡Ní<*–|~Fš@¤¦}÷h¥Û‘ODŠË_\d'’v¿y¼¦}Š=¡»ò”+g–6?©?T"RêKK[3g_3)–ˆÂÞ(oÎ)NÂ8÷¾ÜnïÖ÷?<vüÔmw~[;síÕ‹~ð¾ªêºm;vÑ+¯þK;¿îÇß¹áúåDôò+o¾üÊ›Dd1Ç\õ¹+ŸýÓ¯ÒR“ˆ¨° ÿ®5·Þ÷ƒõŠ,ûÁ¯_þµ»¿tº¢êwO?§ªª$Iò²®˜;Óg½ÿ{_[÷³ÿ®«o´˜c¾õ?5©)ÉX¼ÆYVÜ¯ÓÙ}ö[½H4”?“#LFCYù™‚É¹ZïAáäÏì{ÕÚÖYV~f?M0÷€1å]1µ}óÑRsÎŠ+½‹<ÙÓ“LÚS¢Õ–Lu?Ý”ìétñÔtü˜¶²?—ñ›z:-â’íDDÄ"©DdNLÓíØ÷Q(->1%19>VOÎÖ"GÝÁÒ:""Iâ<~?úú²Z-žùõÙçgÍ˜zp÷¦³ÏßwÏ]÷Ýs×€M1³üªË¯Zà÷t:?öÄå¼’+ç•H’Ä0Lï¬†éEo¼úç`($
öc€1Fø{Ü€ÛŸ™c†ø(ùxàõù&ç–•Ÿñzý^¯ÿƒKè=PØÙÒ¤ÛÝÞäËíðK=Gª"qq<K:sÎäœž?5y"'µØ$ë˜ºpÕ$wg»³ñÄ¡©™×.Œåx²¦æNMêy*?Êð—´Þ,ŽÁÐ=+žàOZ'Š#UÀÈaYÖ ×ü³?EaˆÏù‘ŒÚ‚EÕ5?m3Áàâx«vìîÌ¼bQ¾ûÐÛ;J-Wi=Þªê¦œ¢d‘µu5\üÜ8,IÉ‡ÎÔtæÌL‰”€³+g;Gæ
u9e«ÍlO6ÛþÚí^/e§e
T7NIÏµ0DŠ·ÃEv+I`…ÂáúÆ–öŽn–e8Žë;ˆ:9)>ÉaB›‘ŒY)ÚÀ¡fƒ¬A¬jJD¾ûéÖ¶¼ó'wTPá¼™‘³º?Üññ™å’ˆÈžn¨ÿà½Ý’–uùWÌKã‰øô¹WzwìÞþŠÌ
ªBq©óçž#(þö“¥[Ûƒž(qÆ,”ÌÞ`Ëë•œŽËBÆ´qVs`øhc§=Ÿ?´˜M¶8‹ 
ZDR1‘Œ“sqç¿Æh4nËdÇÌUËfžuvæµIŸòŽé‹o&"ò¶‘!µäê‰%ŠB}öÉì“–®˜DŠ¤0|OôrÝºê3· "¢Ø¼+æ)Šòé6[Œ)£daF‰¢HÄòÈ0ìDAHMqôº¶Ž®P(Ìóœ-Îb1›xŽòn°ž{??x0¼üÖýt?Ð—Î²‘ŸÍãÃ?A¯KNŠ?µÄ8;]].O}Ck¬Å”œoÔ/ì‡³¦œù‹29L€±€eÙ˜#Ïó’,×Ö5ƒ¡8«ñà"°fÀ!Ë²Ëíkïèòx}v[lœÕ<äl0NãÀ ªªÇãkmïìèè–eÙj5ÇÛ­F£?T’$™hÁÓB<ˆJ¢(z<þ˜C¤À[/eÆäFºŠ±/
74·ÕÔ6‡Âa³É„š[:´·ö.4 Äƒ¨d6‰oñF§Í¯Û®ŒtcCdÐë“íÃ°CLŸ·˜ó}ð<¢Rb|ì™êæÆgJ¢-Òµ|Æ7vßpÆsò7%/Fº?±O…”¤øD‡MUTI’UR9ŽeY–a˜¡?,B<ˆVF£.+3©º¶¥¹¥3Æ¤G7Œo5¼´¹áµ3Þ“?Íøcaì¬H—3ö1Ãqœ?tvv{<~UUu:!ÖbŽ³šyñ`œ1›t¹Y‰-mÝÎ.Osk×ß½Ð4wâøã€ÏÈ0å–Ø¯üMñ‹È#¦«ËUSßìñøX–eYÖåñ¶wt'%ÚSS:QBƒxÂ‹bFƒ.;Ã‘[o¤#r_ÃÚ:ºµ_Ä#]HÔ…Â?-í^¯?%9Áb6q†šZÚ›šÛµíÒ†Ð&âŒ
)‰qQ[:#]B¯×ïv{ãâ,™éÉÚdUUõzÝ‰SÕÝ.?6eùbÛÄþ`Q)–dYÑ‰BïDd†aŒF½(
’,«Cjñ *éõ"Ïó>0
kgEu»½Á`HøÏ,t:h\•LFC¬%¦µÍYYUo1›††Â­­N†aâ¬–¡?ÒB<ˆJ<Ï%%ÚC¡p‡³»½£KUU•H„´GœÕ2Ä6/w‘0ÂaI’$GB\¼ÝêóE>Öc1›°-Àø…[ÚœæSFZ¢¢¨*©,Ã°ì%Í.F<ˆJª¢ƒaQÉ²¢?QTUQd"bY–e£sjòÞeÕ5?½/³2SLFCVfŠÉ¨?h]£?,Ë­mNY–û?Oˆ?‹·[‡Ð`äãAuM£ÉdHˆ?ÓŽ‰ÈëóoÛ¹ñ‚b$€óPU5¹=¾~çc-1Ck0òñ`@^/Àpçˆ?KKMìwÞ`Ð­ÁÑ²3S´Þ¯/0{V?öòb´ÜXJW.›é¸ÔJZ¿»­+oÅâlÓ¥¶0¼X†1™¶¸!.cz¶Q¼^ÿ;ökÇmmÎM›wjÇY™)³gŒp1Ž‰³xu†¾+ÀEâxÎl6=ÃmTU•$Y%â9nhó’‰è’–=ºìL¦ËñX.…Â’Bj¨«­¹µ;DD¤*áPHQ?½D‡ÂÚônUr9››œîOßcâã=ß‹ªºÛ›ÚºÊ'ïjgú^:Q0ô¤ª’,«ªêìt?®¬;UQÓÖÞ)Iý'+Ò¨è=Ð˜L†ÅŠ«kËÊÏ\J;­Ç¶oë²$eÁ!tÔ•sg­,Œ©ß»ý°uÖM…6"¢`ÍŽMÍ™+æ¤yŽða“âˆ·†ÛwuÅL_:'ÏD­Ç¶o£¢[§;È[÷ÑŽ?¼5ÓªìÛ+OY</Ol=øþÑv[b<ï?ø±’¿xNF @„È²Òírs—?`óûƒõ-].?Às~?emíŸ‹5ŠâAÁ¤ŸÏïõù/C[^ó”ÏO±3¤8½º¿±µ°03'þÀ¡æŽ›?!Wm]{FÞB?ûôÎ®`Þò<¹N|¸¹´.s^ú'M(õå'ZSo˜•$QX
JýþÒÖÌÙ×LŠ%¢pÂ?7Ê›sŠ“"Øÿâó[Ú»ÝÞP(ù»?Þ¶æ˜w÷ÈßF­LSn±ýÊ;r¾U;+ÒµŒ^¯¿ÛåµÅYxŽmwyÜ_b‚Ík®ªiììrE}<¨ªm*œœS09·­½Óë½´??ogˆˆX?%Y&"69}Â¡C§›&Ù“?U§¤s“XU½Ë?–Üóû¿Åf¦ãÎNê?ÎÖJ››$h¯^ öÖ"GÝÁÒ:""Iâ<~?Q¤úÜÞ`uM‹ ò6«1&Æ>ò«Þ}êiäï£Ö[/mnxí{ûîxlÆgÛEºœ±/–dYæ8Ža·ÇÇ²¬Ýk?575·‡Â’¢ª,sÑ3FQ<0õZ*0—ÎÆÄgO4l®¬›JÎÓ±Ù×Ù‰B¼HÚ¦rDD¤q\Ÿ°OÞ`ˆHì{Æšš;5©ç²©/\æ*ËçVÕ¶ð"—”8”P0®O½ýúÔÛ¿±û†þúoŠ_DÂpÓéžç|>W·ÛíöŠ¢`2dEÑ‚ÁÐæ&?¢©Émí?&“¡ª¦±­Í9í[²ó2:ªÞ+mOËI×‘˜˜™<]ÙV‰TUe«?éˆÿôr[Z¦ÐTYçR‰ˆÂ]Ý^²¥e
õÕ?~ADQàÃ.oÄ~;oië>%Ñ©Îåsß˜h.x±òéH2ö™Œ†8«¥Ûå)?Yåöúb-1:?èv{%I2ôC£¨÷ ïò¦Ã‚Oš?s¢¶6uB²ŠÄŒ’Ý–¾þfK
—?¹¤ÀÑ7-ÙJæî;°åõJ…ˆ5ÇÏ½rFZAÉìý¶¼^ÉéØ°,dL›g#°ÜÞ€Í:Ä?ð†Û5©_øŸòõ‘®bì>%9?e?Ço·Y6Žc†Iˆ?òNÌºuë.w?§¬¼²µ½sÀ·
'çmFÅÅQ…Î½2ìï*ŠD,yr?ªªD´~ýÅý÷³¿´2/'ù²0d³ß7cîœËÄ7ø‹}TÐžK‡:(fä4¶t&Øc‡£eI’Y–Ñ‰ƒý_QÔ`(%Iæ9Žx–e‰ˆãXQ†°õA0$E¾÷ `rÎHï|ÖÃžïI€wY6ò_Œw¡P¨±©­³ÓÕ{†a?Nt$ÄÙl±,qçýôÀðœ•†áyN?].G‘•Î.—Çëc6!Þ:„6¢’(
)I‰ŽO×¸W¥ÃÙ]UÝØÙÕ?xQ¬±¥sXç¤Œ¹á†„þKísñlk«3’EÂôÄlqæá‹ÎN÷p4;Ú¨ª†Â’d0è†öE"ÀˆRUÕï‘Á '¢`0$<ÇqÚ[Á`HEVBá°v½ÀsÇ)Š*<ÉŠ"…%†aÂÒ§+!p,«Ó‰Ã¨ª‡AÐŽC¡0/ðË‘,Ë½?h7Ò>¢µ…xžïw_QúŒ’$»ÜÞ@ ¨½T‰Âa©ÃÙK³)ê÷=€1¯½Ý¹ñ?Í^¯?åØ¸ØØ•×-Û²uGIqQvV:ùü?W7nºöê%µuÛ¶ï6DTX01=-eëû~ñ–•f³©££óãÝ23Ò>Ú} z¼>›Íš?™¾üª<Ïûü?—þöÏ%‹æååfJ’¼yË¶+æÎr$ØeEyçÝ?@påuWi—½øòëW/[”™‘JDÝÝ®×þ¹ùºÏ/íwß…WÎ‰ôp>á°ÔÞÑåììÖ^ªDª¢2%'ÅÛíC™x€x#G–å?v˜9cê¬…Ã„B!E=çÅ‹Í-ž9M;®ª®khlÞ²uÇÊë–ig
¦Lœ^4¥ªºnßþÒ›n¸Fëè½Ë¦·ß»ý‹7Xc?]?¸«Ëå÷XŽmhlÑ"?,+{öJINäyîð‘òöçÙ÷åxž‹³šÅ>+q,k0èÌf“NÎûÑs·yùÊ8Ÿ@0Ôáìš3{†ÖÏ%Šb8|Î­RŽ—ŸîêrÑôiSˆhvñt?N<r¬<=-åüw±ÅY'NÌùð£ýË—.ÐÎ¨ªzêÔ™yÙ±±æòiiÉDg1õgªjâí?Yigß7>ÞvY¿€ËLx½^'¼ÉhàxŽˆ¢@0
…Y–ø¡<ê_ž­.¯„{vVzvVº6E?eÙùWŸ®¨:yªò‚Ÿ??›•äˆß¶c·,+DäöxOœªTTÅçó746·µvË°³fL=zìÄ®?öM›:Y§¼/Àh&IrSs{k[§ªª,Ã°Ã0ŒÛí«©kêêTlÄ!z½.ÑäèI’TUmmë?¤sö$ÄÛrs2ss2M&cïÇ—,š·ï@i0ºÀ?fæÌ©>¿¿¢²šˆª«ë9Žmow646[c-å'+TU%¢ØXKvVº¢¨)ÉŽóÜ`ÔòxýÎÎnI’µ…^4<Ï¹Ý¾®n×y?zN\4î4·´nØð?Ã¥eDtõòÅk×Ü:2÷åXvÑ‚9oý{ëOþßD4­pÒÕËÑŸÿò2Y­–[o¾¾÷âmÛwïÝWÚ;5Y;™èˆ_¹bYé‘ã¼—N¯Y¶øÍMïúý?ce'–/]˜””@D.·ç_›¶ºÝí²â™ÓŠgNë;Æ©ï}15`@{Ú·¿^·á¦ô5sâEº–ñ.…%YyŽûôG£Q/|(,)ªÊ^üâEÌºuë.w?p´_²×¯_QŸÚ_Z™—“<„Û5·´Þ~ç·Ö®¾µ¨¨ ´´ì?-Ûþãþ{¦¡©Ùï›OÝpÎŸÿ`LúÝÉGwâQ"š¿èùùï?çÊ‰oðû¨ð£<¬û\®mÑ[:ì±ƒ¸ð¢I’Ì²ŒNì/øÎî§ªmq–‰2µÅÜ‰¨³Ë]~²*Îjž41ëb¿Ì`HBïÁø¢uh=Ó‹
J?”mxþ•éEN`|ÚXûœ–ˆ(Õ˜ér€bL“Éàìt56µYÌ&Žeƒ¡p}C‹$Éfì{ƒÑÒÜÖ·¯ )ÑqÞËzìißþÀ¡»µã9ñ‹ž˜ñL¤+E191¾º¶±ªºAx†a$I–d9Éa·Û†Ø¿?©ÉãKQQÁáÒ²Í[>Ð.-KLLˆtQ0Úíiß¾z×Rí8Õ˜uþaE0b†ìöØœì´„ø8AX–?1²Ò“ÓÓzÝÐÚDïÁø2½¨`íê[ŸüåSOþò©ž—#55F¿_õÙ£†|Õ½Ù€ˆÐo0ªðo‹?µÄHaIUU–cEAè;Sù¢¼¬åAX»æÖ«¯^|¸´,)Ñ1´IÉ0&­ÞµtOûöTcÖË*zO6øªïÜuUïËçç¿‡‹F†aD?…Ëó`ùxÐÖÞyþŒFƒÉˆ=ª.mLÑ'4z‚¢¨n?Çh0Ÿýã–eÙãõÅ˜Œ}ô€aÒà«~àÐÝ½]º»ÁW­#Œ‘Œeå•eåg.xYB‚mö¬$„Kw¸´ìÉ_>ÕÜÒš”èÐöÐú¤ÀÒ IDATFr÷íqÓæ~÷ô_Ÿøù?fÍ˜JD~à¥¿¿ñü‹]nÏó·ÝrÝ7¿v§Ñ`èpv=ûÜ+¯¾þv(EñÞo®ýâ­×#$“›Ò×ìiß®­P”jÌ¼7ÿ­?A{÷ÞI? Œ‘?gfÏ*ÈÊL9ÿe›Þù°­ÍiºÀe­7–~ÚÆ±–”‰ŠÓMÃ²lî)JH"Ad#s÷?5·´~ÿ‡ëÖ®¾õê«÷.XÔÜÒúÎ;Ûž{þ•Ä¤„k–/?2\nÏ“¿úÃñ§Ã¡pïIŸÏÏsÜ?^þ}B¼­¥¥íÁ‡Ÿü`ÛÇ+®ýœÛíINvlý÷11¦“§*ïðñ‚)FOwÀ³*cmƒ¿F[ºtcí†?µzûæÄ/º7ÿ‘H#!Âƒ‹ªj›ªj›Î?×ëdkyW.›©=÷?G?>ð^¹eå”aÙ±âBÚÿ«”z‹6løÇÙ‘“k×ÜÚÒÒ¶aÃ?F&˜cLw­½ÅlŽùá?õž´ÛãÖ®¾Y;Ž?·MÊÏ•$‰ˆ²2Ó²2Ó´óiiÉy¹™²¢Œ@‘ãÖªô5{Û·ïißÞ³Œ%ŽmmÎaiWgËI7•×9½SbM¤(>w{wX´Ù¬:–T%–¸OÚW”?$ó¢@RXaÖßÑâç´+ï§ÇU¸œ?².1Î¬}\‡dNÈÛÑâ&‹ÃnÒÚ‡ˆ(
‡¨çF’»£Í+cã-†Hu).-›^T -iÚObbBsK«6èh¸Ë`&7'³«Ëuö[^Ÿ?
WVÕž®¨¾õæë´“ªªz<>Y–÷<"ËrvVúpW0ž¥³ž˜ñÌ’wóúž‰x6h;ðÊ¿iÑÚY‰‘-cœˆp<HH°]pRÁç.(à‘I4(­ß>Zo´$ÛøÎ}‡Ây³VL‰©ß»ýdâÜk&˜‰ˆÜ[ÞíÌ_1ÇQ¿wS—,±‚É_ÿ±’3)¾µÑoÕŽ,œ™ÀR¸õàûGÛm‰ñ¼ÿàÇJþâ9y&oå®?N².ÄÚcÃ5uG‹-HhÙ·óL#ÙÝÁSÆ¬…“äÒ·w{™Îwj‡?uùçr-Cü¶.ÉÕË—)kÞÒ:à»Ó‹
"¾EÚ3Ïþí¯Ï¿ª×ëÖÜ±*9©§˜`0ôÄ¯ž~û?msÌwîýJ¬ÅÙ"Æ<-!h; ¥³^˜¿5ÒÁˆŠp<(œœ“wþk>Øy`?­µž9v°‰ˆHö9kZÙüyÉ,ËN¿vÉL–%"J;þú‡?­S
3sâªëÈ›bg¨£ºÑ“1)SG~"
ÅN]6ÉÊPÓ?ww6Š×,-´0ÔtàÝ]?Î™¶úÒÒÖÌÙ×LŠ%¢pÂ?7Ê›sŠÍDäe“V^•©'Ê7ïØ\ÝÈÈž·\wpc)/œé "©vw«©`ÞÜ\•¨—þ?Ñèßßà¾{îºïž»º]î_þú?/ýý?/¯¾™a½^÷Øúû[cSËúÇþ'ÆdZ¶ôÊHW
0Æi“´±Fgoƒ0|dw{›“l3‘ìïtv…Dk|¬á“UI”@w{gH—‹kÎ©¦]jó(6›båôÂPF­D~aÓË?7%f%M˜Ù3(Hö´VÖµ»$"ÉK²žˆØäô‡?nšdOvÖ×Ò„¹I=ƒ‡ìV+CDÄqDñVË'ÇŠª9[ˆuKëˆˆ$‰óøýd&"{r¼öÊ<)$ŸU?=É²÷È??.Gr‚#9Å¡ÙÒQ#Öb.™5mïþÒ`0¤ï³Û_JrbÁäå'N#Œ€ˆLD~õƒ½1¹³¯³*µ»ßû ^ÌÉ±Ê{?’§.ŸFD]å;ÿ-‹IBÛ©fiêçnœ?òå?Bî€Êsd"RTêô*¥õ¡–n9,ÃP®ƒŸ™©‹?¹¸-Ò"¼¾@YùG|\B‚­w?Ó‚É¹CXÉÔ‘[Ø6p×‰·ßwf/ž15†#OekM?ˆˆ‰ÏžhØ\Y7•œ§c³¯³rñù¶—c9ž¬©¹S“zòëT†hPs¦MYsnNówu:Ûk?¿}ÔºpY¡#òßzÄh›t»Ü²,{½¾®.—ÉdlimÛ¾sÏò«ÆÛãÚ;:wï=”—›¥Ó‰eÇO?<]¹tÉ|‹9¦¦¶ápéñÛn¹>Òÿ.·­ü<ÉÍ{v4'_½ª$‰'*Ë’àì$êŽ+¸±ÈÆ’œ¼û…íµmSã"]mÄU·KåMá?¤NH¬F6V+Û¥¦.YVˆˆT•Z\JK·}ñ@c2ú¾ôùü—g£ƒ°âLñq?!¯Óé"“vÚ’?—qüÄ{îpZQÑàncKË>¨nœ’žkaˆo‡‹ìÖs]l²Ø¨ÂÙMŽXRÉÛícmÖ„T«•Zßªw…i<Ç—Ë}ß~z¬ì$}÷‡?ÑŸÿD^NfW—ë–/}SÛ÷àó×,¹ù¦k†±Ù¬ÇÊN>ù_Ôö=XsÇªÅçFú_ÃËÙÒ gÌKêy^8í 3ÉÆq‚HRDëÚÜÊGÁn¿¢ªä
(=ëô*þÐg²ûCª¢’ªs1£W"ù j2ZÛ:”?™¢E‚ì>›h3’½^¿Ï7Ø…MŸ=;ùÀ®·¶t|\º¹·Ÿ€ø¤9'jkS'$6NÙJfï?°åõJNÇ†e!cÚŒ8ë¹>kÊœ’|òã½¯'ë´YS='v×úE½ ÂúIE%†s|h|°Z-žùõÙçïùÆš{¾±Æïèt:ö“Õ?’“?<ô?‡¼/êõ:æ¢þ´ :qKîPˆHŒt%£V«KÞSêòõ,øîö«nÿY#Ü‰$YuzeO?7ë/â!*’ñ +#¥º¶ñ‚'ge¦\pë4"ÇÌUË8Í˜2f/ÌP…X–!šÒûFÈÕ¶LL·ò]™rçõNÝuL_6À1cÊ(Y˜Q¢(±|O0È[¼¬wÝ/Sî¼[s{ŽGáŠ
EaY–hÞMÓ‰…Ø‹ëÙ‡†úr†ð<ŒI¶ÔœØCUÓ3óÍD¡Îîð–±‡ºä6÷yàlåMaž¥¤XžcIà˜d+wÁEö#
&çLÎ‰;1g=˜;+ŽvX§—a•L–ôwÆö½-²À`ØŠ®Z¸kÛ[¯ì–ˆô–Ió?Èób4™ž.vù”Š–p¸OF`YÒö?eYRURU""E¡ÒºðéVÉ(2z?Y¬7XÈãu¼%ïÚÏó‚é2à,1Yó¯Ë"Y&N[&íÖµ½ï9f®]ÁÒF†’c¹Má¾çR¬ü¤$>,S‡G®é?Ü?Oç!ø‚ª/¨Æè™Æ.Éb¸Àðx?¼ˆh0šqÜ .—d™”Oú´Õ7ãÍÜÒÉzƒÈ°ž úÖa_—OQûÌUöTw@J¤;oÀˆ€¨’ÔZ§TÑúi×?Qd'&ò&Ó;¯À(2Eé¢pV¾jè’ˆ.°Mïxí=ˆB;N»¤@øÓ§ü°¬ÅÏüèÏ2$ðŒÈ3!©ç2Ž%£ÈZô¬ŽÇÜ€1ÁR=AÅøL@ ¬%UQ©ïªD¾àgF%X¸ÂT!;þÂãë1¸ :0%Çö3Ä0t´>Ô»'š¢’' –7…ý}z&'YvþìáFgCïATÒ‰¢Çã?‰ß[¬ÀhõVÃK™1¹ƒ¸.Ž^`ÌzÖ¤g¼}:T•:<Ê‡|9¼ÅÀÊŠz¬!ÜéUz/à92‰¬x¡aE=Oå0¼bL¢Ç@<€ÑisÃkÅ¶+#]ÅØ4)Y8Ö2
Œ?¬öeÔíWÊÃ²¢J21ŸCÕá4Û…÷DÃà¢h•…[œ‘. ¿oì¾á”«ìŽœoEº?±‰!º"W?'G7?OŸëà"Ci}Á°*É=Ç}…%jî–k;¤Á´?Þƒ¨d4ê²2“ªk[š[:cLzt#ÀhðVÃK›^;ã=ùØŒ?ÆÎŠt9cÃPº­g?=†=Xê·?Ú€´QIƒiñ Z™MºÜ¬Ä–¶ng—§¹µkä(4Í?øþ~àS¦Üû•¿)~Ù`dXl¬?å9F’ûô0d™8ëò«.¿Â²gd§§‹öÄƒ±ÎhÐeg8"u÷?ôa¤nÚþCz?<JÏvgG“’„¬x^ä™.ŸÒÐ)E&ÍÆeØûØ?x­’b¹v×Ò-{‚*ÏQr,_”.ÆXmÔ\‡ (ª^ÔšEÄ€h•båR¬†°¬6tÊ?>%>†³?D$rDÜEdÄ€¨'pLV<Ÿu9šÂÂ¦Ðñz @Äè?x0:0D¤ªê ®6ˆ£C¤ªÎXØFg§›ˆæâÖéK–QdU––å"UâŒ
)‰qã<°£2ª$Ë,Çpld†ù D±¶@sWØé•Ü!9¨RD©À¸Ç#r:o¶
¶}R¤Ë‰RË²²¬„Ã2ñÄqHˆQ©-ÐÜà¯Ê?HÐC%5(‚rÀlkð×¤2†€aŽeeE…%Na9–eX†ÁÄƒèSí©h4Dº
€s
Ê?JÏI¯äÉŠÉ‹t-Ñ‡aŽaeE‘dE–Fn5"A–eÄƒ(ƒlÑB{hAB†axŽUUREUIûß \êhs†a¢I[ ¹_6ØÔð÷ý;«½’Ž\]Ä³B–)¯Ø¾`Eêm½'[&>£Œ†„aâ¸‘^Âñ š4økz?[?¿?õx¾eÚú¢§‹âf‹¬.¢¥ÀxR‚¥?{_ªúÃú#ßþæÄ‡úí|ƒ¿ñ Š`[´¨Ñhî;ù÷§¿9ã®ß¿Xb_€l'²ºû‚ß¿xsÆ]¿?õxïù h4G´4¸ˆQ£+ìì=ÞÔð÷|Ë´¯ä}?¢à+yßÏ·LÛÔð÷Þ3}c`”C<ˆ^ÉÝ{¼¿cçíÙßˆh9çt{ö7öwìì}Ù÷1F9Äƒ¨’ƒ½ÇÕÞŠ¢¸Ù-àœŠâfW{+z_ö}Œ?Qñ jô]ÎJRÂ˜o£–Èêú.«8ÈU9a4@<€ˆÐñz @ìš<.¨ª†dE!"½Nä8NUU¿? 1D:½Žc{‚b8,…ÂaíšÞ
¯(j(Ü3ÁHà9Q{/?åØ` Ø;ç¨·MUUC¡0/ð}ÛgYFk\VI’t¢¨Ý(‚À0…B!ŽãÎ¾¬ï?GQí.Z½µq†ˆˆcY?NÔ€Á@<$I~ó_ï646ët:·Ç»|é‚²_xic0ây>àÜpýÕÙÙéï>°ëã11Æ€?°lé‚©…“´–u8;·mßm4ˆ¨°`âüy%ï>°s×^‹Åìñø®˜;ëÌ™j¯××ÞÑg±˜Í+¯[f·Y%I~ã­-“òó¦M?DD?@ðÕ×ÿ=ÿŠâì¬t"Ú·¿´ìø©/ÝºÒh4H’üÏ7·äæfÎœ^È0ÌûÛ>ÎŸ˜söeDÔÙÕýú›Ý/ÇrDô¥[WVÕÔõ­-=-å…—_·Ù¬’$ÅZÌ_¸ñóf³)ÒÿDÄƒqäÆ•Wgg¥·´¶¿÷þ‡©ƒ~Õ?×:ìgjŽ–?þÔéªo~íN‹9¦¹¥í­M[SS“-æ˜Þ?/^4·xæ4í¸¾¡ùÔéª{¾±ÖbŽ‘$IQÔ…óK¼>ÿ«7]{õG‚½ï}wï=˜?•f6ÇTœ©>qòÌü+Š‰Èçó76¶$'9*ÎÔhá?ˆ¶lÝa‹³j©@Óï2Y–w~¸wÚÔ)³f2
…8ž§šº¾µUU×åOÈ¹é†kxžÛüîöšÚúÂ‚üù‚¢âÁ8½>KK›ÑhäyNQÔ@ ØÝí>yêL¼-®­½#%9QËv[\¬Åìr¹ûÆƒãå§»º\D4}Ú”æ–Öäd‡9ÆDD<¾¿"?NÌHO=vüTÑÔÉ•ÕuS&OÐÎ×Ö7ÚlÖ©ù;víÍÏÏaV§W\³t÷ÞCñv[ïÇû]&IrgW÷Ü93eY®oh–e9)1¡_mD$I’Ïçs{|MM-S&ç—
0¦ Œ#o¿³ÍlŽÉÎJ_¼p.Ïóápøpi™Ï0èusfÏ8r¬\%UUU†aTUUÔþÛ—$$ØµßõýEÝ·`ÊÄ?nïÚ?“•^ßÐLDÁPèpéñ¬Ì´g—Ûí©©iÐZNJJuÂ;[·k³Î¾,55IQTUUEihl>VvrùUûÕæöxÛÚ?ï9T[×0»dzjJâeýÆ2¬\4ŽÜ¸òê¯ÞõÅ¥Kæ[­íwý¹sfÞxýrŸ?P[×˜–’ÜÐÐ¬ýßÖÖáõúìö8UUTUÕéD"Jˆ·åædæædšLÆ´”äªªº––v"òx¼Ý.÷yî«Ó‰…ùmí?9ÙÚ™ææ6?Çëñxkë¬±–ãå§%IÒÞš?—m?µìÛ_:àe<Ï%:â?=Á²ìü+Š33Ò´Oõ­?ˆ’“K—Ì¿îóK?)÷x¼ÃÿÕŒè=ïôz]É¬¢}Jo¼~ùœ’éÏüõïC‚ ¬¼nY ÜðÂk©©Iv{\cSË¶í»÷î+Õ¦ÿ.˜?{Áü’ç^|­»ÛkY¹âªX‹ù<wÉËÍÌËÍÔŽeY>r´|á•s&NÈÖºÞÚ´µ­Ý©½Ë±ì‚+gwvuxYGGç¢sÞú÷Ö'~ù´ Š‚ÀkóúÖ–ž–¢5•˜˜?œœx¬ìäÜ93±~Œ+{Ú·¿^·á¦ô5sâEºˆ2Ìºuë"]Ã¸¦ª*­_¿þ‚WîißÞ{¼z×ÒS7HÃ\D¥ß?|ôw'%¢9ñ‹žŸÿ^¤Ê˜øß÷îƒ*ÚséèÿQ¯±¥3Áé*†ŒkŸÓ²¥³"]DÄ€1bOûöÝ­Ï‰_ôÄŒg"]DÄ€±`OûöÕ»–jÇ©Æ¬+‚¨†xM|ÕžìÍD4ä~ƒ77mýãÿ½ÔïäþƒGßÜ´uhBÔA<ˆ«w-]ònÞ’wóúžlðUß¹ëªÞ—ÏÏïR,zë³aÿÁ£_ûÖCn¢â@”iðU÷Î1 ¢ÝÝÛ¥p‰Ù`åŠ«®_qUoBÐ²ÁOþÞÊWâÓ0`ß€¨qSúm­ó?µÏ¥3ïÍdõ®¥½«Ÿß;é‘Kßèàë_½?ˆþø/65µ¼¹i+²ÁxƒÞƒñå·O=ûÛ§ž?Tãg_PU]·æ+ß«ª®¦’Æ˜Ukï?ôˆv¼±vÃ’wóz³ÁœøE÷æ?rYîòõ¯Þþõ¯Þ?l0>¡÷ š¬J_³·}ûžöí}ç(_öÐ¾þÕÛµnoÐ{0~É²\YU{ôØŸßß{2–Ž—Ÿîw²Ûå>\ZÖÖîÔöx–e¹Ûå‡¥¦æÖ~WQ0:zìDUu?¢¨U?¢¨-­íë½Q8,u»Ü²,WU×=v"iûL»ÝÞ@ èñx:ÚÔÜªªj ìv¹{ïØûÁKþ’F?TcV¿…‰°Œ)\Fè=§ªkêúóßÄZÌ11¦ƒ‡ËÖÿä»³K¦··;²þ¿ÒR“ôzÝÁ'?=ºî¹9›Þ~ã?7Ïš9µüDÅ´©“ïþò­µu?üä?“’Ì1&·ÛSYUûØúû§M?LD‡K?ÿàG?ONvlÛ±ûöÛnøòê›ûí‹†ºº\½/Ýn?¢ªDäììzðá'yŽ›?—µ}çžW^½æŽUGŽ•?²þ×yyYñ¶¸ÓgªÍ1¦Çö:Q|âWOww»Y–±Ûmï¾·sÝ?¿;yRîC?üòáï??—MD¯¿ùNù‰ŠïÿÇq‘øv†—–´ÙÉ©Æ¬æcÕQ¸lÆ#Y–7þssñÌißüÚ?ÇíÜµï¹^›<iÂÑ²“v›õ‡ßýš^¯S•a¨âLõ››¶þâgÿ‘˜˜àv{ñË§*«jyž÷x¼K®¼áúeDôÒßÞxýÍ-“òóˆH…Ç½?Öb^xåœgŸ{eÕ?×ÄZÌ}oýò+o¾üÊ›}Ï$'9ˆ(ÎûÛ_ÿT'ŠD´dÑ¼§ÿôü?+—k_YskÑ´É­mßýÁúªªZíFöïÿ–(
ò²vîÚ;Þ¬éÓ¦ìøpo^n–ËíÙ¶ýã;o¿I…ÿjFÈªŒµþm¬Qª1+ÒåÀØ?x0y¼¾ce'¿ñÿîÐ~\OKMr»=íÎœìŒÊªÚŸýâ·sJ¦—%%&œ:]ÕÙÙý??ÿæyŽˆššZ]n?-Îj·Y‹¦MÖz&MÊ}gëŸÏOD“'hyÀhÔK²¬ž5¾èË«o¾ïž»z_VU×­{ô×ÚqccË®?÷{<Þ®.—üÉgs²323R‰H^àeEÑ.ž>m²öôo2dYfvé’ùÿó¿YyÝ²ÆÆ–e¦LÁo .×Dd€¾Æ#–aõz]0Ö^*ŠBÃ²lfFê†g~S[×pðð±o÷‘‡~t?N'f¤§Ü|Óçõz}ñ–•&“±¾¡)
C!íã²$óÇ°Ìyïyå'*Öýì7ÜÿÍÜìÌêšº?ÿåoÛÂ„Y6›uï¾Ã'OU^¿âª~½06œ<]yààÑü9³fN?t-c¦&?#?-‡K?O™<!&ÆXR\ôÎ»Û½^Ÿ,ËîÚ—ž–œèˆoimw¹=¹9™«n¸¦dÖ´ææ¶Iù¹mmUÕu±±f‹ÅÜÕí
Ka"òx¼ïðQ(C[ÞÛYX?c2^Jm¡PÈd2de¤ÅÆš«kÜïÅ¶`4VÝxÍþüBYù©™3
/¥µN?ªt»½'OWFº?1½ãÅÏñ»½ýþo¹nÞ³†¹í–ë~ÿ§®¾~Ë²Sóú?oëõºý?üîéçTU•$iB^ÖsgÚâ¬ßÿÎWòé¶uD4»xúýßûÙmV?N¼íÎ{:;»‹Š¦<üÀ½—8xâÄœ©…“n_{_bbBÉ¬iÖØ¡üö_0ebJJÒìâ¢x{Ü¥£ÖâEW8xtâ„œH2f1ëÖ­‹tãš¶‚çúõë/xeï¦'D´z×ÒS7Hu#Y–Ï~‚—eYUUžÿLJ”$‰a˜~C!žã´“Ú„?õ?|?3#-,…µùÄ—Å€·¼ú†¦¾ë@M|ƒï»Üê`¶sÖžKû-{8
5¶t&Øc#]ÅpAïÁx1à3÷€'û¥Í€€e™Ë˜ÎuëARUõÝ÷>ÌŸ˜“™‘vK€Qs†â\´ì¬ôùM¤«è?a˜»ÖÜé*`xõÎ=@<&ˆ50÷`¸!@Ô0Ç˜/œé*Æ2,l
QãäéÊ?þßK?t!câD?S§*µ?éBÆ,.Š1*©Ú1Ï
!%(²ºH0€?äY¡÷%C—m­RÌ=nè=ˆ"÷iÈ2å•vî?h9çTÚ¹7Ë”×û²ïcÌ%Òæ¤$;.WƒÐâAÔ0ñŸn$\l_ðRÕ"ZÀ9½Tõ‡bû‚Þ—}c`”C<ˆVÁÖ{¼"õ¶“®#©øuD+À_*~}ÒudEêm½gú>ÆÀ(‡x5ôI:Nßûò›zµöÙïí¿c_ÇÎ?ŒhiR‚û:v~oÿ¯Ö>ûÍ‰õž×qú}RDKƒ‹€©ÉÑ$Õ?Yé9©;ô)ë¦ýï¦†¿¯+ýVµ·BRÂ‘®Æ5ž²LyÅöë¦ýoßó©†ÌÈñ š$è“¼’§%ÐÐ{fEêm}{îF•D}*º¢E™¬˜¼D}j¤«¸°D}jVLÞ .„Q½Ñ'+&ÏÄÇ4øk‚r Òµ@ÇéS™è7ˆFˆQ)AŸ” Oj4w…?^É’ƒ½;¦DCŒÈéL¼Ù*Ø¢âAÓBB¤«€±s âô@<€ˆÐñz @Äè?x= âô@<€ˆÐñz @Äè?x= âô@<€ˆÐñz @Äè?x= âô@<€|¤"¢ý¥•‘.ñ`t(.Ê‰töÖÆHW\½ âô@<€ˆÐñz`aS[:‰ˆa˜ËÒCÏs½cÒ_–ÇÄRã.c< ¢PXòú‚mn›ÕÄq53(øš`l>.Öd0Ît`˜Z IDAT.o¤k‰ˆ0–Åõ<Ïz¼?H`Œ3uþ@8ÒUDÄãD?—$9ÒUDÄûTR#]Bt@<€ˆÐûìÅm´µ”Î4Q£UG%?£ÜdºªˆîX|?+Ÿ{áµ-[wTœ©‡¥*nü>/7kùU×Þù…ó\æÙñßþ#¯IÍeªÁê†Ã‰|R?aÚb~÷<—?ù?ÅAþÀ(‡xÐ_Cýä:Qé:à¼Â2?¨§õ´µ”~~'¥Ú¸¦¾¾éG?y¢üDEêgÂa©üDEù‰Š-[wüçÏHKKîw?ÔQÙùòZ>aBìŠ'„ôb†×E¨Òa¡JÁpÝ~ïÞgÚþwAÜ—žãí9ý.Ðþ³2Ó~ð?ÿWX?/ŠB„*^¡PøXÙÉ×þùö_þÎ€0¸ ?dƒèr¢ž~òÂÀo!Œ¼ò?úÉgŸï|y­¡è–¸Ûþ"fÏcÙ€ˆ^'fÏ?»í/†¢[:_^{ö?úÉ×,_ôØúûgÎ(«Ù€ˆDQ˜9£ð±õ÷_³|Ñ€>ãÅmÈÑçD=½¸­ÿÉç^xÙ "ÊOT<÷Âk}Ïxvü7Ÿ0!fÁ}‘+j„Ä,¸?O˜àÙñß}O>÷ÂkY™i«o_¹ºFÚêÛWee¦õû3€h?xð[K#]ÉÙÿÇmÙº#2¥ÀY_¾ÿÈk¦ÙwG®œeš}·ÿÈg‹·lÝñ…¯?\E‘ñ…¯ÅƒQ
ñà3Î4Eº’³ÿ?«8S™Rà¬/_j.Ò‹#WÎˆÒ‹¥æ²¾g*ÎTäG®¢È(,ÈÇƒQ
ñà3°NQ”:ûÿ¸±º8LTè÷å«rhìÍ78†×õ[—)–Æð|ƒsEÿF)Äè?x= âô@<€|¤û±T”M¾ í*Æöë;¨¼îWNN§,U·^øÊÁÜQ’iÏ)ò/©©(’èˆŸ^4ÅçóïÜµoøÚ¯oh.;~êüWL™˜•™V]SÁ+Ç2U•]?DÄYRˆa"]MÈ²ìñút¢¨×?—U¡`d £ìDzèš’N,KDÓö£ôäÆËùHýµ«éöE¤HUiïizhÃÀ?i!Ý±˜l1Ä0¤ªäôÐßwÒó\Ä?ŠóÈf¦Ó?TÕB³òè‡7‘7@?þ?ö?ƒ?‰s²3yè;…Y–%¢@ øþö?~ñŸOy}þËu‹o}}õêÛWét¢ªª»÷ú?°ñ;¿tÓÚ;¿`³Y†QUÕéìzñoÿ4ô_^}Ë¡ÃÇ¾qï?/W=£™*Ü[õîþ?5ì#"F0ç|%fÞ·?ÏßBDö¯þ›5ÆEºÆáÕÝíúó_þöêëo‡B!"*).ºï[_ÎÉÎøù¿#¢‡¼?.âÀ0úÖçiJ?¬§-‡Éj¤+§P¦ãr¶Ÿ‘@Ë¦S——ÿ}qMÍ¢+§Ð–Cý/ûêrZ½„ˆhïirºÉ¤§éÙ4!ùâîµösT”CÏ@~‡êÚiË!
†©µûòýcF±ûîùraA~ù‰Ó›ßÝn?µ,Z0';3ý2¶Ÿ™‘zõ²…]]ÝëûŸ;¾tcÑÔÉÌyû?mý.ûúWï¸kÍÍD´{ï!§³Ëd2Î˜^0qBN]}ãe,f”S¥`çËwÊ7‰%†©«ˆåƒ§ßUlSÇÍ®ÌÎÎ®~²²ªö¾{¾œ›“
…ßü×»ÇOœÎÍÉŒti0F £T;¹|ôÜû´ýÑ6SFBÏ¯ûK¦Ò¬<yÚUNÛ?}æ·ù¾£€jZéš™4%ƒZºè?Ý?Ž«*I2™
“û¬_œ?:Z0…X†þ±‹~ûÖ§…i&§ÓÕ3È¨£ý=¹br:¥ÇS];]9…­t ‚Þ>@ó'“¶­“ÕDË¦Ó©Ú{Šˆ¨ÝEó'“È“ÛO‹§’JôÎA:VCÙ‰4!…êÚ©¼®g$R§§§Ÿ¡÷ŽÚ?<*¤¥&»\î¿lxåƒmÑSØ?™‘ªýº¿tÉü’â"Qv~´÷ƒm—ÅÛãNžª¬¬ªí7
hþÅ®œMD[ßÛ¹ÿàÑ³ï¢¨ÿ¿½ûlê¼×þHGÃZÞ{à½l0f dÒ¤7?¹·ãw;n:îÍh:ÒÝ¦½I“&·$)!Í ‹•?°&`^`lllð¶±<dÙÚ¿?$Œ76ÈÈÀóùË:çèÕWG6œGï86³Ù¬Q«FSW—nÈ^•R±0g–X,ÞþÖ‡¿ÿÓßíCB¬]½tÈ‘«ò''Çµ´´íùø ½’7&'Å­\‘«T(ìÅOæ)tS]¡¡ê€<rž÷—wˆ$nTs¾n3êlfÓ?#mF]ß¹Ol}?òøå‚{0ØlæËÕÆ‡E7yBžXái¡$¤€ÈP}X1GpŸ`n¾éNŸ:]ö»gº`Þû–ys²m6ëð{?é{{«ªjDG‡+
ûÆÎ®îóU5
7·Ø˜H©TÀjµ56µÔÕ7NðÝ‘#µh Æ"¢IÔg„»›ÂßKÑÒ‰‹­ð—o #
F3VecÇ1ôð@¾¨À÷_?RŽÇ7"È[?Ã÷×#>F$–MÇ¯ß4˜çb+ŽU`ýlüöË‹ñÞ1záðÁ8Wï8&3~èèÁ±sWŸXý“$ÌÜ5«²ñãW±~6VeC×¥‚Ë¦#Ä‹Óæ /ïE^&<½ÿ¾?^°Ù  ° Ï¼‰Œh<´{Nâì%ÇH¤3Qp?.Ãæ…Ä°Ú°"?ÀoÞ½©ŸÈõéíísW?´yC€ŸïþƒùÍ-mµëüí¯¿ÌÊH5?bA¼fõ’wvìÖ÷ömyàîü/N}ç{Oª”ŠŸ<þÁAÏþöùwç­^¹Øj±X?·è¯½ýò?Þìo¿öb}þ±Â?ëWþñwObá?»ƒ‚üôÃÇv¼¿·ü\•ý˜¬Ì4?ŸŽŽ®£ù'ûŸX_ß4¤Ô¨Èi¿xú‡1Ñ&“I*•lÚ¸ú¯/¼z¢ è—ÏüWlt„ÁhÄÂº5ËŸxú÷éi‰[6o?‚Õj]•—ûþGŸüò×ÿ{³Îèõ3^:n3t»¥n°g;‘Lm3kf¨:¨ÝþˆÍlRÛÎÇ=ÖýA‘vOûk÷*ö‰•^6C?H¦ô~ø-‰o\ûÖ{¬½?6£ÎÚ×åµéEÅô{]ñ¶ÆËb±Ÿ‰‹?LNŠíß(‹aH<8~âôOžü­›\ Ï`üù“ßŸ9cú®=ûõÛçCƒÍ‹F£úõÏ¤PºýõùW?þôpP€_sKÛ—Üxÿ½kApÅ›£©‚+M¢}Žúv¤†ã?ïÆ{?ÁŽã?x÷(~ü*ýOlCw/2"q¨m]HÅœ¬ÌB˜/ªšàçŽ¸`ì<?Å?Å_vÂ[?ÅiƒÚ?@BÄ"(ä8[‡m±$’ Q\=F£pÌL°Z=71yYÐðÄ6¬z
%µÈˆÂ=ó@ãR+îù%Þ>
AŒ”plþ-
*a²à•}XòSG×A?©€?È{eá­FZäÈg#1+³ÐÝ‹ï¿‚»žFyæ& åVñÆ¿>¨«oJOMüá÷¾±ëýì|ïÿ¶<°ÀÛïîüÁ?>7wÃOþç7]ÝºÌŒ”ýó[ÛÚ“cçÍÉ^½rñ´°àªªÚ>ƒañÂ¹55uëïýÚ–/÷r{Ç’ÅóTÊ«RTä´Ä„±X¬T(Îœ­|mÛ»Ë–,X¸`¶F£î?F£QÉår«ÍfòAvïÆÕ1Ñáû]ºróïþø’L*Ýpw^VFjXhðÉÂ’ù‹î¹{ÓWÿøÜËÝºžÕ+ëºußþÞ“ËWo9S~~þÜ©)“|"?ÀÒY@$HÇ8ÆfÔuï{FðøAYàOj©zŽ¾³Ácõ³?ÿ}1ð§µ¾ßø6k_éöã­úËî«üŒvŠg&“¹³«[,‹Ec]Âuw÷üãµ·—-žÿÎö¿½÷ÖK+–æ¼¼õ_-­—?äÜ³~å¶Wÿüæëùý¯ÿÛÛÛó‹/N;~ê¥ÿýÕ«¯üáO¿{rï¾C?M-7ñÑTÄÞ"¢I´§{
‘†…ÉH‹Dò4<²m]?X3?­‚?
´:”Ö¢¤ÆqqïïA@~9fÄ@z$^ûOˆÅ?óÔþc«‚Çà¥FN2žzA^h×êaèî…Á‘È1=º_„?<”hîÀ§EPZ‹äi½2èèB3Z:Q^ƒÂµÆÍ8{z.4#>Â(×-þðRÃhÆwÖÂž[4
„ù¢´vâgöæÚµgÿ®=û““ârsfOOOJMŽôË÷µ¶]–H$÷®]þíÇ¾ìëã¥P¸iµ?%¥åEÅg—/]°pÁ¬€?‰ É/Hˆ‹V*îê?ÿþIû…¾››<))îDA‘½ýoÿû#ññÑoïØåíå™›3ûOÿ08È¿½½£ÿûŸÁ`‹D‚x¬ëÂˆðP‹ÅZ}áb?¾÷è±“÷ß»ÆÛËS*“´·k³³Òv°µ®¾ñ½>Žõòò4?ßÿîW¸kÔj?zZXpIiùäŸÎ"x„°Y†%ÈÒÝbn«»i:ÞþKWƒ¥³Þ¢k±öutïÖÒ^cn«´öuÙ¬ŽF$>Qn«n‰å?¤R‰‡»¦ÖZoµ?•Û.·×^¬_±,G&“˜53cÿÁ|?®'.6ê¥WÞ¨©­ËÌHYœ;×Ã]SRvN,´ëS‰Dèë347·6·´…†LõV×G„[à#ž
ˆˆ&Ñ4?\lÅÙKŽ…DŸûÒ£0'ÙÑ?xû(t½øÒbÇÁ»‘ƒŒh¨ÝPÓŒ·? 3+•9&$h0÷ 1ÑAèèÁþbœ¹„§ÄœxXmC§&V¡µQ?˜õ[ÿx(aµA,‚R½2éd]bÇÿÉ+¬6´t`ûaÇ.³E&åE?+|ZHíÅú²3ö…D_xîçÓSæÏ?1#;]"þõöGÝÝ=ÿö°ã‹ç?»?›‘?ž•™ªV«ªk.½ùÖ‡>p·¶óÕµ{>>h?¦¯ÏpæÊš¤ÉIq1Ñ]û>;ræLÅ/~ö_óædY­ÖÝW¶;YXÜÒz9&*|îœ¬cÇŸ±}îÁ@ö¾û
KjµÊ>J¤úÂ¥¯=ö£¼¹™éÉii‰?ÿ›{>>h³Z›[ÚþùÆ{ö'šÍæÓEg&ùD:?,l¦H®é+yW™ýPÿø"›qÐT‘X,’À÷¼Ÿ]Ù"ØL}í¯Ý/ñ‰ö¸ë×V£N»íK®(ÿF‚?ž–ôöŽÝeg*ûçX­6Ûà´ ‹Aèïh2D"Ñ—Ü°*oÑ™³•Ÿì;ü¯·wþéwOH$?ŸwçÙ''<òÐ&•JéŠw6éŒ&³DÂASãÂx@D4Y”rüâ!¨Üp¢Å5HGBô´wC.Ew/ŽW 7îJté ¿gë0'+vŸ„Þ€ÒZdDafÎÕC,Ââ´AwN8{]zD`Ùtøy@×³Rq!Ž+~;½Ÿ!Üç"!MZxª??ÓÕhÖ"Ì_[?ÍÈI†Áˆsõˆùí4u SŒé‘X7ÒkýïÑk€ÕŠÔ¬Ÿƒ¼L¸É ¼?íóC\0òÏ!=a¾øä´“N÷¤Q)¿ùå?U*åÇO•œMM‰OJŒÕë{/·kår™®»'ÿ‹SKÍsw×tvu8’_pælå¼9Ù‹eçîÏzô½§ŠÎhÛ;’ãN–Tž¯Y¸`–Élþtÿ{ûeg*ººtQ‘ayËúûùtëtf³Y*•ÆÇE©”ŠþåM{ô½Ÿì;ùhØ½W'&Ä45µzzºOOK:|äÄ¹Êj«Õêçç³zåâ5—²3Ó.˜]QyaqîÜÀ¿¢â³}}†o~mËÁÏ¿xû??OÿÏ÷æÎÉêÑë[ÂÃBâ¢?ädLOž²÷“C.=Óã"Ÿí¿¼·dGÛËé÷ˆÄ’¾s[º|~K$q³tÖ™‹¤A©ÒÐlã…ÏÍ?%²¨¦úS¦¦2Yø,˜úÏ0IPjOþÖÞW¿•ë4{VÆŒ¬´§ñ§û7­IIŽ×÷èßûðãysg¬_»BáæV}ábSs«?·WjJüî=ff§xó­?büý}N?.Ÿ²pÁ,o/?SEe==úY3§ðÑ'…%KÏëí5ž*?77KzÍ¿ð[P?Þ pkLõ»?~"¢©£¢ó“p×¬™é¸ÛÀ?à?CðTay^ú\îFï€Ûä—#3
?z*€¿ò²ðÌØ‡•×jû!|e9ÖÌÄÚY0Ypºb1fÄàWã™7¯.sôê~˜,x0Ó#!Š‚Í†æÕàƒãø?»pï|ˆDè5à£¼s?Þ4ò{ù¬™ÑÈˆBZö?°îÎ ‡Ê?“Œ”pü`=š:`0Ã>‘úùÝøÎÜ·÷çÀjEéEGËW~®*gÁ¬uk–Ý½v¹ýn[_çõ7vxzz¬\ž»õï¿»|Y«ï½ºhÔ‘£'²2S:;»÷Ìp¢ è…¿o{ìë}ë±GD"‘Éd>’_0°ý×ßØñ?¯>x÷šåë×®0™Ì…§KÅbñ¬ÓûìOŸüÙš[Úì‡ýß«o™Læ‡·lÌœžb¿ïASskEeõ?ƒù+–åÄÇF=þƒÇþð§¿´ûÓÕy‹žýùã6›­ªºöù_òŸ=+sÍê¥"‘Èb±Í?ùÒËoœ((þÞw¿ºùþu>p·Õj-.-·w’Üô³;A"‘ç¦¿!=ÇþÞµë'Ä
Oå¬¯ˆ•¾Êw~ðýË¿ËsÃ_<×ÿYûæ£íÛ‚Í
AªÌx@5ûkÊ™_ÖùkoÑ[²Ð,±\=Ž›Š<Ü5¿xú/½²ý¥W¶?F‰D²`ÞŒ´”‰DX™—ûøOŸÝpß×_zþWßýÖ£¿ýÃßÖnü
€9³3ÿß·¿"‘HŽ;ùØwþÛh4Êd²o}óaûŒ—ÿüÎWÿðÜËOþì‰dÙ’ù3²Òú—9ºmèô}f³ÕËCåêBn¢'žxÂÕ5ÜÑl6€§žzÊÕ…‘Ãœ8¿M¤„ãBóÕ1Bö?q!(¬×-Òæ%¢]7ê­Ž#æ‹‚ó×nÊßÉÓPvqÐ©‰aðV?÷ŽÎÙ1è1Œ÷¦Ë‰aPÉG¸oÚøž?üßz˜9{µ3[ü}ÓRªª/ÚWíß}²°x<·HKNŠóöòí¦ËQ‘Ó¦…Ÿ((ºfSþ¾)Éñ¥eçú“ƒ½q¥RaŸ® R*fd§_¼Ô0°Ô¨ÈiÑQÓŠKÊ>kü/:Q…ÇvöÿÜð#uð/‡.Õzã¬z-€A7A³š­=—ÅjûP9›¹Ïª×
šÀþ‘s6sŸ­¯[¬ösz1y¿™³W<Îb³Ùôú^77ùÀ…†¬V[o_ŸRáf_Ÿ´¯Ï`à]Ò¬V[O?^©tø¬›ºq×ñÆí×¥N\\Õh2÷èf³ÕÛS%Œ6/jâšµ~>ÎjmªaïÑ¤kéÄgÅ#lÿ=ÅÆ¾v<Æ®¤eØÿã¼Ö·›Ð=’GkyüO)Í-mŸ|úùð?¯¶ÇVv¦bŒ½Õ?±+þ¢ïÑ÷8tl<í?ÿE§ îŽ,–ˆ5ý?D·!÷1IÜDj·¡Ïº5‰D¢áóÄbÑÀE±†ß>Y,i4C¿D±)—hhÖ:1ˆ ’H…›”ýÂx@DDDDSBp€—s{è:ð¾DDDDDäÀx@DDDDDŒDDDDDäÀx@DDDDDŒDDDDDäÀ•‹ˆˆˆˆhJèÒõNêÊEîêÛíŽo“?ñ€ˆh©“ÅÕEÐÄI‡ÝÍI*•˜Lf×TsÇ“J]`ˆ™ÍlI†®Á[²™"A6p‹T*1M2™ÔuE¹€Ñhòk0öËw.lêZ\DD4HtÐ8¢©gøášRhØÉ—&›.¸®œ›Êt©@˜<pKLtDiÙ9×Uä¥eçø7x‹b< "diº«+ ë2üƒ[¾4Ç5¥Ð°“¯HÛØsüe×•sSõY‘¶qà–åKsÞyo·ë*r?wÞÛÍ¿Á[ãÑ æ"!ÔÕEÐ%„âÁÜ¡Þ²11!Æ5ÝÙbÞ2èúX?ó]sk¥îðŸ]WÔM¢;ügsk¥:ç»7>¼ecMmÝkÛÞu]]7ÛkÛÞ­©­òk@·
!7wØ?¨tÓ-Z´ÈÕ%ÑU3bQ\ƒ¶.W×Aã“Šg¶À]9Â®YÙÓOŸikkwAYwªÄ„˜gŸyÜÝ]3d»<:·{ßÏ?>T¾bM€H|[Í~´™¦Ú/º>~ÒX}Øë?­b¥×?feOá¥ž*õòôðññ„asenF£©¨øì_^ØZPX2â¯Á58pà–˜{ÐÝÓ§Rº¹ºŠÉ"zâ‰'\]ÃÍf³xê©§\]õÏØW„ªFÎTž¢¤¢ƒ°4}„~ƒ!¶¾þÎÇû?¯ªáLåÉ#•Jb¢#–/ÍûcÝ¡?ö¿cn*³YŒ7±ºI'd’ÀdEÚÆ!ýCÜö¿Šãü5ƒýºtêÇƒ†f­Ÿ?‡««˜,Œ.Æx@DDDdÇx0pî90‘ã90‘Ãmµ¬QóñmïÚ2-gÝÍYYP¶Ëjºu0Ñm( 6.D}å?Ì"Êpm=·
Æ""""º&dÏpu· Æ""""šj/Öøº¹9ç†Ä]­Wn@§ôö¼mosìdŒDDDD4%x¸kär¹³Z»pìÀ…+?§¯Ù<›ñ`|ˆˆˆˆhJP©•Nl-yù¦™þŽŸ§…ŽÛãÁ”`6›%~DDDtç2›ÍR§^IäR{&Ž—¤SB}}}xx¸«« """r™ºº:ç6ØT^pâJ“ÊÐôäRç¾Äm‰ñÀõl60Ñ?ìäÉ“6D"§5Ø\YÑ|ågwIÄ´ÎBMÜr§µ~ûb<p1‘H ¨¨(00pÞ¼y®.‡ˆˆˆÈŽ9RTT$‰?fnþúÌá›™Æ…ñ`*°‰D¢½{÷666fgg‡††rÝÌfsUUõ©S…gÎœ‰D€p^÷]^†ºžH$²w¥Ûl6‘6›ÍÕuÝÎ[:|½Ý]]Å¸´µwù{ºº
"º´¾²ûüh;CçÝµ(Bf³Ze2ÙÍ-ëcµZ[ÛÚãˆ{U*…—§G_ŸA©TÜôÒ\ÄÜÑÒéæï3ê_cWK¯Ìßc”ýã8ŸžƒQ¥RˆD¢+ƒ*ÈÅ¦Û•?Û€¿þ‰L‘H,‰]]Å¸ÜB¥‘‹d?úH¶«‹¸å‚80ÀìcTª;éòIêà;Ö~¹GàK†Žy>×<‰#°ë`Š¸“~¿§0G2°A$Û{Ÿ'•H±øÖ8Ã·P©DDDÑñ#l"¿?*¦F"""º£ˆD`0˜j¦†„›@$Ý*çù*•ˆˆˆnÓLDDDDDŒDDDDDäÀx@DDDDDŒDDDDDäÀx@DDDDD\¹ˆèNÑ¥ëuuDDD®ä®¾cnw}ˆîü7‘ˆˆˆ®‰ƒ‹ˆˆˆˆˆÈ?ñ€ˆˆˆˆˆˆˆˆˆˆÈ?ñ€ˆˆˆˆˆˆˆˆˆˆÈ?ñ€ˆˆˆˆˆˆˆˆˆˆÈ?ñ€ˆˆˆˆˆˆˆˆˆˆÈ?ñ€ˆˆˆˆˆˆˆˆˆˆÈ?ñ€ˆˆˆˆˆˆˆˆˆˆÈ?ñ€ˆˆˆˆˆˆˆˆˆˆÈ?ñ€ˆˆˆˆˆˆˆˆˆˆÈ?ñ€ˆˆˆˆˆˆˆˆˆˆÈ?ñ€ˆˆˆˆˆˆˆˆˆˆÈAâêˆˆÆ¢ëCe*ê‘?Ø`WWCDDt»c< ¢qéÖõTTTwëzÎUTk4ªà €  ?Zä?y/ªëÃ›‡¡vƒF?Ce˜ˆˆˆ&ã]ÛÉÂ’‚Â?*;3µ[×ÓÝ­³ç„øØ¨¬ÌÔiüT5
«®>T»á¾èÏrRä…]¨l=XLF›T6Ê?iƒ2© º‘2Çd³??ÉG®i1Í&õÕ‰ˆˆœ‡ñ€ˆÆÒ­ë9p0¿¡±%;3uH°÷'–œ«¬^³z©F­ºŽö+PX…Ìè«[ÔnØo ëC“µcuôž?úf™÷Úõ©ÞÃ¯Â;Îíù¨ÌÉ†A×Qà(,&£E?É®ä?¦’mŸbõ–t¿;?yëÆ^Ïé!º3Ø,F‹0Z¼`1š –±m£2™0ùõÝjx>éÆ0ÑXìÙ`Íê¥ÁAþÝºž“…%ýƒ‹²2S³2Sƒ‚>Ü¹ïÃ?û6ß·î:Ú/¬Bl02¢mìÏ9)hÒ¢°
…UP»J#ÐWVD/?WÞj¨-,oœ;ª÷üÑ7/„Ý—¥¸Ö‘Š˜¹›# ÈœúòD·[ßÅûVY”J‹Þ²0oÖ´ÁTíÙƒ{JÛ”2AoÔL_º$ÑKSÇÙ#žnW*½^?™—“ì%uÕ;˜Zx>É$ÍZW×@DSÔ‡;÷ÌÛ¶¿oßp®¢º¡±Ù¾kóýë¶mÿðÆkôIDATÀ¡c¹9³'úº>hC·ôgƒ /hŽl?“âèX•§ÆP\Ù?î7ð{?–Šz¥º'Z˜ÓR~G4cÍ±c¶ÌÍ€¥ñ‹wŽÕ.Š¸š¦mmÅŸ^
^³i±°õ”¼·ØC†p¹ôã‹wßŸ«º³»÷”lÌðåø=žOr‰·—ÆÕ5ÑTt®²º¡±%wálûäã“…%öíÁAþ¹9³³2S·mÿÀÁ|û°¢Ü…³<uƒ3•‡dƒ!¯Á?y&N?µ:µÿŸ5}eauhúáà±þ£Œ—ªKk*šÚÛÍRoŸ°óRƒ”Ð[õÅ'“¬g?—W‹Öç…´>Pœ;/Zn¢ý€eÜ«ß?Qeìƒ¹ë“÷+DÏY‘0ë›Š??mëƒ›wâ¬™iÁrh9óA>æ¬K>îˆèŽgª¯i?MËµ'h!(1ùø±‹½1ý_´_*÷‰Û¨ˆT±É?ÿWÓœáÐVwÞ7în?ýúU—ôö…ÖßI\%áVÁóIÎÁûÑÈ**ªƒƒüãcã~›íS“³2ÓhÔ*{—‚}opP@p?ÿ?Cù7ø¢‡J¯7€Ô/mº¦¬¼Îèxl¹Tv©éa{É?g/YBS—­Yµy}î|ÿö½ŸUêì{Ì}íMgïöŸ±àžE
XŒ==½fËÕ§šûÚ{¬€wBÞâù‰¸ÇÍÏ[œ—·8Áqá_âpƒ:{ÁúË–ÅX‹>;^Ýg/ÂÔÞmºÁÓBt›jo»è¡¹:P¡t×jtõõj[{Üý_~
…êrg/ú:š­Uÿßµ T‹ÛºúnfÝSÏ'9ã?ªÿêß.8Èó}ëötw;°ÏK¾¾ÙÉý*Ð¨Efôõe€[XJ\ë‰Òv°uWµ¦g™ Ÿ379ÂS!—ÊäJï˜°ÐŽÖË†+;>™KÒ£|5#¯At… —*¤©B.•Éû§÷IãfeFy)er¥wjjº¼õrûÄOÑÆbò0¼PªTY,¶»­Ñ¨¯>tSyÚXÌ6/Í€lT
X$ù;Ï'9ã?,+3­»»§L‘F­jhlihl±?ìÖõ44¶ÄÇ9úì#‘ì×­QAÞ¨l”µŽNÇÃ;ezÐ¹’ÊX.–*S|‡a³öj[ëšêÎ?),¾Ô“Ñ|e—¯ŸÏõÏ!ö÷ñìÿÙM¡Ag·þºÛ"ºCÒöîÞþG&}?0h91ê»uWöõtˆ‘¶{Àw=½?sŠx>ÉYˆhdÁAþñqQöë~¹çØ'+8tìÀ¡cÛ¶¿¯Ñ¨ìK?64¶8x,8Èÿ'4¶Cí†7ãPÙ ~ƒ&-tãïè–§g¢¨¸¤ðdGffØÐ«}[{Ù{î)hÒ™!¨¼ƒü4\RˆÈu¼}§ÌÑ?-¾Wc6^~ª®Þ+£aìêD€·nžâîžþ1{¦îvz?½pÁ‚ç“œƒñ€ˆF••™ªQ«Ê?YX¢Q«6ß¿.;3µ¡±¹¡±9>.jó}ëì]
îÜä¿fõÒ|¹ oÈŒÆªlÜ·`"cŠSÄ¥ÆÕU–$ÇzÛ×r©°'löÒÔØˆÀ ÐÀ ßŒ†Òuvôÿ,È¤°XØûNtc¤!~Eå5Fë«*ý#Bd@Ÿ¶¡^kà–p¹´Ü¾Â¢­«²¢=!Ô€ohL[É™û°™®óå—cÂ¼]ûF¦žOrÞ÷€ˆF¥Q«rÎùpç>û-“í7:è¿9ZÿmÑ4Õ?g9É7Þ@ä?¶~M² ¡w\­BU{;‚|›¡®´¢î£´¢ôñ—¹P¯‹‹U‹`l.9^\I,2?F­­©½›ìØFi€ˆ®E9ï®î}on/Rºõnq+—EÈtV}¸w%;@ä›‘—rð“·þ%–A?€Ù+ú|2V¦þxû»PBoõ›Ÿ·€«pÚñ|’S0ÑX4jÕšÕKí1Àž‚ƒ4jUCc³}ÐÑð»)OH?Œ”Ù5?d¤l@5{^ëg¿_êæ&³Hã2¢CkZGkÃ;eÞŒO¿ýÏ@ðÏœ1Ýsoí•}¾‹S[÷ì~÷ Ä/x(tâH}ÓV>”j±X¡ÿ?6 ûë_¹ò³:báú˜-?ú›ÖD.Ø‹/dáù$'ý×?~âêˆ\@ß#ëZ/w\ï §êÖõ44676¶ØW8µ‡„¸¸¨_­¨°
AÞCoŽ6Par’|#¯3”Å`Æ\žè*³É(åÖf6«Ñ™ìÖø]"""gihÖúùx¸ºŠÉÂ?HDã¢Q«âc£úoƒà,AÞˆëCE=*G™|¬vCf´“³€ñfé¨Ó—Eb§6Ñí…ñ€ˆ\Ií†Œ(d89tÑubŸ890‘ã90‘ã90‘ã90‘ã90‘ã90‘ã985ºôg¶GDDDDD7“3ãASÑ?_.jrbƒ0³3$""""¢ÑMÑÁE††“{·½øÜ¯¼øâKÏ½úîçZË(G6þ¹ãöL¢¯Øýü®
ýM)pØk™ëò_~1¿nH˜1×å¿¸½°MGŸ{ng…î¦”FDDDDt½$“ØvWuA9’fF)'ø<Ã…}¯Ô–´öþÇÂÜ±Ù ­/9UÛçå7Iu:…$4yŽïÖÂòäÐ÷þ?½Îø¦=äwåýë»Tn.­?ˆˆˆˆèZ&­÷ «úàÞ½e]£}é?†¶3Ç*ý­˜î.ˆHä^áÙ‹§;²?ÕÜÕZW×Úe±Ž£%“^ÛT×¤Õ÷a±V2wµÖ5i{|Óoo¶I;h(“iØa€AÛ4Ú«»G¦&Õž®j½º¥«ª¤&3+Þ€ÌÝÏWy%‹YzµMum]&ÇK†«§É4p8Õà]DDDDD“lrzºªîÝ[ãµtýÒØ‰v@×ÚØæê5|?¥õäÎN#:ÑÛP¹·9 ÷î¼h÷‘ZsÓñî­õŠ´{wöe­]?ÝúªÏ¶–‘‚Qâçe¨Ú[ïž½auº¯`j*xogKpj?ÐUøqWÌÝ’ÜÑU¹çƒRIt¸»¥do«ßŠµÙ?ºªö½u %0>J^˜o?OŠÈøìý{Ï×¥ù…
Ìue_è3×†ZŽ¿ø6}kn ÌM;öµ&í'v"eý’X}Éëû„µ[2üª¾r@µæ‘9¡`¹˜ÿb™ï£+'|‰ˆˆˆˆ®ËdÄmñÞ½ÅM@Ó¾­g÷ßš{ÿúÔ®þÌ3”’êê:—\2ïÁUîÀÜ´Òw·V-7j”V$?™><ÓÞJ”ê?wk[¦ûù@?%üá»Ý?9I§w¼^P—ÑRž¯žûè¼D%?1ÐQzà?*÷KB¥b‹ßÛ.fC´öø®ÖÄM›æJSíç¯^ìö¢¡‰sý^+­™­€¡¶´ÀoúÃƒGDYêòw6$nZ›â 5äà«Eu‘Â3ðÁ…¦¿@tT–µjTg/4Î•êªK“âþ?Ù€ˆˆˆˆnšÉˆ^Ù‰ç>:‹ìU+2åÃ_R:|ÛÀÝ‚zóðõŠzš/Õ†Ää:úÜ}±¿I;j<,ÝuÕµ­:#`h?ÅçÊ—ýÑÑáŽ&¼Ã?¯íD´OHRë¡}´Á!AÁ!~j‰¾µ¶V¿’ãö?B]âfUº.W#rU  õóÆ°xxÆ&'.»Ð?„ª²‹i©‹†to´7?Õ#ªªÐ>§ÙÐ§ìÒ÷!4jº÷;•u™?î–Ô¼ùÝïV]šxñ|IJüü1Ï‘SMÊà"÷ÈÜµë„Þß›¯Ù´4ÅK˜Ð“Õ~A¾mçë´Ižƒ{$‚æþ!=V@)€Q†æk‹?Ø^—°)7Y# [h(5^Ùa0û7òf©PÇ.Ù©ïlkm­Î3?xÍ=©94¾1É‰Ž‹ûät‰íMJ,`Ì·#?HH9p¸²ÕÅ=YK"‡]ÜK”ð‰JJ±?JJ†D`Z¼ßÑKM‰ˆÏõÒ%î-¿˜f­ªÉNÉ?Ì©ãDDDDDCLÖÔdù´k×¥ªkGøŠý|Ó¥öï=XÑf0V³^[™¿ûd«<$"U[VQg}UE©_ê4o@é‚¦¶.Pº{¡±µÕc—àåã«”Ëå†ÖºW[¯;{¶É†ªò3ÊÄ@o «Mk’(½Ããf¦Çh/wå?QiÍåµ—!—Ëår9ºº{ÄðIô+/­êKëÙòó#W/„&fJNîÚsR™;|©%¿?ÄÀò³µ{Ã‚¥Ko÷èäi‡÷Ë#<!„Æ¦×žÜWØ–:±dEDDDDtc&ñÛiù´¹k§]Ï…À¹k7Êx÷Å½ðÈ˜½Èr¿y:÷½ÿâËp‡Eˆœ»:#PÜCSÒJön}îðœMßÌˆžã÷Á®ÿ-œ¶âË«ãÇ}ºûå·|Üå>±Á1W?Žu¿°kë¾^ƒÖì;õÚPô]ÕÇ½ßªpW™»ºÔsVE(!?š¿¶kß'[Ÿ3Ë½L„f­Èõ…_ú’ìú][ŸÏ÷PºG¦FA;rù¾I™Ó>ß…ù‘#Í›öËZ±øð?÷ž?,QJ.›½2sr}¼äbÈCãÒv]0;?Ï0çŸKÌ?Ò+¹ÑmHô_?ú‰³Új:þü[Xÿ­™?ÎjV³Á*‘K†n´ˆ%C¾V·˜!H®ñ3 ¯Ø½õ|ôÃ«â”0›1dúóHÍÂl¶H†l4[¬áÆ;]LfH9rÈ•ñ½'à­—;ƒFŸÊ?]º^§´CDDt‹rW+œÒNC³ÖÏÇÃ)MMAÎ¼Buž³£.5z=ÄùðK¸áñ˜Fýy?áK#?Ô,†fÎÈ³Ý|Îú7‘ˆˆˆncÎ¼HU†NOsbsÎ§Œ^üoá×"""""Ù?õ¶ —s²/Ñhn?á×DDDDDt0‘ã90‘ã90‘ã90‘ã90‘ã90‘ã90‘ã90‘ã90‘ã9H\]ÑXt}¨l@E=2£ìêjˆˆˆnwŒD4.ÝºžŠŠên]Ï¹Šj?Fä¯Q«ƒƒü'ïEu}xó0ÔnÐ(p¨Ñäb< ¢k;YXRPX@£Qeg¦vëzº»uöœ••™z#?ŸªFaÕÕ‡j7Ü·ýÙ@N
‚¼°«•£Ç‹Éh“ÊFù'Íb0A&D7R¦£‹0ê«e³?–a[™üÕiéëhoë3•—·§üÚ§ÑþÆ%R™`ÿ#¿åáçgüçvÄ:'ôéŒó)ßËõÔd2šGÛwÃ¿7XÑ(ˆh,Ýºžó[²3S‡Ä{BAaÉ¹Êê5«—jÔªëh¿²…UÈŒ¾ºEí†?ýº>4i¡Q Q;V×Aïù£o–y¯]Ÿê=üâµãÜž?Êü—l˜tÔZøÖá²¸?Ìô×áúšC;J.«Üƒ.Ãæ¬Kßó§[wõçG?Ôö©5nc_»E“™3/-X>Ö³ô5‡vœÆŒ¼¥ñJ4•lû«·¤?ð–›J¶}Zãao,ºn“œ”7?ÖCvµŽãÓ±Y?F‹p5(Žã)ßËÄsfoMá'¥Ž¦¾ö>x¿ÿMRÿàÚnm6‹Ñ"Œ‘Ó,F¤ÃÎ¼Íb4AÆx4Ï'ÝÆ"‹=¬Y½48È¿[×s²°¤pQVfjVfjPPÀ‡;÷}¸sßæûÖ]Gû…UˆFFÔ ?ýÙ 'MZV¡°
j·A)búÊÂŠèa—J†ÚÂòVÀC ü27­I¤yŠgæò…±×“›¦„öS‡õD¬Ý”ä}%Ûª‹šz0v<PFäl
ƒd<'*bþºÉÁÐQ¶ÿ³OJ|îÉòžx±ãøtô5‡v\
_ßÿ‰Œã)ƒÞKká[‡1‘œ©ˆžµ¶ÿ—¶±èŸbÐû?¨!õOà<Oa¶¾‹'ö¬²(•½5daÞ¬iŠAû-Ú³÷”¶)e‚Þ¨™¾tI¢—¦Ž³G><Ý®T
z½:3/'Ùë?ÎÂóIÎðÿÞOT±,m-IEND®B`‚' height='200' width='200'/><br>
<br><img src='data:image/png;base64,‰PNG

IHDR
1K«Í/sRGB®Îé IDATxœìÝg|T×?7ðÿmS53š¦2*£†º ?1!Æ$¸$ÎÚÉ:‰S6½ín¶$Ù$ëxKòlÉf7Ù’Í&N6mÇ±ãwØ€i* $?:šÍHM½íyq!„?Fˆß÷š;÷ž{4ÀçssÎÿæÑG%"6Ý€ÅñR ñR ñR ñR ñR ñà*Ôtw`ÁðéîÀ¢£h¨Ä’BŠÈH"±,q<«21“î>ÎÄ€‹¨¤1¬’<´ó•þ³gIÅXLä•’
sÿû?l³Ùx~i>H/ÜoµoßÞÉA†H%bˆEaY63Ó^XP˜a1G£Ñ£ÇŽ¥‚˜JÄ?JÄh§N¥Rù²RWVÎ‚unÚã*£*ÄªÑñ6áã"Ïé8ŽXŽ“Héç?yüŸþÏ¨
Ë³KnaáâÁàà zñ¤-‹ÕZSUUPX8yD’äÁ?ÁÙ´V?ï¹ñ]"RDR%RRbT""•!†%–%†'VHwÿæOêYŸ•Å—ùc+#+‚ ‰Q˜$ËO„cf«E&™#õÉ§žúà¾G!aéò.\<ÈÌ´Ÿ?*Çqn·»¶¶vêœ­d2™L$333§¤Ü¥­étKøß%@:¨
)’Å‹žÿC•I–‰D¢q±zb–Ú³±ª©ÄÈÉg~öÃ,%!‘$1ú„Ê?%’¢¢8l¶‰h,–H&$šèéùßþðƒÿÌÒû.h?0[ä-ÔéõÚKEQ#á‰X,Æq\á”Á„+0šÌóÙY€[Œ'99ë“E’EâtÄæ·WH!’bÄØÉÃ»í¼Ìéô±87§@x‚ã¸ÊÜœh<^˜ç1˜3bÉÄá§¬ÊJÒÓÝñláâA[k‹¢Ã2ÛîÞ6™ZZZN?:u­™«¬6û?î#À­GUHŠ‘*ÏùB9IŠL¼qi|ƒ®qrr¸çtïé®d4nVÍÁMÄU¥…¹¼BIYêé?7á?˜lN^N?˜‰'Ìˆ×L”dU¥úõ&“I;òúŽ×?£’Ê0Liii–;kß[û˜™fM¥)Š² ½XÒT™Äèµ/ë¯Ê$FH0ÃÝàŽ-8fbì¥çž?Œ„ÇÇõ¦Œ¾±1?Ãâ1³«*ŠXF!R¹çtºFI&ÏMÄ¢³·CX¸xPQ^®Óë++*´—g{zN‡Óå”¥´¸Ä–i#¢x<^¡? uÊ"GS+T²Z­sî?*GÂ>ßp4‘zÍ›­v‡Ëbææ¡Þ<9O‘Þê´è®t¢Fd"bÍ‡q©U¾À¢¦*×•Î·Bb”óÍ>†ÀšLw½óžŸüìgã
é"ÑÒ<WMu•,+1I°8FŽøc‰Œ‚2?ÑÐyð€Åj)-­4Méîõ?·pñ`$\±b…öóððpwW9ìöÚš?.õ-Ër(RÕ«ÿÍÍvÏåær¸ÿts×Xlú?Ã9"2:r*+½.ý\Ú»ªÈÐÑA"*Xá¬¼b<HŽô=#¢ÌeËùKmp
5)vƒ¶VIŠ‘pãKCc±˜Ñ¸PHŒÀ[2?þ¹/(ªü‹ïÿGIN&§çFù¬_?ûÌGßóN‡Þ¨°ÒS/¼62>úÙw½3’Œ…ÇGù%8x°?Û¢©ªÝn×†<¨(JFFFUuõd6ÐÊ”³³³õ©j0:74t~ÑE{¨D¢(Îx“™ÈÁŽcM±z‹ÙeÓ³DÒÄX0,&dŠÏÝ®¹­Ö³tJk®FŽ_K½Áå¨2ÉñX©Üqº«££SûÙh2äç•/+½Q?_Ã²Ú::õåe§ŽÞV]ydßQ#eèxŠÇ³íÆ?¾k‹*Æb¡ˆ#Ãboú)U—Z¸xPS[§-c‡³³³†©©­Õë/úÒžçù’’ƒÁ@D¥DbRœˆLœ>}š¡éõÆYå(¡îã±¶ÜÆºBËE¢ªÉñ¡“­}ÃœÕ–¦l`ðÔlÎVˆˆ8,Õ
EUf¹NQüÔ«Dd¨¸ëê§ÊIbu×?Å(‹íÛ(?i© ‹E£±ŽŽÎ¾þ?uk×Ìã`3ù'““•e_Yg’•ûWWËå‚ï<{F‘Y¯—GÇ‡'Â2'¬jlT9~éM_¸x`2¦À{{{Ã,Ã—<’«ÚÖ)‚N°ëì???ÍÍÍ###JT’¤YŽ¨?¡ HDd®ª?–ˆˆÑY=Ë×:ÃlÚÖIe9~)æNXÔ”Ä,NÒÎœËƒ’ îzß?5·Ä¢±òò²©ÃÚ`Â¾ý‡¶lÞx?íÏFVU­/)?£\"Ééˆ1â²¬ŠIÔQYžHnz÷ý*ÇIª,Üü5ÙÓ,àä"†Ñ¦µµµ©ª²lYsÉÔ‰dbÇŽ×-Õ5Õ.—K§Ó±,KDõõõmmmGŽQYÛ±¢´¸`vw?'bDDdu8.WÀè-–ëûÕn.òe¿i?wì`]a£ö’µdM}Wn—Çå[.ÛìõÅƒþþÁ‘‘à´l@DÚËŽŽÎþþÁü|ÏõÜb‰Õe­Z«FÇÏ>,ÈbŽÅRRè…‡ÇqñÎûß£r¬JŠp“WcÏháâ?N´âãÊÊ*Žc½^ï¥çôúââb"òùüÃ>¿Ñ`¨¨(ç8Žˆª««ívûÐÐ?6ðcµeÎíö¢4Ûä«ªñÑ¡Þþ€o,‰ˆXAÈtç–—äN|PÁ?Þ3}££qE!"Ž·Ø]E%žóÅç‰ãƒÝ½ÝþHL$bY£ÕYYUì2œ?Fc={ÚGˆ(§jU™?ˆƒ­­Ýa"K^cM–èm?†%…ˆÕ³½E•yÖ‹±’ç††&Fc’B©â
OQiÙ.µ€%D¹Ò,Ö`Iôälyœ-?ˆtù«&ß’Çâ;.›&g¯}ÊôH0HD3€‚|?6Åhþãq#3g²ßq{wGKW?&U.J<ãÈ<xpïò†½ÁLW[Žÿf´Ð£Ãèu:†ax~†[3,›??‡“É$Ã0²$µµµ[­-Käææêaphˆˆ8v–YÍhÍäi\¢ØP[ŸkMÁÕ*¢ƒ‡÷?^œ$Qöî©iœR¾œð·éˆO9O–Â?s'ç*V4œ?ÍÊÄ`Ó‰¾àdƒŠõ=­l¬-ÐÎQ’Z
‘R«*)r\ŒÅˆ„øðé£ýâäbKJ26tº=]¶®ÜÁÉ?ŽææñâÕ˜”D8|æÄ±sëÊ2—`ž€ë§JWxSWØÈè-œ-Ožð%{Ë¡^"âì…ºÂÕ¬Á’Ñø£¿âúòªDtíñ 0$¢ŒF£Ñ´@«1ËI%jvÙ[Ž„KìvR¤¾þ@ÃÊ:S†!<>b4˜I&Zjs‹r[41©×ëY–íêîR%?76®™vN<·Ym¹¹¹Ñh4
>|X[¹¨¯¯oýúõDdw8NutÙ,f›Ý9›ûÚòr3ûûFí<±£Ç˜]àÎ±Û2ÍF~ÆíŒ&Kãz‹·¨0ßi6ð©rd´¿íø¹Q9ÒÞ=’Síd‰HïhêHk)(©ófšV‰G‚¾þ“gâ®L=?ŸÎ7ÐÙÇl•+Šs?,‘8z¶£¹?¡(‘Ž3#yZS—3~îä8k)(«óZõDRÌßÑÒ7œ Ä@ï@¾Ãk""ÎjÑ)¬œ™“WZàÎ4
,CJrâ\ç©Öa)Öw¶Ï³Â»—â€ëvµíe…ì*yÂk~Š³dëË6‘4|*Öü”±þ.#ëÊ×’¢\ç³Óé¸Ü[&£1‹]Wë³Æ’Bj\Ï¨:‹yecãXßpVŽ?·¹ÝîÌß`–#gl$`qd-½oc.È²LD,Ëzr=ÁàÈÈH@QöâA–e–aY6#####Ãåríys?$‰ãããýýýùùù,ËÖÖÔŽŽŽÎ8ø03ƒgå*©ùèPP&EŒu÷iÇ9ÞbÏÌË÷äeÙÉ¤Àd–4®*×M‰¼g¶{«½#ûÎˆŠt”œ¢øÀÙžQæ²Ú5ç7+`®ÂÊõ¹¢$Ðd< ½cåšeŽTg×²šªÈ‘ÖM6uSçÏòšø®#~‘¾PÂkÒ‘.§âN—0µ³¬.ÃSQîšrÀEÔ«Ä"Jöæ,ÙÆåïÖ^
ÙÕ±ãO'{«ßyý?ß$TYUQIÊÌrËqzíõƒ›7ßÁÆ‰h,ÇÃwœì\é¸ZXº-\à™Ü© ´¬Ôår;?ÎdrúrZ<Ïóü…¼i47¿m³Óår»ÝƒCC’$‘Õf-È/0ÌeM+ÞRØ°aÕºº¯Ë¨Ÿl^–Â?ÀÉcÇwî?Ù¾0?ˆ×Í0f4™‰ˆ”DR$¢˜8FD$¸Ëó.é† L.™…ùŽ‹‚Œàpê‰ˆ”XäÊ°ŽÒi?[mÚ?ÀñèùÐÌ3t–3š?DD‘ø¬W$€[
3ón^ñS¯ÆÛ_Jö!"9ÔËgWL}—Ï®Ð&%û?ÄÛ_Ò<?}ã³‹ÆL—ŸAd2cÑ…=PUUUY’T-$°¤òKIWv¦ÊŠbB2ëLr,ÁÞÀ?#?…=hok_¿ÁÅ0ŒÅbñù‡eI‡Ã7n„O¸’$±,;u/žç‹‹‹ßzë-"õ¬Ý^VVFDn·;?Ñ¬æ?Çf—§Üå)'"YŒDÆÇB??¾ÑQ‘”øØÉ#ít[mÁ…uVUELF"‰É‰yQíï^e"!'""‡Årµr‹ù’ß©
wå*{f˜MÓgÎ_9-”+²?ŒF'kŒ’ÚQ¾Ò´B€Å¦¿?ˆœŽËN°ÐjFF‚W˜€t£¨ªÊ°Œ—Edôº¼‚‚ûïÛ&ª’?·H¢<x°eèàqyƒ`¹b%ÆMháâÁÄÄD(r8z½~ùòú–––d2ÙÒÒRUUe8¿Ë°—®vêv»m6[4Òâ?Ýañû®½+œ`¶:ÍV§Ç«FúZ÷wF%ÒÑ,(wÉáþÎÝ£‘ÙDAžKól³ÄHGkwßØÕæL¥24Ó÷”S÷>ãì…Òð)!»zòˆ4|Š³N[Ëè2?_#mÙ"§Ó~¹´Å‹úç;Hªzì•]†àxÝ;nŸˆ%32ìª,?ŒŽØŒn1CqÏêåUÉäÁ^½ýÁw³³]2çæ°pñ ///:"*((`fdd„ˆº:»<ž\»ÃAD¼0s***†‡‡µJ‚ ‚`4Þ?YõŒ¹ ¨d µ3FJ8'b‡O<VˆŒŽœ¯ÓaÖ§:ìÞÙ6:ýjåºÆÎ®—:ÞÑÔÙ“ âŒy%¹yŽÌóë©ÆúŽµwN¤³k°¨1,]mVŒ®pu¬ù©Øñ§µ)FÒð)9<l¬`V?_“X,Ö×7àt:®°/²Ñht:?‘`,›Çí“‰8…LQ¥fÕšD[Ï?<fÉusªÚÔÔtÿ>]ÖŒƒÏ¿\½þöÜšêY4v“Y¸x088¨1SZZJDùùù¾sÃÃ~1ÔÛ×+Ër¦Íætº
½…zýôGA¢‚‚‡ÃÁ0L4›ÝÂE³ÆK‰á?°BDÆÜ•õ…S÷QN^´I³Ñ˜A4A#§í†öbÆü}"¢ÜÊºê¬©1=’ˆ¦«Op3`Y’¯ÔÄ8+Œõ${':ßÐŒõ0,/µ¹µWiüšknÑ~h>Þrå3cÑØ|oŸÌòlÕ¶;i4¶÷õãîåeŒ¤ª’RXX¨ªj4?[¾û›ÿþïòç_\bC†}ÃŠJÃ>_NNŽÙl&¢U«Nž<¹ï­}Ú¤z pº³3/?oÆËÏk+Ÿj/ñøŒ§]j¬ëx?¾¨zÚnbçI¡¡>­ÌØ–¡›¬0N(bÀ™òÒèÊÖwL$Hô÷ù¼¶¬‹×îRjU›SÄëßo,x“?à
žè²;£‰ÃíñŽ¦åïælyÓÖ)‡Zâ?»T9y¥ùEÌµ<^ŽŒGF‚ç˜í%ó7ÅH&•3ðä“ŒÀªñDñ£Zm6•T1‘dxþ§Ï<çÊ.°ð†Y4v“Y¸x°¼n¹6§³««~ùrí`eeeEEE__ŸßïW•ˆ.: "Žãê—×©™™©Í’3í³û× ?ôõÇ†•öánc®×íq:¬Ï3¤ÊR"6êë?yfLÛ½ ²ÀJDfÑ8Qpx šåM•«‘¾Sí¡‹Z5{
òz;Dj?Á³U•©-ŠÕäøÐÉÖQWCõ¼oåGDFs&GI)±8SáG9Ùê¿ÒFˆ¬@tÙõä±ACùmËdm?¢Éz!·V•“òh?]!\Ó–ÉN§ãžíw_Ã…ó„UIaHGc6ûHUHeÆÆÇbñ(ÏñFŽ“e•]‚«Ñ‚Æƒ¤(jeÇ²,555åææz<måÂÂÂÂÂBEQÂá°ªÎ0¡ßçóÉ²Ä0ŒE‘•Ùý…°9yÆá¾˜"Ç†º{‡º{g:Gï]Q‘£#"rdõ?*±Ž‡{2­Y&y4'Ù‚üÌ¾þ)µ¼³¼nlü˜?¬$úNëcY£ž“¢¶ƒqÔó˜g¸ÏfÈ-Íjê—Ä¡ÎÝ?>‡Û"DÇã¢lqè}ãóß¸yqÉ3£h(ß2õ¥¾h=]þª+eîÚ÷K¾ÔäøÀÂ,U4•öÔª×ëEYá9^Ud1):Îx<n4úúÎqœ ªq•f÷Xúû¦–òž9s&;;»¤¤$//•MY–eFÛÜ`š¶¶6I’<ÇqÚ£ø,7Ìcô®²å[
'ÎôžŒ„“M»a½#/¯<ßmžü—lð¬Y«×–JŒŽö?qFo}E9ÓÛ×QÃ¼­díZGOWwç°¨(J,¦+sK‹ÊsŒtIó<`ËV¬5vžè?ˆ‰À`‚ˆŒYöÑæÀÜnb¬þrñà’3ç²2{Ã¶d¾µÿ?Ñd4?##Á-oÛ8¯µÈ3ÒëŠ(åäØUŽIHI?ç?.‹dgåvžVdé’7—æÑG]˜;íyó?KWúQÅ`0Z¬–¼¼|›Í?F†™öwßÒÒ‰¨¦¦ÆétQoo¯^'dçäÎ¹ªz!~°<Ï]þ¯T‘%Y!byájÿ%&Û¼rƒóHUDI!"Nà—Z|€y#ÇIž¾GíuátÄÝÈ¹ø§»:::‰¨  ¯~ùë¡o<E%öÕ»û‡ƒ¦Hè¹_?ˆú‡voN"!vŸí?t°#8:ü¥/}‰]raáFˆagøøXV”Ä`08(ªÊ³¦qÍÔ÷C¡Ðèè(Ë²&£QËªªööôV”—]S^˜Ý˜Ëñ³ÌÊ³os¾0¬  ÀÜpRä«®p:[wc³•/+-È÷,ü ?†!Ú²ùÎ~ýëÌœ,%.s‚‰G¬Š”HÄ’˜©çþÔ'TY¥W¿¹™-\<œ©¬`ºÉo÷“ÉäàààÁˆa8Ž{ûÛß~¾?¡Á¡Á‚ü…¨þXÊx#‰‘·H›#†øyyˆOW6 bˆT’¥Æµk_ëðš˜Ž7%‚Q ÞÌ¢ÖlNï×…Tn?Ö¬\8Ü®,EUbTšºüç…´·’Éäøø¸¢(m­mñDÜíÎâ8nùòå6›MgÎœq¹\éû·°T0,&£×—L×¼ÚbÅ©ÏŸôËzû3¯ìÜrÇJVaûN?u8²ŸÙ±?çˆ7˜Ø%W—¼ ñ ¿ ?aX•ˆTbRUÒŠ9.ä•ˆ(C1Ù9Ù*‘Àñ…“ûMôõõegg‘É„xpÝŽ3I±kœeÄpÄ—\6Ð0ÄÐª5+ºžÞ)ìï_+`Y–3dðÖH8 È*Ëž¢]B.47ŸS0µX¬7nÔét“Ù`ïÞ½çÎ?ÓÑ74dX3ç­³·†%Á|-•Ê7ºy1R“,£(¼ êõ’Áª7èIg¶˜õjr‚ç8æú§e->Xš<ãŽ—Ø´i“Õje†çyfJÛµkW pa½NõL’€ó8±:R³Zð”ˆÕ/ÑAƒ‹ð¼A`™”p|âÞíw½úêk™V§,©,³äFÎ[ÈÉEW*effòüE½J$ÍÍÍƒ!??ò`†y6¸•0,qFâŒ¤ˆ¤J¤(¤*çëFbXbYbøkÛù&%p¬¬Æ?Q•üÂ¼Ò²2_0¦ãI–%•T†!Biò5Såª§I’Äó¼,ËáðD,ðûý—Æ³dò†.Ó“X?H ¹ì‡¶T)
éõ‚(ICƒ®¬¬4ÚÖ=1¾;à¦ËÂÅƒ­[·ÎþdŽã23m™™¶\ÏÜ÷>¸´ï¨yžUI!Rs=ÙŽ´²,§-ª¹$-ýc×FUUžgYŽå8VUd“Qo6T†Ün÷R›TtÞ–&ÜTX–q:í¢D=g,Ë(²b4ÙnoEYáÒ«:Ð0?>úhºû‹&@
â¤ @
â¤ @
â¤ @
â¤ @
â¤ @
?8Jw`Qà=Ùöt÷`¡‡ÜN[º{°è`r¤ @
â¤ @
â¤ @
â¤ @
â¤ @
â¤ @
â¤ @
â¤ @
â¤ @
â¤ @
â¤,®x‰Æý?Pº{p‹âÓÝ"" ÔÒÞ½yCCk{×ÙžA"2›?E…žšª’twà’þxÐÚÞÝÚÞUSUª½t»µU%>¨µ½‹ˆ?LšãÁÎ7›üþàæ?«Ý.»vÄl2¸]v·Ë^äõìzóp$kl¨™EK¾#O5?7Ü¹É«›z4Þ{èùÃº?ÔgÍâòÎÉW¼?UP¼¢Ö›)Ìå—ñ5?±‡6M»WôÌŽ—†¼ÛÖ•™æÒÔ,ÍkãpëIg<ˆDãÓ²ÁTf“¡±¡fç‡³\ö"¯g6úZÚ}yõY“¿“<Õ:ªÐÕ¢ÁyeëïZ•E¤Hb$Ðv¸õ•×F7½½>kNàf–ÎÒäÖö.³Ù8c6Ðhc­'»gÙ @¡#?c“/#Ý'»íé^Q’IQ¹p¦"&EI™©"–,9õ›VV?ïÈÙpê ªˆáàÐPp|êURxdèœo,¦¨S¯Wâc?!ÿXü¢ƒ¤D‚Cþ±øÅ÷Tc¾¡ÀhbêQE‰^|P•Ä¤Dªø"
‘šõŸK³üXf)m£‘hülÏàU'{=Z±òlxkK#ÍÝý¥+ó"Éwê$ÕUÚ?4:µog¢ò?Õ9,Iç¾pÒ¸~S½óòm1Žâbý©¡@|™Å9³cGwÜîÈÍ?†ŽÛ6¬Ë×‰¾æ÷G²¼V.ÚñF,oëÛJ­DD‘¶}{dÁ¦ú†”¼-Ûª?DDRÏ‘=?œ%Sìé+6¬«s°¤Fz:8¢Ë÷£‡ŽÊÞú­õY‚â;òâ‰~“5×Á‡Ë¶W;ÈßúôžˆÓ?Ù•k²èÜ®?¡LW¾ÐqHÔËsøÈ®"Íµn·cÚ t°©uòe$×^a?ácA}yÏ®SÁüZÇxgG¿·ú>Kß""ry2^íé©Ë)ÖS| §×ìÙv…l@DDœÀ“B2™½›ï)fY"¢¸ãÀ³Ýñü_·Ï\³nm©™ˆÖ\(HÚ+6Õ;‰¤?ýÏ¶õª?f"JPÎºmef"m{ã•¶¾eë½º¡Žƒ#ö;¶Öç
Dµû_hk+Èªwd­xÇæUÚ?òÛžÞ3è«vd%­wnÉæ‰’½û:Cyu÷4äDâÀÑg±9|ÜW”þ•‹¦Êº$˜M³×c2gÙ‚µ´8ë…“?ùÞ@‡yÕ;êK½a)ªÈê9Õ.^¦êÏZ¶Òzµ¦â±$±ÄQl´§·/#¢¨H
ÉÄ;s¬?7½9ž•ëÎÊõ8ÌŒv‘=WK¼ #¢Tl0{=fí§L—?NŽŽ“—ü%§.W›ú$dºlbO(B³<áëîŒKDR„dÃù¾ØóSã?å¯ÍI]gÏ´âÜ0iŽÑhÌlš|¦"¯g–UÈ—%äÕÕö¼¸»-£zíÚ‹ªŠuÞWÓÑ¾‘lþÔXÞš;t—o‚ˆˆÔ@?h-wˆÄþ£/6³?kÊô$Ÿkíì&"2Ýöù±ÑP0ÐÛöâ‰Ì?wÕ^¾Z'ËT"Ž#"Ž()+ç‹?d…ˆaiôä‹¯‹7­¬Ëàh¢Û×“˜l‚KÅ–ã)))‹mÍ+S IDAT?;XÒö”i6Ìf£Ï•=’[Û»w¾Ù4·–KjŠÊÖ[¦g=euú?½{©¼ÀÉÌpa2™“I1™ŒŒ4ïj>Åf­*²‘œ”³Õ™¡tlÈŸ*}ŽŒEÎ˜éÎ+[^ì‰EÆÅ+ô(qºûœ¨©±3Ý>6Ïå"rz²ƒý§Ã
‰#=gFÍÞ#‰R’3»ìFA§Kƒã34åÈ/ú»ÎŒ«D$?tŒÌé£¸¢tŽ¤Ö-uÛ/WWà„ZÛ»6o\=·v[q½m¦7,ÞeÖæ&ª+œž4½w÷«7f×l¯ÊÑ¦
J«zš_|aÀÈó%y6
QlüìÉý½1?A?ã¢¡²~?‘(<c«Ddöš‡_y¡5))²µ`³Ví¨Þ²²i×ë;N0¬BBñmkÊLDÆâÆÜ¦½Ïí2êy{?eÆâgemÅžæ—ž>Ëê?×–I‘¹}8—Ç<úè£i¼}k{÷ÙÞÁÆ†šK‚?ÚùÆášªÒ¸qòÈ‰]Ö/š+E!ö’ëf<x¹ëv¦.9ª*
±ìLã×t_˜ÁàpÈíœ1CÜÒÒ\{PSU‰Æv¾qØívÔV•h%È~ðLï?ßt»70P¢¯­›–m¸¦l@4óãøžÑgÈ3efÑ(²Ìƒ4?h´ÅL#‘‹ðy=Å^Ï¬3?=E%t‹k±&HŒÌhQ<+»]öíw¯×¶8ÐL]Îè†aµÕF¯ºººÕ«Wçååñü¢ø{˜W’$õ÷÷8xèøñéî¤,¢ÇÐy‰7?­[·®[·.Ý½X8<Ïåy</¾ôrº»”Î…Maªºº:d¸e­_ÇòåuéîâÁb±zõoXZnk\“î.!,
ªªæåå¥»é”ŸŸ¯ªjº{ˆ‹ƒZd¸Åñ<Otå?Ÿ`!à©4ÍT9€´ç""b„„tÂèAúá¿ŠÄHA<€ÄHA<€ÄHA<€ÄHA<€”E´kòÙžÁƒM­n·£±¡Æl2¤»;·œEÎöÑÁ¦Ö"¯Çlj-.Ì5›?n—=Ý]¸…¤?ì|³)?E"1"òB‘H,‰iG6o\=ë„à;òTsçä+ŽµzÊ7¬.0Ïfkîè™/uÚ×ßµ*k¶}VÄ¤ÌéÌÌ¸qü#cDÄ0³y€[ Çq‚Àéõ‚À§ÿÉy¤ÿ—ôûƒ›7®>ØÔªí Ûew»ìgzç4€P6ùˆŸžx«iG»õ¾jÛÕ/ÓeÕÝnÔÍâÄó"Ý{÷õ¬ÛRjžý5pen§m±Å"bH•d%K$1ÃlLwwæ]úã?fûÝë§9ØÔzíÍé%æö¾`¤Ê¢N`ibtXÉÈµéˆHIŒ‚¢ÎáÈÔ³DD¼ÑåÔ“pþZUâœÍe5²“ÿ8¥ðˆ?B.§…U’Q!YJˆI?xŒ!,e*1ÇY-¦DB?Ø¬KüâÅn¸x4If?1Ö³ó¥>r)¡Öè­Þn5ö8tpD—ïF•½õ[ë³
{¾Óºm]™‰(rf×®>Îã0KÝ{ƒÖ;ÞV›%H#-ûwv%ì—n¬5ä**òtÅHîly¥‡ìkÖy—~ˆ¸Å©*ét14‰-í1„%|]-G†ˆˆäh°ÇÇV¬Ëe©‡(AžuPf&"eðèÁû[ës¢Ú?ý/´µdÕ;&Ÿz«Ó°bóÚ<žˆJÚÞØ6¼-gèP[w÷–
3‘(*ÂŠÓ®}=‹jrQ<žˆÅâÚÏ&A®vÅ­¢à\oß UV”:ìs˜C0?^'Äã¢(IK¸a)þb¼9»(gÙ*G¦ž¥(ósSÏñ@É©ËÕžœ…L—MìEh2Äýã?;y$@DDQvÜ‹ûCã™Ùùçƒ€°Èæ©ªÚv²ó?ÿúxK‡¢(ÚAžçîX»êãyoA~Nº;xu¿ýÝËßý¯Ÿ]z<Ï“ýþ÷Þ{÷Û7ð<w=í8Ô¬µÿOÿ—?«—_OSp‹SU2›±xñàæ?UZ;ÓêC,w¾„€ãJÊÊùÝàd…ˆ™ò¸Ïñ:â]Ååe©u,Oƒ=KÄ‰ÑHÁy’$?ñÔÿóãßLƒÉã»÷:ÙÑýÏßúra~î<Ý=žHþÛüï‰ÖŽM?öáoxûƒÃÿø?vŸéûôÇ¾Î„p5Ÿ8ùOÿú#K†éËöIo¡'ÝÝ€…Æq¬(ÊéîÅ<ZRñàªœž,Ã›ý§Ã¹Vé93j.Ë1…Soë²½9'?õËês†(M82³sr?vu•9su¤ÆFÃ\¦ÕlÍ¤PpT,5*Qújë÷ì;¬eƒ‚üÜÏ~òý«WÖ‚ ŠâéÎžÿ~üWV‹%'Ë5?·WÕ`h¬¯h||âú³Y-ÿò_)+)Ô^†'"ßÿá¯žqçK¯½¹uËúŠòâknyû¶Mo»s­6çêúû™H$ûú‡lV‹(I×ßÀMêð‘žÜ,OnöÔ#ƒCÃ÷m{Zûµ@dñ`ÉpToYÙ´ëõ'V!¡ø¶5e=1ê
×¬{«ù™§[9½"“yYãêLwÁÚõ‘?{w?!q¬³rõf«.kY™kGÛÓOµ‘·î¡†ôLàÿêÉEñäfÿó7ÿ2'Û­¡ºªìÛßúJ8<¡ÓÝ¬–ó#xÿ‘c­ƒC¾“]×½Á ¿¡½¸Õ}ão¿384üüÓ?káð‘ŸøÌ—=¹Ù·H<PÓÝ?y•þxàv;|þÐäŽ“"Ñxqáì'Æd­zà®›Š·<pÑ“¥¹°a{!)ŠÂ²ç§IbròmÁU·qK?ª(ê…÷gåÖû*IQhò?¹xÓ}ÅYpg{ºÎôÑ½ïÜ4™&ñ<g·Û¦Nzÿ{ï-òæýÏ?Ÿh>qò3ø=ïº›ˆ:»{ðø¯›?·'E©´¤àÃx`Ým«X–ÑªNwõ<ýì«›Ž!žç–•=òþwÝÞ¸‚a˜þä7»Þ<à÷‰èµ]oin#¢ÉYFãá‰_üú¹—_}34:îrÚï}çæ‡ÞóN“Ñ0§_P§xž×æJÑò›]oÜ´¡ñwoüÁãOì?pôî·oøâ>BD?‘Ð/Ÿxþõ]o…FÇÍfScCÝ}èÁÉº‹K§©ªÚt´õ'?ªýTÕ×UþÑ‡þ º²lr•eEQ÷8òóÿ{öt×YEQós|à•å%ßþî?|? 6¸ñW?þ‹N'`–Üš~ðŸßúÄg¾rÏ»?úüÓ?ù´lð?¯ÿiºû7@úãAmUIK{÷¥Ç³\ö"ï|=uM>û?÷¶´u÷»Jê¦#0,{é”¡K“@ú²uvõ$“¢N'ÔT-»Òyç§5mýáO~??¬¾ðòîïþçO“¢äv9t:¾¯oèëóoûðƒ?tÃ0­í?öåoÅ©è$Irû©®¯ÿÍ¿þõW>wçú5ãã}ýç´·"‘h$%"m–Ñ™³ý_ÿÛëë²gZòs'&"?þÙSÇ[:ûÚç-s¨à:ç†F‰Èé´k?÷õ?ìè>p¨¹£óì…Ï¡»÷¯ýö°od²3;ß8p°éÄ×¿ü™ÛW\:H’äŸþòéŸýß³,Ëd¹]Z~øâ—¾õ¥?û„6I’äÿ~üWO>ýòdEÇÙÞ?o÷ñOüá?AßØx˜ˆEö´9Q˜e· OnödBÐ^~ãëºzU]ºû7@úã?Ûeß¼¡!]w×Ù\ÞÚ‚.ÛÜ¾Ù^"Ñ³yVSê_}}ïŠå•_ûÒ§‹
ó22L}çþ÷O+ªúØW?¿áŽÕÃøÁ/ÿõ·ùÄs«WÖV”{ó¶¿cómkêWÕW‚?LŠÿþß?æù/¼¼û¶ÕË¿ø…?|æ?ú÷ßÛðØýÛ·hßâQ2)þô—¿ëëºÿž-Ÿûät:A’äÿúŸ_>ù»—Ÿ{áõ‡º÷rÝSI‡'B¡1m4 ídçO~þôÄD´ ?§ª¢tò´CM'JŠþî¯ÿ¤ºªÌl2Æã‰ÿùñÃ¾‘â¢üo|õóE…yccáÿ÷íì;pô‡?~bY‰×uÉ®Û-m¿~òK†ùþîÏµ–Owžýò_ûñŸ>YSµ,;ËyèÈ‰ß=÷½÷=ïüð0Ã¾‘ß¿´kë–u=°íàáãñÕœV)pòäfâcão¿CDŸøØÃÈKFúãAzl9óµ²Ï<›ë|úò²¢Ç¾ö…L›U{yèðñaßÈÚÆ?«—k“jÜ.Ç?ë×üèŸlië¨(/6›M_øô'/×é„Ûo[ùÌó;‡|±Xürwïíj:Új³ZîÛ¾E«|àynËæu/¼¼»ùÄ©îÛz¹ÇÇ'þä/¿9í Íjù“Ï~8;Ë9yÄå´?öÕÏ¤†•ÚNv?q’eÙ?zäŠ
óˆÈf³üÑ‡lmïììîmi?½iCãÔUUÝùÆ?x"¹mëÆÊòí`IqAÃÊšW_ßw¶wÀåÌÜ¹{2)ÖÕT|àïÓ&Deg9?úÈ{æôi,y‡?œøÆß~G«=øÆß~gõªº©•ÊpóºÕãÁÍK¯ˆ(?k{®ªª¢t2QOï ?híøØg¿6ypb"2ù¡=o5?ìè>ÙÑ-Ir,¿ê]‚ÁÑ±ñ0Ïs_ÿ›ã¸Ôä«dRŒ'’WÎ,Ëº]ŽÉDQY^RSU¶iãmÓæ#••z³ÜÒÂÄD$‹Û¬–ÜÜ+Ú:í6›Í26ÖvC›*‘HžÑî76m½ÐíÐ˜¢(ýýCõµcãDTR”oµdÌd²ù_ÿSOnÖdÂ€xp³*òæëtB2)mn[^[1YV;'n—cõÊši++JˆèÀáãý7ÿO$í™ÖªÊ2OŽûÜp`O i6ÍúU+ªzÝÔƒVk†îâ#SY2Ìß|ì‹7vºÎä6Ò—*ÈÏ-/+šv°È›ï°„iã“õ“uGöÿ>Ý]ƒë…xp³*+õÖV/;r¬í¹vÞ±vÕ²‹vã‰¤Ï˜œ„s)³ÙHD9Ù®?ä¡K¿ÑEñ…—wÇÉ·o^÷•?ÿ¤¶+Ù®7îykJ<`­Â;žHÈ²Ìqéõ:?NàXîÝ÷ÝµSóµÛÅâñpøÂÞ‘h,O‘·0oÚùÇj¿lIqÁç>õ?K3•(ŠÚ}C‘hÌl2^ÒÇ²¬(ŠÉ¤8o¿Àb§LŽh•ÊƒC¾4wn„t®½×Ãl2¾ïÁ{z]`$ôg_ù‡'Ÿ~90’$9Û±ë­?ökÿóãß\áö¶5õ½îÈ±Ö7÷VÕÔê½ñDrÏ[MZÑó4ñxbç¦1èu9Ù.":Ñzzèœ_;XT˜WZ\86þíï^ž\õHQÔ­—Nõ¹~Úí’Iñ‰§^Òº-IòÓÏ¾êó?¸œöêÊÒiç‚°vM=Ë²;wh>qròxx"òÆžC²,‚°þöU,Ë;~òÅ—ßPUkóÀáãZû‡Íf³DcñCM'´wnA—Vxr³Q?¼4`ôà&ÖØP÷…Ï<òÝÿüéØxø{ßÿÙ÷¾ÿ³©ïªª?N­7˜ª®¦ü]÷ÝõÄo_ü»ø¯ïÿèWFƒ?HõûƒŠªþãßýÅÊúêµkêßØsèõÝûÇÆÃÞOk{ç¹aÿ´Fî\¿æ…—vè_r:ìåeÞ¯}ù³}ä=ßøæ¿¿ðòîÝ{9ì6­B 4:þ¾·ê?Þwm“ .Çf³<òþw=ö÷ßÛ·ÿÈƒøc‡Ý‹Ç?Ë²¿÷Þ‚üÊÎ7o¼mÿÁc»Þ<ø§_ú–Ví ËŠÏÈ´Y‹¼y…žukW­m\±oÿ‘ï}ÿgÿ÷äóFƒ!EQûXòr³W.¯z}÷þÇúäÓÏ¾Bóõ/}¦á’Z7)ŒÜÄ†Ù¾mÓÿó›w®_£ÍÿÑ˜Í¦÷=¸ý{ÿüõK·K›ÄqÜ'?ú¾Ç¾úùì,W êëêë?§ÓëÞÿÞ{+ÊKˆè®·ÝñùOÐh4j:ñäï^6™ŒŸøè{§5R_WùÇŸý?Ùl’$yØ8Û;8Ž4®^þßßý›†•5±X¼¯¨¯(<¹sýš{¶m¾±Ù@³î¶•ßþ_)/+ŠD¢}ýC?@(;ËõØW?ÿî{ïšñvƒþ«ùé?þì‡22LÃ¾@_ÿÐàÐ°ÓaÿÈß£}\f“ñÑ¿úÜÞwŸA¯Ó>™D"±eÓíZØÐé„Ï}ê+k‰(4:
?uu÷Þð_
 ]˜G}4Ý}¸¥i{{ì±ëlGQÔpxBQ?^wéŒù+‹DcÉD’ã9K†yÚ#µ$É‘Ë²—¾5íÖ*©fóÔ”"ŠâÄD”a™iÇçI<žˆÅâ—þ—Û©@UÕðDD–äË}b—û½¦Þî>m¸œ¿úê×µ/@ÓÝ‘«ð?Œ¹?¶t÷b¾`rÑÁ²ŒÍf¹¶kÍ&ãåžqyž»Üô¤«ÞZ»}áþçúKk¬C¡±_yƒˆì™VÇÅ?aæÊK—^ù#?ñv7;ÄX²þå»?~æ÷;´Mî»g‹=ó*9`É²Z3Š‹ò—×VÜóŽÍËJ½‹¤ í`ÉúØ‡üØ‡Lw/n&X¹R ñR e±”&G¢ñÖö. DDE…žšª’t÷à–³(âA$ÿýKoN¾<Û;˜å¶»]öklNJŠ*/˜›EüþàÔ—‘H¬¥½{ó††¹¶nÛ{x`$ADD¼¾°¦¾¡Ô&øšŸØC›¨Ï"ò{u×hÙöMÅæ¹4«ˆI™Ó!nÀ’·(âA$ŸvÄl2Ìµ‘xï¡çGò×nÎ³°¤ÄÇ‡ÚZ‡ÆKlÎ)çd•7lˆè?sì]÷Þ}=ë¶”Î)SÜ|ÅWâYîéóˆÌ¦9>ÃSðÔ‰ÑŒê•kó-,CÄ°[Þªu•Îiûäê2\vãäï¬$Æ|CÁqII½–’¢¤?šõŸó?%µS”dBTH–b2)*°„-ŠÑ·Ë^SUÚÚÞ•zévÌ¹49:Hè½Û•ÏòµìÞEõ­È"’|Íûö-^9~T^¶vS‰Ù×²{×¨57!YÂHï¹´á¾Z¥uW[gŒäÎ–WzÈ^±f?w®¹à¦±(âÕT•y=~Ðl6^KQ²$ŠÄ³þm”Áoøs¶n)·2DÕû^èè/\©#¢ˆ¥ú?ÕN†”¬£OôÕÖÖmm0îÚ×SÐ€ÉE°ä-Šx ÕhÊ‘HLO˜[¼ ?$J³==à(ªÔy¼…ˆˆÄ‹'IGDy.m>+°$ËsýEnjé?þ@hç‡§4›?sÛýÀdsé;{Çª¬W™_¤á8?2sª«²9íuË˜[Ç–š4—&Ï˜´1„Öö®³=ƒ³nÉQ½&+Ùvt_W0®©Rd¬çÐÎ¶•Èœ‘Iá‘ñ‹Îvz²ƒƒ=^Ðé?OND’ÌåZ6[3)‰H?ã¯pSIóèÁ™+€Ö“ÝE^Ï,›²ê·ÞÑ¶÷pÓ³ÍDç÷=°2DæœJOßþ×^=QR¿iòlGõ–•GßÜ¹ãÇR‚2
ÊÖe^vØ!kY™kGÛÓOµ‘·î¡†œÙÿv7—4Ç t…w#‘X$Ÿý†ìê-Û«I•D•Ÿ²‹™¹pí¦BE!–%ºë¡GWn+$’$âS‚uÅ…w)«þ¡&O-Þt_1¥ZX²ÒŠ
=¾+&„kØ?^¸t¦ÐåžìùYÈ°Ô¥9ÔT•Ô¤·p¾€ÄHIÿ¾@D‡›»ÓÝÄƒÅauý¬7€X¢žz"Ý=L.€I=€Å"’ ?v,JŠ2·Y–l&Êw)fý|õí?x‹B$A­½lž“
\sÞqJQ(8A­½lM!ÂuÁä"X¬ÇA.ëµìFË²ä²’ÇAý<ß^||°(ŒÅÈ‘q¹7YŒøÎ…Ç¤+Í:rdÐXt~:wËÀä"Xårã±Óo?¼îcFŽÜîØê5ÍxËÎ¹h¦A<€EÎè©ËüdF??øÑÙè^“9Ý}Zª0¹;s†6ëHI$ÉœÁÒÝŸ%ñn²?°£?½³ÒÊ¥»'KâÜä ïÙÝbÉ?ÎJ3ž`ç>\Xô"?—_=wºosëÒÝ•%¥É°Ø?ŽŸ”ˆvøö±ï¼ßSiLwŸ–¨Å"ÑøÙžA_ ?ÆˆÈí²×T•šM(;Ê]‘ÿÅéîÄ­aQÄƒÖöîÖö®©G"‘˜?**ôÔT•¤¯_°p´]¸ë¨;¾üÎ0[é?Ó²A‘×s¶gPK­í]f“¡Èë¹Z¾#O5w^zØQ¶½zü÷{"«¶­+›yëX,lF
N?Ûví-'È†§¾ë“æxà„¦f·ÛÑØP£ÅMëÉn·ÛqµYFY«¸kùŽ½zÂ²nKéù?2ÔØ–Û#†%ZÁ?&†cáH2™L.ð­¿é¤%²?o
‹œ7£tµcýûK>Skk¸†Ëó\Jk/Ë0äÈ˜ó €¢Pp‚ƒTS¸d¶MVEÕ1v×4Çƒ3S’ÀŒ"‘ØÙžÁë˜b$X?™ODŠ’TH`“ãÁ?lÌ¶›YF‰?C²>Ûna'?p)<âOpG¦~±?K…#‰³=Ã‚Žwdš22œ|÷–³û;î—ø¦°È=7ðË—~û§‡Þÿ÷+ÿ»Ñyç\/7ë©¦Páƒ¤Ìñ!ŸeÉf¢šBÅ¬Ÿëm#UUeYV‰X†a†˜Š²,§ôàªçø¡šk¿AëÓ{hÓõY8öüÉPKz3ù{-y†€?±?/°×RöŽ?Åf¢H÷?WN³ù9Fùdóˆ£nk}–pÍ÷?gÑXâLï0¯ãr²íéî@Ê½yß›÷ð§ößÿÕcŸüÎê_\Ã‚YOyKæëÿk¤ªŠ,+DŒÀ±§¥ƒŠ‰dº÷=ˆDbS_jËÕT•ÎÏÝÆ¢µ[Ö¬Ü²©Äˆä­;ÿ³o(Fîxó„nÍÛÖ¬©¯]»iuápGwx~zq#ûÇtïÉv¤»#Ó}í3å–š_tÿgº;rSRUU–†au:N8–e,hÒÜî‹p#‘Øï_ÞSäõlß¶aòà?[ÞÔè´óDDË‘Ùuág™TŠûCã|r¨­åHsË‘ã}£Lìâä²¸„#ñ3V}€Ej[Þ{?ìIw/nFª,ËDŒ °\šÖ`Jóä¢,—ÝïN=‰Äv½yØí²O=çÝ?å.½8ž%½¥¤ªÄª½®*çíÔ"¢dRÊÈÀ^ °HÝ›÷ðŸ~$Ý½¸ù(Šª\Ú²AúGf\´T+GÖ~6›?³XØô²sr#çzB$èt‚Ž—'&ñà,Aªª²Ãqé|DOóè?Ùdhl¨9ØÔz¹®½,ynôk×GÞØ¿û™T…ìyw¬u˜—èŠ¨°iñ`ak¦Kÿ¶hÚà@ëÉîieÊf³±±¡Æ=Ç™EY+îÚrÑëú‡Hý´ê?¬ÔASñ–Š/ýYpVnÙ^IŠ¤0<›Ö¿¸%1Ä¤9¤?hÁívøýA_ ‰ÆµbƒëØëàú°übßò`~,Šx Í22{=Sf3Z,ñ–6UU‰¤¬(DdÐë8ŽSU5‹k[„ëúÉò|Q”’¢¨?3y¡ ðŠ¢&EQ;Gà9?N7y²NXŽMÄêùÛM¶©ªª(Š‚ hƒtÉd’ã8­eYQ$IÒëtÚ]’I‘ø©Ý`Y†ˆâ‰¤v„cY½^—æÉ€óñ‚$ÉÏ>ÿêÀà9½^žˆlÝ²aÙ²âŸÿò©D2Éó|<¿ÿÞ»‹‹ÞÚß´÷­¦ŒS<¿kË†ºÚJíÂ5«ëG‚¡]»÷›LF"ª­)¿cÝš·ö7½¹÷ Õj™˜ˆÞ¾¶¡«ël$Œ„ìv«Õb¹ïž»œŽLI’÷ì+¥¥ÞU+j†y}×[å%ÅEDtèpsk[Ç>tŸÉd”$ù™ç^©¬([^WIDñxâÉ§_¸ãöÕDô«ß<k³Z‰¨È›¿õíxÿe`)Ã³,œwÝwwqQÁ°/°ãõ=……yF£á?w½#Ëíììê9ÑzRøŽÓg>ý‰X-ç†ýÏýþµ¼¼\«%còòMw®]½j¹ösÿÀ¹ŽÓg>û©Y-’$)ŠºñŽ5‘hìÉ§~ÿŽ»7g¹?SïûÊko8ì™Z*ÐD£±ÁÁáÜœaòTi IDAT¬Î®-ÑþƒGŠ‹ò-–ŒÎ®³'Ouiñ`e}í¶­w.Ô'?fˆ°p‰D$ö›L&žçE?ÇccáS].‡ÝñäfkyÀé°Û¬–ññðÔxÐÖ~zttœˆV,¯>7ìËÍÍ²d˜‰èÊßèëõºíÛ¶ì?xÔå¼°Ewoÿ Ã‘YWSñÆÞƒ%,ÃêõºÂ‚¼–¶Žúºªî³}ÕUË´3{zû_{}••yóçóãH?ÄX8/¾¼ËbÉ(.*Ø´q-Ïó¢(kn?ÆâFƒþ¶Æ•Ç[ÚURUUeFUUEU§]îv;µ£Ñ0§ûæä¸uzáå×vkU‰dòXs[‘7$8OôôhÍÖT—79±{tIQAÿÀ9íZ›Í¢½k³YnÜ'°HaOX8ïºïî?}ä}[6ß‘™iÕ¾×_{ÛªwÝ»5‹÷öæ{rÎiã~ÿH$u:íªª¨ªª×ëˆÈír”–xKK¼f³)ß“{æLßðp€ˆ&&"cãá+ßzYYq¦Ízèp3?;çŸ˜ˆLLDzû2mÖ¶öÓ’$iý©­©ðB%Å…“fÚlÚMí™¶ùÿ„Ò£·œ—^Ùù?ÿô+êkþò/>›“?5‹+æ—Á _ÓP¨©ù]÷n½mÍŠýä×C‚ ÜwÏ]ñxâ§?ÿm^^ŽÓiÞµ{ÿÁCÍZiò†;7Ü±æñÛ±±q›Ízßö·Û¬WúvŸcÙëC£c²,?Ñ¾qýmåËŠµ‘„ç~ÿš?ÔN++õ–•z§^x´¹¥ûL/J“&ì~ºï§ï.xä6ÊóÒLQTQY–^’dUUyžc&‘†t:áÚd}ôÑyè*Ì–ªªDôØc?ÍéªÃÍÝe%¹s½×K¯ì$¢ü§ÿØ¶uó±ÿÏÞ}ÆÇUŸùN›Þ4#?z—-Û²-wbl ^³$¹Ù$„lê†d78&esI6¹›,¤-!ô„ Ícî¶poêmŠf¤ésæ”ûâYÈ²-É¶F#ý¾¼9sæ”Gc‰ÏùÍ¿ÕÎËËY½zE^®{VmÍp/µàMë‰¥áž™îWÇøÕ±ˆhaöò'–¼qž#'¿À÷iá»ÿþ="ûÓˆûºzr\—¥[?$É,ËèuCý:2žHvzºLFC®ÛÙÑéÅT^®‹øÖVÏó…9Ã- )Jø*t¢øú77tvú:=^":Pw¸Óãíôxµ=?ÿÙÆ$˜h65?¦e"*4•¥» )%ƒ!EQrÉèÅb—ËÎq\°;¬Ó…4ìx€±È?ºÃ}½‰´?@D³jk®]}Õk¯½?îê`¬ÛéßzßþÏjÛ³—ÿdö#é®>BUTEQhàÜ.Ã†Öƒ‰åé'°çÁŸ>”¦Z cìôo½sûJm»ÐTvþnE0šTRS))‘%I–e%)ŠÄ0’,ëh$àŒ¶XãÙ½†Úb?}Ù€ˆÐn0†0Œª’¯«;•’‚=a)%56wò
E,fãÈ.‰xDDwn_¹Ó¿µÐTöÖªS};Ûb?wl¿ºïåKÞÀ„Ec‡Nàs²¡p”a˜l§]%b†ÊÉÎrfÙFvMÄU²,G¢1‹Ù¤­PÖ'‘H¦R’Åbû“Œom±Æûö¶¯‰à¾ýŸm‹5jÛÈcÏsÎ,{–ÃÖSUUãñ„  sŒm]?îG{ö¹ç_EQ§ÓÝûÅ»>yë,Ë9zò—ÿQ[°¬¸¨`ã÷¾ªM£ôË‡ýãÏiçêtº¥KæîîOVO®H÷Ï0nÝ\¼~§«6CQ¡©ôÞêûµöíÝ{§Ü?l0Öˆ)Éãé’d9?7Ûj5±,KD²¬´wøž·ZL#¸&f.‚QGòóÝ[þñäÞ÷ÿþÇßÿì¯{ùè±SÃ´µ{îøÔÍ»·¿¸{û‹wÞ~óïy&Žj§üó?·ìÛ±y÷ö7?ÿ‡)Õ•_þÚý»vH÷Ï0n­+¹ëÞ)÷kÛ›š¿êõª¾l°0{ù½Õ÷§µ:„”’º‚=M-?§Z=¾@J’´Öƒp8‰ÅGvM´À()+-*+-Ò¶KK
'Oªèôø¦×T¯¾ziß1³gÕüã•·BáˆÕjîÛÉqœË•õ™»neYöÙ¿nž>½Úd4ªªêï
¶µu”——ô­—œJI'O5È²\YYj2öÇé…O?nÌËuçç¹Y=—Îg]ñú]þ­;ý[û:e4H#ŽãlV3Ã0--žx<™—ëq·"MšãAcSû?ÉÉqšM†Q)g<›U[SWw¸oÅƒ>?ïêÕ+F¹˜®@°½ÃSZR8`ÿ©ÓMN§#k°‘4Ã\±hÎë[¶ù|?¢Â¼Gþøì?N?RõË‡þ¸î¦k×\÷±®®àlü¯¢Â<ƒA¿ïÁCløFyYÑSzáÑÇŸýØòÅ-msgOÿ?Ÿù”Öèƒ*4•ýdö#W½^Õ²ÁXÆ2ŒËiÏu;Û;|oW,žÈÍqÊŠ2â¦3ìÚ{x(ñ€ˆÖ\»ôBÁ»oSÝ©þ;œUkV”›Ï}ÂD³þÎ[âYú`àþÚ™5×®¾j4+‰Åã¿{ä™Å‹æT”—ôßº¾é?Oüåk÷~¶ï‹ÿô:ÏsŠ¢ìÜ}àÄÉúŸüðÛ‹Ùãñ=øóß.\0ûÐáã.§ã›_ý¼Á W•aèÔéÆW^}û÷ÿßªÊRUUcñ²ÀiA[­ÐTöä’-é®.€ãX»Í¢?/àõbíápÔhÉ’ÉiŽ}ÙÀl6F£çëåóÌ¥¼`Õ•«æ¸/]}ãË¬ÚšYµÓ]%“âïy†ˆÖßñOý'/jk÷üøÁ‡>uëÚùójÏun4‹'’,Ë¨;ÒÕ|ò™ç‰H’äP(‰D+ÊKêšðŸ¿\8Öüyµy¹9'N6””äj?fÓgÿ˜hÖ•ÜÕoÒú?½ŒÃp<§}j4ê‹
ÜF£¾½Ã'É
ÿÑY"‡.ýcÊJÌ­iljßµ÷°Ö•¨ÿ»±XüüÉá|T)•R8A×Ûá\‘RqO’(s:?¢]ž8çt:ôý¾Q–Â]¾ä™?ª”J‘ c=? (deÛö]W’=þ@œ³d»¬~†ª’‚²>7ËŠ.îƒ’eùÑÇŸõx|÷}ó‹ý›üþÀ?þïkV-_sÝÇÎ5±©ªª;w(-)ÌÉqêõºêêÊÛn¹A;øÎO¯ÓfJ}ü‘_4·´í;pèË_½ÿ»ß¾G¯×…BaI’GñG'09#èt‚;Ç©×Š¢Ë².§]¯ì6‹ÍjÙ5ÓÌ­ykÛÞX,®eƒò’üþïzýÁ¡ÇQSâ‡/X^à)xä½wB¥×--7KÞ}[ê‚“¯¬LžÚþÞqÖÆ‰¬ËžjÝ5Oš{õ4'K­ßùÚI¶(Ï(«ërÎX]ë|‡Ÿ7êÎ“dÁ®x;”Â•×Ns1=½óåSližQ>yø-sÍº¹ylÊ»ïÍƒ~gn6ß÷¾R½ba:6}”,ËOýé…÷Þßû½ï~EU©»;ÄqœÅb
v÷üøÁ‡ÊËŠW®X¬ÍYd0è½ÖÔÐÝÒVExqó–¿lÚü£ïÓd4.˜Wûãòw&U•Ë²ÜØÔj4ü]Ažç++JËJ‹NŸnêìôÕÎœÚ
pèèâEs‰¤¿+P\tá6(€Ììõ„"}/UUUTuÄ3²¤?ìÚ{xÁÜšX,¾kïaŸ/àóF|©æ][›û^TÔÞ:Ëí®??kÛ{oÔ±Õ±­ùµ×Uš‰¢DU²×¬¬434¿ûØæ7O6U.,Ol;¨›ÿñÙE‘Z|ðõƒõaw5‘˜U½¢ÖE$µíxñH“š+§§þD¨b®Ö‘i:©D¤´ÖÕyK\;ÅND©œ½/í¬˜—‡~îý…ÃÑ-o¾{èÈ‰Ûîø²¶çºkV|ï;_ihlyû?Dôìs×öoø÷½ñ†ÕDôÌ³/>óì‹Dd³Z®þØ•?þîgE…yD4½¦úîõ·~åYŽ'’7Ý°úóŸýÔÉS¿zø1UU%IšTUvÅ¢9Î,Ç·¾öù?ø-­í6«åK_X_X??É‹`Ü?e%‰=g¿e4èˆF²prúã?Ùd<|ôtÍÔJ­õ`úÔ?¬{åõ==ÄK2ö€1W]1ÃÿÊÁ:kÅš+Ü}“<¹ŠóÌÚS¢Ã™O-ÁÊ?C<u9¤ÍìeâæÞF‹¬|ñ‚ŽˆT"²æéßÙýžX”?[?›Ÿm7PÀÛFänÙW×BD$I\$'BûA‡íñG~~öþ¹³gìÛ±ùìý_¹çî¯Üs÷ —bfõÕKW_½4Oèõzí‰ÿÊÅó¯\<_’$†aúF5Ìª­yá¹ß'EQ'X?ÆAàs\Yƒ.fµŒðQ4ýñ ‹×L­<|ôt4?Fão]DëÁ RO‡Bl?¿#VÙ×á'‘’z·TE&ââx–ôÖŠ©½!kêdN òzIÖ=cÙº)á ?Ð~lÿßÕÒë–Ù9ž…•3òzŸJg0üEÍ7Cc4œÏŠçù•Öët£UÀèaYÖhÐü £?uÂŸóÓ´‹›Ú}Ã`0<Ñ†wvK¯X^Þÿò;u¶«kµ„hCcGEm¾ŽÍ-M\ö¢,lyùûO7+æäêˆ”D [Ìrž#s‰ÝÙá´ºò­.c¼yk4JåE¥Â[?íÓŠ+m‘í
‘Ë?GR¸ŒÄTªµÝãïêaY†ã¸þ?¨óó²óÜ®\3?ñ ¬¤@ë8tÁlP6„YM‰èÔ»¯ŸYúÀYµf±ñø;§húâ9n¹ç.¿ûÎû§W/Í#"W±±õ­7vHJJÖW_±¸ˆ'â‹]}gÇÖgeVPÊ*\²èñ@‰û?×mñ)F+&(wö\7ÕÌ_°gïkÏ×sz6%%3gg9t{—?Öw:‰ÅI›ÕìÌ²:A‹Â`]*†"?ñ fj…;'ëüÇ˜LÆ¡-™ìž³nÕœ³öÎ¹.ïÃMÞ=kÅ-DDQ/ç_3y¾¢P¿u²×”•k¦?")ß½Üµ·®ûÈ-ˆˆÈ^uÅ²*"EQÎ,³Å˜Kæ/+™¯(±<r\v:A(,pz_W·(¦xžsfÙlV3Ïq#^6Ícr²/.¯A?µ!?Ýö¡³lúGsÀ„À0d4èóó²í6K êEZÛ¼v›9?7Û4¤oØ1fÍK–—rãË²‹‰çyI–›[:“I1ËaC<VÀ¨'dY…cþ®îH4ærÚ³ÖgƒÆUU#‘˜×ìêê‘eÙá°f»&“‘T’$™lÂÓB<ÈH:?.‰[,Æt0ˆ—Úž.µT¦»Šñ/)¦Ú:}MÍ?b*e5›±ÓÓ¥½•ëv]p A!d$«Y‰&`lz¥í¯óœW¦»Šñ?!2y¹.†aX†!¦ß[ÌùN<ÄƒŒ”›m?ÝØÙîä:Ó]ÀG|aÇ?§#Ç1ÿ©t2þétBA^v®Û©*ª$É*©Ç²,Ë0ÌÈz!d*“I_Vš×Øìéô-fš`,x©íéWÚþz:züG³;Ý>7ÝåŒÃpO$ÁžH$®ªª^/ØmÖ,‡•ç&«Y_Y–ëñõº#?ÞîQ¾ûtó¢É/à—>¢Ä\9ßuå/æ=…l0jº»CM­?‘HŒeY–eC‘¨¿«'/×UXàÖë„\OxÌdÔ——¸ÓrëMônZîã˜¯«GûF<Ý…dQLµ{üÑh¼ ?Çf5s—LŠG§_[.m×D<€1¡ 7+#âA»'˜îzE£ñp8š•e+-Î×¨ªj0è??hìE´!ËÃ½&ÖÈHbJ’eE¯ú"3c2t:A’euD×D<ÈHƒŽçùX<™SÚEQÃáh2)êþ#?:d$³Éh·Y¼¾@}C«Íjf&)¦¼ÞÃ0YÛÈzi!d$žçòr]¢˜ê
ôø»ºUUU‰t‚PTàÎrØFxÍK]$Œ†TJ’$É?“•írÄâEQ?·Û,6«Ë¢L,I1åñ¬sIQ®¢¨*©,Ã°ìE?.F<ÈHª¢$“)? Ê²¢íQTUQd"bY–e3shò®½‡›Úû^–•˜MÆ²Ò³É?ÖºÆ:Y–½¾€,Ëöçdge»#¸`úãAcS»ÙlÌÉÎÒ¶‰(‹¿½mÏŠ¥ó?ÎCUÕDRGböÛm–‘]0ýñ`PÑ(ÀpçÎÎ**Ì°ßhÔ?ì‚c%”—h­ÑXbÁÜíåpx÷mª£+WÍq_l%Þ¯¿Ý]µfE¹ùb¯py±c6?Y#œÆôlc"D£ñ·ÞÙ£mû|?Í¯lÓ¶ËJÌ­åbÜ“ç.?ê?£|W€aâxÎj5?½ÝmTU•$Y%â9ndã’‰è¢¦=ºäÌæKñX.‰)I!Uìöuz{D""UI‰¢¢ž9DI‰)mx·*…??ð™wu–ì,cïç¢*‰‡¯'¡|ø®¶§ÿñé ×&£?TU’eUUÁÐÉú–§š|þ $¬<Dc¢õ@c6W,?×ØÔ~øèé‹¹Ž÷ÐÖ·»mùIYp]ÍåÊ¹k§[Zwm=à˜{ót'Q²é?Í?¥kEŽ¼õn‡âÎv¤üÛ»-³V.¬2“÷ÐÖ·©öÖYnŠ¶¼÷Î±vÞQêPvï’§­X\¥óî{ó ß™›ÍÇ÷½¯T¯XX…H?&²¬ô„ÂÇåä8ãñdk›§;x.O²,£Íý3\c(ÔL©ˆÅâÑXü\+j?öñi.†÷þçö´{§O/­ÈÞ»¿³«Æéb(ÔÜâ/©Z¦ŸÜÖÆÕ,^]e&¢Ð±w_©k)]\üá%”Ö£Ç<î7ÎÍˆ(%¥¥uO?·tÁµSìD”ÊÙûÂÑÎŠyyil‰Å’O8*Š¢8úwÿ±oý¡èŽÑ¿/ŒY¥æÊy®+?]ñ¥éö¹é®eBˆFã=¡¨3ËÆs¬?Gb¹9N‡ÝÚÐÔìe|<hhî˜>µ¢fj¥ÏŒF/.$f»""V`I–‰ˆÍ/ž´ÿÉŽ)®ü@ÃiÒ¢<6ÞÐ2å÷~ÿosZéH H}ñ àm£¢Ey‚öJàò{ÛˆÜ-ûêZˆˆ$‰‹ÄãDéj?G“?MAÇ;&‹Å5újÜqâFiôïcÖKmO¿Òö×¯íþô?fÿv?kyºËÿÄ”$Ë2ÇqÃ„#1–e]N»Ãníèô‹)IQU–ö„1Ì&ƒ–
L&ãÅÆƒ³1Ùå“?¯Ô·Ì ÀI{ùõ."‘×‘¶¨©D×ï–ã)š‰tý÷8
+gäõ6ƒá…K\åPÅâÉ†f¯ãòrG
.‡
o¿¡ðö/ì¸ñßüË/æ=…6„ËM¯xž‹ÅâÝ=áp8ªÓf“QV-ŒllòšìóÍfcCS»Ï¸×·•W•t5¼Qç/ª(6‘.·4/y²¾3¥©ñ†z¯PêÎ>s¸³¨Tè¨o©DD©îž(9‹J…ÖÆö¸ t:?O…¢iûîÜãëÑ|A®3]œËo½0ÙZóTýÃé.dü3›ŒY[O(rôxC8³Û,z½.ŽJ’d4FÆPëAÿéM/>oRÅ±ææÂIùZ(Ò•ÌŸÝónÝó/fIárJ¯ªq÷OK®šù‹vï}íùz…ˆµf/ºrvQÍü{ö¾ö|=§gS²P2sv–C—–€Ž&œŽ®„p¹][øOÿ}tcº«ÿ?/ÈÏaY&‰»œŽ\·“ãX†ar²³F¼³aÃ†K]çð>Zïõ}kúÔŠ‘?¨UQèÜ3Ãò®¢HÄò—&¨ªJD7ïïgO]}UEþ%)`Ä¼iÅØ8—É/ðÃ}TÐžKGÚ)fô´{‚9.ûå¸²$É,ËèuCý_QÔ¤(&II’yŽãžeY"â8V'#Xú )Jéo=¨™Z1Ú+ŸÀ°ç{Òä]–MÿÇ?(Ší¾`0Ô·‡a½^çÎÉr:í,qç={pxÎÈHÃð<'èÎL—£ÈJ°;‰Æ†ÍÉvŒàšˆI§
òrrÝgæ¸W¥+ÐÓÐØìîA<€Öî^Ö±ãnFx†aaàTû\6ëõDQRuÃ`LpfY/_<Ã—ã²c?ªª‰¤˜’$£Q?²ñF•ªªñx‚ˆŒF%“¢ ðÇio%“¢ YS)íx?ç8ŽSUx"’EJIÃ¤¤33!p,«×ë†QU5•J‚ m‹bŠxŽe‰H–å¾‹h7ÒNÑ®?EžçÜW§ÓöŒ’$‡ÂÑD"©½T‰R)©+Ð“JI6«9ã×=€qÏïlzá•h4Ærl–Ý¾öúU¯mygþ¼Úò²b"ŠÅÏmÚ|Ý5W5·´½½u‡Éd$¢é5“‹‹
¶¼ùî'?±Öj5wußß±·´¤è½{“Éd$s:å¥Å«¯^Êó|,žxúO»jùâªÊRI’_yíí+Íuç¸dEyõõw‰äÚë¯Ö{ê™ç¯Yµ¼´¤?ˆzzBýÛ+×|å€û.»raº?0€óI¥$Ww Ø£½T‰TEeÊÏËv¹F2ðñF?,ËïíØ;göŒ¹³§3#Š¢¢žóàËÍ›3SÛnhlikï|mË;k¯_¥í©™6yVí´†Æ–Ý{ên¾ñZ­M ï.›_~ãöOÞè°Ÿ™?¸»;?'XŽmk÷h‘@–•?»öäçò<wàƒ£þ®ÀÙ÷ãxžËrXuýf.âXÖhÔ[­f½N8ï©ç¾æ¥+à|I±+Ð½pÁl­?K§Ó¥Rç\*åÈÑ“ÝÝ!"š5s-˜7K¯×}pèhqQÁùïâÌrLž\ñî{{V¯\ªíQUõÄ‰Ó“ªÊívëÑc§ŠŠò‰(+Ëf4N74åd»ºº‚e%Egß7;ÛyI?€KLxƒA/¼ÙdäxŽˆ¢DRÅË2?’GýK³ô/À¥•“ã*/+./+Ö†(°,»äŠy'O5?QÁs'U–å¹³ß~g‡,+DŽD??¨WT%‹·µwú¼]DÄ2ìÜÙ3:¶ý½Ý3gLÕëuƒÞ`,“$¹£ÓïõUUe†e†aÂáXSKGp¤C±`”ú\wö?I’¤ªª××%Içl=ÈÉvVV”VV”šÍ¦¾Ó¯Z¾x÷ÞºdR¼À?fÎœ±xüT}#56¶rë÷ÚÚ;vÛÑã§TU%"»ÝV^V¬(jA¾û<÷³"Ñx Ø#I²6Ñ‹†ç¹p8ÖÝ:ï©ç„ÎEN§Çûøã9Pw˜ˆ®Y½â®õ·ŽÎ}9–]¾táKÿØòýþ?"š9}Ê5«–Ñïÿð9¶[o¹¡ïà··îØµ»®oh²¶3×?½vÍªºŽ\ð^z?îÚU+^Üüz<ž8tøØê•Ëòòrˆ(Žü}ó–p8¢6oÎÌysföïãÔÿ¾š0¨?þ­Ï·<~sñú…ÙËÓ]ËD—LŠ)IÖéxŽ;ó¥¿Éd^LIŠª²ÃŸ¼ˆÙ°aÃ¥®†Aû&{ãÆ?Ã:kO]}UEþn×éñÞ~Ç—îºóÖÚÚšººÃ¯¾öö¿}ëžYµ5#¸Ô‚7­'n<ç×ÿ0.ýêø¿:ö-Ì^þÄ’7Îsääøá>*|û;ÿ~Y×=¸TË¢µ{‚9.û6I’Y–Ñë†ú~W çØ‰Fg–mò¤Rm2w"
v‡?oÈrX§L.î‡™%´L,Z£?Öb0«¶¦îƒÃ??ñì¬Úá…˜˜65?¦e"*4•¥» ‹Ùh6ÁP{‡Ïf5s,›S­mI’­X÷†ÂÓéëßV?—ë>ïá½vú·Þ·ÿ³ÚöÂìå?™ýHº+Òétù¹Ù?Íí?m‚À3#I²$Ëyn—Ë9ÂöMžXjkkÔ~åµ·´ŽFêçææ¤»(ëvú·Þ¹}¥¶]h*;·"5C.—½¢¼(';K–e-fcYq~qQ®Ñ Ù5Ñz0±Ìª­¹ëÎ[üéCþô¡Þ—£54Æ¾¶XãÙ½†Úb?}Ù€ˆÐn0¦ð—í´Ûm)%©ªÊr¬Nú?Tö/iy?îZë5×¬8Pw8/×=²AÉ0.Ý¹}åNÿÖBSÙ[«Nõíl‹5Þ±ýê¾—O,y?5Ãè^'\šûôÇŸ?xþL&£Ù„5ª.­OÑ‡4v‚¢¨áHÄd4
ýå–e9?YÌ¦þúÀeÒk¼oÿgûšîÛÿÙ¶X£¶?l0¤3>Zøèé–“ã\0·áâ¨;üàOêôxórÝÚ:ZÂh®~ =€F? IDATîo~å­_=üÇŸüðÛsgÏ ¢x<ñôŸ_xâ©M¡p„çùÛ>qý?‡Éhì
t?úØ³Ï=ÿ²(Š:?îÞ/ÞõÉ[o@H¸Ln.^¿Ó¿U›¡¨ÐTzoõýZ{‚öî½SîG6˜ÒN/˜[SVZpþÃ6¿ú®Ï0_à0ï¾MugšÁ8ÖV0yé¼bóe™6÷‚E”HÐ±é¹ûà:=Þ¯sÃ]wÞzÍ5+ú&,êôx_}õíÇžx67/çÚÕW?B¡päÁŸýæÈ±“)1Õ·3‹ó÷—g~?“íôx|ßùÞƒo½ýþšë>GòóÝ[þñ¤Åb>~¢þ[ßùqÍ´Ic§¹`œYWrW[¼I›ºtSóã›šïk7X˜½üÞêûÓ] Œ†4w.jhîhhî8ÿ1Ñh|ˆW«ºrÕí¹78øþÞ7ŽÚÖN»,+V\ˆÿÀßë¨¯˜±áñÇÿrö@ä¼\÷]ëoõx|??þ—Ñ‰V‹ùî»>aµZ¾yß?úvº\YwÝy‹¶??íœR])I••••iû‹Šò«*KeE…"&¬uÅëwù·îôoíCYÆ“4ÇŸ/pY®«wV›?¶¢ÓìfR”XØß“Ò9?=Kª’JIÜ™¯öE”d^'?”RX??wyâœv¤=³­Q•D(”õ¹YVít%%ÊœN h—'L6·Ë¬]?%‘(¦Dê½‘îòEe“=ÛfLW“Â?ºÃ³jk´)MÈÍÍéôxµNG—»†a*+J»»Cg¿?ÅSbª¾¡ùä©Æ[o¹^Û©ªj$“eyÏ¾dY./+¾ÜLd…¦²ŸÌ~äª×«úïI{6ðí}ö´ü®¹¹é-c‚Hs<ÈÉq^pPÁÇ.*É¬3*Þ}/l5Ùò?|p÷þTÕÜ5Ó,­»¶Ï]tí$+QøÔk¯«×,t·îÚÜÂåK¬`Ž·¾¯TLÉö¶ÇÚöÒesrXJy÷½yÐïÌÍæãûÞWªW,¬2Gë·¿wœµq"ë²§šZæÎ[¾4Ç³{Ûév"ú`GO%s—M‘ë^Þu—Ú¸Ø‰wâ…«?Viá§uQ®Y½¢îƒÃ?¯y}wVmMÚ—H{äÑ?ýñ‰çýúO¯ËÏë-&™ò³‡_~õm›Õò¯÷~Æn³¦·H€qOKÚ
h…¦²'—lIwE0<qQe2#üN:Íñ`úÔŠœì¬óóÖ¶½C¼š÷ô¡}DDr,Ðäe«ç³,;ëº«æ°,QÑ‘çßm÷N›^Z‘½wKWÕ4C]?í‘’)¥zŠ‘hŸ±jŠƒ¡Ž½¯ok×]»rº?¡Ž½¯ooÌÉq¶ÖÕyK\;ÅND©œ½/í¬˜g%¢(›·öêRQµõ?WÛ%å‹Wë÷mª£yËæ¸‰HjÞá5×,^Ti&¢ùêÅf#4ö×7øÊ=wåž»{BáŸþü·Oÿù…¾ó†aý?6~ëG¿ÕÞáÙø£ÿ¶˜Í«V^™îJÆ9m‚Ö×èìe.9ì÷I–|§‘ˆäx0Ð-êÙvã‡³’(‰PÔgåØ1cÍà’’úÊÁ¸J”gçŽ™]¢cˆ˜aÆ„ôOlzéñæÜ²¼Isz;Éo}‹?$IQ’DÄæOÚ¿ÿdÇW~ µ™&-Êëí<är8""Ž#ÊvØ>ÜVT…(àm#r·ì«k!"’$.?“•ˆ\ùÙÚo('ð¤?|V5®<Û®ön¹ósÜùÎ4?–Îv›uþÜ™»öÔ%“¢¡ßjù¹5S'=vñ`¤e òsoí²T.¸Þ¡4ïxã­V]E…CÞõž<cõL"ê>ºí².Oð?è”f|ì¦Ù£_Þä+þ°<5_ †’)µ½[Æ”XRmÊ?9åM-®Ô;‡÷ÀŸþx?%=íÎÎÊÉqöÍsZ3µr3™º+§Ü}ìå7å+fÏ°p©÷6%‰ˆ˜ìòÉÆWê[fPà¤½üz×‡Ÿoy9–ãÉQX9#¯7¿Î`x?†4fÚ\¶ð–¢xw0ào>òòAÇ²UÓÝéÿÔÓF[Ü '–e9?uw‡Ìf“ÇëÛºmçê«—e»²ü]Á»öWU–éõºÃGN?Y¿òª%6«¥©¹í@Ý‘Û>qCº¸\n[ûq"’;w¾Ó™Íºùy<Ñ¼”,? QOVÍMµN–äüOnmöÍÈÎIwµiç+;N'zbŠ7$—çð¡¸zÚ›J¦z;«$RªA`â©a÷]+ªf³±ÿËX,~i:HI"gÎÎ2
E?™µÝ¶òª’#ÇÞ§Šjk‡vgQ©ðVcû´âJC¤D»Bärœë`³ÍI§=ä¶“JÑž€Îîtä:ä}©5”¢‰B¡ðW¾ñýC‡?ÑW¿ùýþ×?©ª(íî}âS_ÔÖ=øøµWÝróuÃ8?ŽC‡??ø_¿ÕÖ=Xÿéu+–-J÷O—WÀÓ&—,Îë}^8m£4ÏÉq‚Ž¤´Ö76´uËï?JúB2?ô¤Žv¤Ô³‚@JVùáÏŠ“ÎU³ÙèõÝ9T^Z E‚ò~‹h#’£Ñx,6Ô‰M‘]¾ ïö—Þ6êù¬bk_;ñy“*Ž57NÊ?O‹ÁG¸jæ/Ø³÷µçë9=›’…’™³³ç:×\:-ÿøû»ž=BŽ™sgDŽíhŽë‚œH¦ÔÎ7žã¤‰Áá°=þÈÏÏÞÏÖßó…õñxB¯×³þçç¹ïÿî¿~ï;_I$’ƒžn×9È@ÇRX‰té®dÌ
'ÔC­bW¤·W{ê¬ÞíšhRíè–?fÖfd‡ÒÊJ
›Û/¸prYiÁ—N#rÏY·j?ÝŒ¹dÁ²UQˆe¢i}oˆ¡ž”mr±ëÃOÊ\¹¸oè®{ÖªA¶sÉüe%óE"–ïU+VõÍûe®\|keï¶àž¾æÆéŠ¢°,K´øæYDŠBìP£È„e4Ò–Ã0Ì û`\rVØ÷Ÿj˜UZm%ƒ=©Lc3ÑP–ƒú UŒŠŠÓÌéy&ßÁe[.ü8šÎxP3µ¢fjÅhÜ‰9ëÁ<pê`—cÖüÌ’É²CþÌØþ·E6
gíÕË¶¿ýÒ³;$"ƒmÊâ£ò¼˜IS‘#øÂr(~¦GË?ÙÀªªI¨,ÛT•Ny$ž“?uôp«k.Ü?e¢ö‚·U]÷q^Ò]œÅR¶äú2’eâ´IaŠn½«ï=÷œ»Ö§±´±BÏ3zž!:fvJ¾à0±Éï[ƒgºI²–)’”Ä)ªŽ»@7£‰x¢ÀXÆqC8hBRT’5)õf†!§™½¾ÖdÖ3Ú»EYÜŸvE’©?œ¥ªÔ”Ë²/ðü?/™$UýR4ÙT•fëŒºÞf–!³ž)u&íx
Æ.<^a¢¶d #í©ž”§G–?|Ô7ŒŽcÌMTààê}gš8Žòí|¶åÂ-2h=È1Qõ‡Ïd?7ü‘ÉM•dE•úö14«X·t²¾Ø‰x0ŽäXÙ«$%õ”'IªÊ‡•cIõP[ªoÉ(³Ž)rò6ã?žüÑ¹(#éuºH$n±Lì%Ö`¬z©íéRKå„aËµqÉÔGVHVU
'Ô—ÄféŒ:&Uý©pBé[G9ËÌ²qa4ÄƒŒd1ë"ÑâŒM¯´ýužóÊtW1>¦ÒÍ{BJ\T%ùLNèŽ)[?'Ì†!Š‰jÿEÓÂ5šPÈ>¤© Ð¹(#åfÛSbªÝHw!}aÇ?'B‡?]ñ¥t2nÍ)ÕÏ)ÑÍ/×Uåò}KïjmÑ„I¨Tî‰)MY”†tq´d$“I_Vš×Øìéô-fš`,x©íéWÚþz:züG³;Ý>7ÝåŒ[Ù6ÛÂ**…âŠYÇÔµ¤Î<ÇËPRRuü…{!d*«Y_Y–ëñõº#?ÞîÑ/`ºyÑäðûg”˜+ç»®üÅ¼§?FË?ÃÄæÙù“^)–T¼Ë±DÉ2‘ÛÊMÊLº!?>Àã]3õå%îtÝ}½›®[€FRT=ÏôÅžc
\U® Éj[·ìÉYfva…>Û2Ô1ˆ™Êab]6.ª‰”JD3½H(Ìây–¦'=©l+ç2c¼1â@¦rÛ¸?M5jC%Uòíœ–´ÞGÕyÂp/ˆx?©"ž¥Y%º¨¨ò,é‡0øøü2žyh#?/ë@/Äè…x½Æ†ˆTuàg£
ñ`L`ˆT5Íù3À˜†‰ˆa.Í<™ˆaEVeYaY.]5 À˜P?›5ÁãË0*£J²ÌrÇ¦§›âAó%:»S?¨å¤Jií¤CŒŽÓ›y«CpæòÒ]N†bX–•e%•’‰'ŽKCB@<ÈH¾Dg[¼))'Ò]@/•Ô¤œHÊ‰@Ò×o*4–"$ŒÃ0ËÊŠ"¦$Na9–eX†ÅÄƒÌÓ9åI´¥»
€sJÊ‰úÈñ¨)³T¥»–ÌÃ°Ç°²¢H²"Ë
£u·•„ Ë2âA†A6€L¡=´ !ŒÃ0<Çª*)Š¢ª¤ý7ÛÛœaÄƒLâKtÈ›Ûþ¼§k[cô”¤¤ÒWñ¬Pf®šçZº¦ð¶¾?žD›™· —Ñˆ0C7ÚS!d’¶xSß¶7Ñþë?®¶ÍÜXûpmÖ«Oki0Ñ‰J².¸ëé†ßlüàË_œü]·¡@ÛßoB<È X-cø?ýÇ"ÿúÄ?o)¹ûóžšïZŠli§cõó]K1ï©[Jîþõ‰÷íOÊ_¢3­¥Á0 dŒîT o{sÛŸ«m3?Sõõ´V0ˆÏT}½Ú6ssÛŸûöôŒ?1ñ cD¥pßöž®m·—!­åœÓíå_ØÓµ­ïeÿÇã2†('û¶£§j³¤µ€sªÍZÐ=Õ÷²ÿcŒqˆ£ÿtV’’Âx³t¬¾ÿ´ŠCœ•ÆÄè…x½ âôÂªÉ‚ªªÉ¤(+
ô:ŽãTU?Ç*C¤7è9¶7(¦R’˜JiÇô?(¼¢¨bªw€‘Às:?®ï`? °›L$ûÆõ]SUUQLñßÿú,Ëh—E’$½N§Ý(•J‚À0‰¢ÈqÜÙ‡õÿqEÑî¢•ÑWÇq‰¤HDËêõ:í‚0ˆ‚$É/þýõ¶öN½^ŽDW¯\:iRù“OoJŠ"Ïó‰xâÆ®)//~ÇÞíïïµXL‰xbÕÊ¥3¦OÑNœ?¯¶+|{ë“ÉHDÓk&/Y<ÿý{·mße³Y#‘Ø‹æž>Ý?Æü]Á¬,›Íj]{ý*—Ó!Iò/½6¥ºjæŒ)D”H$Ÿ{þK®˜W^VLD»÷Ô>râS·®5™Œ’$ÿíÅ×*+KçÌšÎ0Ì›o¿_=¹âìÃˆ(ØÝóü¯„#QŽåˆèS·®mhjé_[qQÁ“Ï<ït:$I²Û¬ÿtÓÇ­Vsºÿ2âÁrÓÚkÊËŠ=^ÿo¾[RRh4ÖÝt?;ÇuêtÓÁÃÇ??q²á‹Ÿ¿Ãfµtz|/mÞRX˜o³ZúN_±|Ñ¼93µíÖ¶Î'îùÂ]6«E’$EQ—-™?ÅŸÛ´ùºk®rç¸úßwÇ®}åeEV«åÔéÆcÇO/¹bÅbñövO~žûÔé&-<Ñk[Þqf9´T p˜,ËÛÞÝ5sÆ´¹³§3#Š"ÇóÔÔÒ¿¶†Æ–êI7ßx-Ïs¯¼¾µ©¹uzMõ¨|Àñ`I&“ÑXÜãñ™L&žçEM$’==áã'Ng;³|þ®‚ü\-¸œYv›5
÷?GŽžìîÑ¬™Ó:=Þü|·Õb&"ž?ßo‘^¯+).<täDíŒ©õ?-Ó¦NÒö7·¶;?Ž5ÕïlßU]]Á2¬^¯[síÊ»ög»œ}§8L’ä`wÏ¢…sdYnmë”e9/7g@mD$IR,Gbž5S.ç‡
0® L /¿ú¶Õj)/+^±lÏó©Tê@ÝáX<a4è.˜ýÁ¡£*©ªª2£ªª¢\¾$'Ç¥}¯o4†ußši“÷î;¸µ{GEYqk['%Eñ@Ý‘²Ò¢®@w8ijjÓ®œ——£Ó¯nÙª?:8û°ÂÂ<EQUUU¥­½óÐáã«¯^6 ¶p$êóÞß¹¿¹¥mÁüY…¹—ôSÏ0sÑrÓÚk>w÷'W^µÄá°ißë/Z8ç¦VÇâ‰æ–ö¢‚ü¶¶Ní;xŸ¯+?¹\Yªª¨ªª×ëˆ('ÛYYQZYQj6›Š
òZ<?E"ÑžPø<÷ÕëuÓkª}þ`Ey‰¶§³Ó‰D#‘hsK›Ãn;rô¤$IÚ[“ªÊvÛî=uƒÆó\®;ûƒƒÇX–]rÅ¼Ò’"í¬þµQ~ž{åUK®ÿøÊ>8‰D/ÿG0N õ`¢3ôóçÖîÞ[wÓ«ÎŸõÈÿÌ0$ÂÚëW%ÉÇŸükaažË•ÕÞáy{ëŽ]»ë´á¿K—,XºdþcOýµ§'d·ÛÖ®¹Ún³žç.U•¥U•¥Ú¶,Ë<ºìÊ…“'•kM/mÞâó´w9–]zå‚`wÏ ‡uu—/]øÒ?¶üä§:? ðÚ¸…þµh—ÊÍÍÉÏÏ=tøø¢…s0L(;ý[Ÿoyüæâõ³—§»È0Ì†Ò]Ã„¦ª*mÜ¸ñ‚GîôoíÛ¾sûÊ7J—¹4ÈH¿:þÀ¯Ž=@D³—?±ä?t•1ù¾ÿÝ‡T´çÒ±ÿ¥^»'˜ã²§»ŠË?‹Æ?MÍ?iÙ€ˆ
Meé.2âÀ8±Ó¿õ¾ýŸÕ¶f/ÿÉìGÒ]dÄ€ñ`§ë?ÛWjÛ…¦²4v+‚Œ†x?IÚb?ƒîìËD4âvƒ7oùíÿ>=`çž}_Ü¼ed„Œƒx?1îÜ¾òª×«®z½ªÿÎ¶XãÛ¯î{ùÄ’7.fÂ¢—>šöì;øù/Ý7â«AÆA<È0m±Æ¾1DtßþÏö5)\d6X»æêÖ\Ý—´lðýï}míš«‡p6ŒX÷ cÜ\¼^›ë|Sóc…¦Ò{«ï¿sûÊ¾ÙÏï?rÿÅ/tð/Ÿ»?ˆ~û¿Outx^Ü¼Ù`¢AëÁÄòË‡ýåC?¦ëâgÐÐØ²þ3_khl¹L%Œ3ëJîºwÊýÚö¦æÇ¯z½ª/,Ì^~oõý—ä.ÿò¹ÛÿåsŸF6˜˜Ðz?IÖ¯ßåßºÓ¿µÿåK¾Ú¿|îv­&´L\²,×74<t,?÷íL¥¤#GOØÙ
¨;ìó´5žeYî…S)©£Ó;àH"J&Åƒ‡Ž54¶(Š:¬zEõxýûöê»Q*%õ„Â²,74¶<t,™µu¦Ãáh"‘ŒD¢{÷ìèôªªšH${Bá¾;ö?xÑÀ˜Sh*01¦1…K­TcSë÷ø»Íj±˜÷8¼ñ?¾º`þ,¿?ðÿ«¨0Ï`Ðï{ðÐ¾QYQ²ùå77ýí•¹sf=vjæŒ©Ÿýç[›[Úïû?ÿ›——cµ˜ÃáH}Có?6~kæŒ©Dt îÈ7¾ýÃü|÷Ûïì¸ý¶ÿùÎ[¬‹žLŠÝÝ¡¾—ápDQU"
»¿ó½yŽ›TU¶uÛÎ›Ö^³þÓë>8tôþ??¯ª*Ëvf?<Ýhµ˜üƒÓët?ùÙÃ==a–e\.çëolÛðï_?:¥ò»÷ÿô{ß¹wRU9=ÿâ«G??úÎ·¾Äq\:>]€ËKKÚèäBSÙ“K0ë(\2ˆ‘,Ë›þöÊ¼93¿øù;8ŽÛ¶}÷cOþuê”Iw9ßüêç½¢¨C§N7¾¸yËþàßrssÂáèþô¡ú†fžç#‘èUËÖÞxÃ*"zúO/<ÿâkSª«ˆHÐ?zà[v›uÙ•}ìÙu7]k·Yûßú™g_|æÙûïÉÏsQ–ÃþËŸ_¯ÓÑUË?ü»'nZ»Zk¸øÌú[kgNõúº¾ú??ÍÚ?rr\ßùÖ—t:aRUÙ¶í»–,ž;kæ´wÞÝUUY
GÞÞúþ·ß¬Ó£þÑŒ’u%wµÅ›´¾F…¦²t—ãâÁD‰Æ>þ…ÿóiíËõ¢Â¼p8âï
T”—Ô74ÿà?¹pþ¬ùójórsNœl{þ²é<ÏQG‡7Ž8³.§£væT­e`Ê”ÊW·¼‹Å‰¨fê$-˜LI–Õ³úýó?·|åž»û^64¶lxàçÚv{»gûû{"‘hwwHþðÜŠò’Ò’B"Ò/ð²¢hÏš9U{ú7›Œ²,³»òª%ÿý?X{ýªövË²5Ó&?â'
?—j 2@ˆË°ƒ>)¦´—Š¢Ã°,[ZRøø#¿hniÛwàÐ—¿zÿw¿}?^¯+).¸åæ?z"úä'ÖšÍ¦Ö¶Ž¤˜JŠ¢vº,É<Ç1,sÞ{^ÀÑc§6üà÷}ë‹•å¥?M-¿ÿÃŸ†{…I“ÊœNÇ®ÝŽŸ¨¿aÍÕZ-`|8~²~ï¾ƒÕ“*æÎ™‘îZÆ'Mž@ÚÚ=êŽL›:Éb1ÍŸWûêë[£Ñ˜,Ëïnß]\”ŸëÎöxý¡p¤²¢tÝ?×ÎŸ;³³Ó7¥ºÒçëjhl±Û­6›µ»'”’RD‰Dß|ë=QL%“âkol›^Sm1›.¦6QÍfcYI‘ÝnmljG¢Ã½‚Éh\wÓµ¿ùý“‡?ž˜3{úÅcÖ‰õápôøÉút2n¡õ`¢øáþêï/¿ùÉO\¿øŠ¹ÃÜö‰ëý»'¯¹a=Ë²3¦W÷ß¾l0è÷ìûàW?¦ªª$I“ªÊ®X4Ç™åøú¿~îÇ>ìÛÐEDæÍúÖ×>OD.§C¯×ÝvÇ=Á`Omí´ïÝwïEž<¹bÆô)·ßõ•ÜÜœùsg:ì#ùî¿fÚä‚‚¼ój³]YSŒY+–_±wßÁÉ“*Ò]È¸ÅlØ°!Ý5LhÚž7n¼à‘}‹žÑ?ÛWž¸QÖ?dY>û^–eUUyþ#)Q’$†aœEžã´?Ú€??÷½´¤(%¥´ñÄ—Ä ·ºÖ¶Žþó@M~?ï?ÝêP–sÖžKL{8µ{‚9.{º«¸\Ðz0QúÌ=èÎiA3h`YæfƒsÝzˆTU}ý?w«'W”–]Â’`LÁØƒËñ†­¼¬øñ?ü"ÝUÄ0ÌÝë?‘î*àòê{€xp™ @ÆÀØƒËñ2†Õb^±lQº«Ï0±)dŒã'ëû¿OïÝw0Ý…Œ[ˆ?1Nœ¨×BBº·Ð¹(c0Ä¨¤jÛ<+ˆJRÇêÓ]À D%É³BßK†.Ù\¥{p¹¡õ cè¸3a Ì\UÜ•ÖrÎ©.¸«Ì\Õ÷²ÿcÌEÒÆä»/ÕaÄƒŒaæÏ,$<Ïµôé†ß¤µ€szºá7ó\Kû^öŒ?1ñ c8gßöšÂÛŽ‡>øÃ©Ÿ§µ"€AüáÔÏ?‡>XSx[ßžþ?10Æ!dŒCžž3ô½üâäï>×üè×ö|zw×6QI¦µ4•äî®m_Ûóéçšýâäïöí×s†C^ZKƒaÀÐäLRh,­?×¶Ý†‚3ÿgsÛŸ7Ô}©1zJRRé®&4žÊÌUó\K7ÌüŸþû?¥é+
†ñ “äò¢RÄ“hëÛ³¦ð¶þ-wcJ®¡M™?‹2L™¥*×P˜î*.,×PXf©Â?0† õ ó”YªÌ¼¥-Þ””é®`zÎPh,E»A&B<ÈH9†¼Cž/ÑÙ?
D¥°('ûVLH†§7óV‡àD0È\ˆLé®ÆŒ=€^ˆÐñz!@/Äè…x½ âôB<€^ˆÐñz!@/Äè…x½ âôB<€^ˆÐñz!@/Äè…x½ âôB<€^ˆÐñzñé.ˆˆöÔÕ§»Äƒ±a^mEºKH³—6¥»@ç"èƒx½ âôB<€^ˆÐ›À˜ÐîÃ0—äj1<Ï‚Ål¸$œ `L(ÈÍº„ñ€ˆÄ”?%}]a§ÃÌqè53$ø˜`|ÒâÙÈ IDAT|–Ýl4
?îhºkÉˆ0žYLžg#ÑDºÉˆ0Î™Múx"•î*2âŒs:?—$9ÝUdÄÿTRÓ]Bf@<€^ˆÐëŒª¶.òõP,I
Z¹Ç$–!“žrìTè:ßa­m^oW4WUeôŠÃ†5›Œn·«¨0ÿ<‡É?z©§ƒ’áqö¹1Kz+oÏçœç9lÜÿÚñ×Æ8Ä€Qéx+E0±ÞØ¦¨IP$A¾ª."£nàñxâè±S‘(æPÿUU"Ñh¤!êõvM?Re4\¤V£©¶¬Þ,äNe?bÆWÿUQâÝrw³Ô°](œÅêÌÞ×~mL&CeE‰ÕjeÙK¶ì×˜¢(j8îèôîÛhÐ_Èãë?`C6È,‘od?²ÁùE¢Ñ£ÇN?½?Õv€³å³X“s¼e"bXÖä
fq¶üTÛ?³ß?zì”ÛíšR]e·ÛÆk6 "–eìvÛ”ê*·Û5è¯d„q÷÷0&µu!džH‚Úº>²§µ­Ùà‚"Ñhk[Gÿ=r žÕ›y×ù:ÞŒ¼«‚Õ›å@}ÿ?­m&“aBõ·)*Ì7™~ S Œ_Oº+€ðçõv?óPègÀ%õtpŽ’ô•3ª8G‰Ôó‘Çb¯·+?Ï?¾ŠÒ#?Ï?¿—…x0bÉtW#2à.‹§­”Œ2ðƒJ†Y£#mÕŒ.Öè d¸ÿžh,nµZÓWQzX­Vü½d(Ä€Ñ€yŠ2Ô€¸ñ:áÌ%7àƒRUeŽ78†=ûÇÇãÎ…eü½d¨ó·
‚x½ âôB<€^|º€rZˆc)§dêr]Ÿˆ‘fÒ“Ù@)‰º/n¹0Ž%‡…XºŒ?ÑØäÌrp
…“¢8ô³8ŽËrØ†î‰ãŠ” "âé®#=TU•e™eY–Å·½p)!džª|rÛI{$PUŠ&©ÁC=—n1ß,Uå“^ "J¦èTn;ç?Q×ûR’ÉÛCM^’‡<™¡ÅH&ÅDŠÄÉj¤Ê\â8:ÝAÞ‰±ŠÜ¤ªò\w¶öl§ªj$«ohîéå\«Å\YYÊsÜÉÓ?^¯ÿò;–¨Šä;!›H‘‰ˆXŽs”ðÎr±uéK'¤»ÄË+•J5·t´wx´™Cv{yY‘Ùl:q²žˆ&Oª@`€‹?x?aŠ²Ém'I!o?D‰²Ìd6?î’þïÜí ?§fQ‘‹\ÖAâA®ƒÊs‰c)£DŠ†ì&²†‘ˆ(?‹räé¦“qJ¦È&–¡øÄø*¼¸¨ ×?-I²ÇëE1+Ën1›õ:ÝN%"JŠ¢ß`Y6O\æJÇUÛö«/kt°Ö<"F?u©±.&«4Ý•?QL;~:‹U”—˜MFYQ<_85›Mé.ÆÄ€cÔÃ??D?"¢ö.Ò$É¤}ï²’^ h‚:ƒ¤>ÒíG/?ÍH²B?eYzûùÃçlvPÔÞÔ¡]|—?xŽü!:ÖÚ»G/ÇönäØÈd X‚|!J¦z; %Sd5’Ù@‘8µÈaî=žc)ÇNÑuGˆcI”Èb$£Žâ"9-¤¨'JÞžÞÞGªÒÛßÉi!†¥îÉÊ™;j?ø°"Jº†a|¾®†Æf"jkïÔët’,‘Õbq¹²ôz]4ëðxõz?ÅlE±»'DDz?Îf³Ê²öp'&E«Åb4âñ„ÓéÐëuÝ=¡¾ö„ü\·Õf‰Eã¡pÄ`ÐG¢ÑX†/d«Ä{”hkÌÒ•,è]jÍY¦*©—TI‰øH‘XKóa$UŒ)±.bXÖâf´F)¡CDJ,Àš²˜1ßU©»'Ô
O›:Éåì]ˆÚ™e× )Ë²¶n±Ùdä¸ÿßÞ?>·q&f?û$HP¤H‘EQ%{,Ë–e[kìXyâò¬3ÙÉ&©MíVås*•©üSµ³å­É®³‰×ŽÏØš‘gtØ#[–hKÔA‘"ER$$@â"Ž>ö@Š·x€â¡ç÷èn¼x»Hïƒ÷h±°Q’¤T*­Ñh,Káfmªªf³¹L&k2†¥TÚÂˆˆ6™BÛ×eƒ¢b$ŽääHý/ªÜ<vÜE]HL P_ÂcpÙà-T:
Fpoæà”hN¶•CŸ@<?~ÄÓ÷Çü˜ô0ë!+3z
Õ˜˜¤(Ð8àwáN6å?eˆ"Àc‡Åƒe(·ÃeÃÀÊí0èÐ‚ÃRì!5?F=âiÔW@šŒµÐjÐ)CPçƒQE…ÇŽr;:7A„¬ÈÜn§¢ª##ÑD2Y˜BP[S¨òŽñzÊ=×½?P]Ý6EQnuÜI$’Ûª«|>O8q8lƒ¾«»·Ìn¯¨(—$YEA€×ã6?}ý{šw¹œEQà?,Ë¢¨½7ìëxPÕ64%ƒ"‰vÿôÛ0-äV”Ôh>øTÔ¡[:_³è¨ÌÝ»¬¦F Ñ©Š$h´ºêC½%{ï2ä<YUòºÊ}¢½r=Nk©TU?Ç“V‹ÙfµLman<‹ßº}GÔhÈŠÒ´sGY™}hx¤»§Ïh0¨PEQÜ½«A5w{"#£Fƒ>›ËWWù+++
Ò#‹ñ€ˆh“Ç`ÒÃaAÀ?€’‚hÝ!DÈæ€=50 ?ÈÀi?ÛIF™’I‚Ï…‰,nÞƒ¨AS5Üv£3~qwX Ñ@# '!…Í?9éþ4
3fñ;¡×"EOÛ+Pé‚ß…ä
Áææ=ØL¨õÂjÄ·=h¨œ\D!'Ldrè@•~'l&ÄÓó_Ÿ-î? ?‚íð9á¶c`Ã?Æ…‡Í&“Ãa¯ø«~I’G£±;Ý½£ÑX6“Ð²g—ÙdÒh4ÉDÊét”»]’$9ÊìyI?ÆÛTi‚ LLdnutþJ…Ýf­ðzvëD&Óq»[–å¦]&qKü§ŸÏ˜žæRIé„ÖhØö8D?j—c}¢­BçÝ­^uj&žëÿZI„5îzªœÓùšEGàá?ÅJ©ª*IyX¼/IÒ½? §Ü]·}›  çî½þ{A“Ù‹?ù}ÞíµÕ…c´Zíèh,66¾¯¥Él6%“©®î^—«ÌdÚè](´¦¶Ä¿DD?’t7úaÐÁmƒÝ‡;dÃãpXPé‚NQU…Äp˜Qf…¬Â ÃX
* j ±»´"D6Óýu‡
s’ˆ¥PåF]2y¨*ÒÙûuÈæ¡¨?¹M£ŠZÌãix0êŠO3y$& j Éó¼pÞ3Íæ‘œ€R¶Øñ…¹Ñåv¸mÐÐ÷gKodéôDû?ƒ^ïv»[™Ãîõ¸eY)+³WVúôz?(jTU…€hlÌá°9Ëì²,ú±±x46V·}Û¬³¹\"™RE£Ñ šl&—H$$âI“qK´ùtP@¦JY5—†F›] ä3?2Š”…’—‡î¨ù´šMaÚx$Ao­©þ«#‚V«ƒš?;”hº\^J§3žrWaøPY™}d$*I²ÕjéëL§'ÊÊìn—S«ÕÆIA†#£ +J6›Ëår[5`¯È’0m2…™Ù<‚Q£ØæA &j¼°›1G,Ÿ#„bð8`6Àmƒ¢ 2£…–wdr¤?¬"1m8ºÝKá^På†C‡x#ÓÔ™È!?ƒK§Cc÷+Vˆ%˜ŒaI1`
ƒŽ
TŠŠ¡1ä'û7Ò~dQa
?$ËÙ\.
Cášm?ê@¥ÙdÚ^Sm·ÛFF£÷Ç*}ÞÂ|Ó`hÈãq[Ì¦r·SQ”áÈèË—P§V°Ñë·Èb>£­‰eÕS}ª"Mÿ ‚A6Ñ»€Xlª¹?+Ð™u»UEÊ~»^§°‚ ØíÖPx8‘LMÍ=˜@3íë§*Jáµ?*¿ÇãN$R££Ñ`p¨¹y§ô:_…§09¡:P95Ka‹Éå%­vkžZÉ1m2Û<pÛŸÀX
^ ?…Ý¨He +ÅPMÂj„ÅˆD‘q”Y?—`5a<?T.T£ÓšþÙ< Ì‚l* +50èà´Î˜iƒÝ·ûë?ÎBÔÀnÆD©ÌxÈËð;!ŠH-|ç„B/„ÍŸ™Ýë@R z¶y ×Â ‡$@2³N+G¡×ÂmC(¶Šëû°ÔÔÊÝ®x<×h4^¯[?J§v &SiY’?Ó~ï?FÇlV‹Åb‰'Ã‘???çr^«ÕÒÒ¼ÀÔH¤õµÞò±ñøððh}]?$Ë‘È¨ßç•d¹««g<žXË“.?Ù)Z=J"œí½(:ü€ $#ª”ÕWQ•&”l\0Ø£CMG‘Mf—š‰Ë™¸Æì‚ªhôf?É.G{¡lÖ›k¸œŽ2‡­³«§ªÒg·YeYEœN‡¯Â+ŠÚT:?Éæô:­ÍfqØmƒC6›Å ×??ÇM&S¹Û©×ëÆÆ’$9?ŽððÈØxÜSî’ee|<ár9€-ØŒN¥³&ãÉk?ñ€ˆh“Igá°Ài).=¤(‰£oj¼¨­€¢ '0GEºâŒÞ±ú#¨ñ¢Ö‹ÂòD³-Å`2Àa†ÝŒBGÁÐ<vìð£'ŒÑÉÖc$A@µV#¬FÈKHL ƒN‹2¨*â)Ü™1©`º‘8\6X?Øá¿ß›±?äbT8±ÍI†<¹žRO:eÖâDç\ºÍÐ¶I§&$‡ät:\®2Š¢DFF{û¼žòÚšªºÚjEQr¹¼8ù‡?VTxŒ}4:ö ² ‘HööTüv»5›ËÇÆÆ?ee4‚FEQ#
A5*TÍäƒÍ2!UW¹OŠ˜¤XŸ4Ô@u¢³FõbY ¾‘ëûZçoÑùöäƒWóƒßªª*h4¢½JãªÕ”U+±ÞlGP0–šÍÚÒjµ»vÖ÷ßõõªª"—Óa·Y5ÁëqÝìˆ^¾ru_KÓöíÛzzú¿¹r€³ÌQ·}› ÑÄÆâ×®ß.¼ª®¶Úfµ‚P¿½¦§·¿³«G4žrgY™}ëõ$ÓIRœËŽ%ÿðÿ°Þux¤:ÿñÿq½+BDkë‹›¥/Óe…¢Î¾W±ÓŠl~Æ<?…XMÐ‹ÞYÔ Ì‚‰Üƒ‹š÷HƒVÓýU•X­f©7].¬Ö:žš½zéÒ+¼\Oí¾ÿøü_—¸tÀå,SelæÝÐ\Î²L6»ÊEHý¾ŠôÄÄøx\Å–æ?V«¥·p` ¸ê*/ÉÑ§¾7õ8sëcÓ‹¥?ÂjE3n‚¦BÊAk˜|¦¨rnÆZ¥ª¢Êyaê€µ1ë|Ïñõô«QB…»&OÏuªª*Š25@HQÓï’V¸×²(Š³ÒàÜ¢Vo'^h—–°¹¼”Jg%Iq•Y¦Âöê‡b·£T¥m4›5:Ñ¼-ûyoo<¯ä¢-OY¹ßQ°¸y?Ìæ—–R“%–¼ô
o4ÑØ<½ón\»ÍVð?YV‚ I$¡ÐÐ*‹ÝXæ¹;²€éMA3û>‚f­³ÁÃ4wž€ Ó7Î½}² Zí<Í¿2å 8+a< hµ¢É¨c¿Á²0mAñDâêµ›o¹ÅlP¸Ãš,Ïw‹;¢£²ÂYÚÞZÆ""¢­)›Ë=´¡DD´e”lmvŒDDDDDTÄx@DDDDDEŒDDDDDTÄ©ÉDDDD´!Ä“kºr‘ÝjZ£’·Æ"¢‡A#@Q×»´|š™­AÐ¨ª²àÑ4I4³Ÿª
„GcÌ‚ªÌ=}EQ5šGk±NEQ…åÿÅÍw.lº¾?/*Ñz3o?1=Zfýá
÷ š}¡6ebµ7zÛ,”‰1lÓ·XÌ¦DbsÞ´o‰¿/›ãÑÃàq¬whEfýá¼^÷ºUeS™u¡´¿<Ö¿~Õy¨ä±~­Ã?}‹×ë…‡×¯Fë#æ÷e“b< "zªÜ°×»´LV#ªf6oU~«Å²nÚ$¬K jFûXtÕ)Ù”4Ú³~•zH¤Ñ%›]uÓ7ªüétf`0´~õzØCétfÖÇ€6Æ"¢‡dg€a3±±30Ïö¦];˜aµXšví˜»]Wµ_Ž‡òÁï”t[oþ†ª(éh>ø?éªöÏÝß´kÇððhÇí;ããqeëÎCRu|<ÞqûÎððè¼Ú85™ˆè!1é±¿ƒ£ˆŒ#?åLåJ#Àl€Ç1»ß`ŠÉdl=°g`04<<šJOp¦r? h,f“×ë^èc?ÞbØ~DŽöä‡n!›Øb×M40Ø´¿®ržl0ýcÓÝÓ¿…?6Sƒ];™61Æ"¢‡ªÊ½`»“6‘@•Ÿ'V@tÕÍxóHáÇ†6."""""¢"Æ"""""*b< """"¢"Æ"""""*âÔd""""ÚR†.½ý«k3¶l;úÊó¶[zÿ¡u«ÓæÁx@DDDD[PECc•uò‰^Öû¬o}6Æ""""Ú‚|»=V±Þ•Ø„ˆˆˆˆhCèëôU”?¥¹Ã|<JÅÇfweï[¿4ŒDDDD´!8ì6ƒÁPªÒî~uöîäã}/¿ñãÁÒ0Ñ†`±šKXZó½ö¸·øX,YèØú6I’´Zþ-ˆˆˆèÑ%I’®¤Í!­A§g?Áò±Iº!ÖÔÔ¬w-ˆˆˆˆÖÍÀÀ@iw\þf²Hs`_s]ißbKb<XªŠË—/3Ñ£ìÊ•+ª
A(Y?C]?C“?íÚÚmãm¶Æ?*Yé[ãÁ:ÀÕ«W}>ß‘#GÖ»:DDDDëàË/¿¼zõª hJ*ã¯Ÿ»™Ù`I6U„Ó§O‡B¡C‡ÎC ""¢G?$IÝÝ=ß~ÛvóæMA(]÷­›¡ëO„BWÚµk×®^½¦ªª @UÕõ®×V+wÙ×»K2?û½eë]"Ú†ÛþéÓ;íùãgkõª¢èõú‡[­MFQ”ÈH4›ÍÍ»×b19Ë™LÖl6=ôª­ilxÜèu/8Ã7žÐ{ì_Âõ,Ëfs‹I„ÉA´Î6uò+¡Nûfð+²VA#šõ®Å’l¢ªÑ:«8ô—~h½+±é‰¢ÆWá]ü‹åQj>é\å‹í78|‹,ºèõ,¶y´Úb6`×Áñ(}¾7°b2P!šBïãóšh4›ã
o¢ª-ÇTãGTAà£ãÁÂH@DDD?AƒÁFÃx°á0$<‚ l–ë¼‰ªJDDD[Ç4Qã1Qã1QW."zTÄ“ë]""¢õd·>2·»^Æ¢GÿM$""¢âà""""""*b< """"¢"Æ"""""*b< """"¢"Æ"""""*b< """"¢"Æ"""""*b< """"¢"Æ"""""*b< """"¢"Æ"""""*b< """"¢"Æ"""""*b< """"¢"Æ"""""*b< """"¢"Æ"""""*b< """"¢"Æ"""""*b< """"¢"Æ"""""*Ò®wˆˆ“Ì +ˆÎA´Ö£¡r½kCDD´Õ1Ñ’$’©ÎÎžD2u»³Çf³Tú+ü~¯Íj­ô{×îM“¼{V#l&œ¿€?ˆˆhm1Ñƒ]ik¿ÜÖÀf³jmI$S‰D²?v6ÔlmYMáßö ­ûþS«¯??©làèø?øä2º‚Ç9ŸSuúþI“³yèu¢°šj.JUr9èó×”ó9âš¾;Qé0ÑbÉÔÙsƒ¡áC­-³b@¡?ár[ûí®ž—_:n³ZVP~WmÝh­¿¿ÅjÄô~ƒdál&„b‹uLÜùÃ»7\'Oµ¸æ¶ÂÇnöëÞç_}Ì¿‚
.@ÎçdQ¯ŸÌáö·?ÇK?Ùç™·bßàÈ©gVryˆªœ“Å…â=9—‡nNÆVå\z½¸öõÛlx=iuˆh1…lðòKÇ+ýÞD2u¥­}jpÑÁÖ–ƒ­-~ÅGŸùèã3o¼þÊ
ÊoëFC%ÔÍØ8•ŽîA8†¶n´uÃjœ‘"æ‘îjë¬?¾Ó<sk¶¯­#”vÔÄ??¼{·úõu¦iÚñäµõ%}{¢-CÍôsæ\·l6Ëi¥ê™ßÛ6óK%Çn?ûìúˆY/¦s¶ýÇŸorŠ?»õåGßEÍf1?¶¶ž8ÚìÔ­×l,¼žT
ÚàPl½ë@DÔGŸ™žÞ~çƒÂöJÅíÎž`h¨°ë?¿òö;œ=ÿÕ±£O,÷-’ØL³·Le¿6S1ÝSìXXP™-{­+R¿Ï3ýw?áÎoÒfË­XÉˆ:þG´?\ïW_©­oü§J?C_ÿÇW½¾gkï§iuäÚç÷*_~í9+ ¦:~súš÷Õn`ôúoú+~øãc6HÞúô³ë?:PÎñ{¼žT"Z—Ó¶Þu ¢?èvWO04|ì™'
“?¯´µ¶Wú½ÇŽ>q°µåíw>8{îbaXÑ±gž8{î«Æ†ºUÎTž•f=}oóã¸réVÝK-Sÿ¬¥»ÚzûÏ}5uTnì^ÏõÞÎp4*é\îêÇŽ´øÍ0ÑýõoƒÏìVn]êèv?:Q5|áì@å±#õ†Â|ÿi{Ïßtç2?â¿ý @ýášR:|íË«·F20ºš¾÷øÞJßüð"¿²{î¸#¢G^~°7Ò°÷X!A‹þ¦æK_õOÔî˜úÉ z¯ÃÝø#+@°44ûþwïÐwÅÈÀ?òÆÚ
íWkc³ÿßïF”¯á*›¯'•ï{@Dóëìì©ô{w6ÇýCC…©É[÷°Y-….…ÂÞJE¥ß{öüÅU¾éùë+Í óìÝo»Ñ1?+>—ïÝø
-ûª§÷’gC·îÉ?–ï¿üâ§Ž=å?žþ]W²°GÊDÃ7Ï]Jx{úOž­5AÎ¥R’|ÿ¥R&šR×®Ï=Õdƒ½ñ©Ï?8ñÜ®bÃð›Aë¡§O½úýïïP®þîRO¦P‰|4‘_åe!Ú¢¢#ýÛýñ€&³=›ÖÕ7‹¤ì¦©¿E“É2:>?ÌØ?b³L}¯E³U3Ï<ÌzoT¼žTŒD´ ©ÖA¥ßûÆë¯LïH$Šæ%¯lvò”® B1´Ö¯,ŒÕ{#ß\?€šèºÙwhÖôCÍá'›kËL?Þ`ví¨ŒEF³“;³îÖç÷Õ•Ûæ_ƒh’hÐ™t"D?É Ó¦¦÷é¿×Zç4ëfWKË>Cd4ºüK@ôˆ‘ó®iÃuf‹,«Óv+¨²Yï?5ZÊT²¤:mÓþ±±˜P¦%ùG¯'•ãÍï`ëÞD"55¦ÈfµCÃÁÐpái"™
††w6û
#‘
+Š€ß…®àŒlŠW8]
×žýþÛí])Èýmæ–]åsŽP•‰X$4¸}³íÚ½1äsÒä®r?{åsˆ½î²©ÇF“ã‰ôŠË"zDˆºhbbêY>?g,§£Á`"yÿi&5&µB,1í·‹ÔÄ84œâ^O*Æ"š_¥ß»³±®Ðîpì™Ã…ÉÊgÏuöüWo¿ó?Íf),uŸ=÷U¥ß»Ê‰¡(¬F¼{çoÌè7Ç?\zG·¾r_+®^ko»2ÖÚZ=»µ¯Foüê£Ï.‡“D‹Ëï±qI!¢õã*ß6=G??W”ß?Ù09=–øÄähAäâã¨p™`,«Ð$RScöò‰(|ÎÅ.xDðzRi0Ñ‚¶¶Ø¬–³ç/^ik·Y-oüø•C­-ÁÐP04´³±î?×_)t)|ôñ™J¿÷å—Ž¯òíü.h­Ç‹‡ðúÓËS4“©±¥q «£¢¹¡lÎ¾á{m©ê'Ž·4ÔúüŸ¿|£¡’ãcS?E½²ÌÞw¢ÕÑUÕz®vôæTÈvwyk«ô@&Œå¸ªw?^ï(¬°¨Æ»:£»åÊ;FÚoŽ†ÍÄïtŒî¨v­ï‰l¼žT¼ï-Èfµ{æðGŸ)Ü2¹p£ƒ©›£MÝÍf³¬>8Ú¼ú2‚kï©—›EÝ<½ãV›ÝÑ(ün@Í\ïŒÂ¾@)f·W÷åÝÁdcƒU@n¨ýR70™Xô6›5ÖÛ7ÚÐìÔ
 ¢Ño?òÇ‰3ï¾sÕlÌ¥???ø~­Àx÷GŸâ‡u¨B(?pbÏ¹ß¾÷o=Ò¨xâ…gÜ÷?´\øÍ;ïÃŒ´âyêÄÓ\…³€×“J‚ñ€ˆc³Z^~éx!’@¥¿ÂfµCC…AGsï¦¼,~'¦?”?ß˜‡v¾lÀR÷Ä‘Èï~óÁu£Q/ëÔz#•áÚsä±Ï/ñèMëºIDATüû¿¶¢«¦õ±ýe§û&÷•ïz®%òÙ§ïˆ;Ÿþ³ÀòkHD +ßûƒ?k‘eE§¾´‡þú¯&[kŸ9UI†vÆwÚ¶ýém‡,AdCf^O*áoÿîï×»Dë@ÔlŽ‘u‘ÑñÊŠ•²)©D2…BÃ…N!¡±±nõ«µuÃïš}s´éÚºq´•«yŸÙä¬".º<Ñ}R>',pk3UÉå¡×oŽÏ•Jp(æq;Ö»k…!‘ˆ–Äfµìl¨›ºB©ø]hÌ s]L>¶ÑZ_âl`©Ù€V·àôeA£çÔf""ÚZˆh=Y?8P‡%DDD´Bì'""""¢"Æ"""""*b< """"¢"Æ"""""*b< """"¢"Æ"""""*b< """"¢"Æ"""""*b< """"¢"Æ"""""*b< """"¢"Æ"""""*b< """"¢¢’Æƒl<?-eyDDDDDô0•2„¯þë/®†KX òÙlV*e?DDDDD´°:¸(¼rúí7ö?ÿéÍ7ÿ×Ïþùý/:còG†/ýüg—
™$ÝùéÏ?éL?”
Îy/iàâ/Þ¼80+ÌHß|§má?üìgw&JÕˆˆˆˆˆVJ»†eÇ{.w`÷ãuæe¾.{÷Ì¿üzd÷Éÿ÷j»¨‘²±Áöoû¢?NÏÕ³$´?æÃåoµu4öØ§6NÜ½}¹|ïŸ•Ãnþñ©¸Å¸®5$""""z?5ë=ˆ÷œ;}úF|¡ý1ró«.Ï³/®±‹Zƒ³æÐsû‹Ù@‘â‘??H\V–PR>„cé©JÈ…ÁJR<2ŽMLû¥¿Pl86c(S~Îa@6^èÝíÛ[v÷}×¹¿%ÞÝÞÛzpg½ÝSnžÌbòD,<0Ïß:›ÍÞ¿LùéÃ©fî"""""ZckÓ{ï9wút¯óø©ãËí:@2)ßpÎÝ#G®|üáw¨ore»NUûá‰zû|%€¾ô¯§ûœµÕ>1vúãÌÁ“§ö{?îþÝ[7ÄíbNëqf»OÚ½úÒ¾r1¾ü«?‡+[üb¼í7ñ?|u·ñ®Ï>¼®­¯±Ëí§#žNò‰ˆwŸyïì°og?¡íbÖ07!˜¶ï<ôûÓwöz"iàÆ×éÖ“5"€áKo¾‡×þæI¤ðå_ž‰øš+Äè7cÏ©çÒíÿrF<ù“ÙîsÿtÖòòŸˆ€ÜñÍåùƒ¦e_C""""¢Y‹x»vúôµ0>óÖ­3swŽýøTË<­ÿ"I–`ÖÎS¯øí‹—´GþôÅ]vàÉ½×ß«­ç¿«[ ­¯õOúx¡”:Ëÿ{¿ox¿ÇrÍOÿ¸ÉÞýÝ/ÿåroã‰ÚáŽ‹Ö'ÿòH“8ð`ìúÙó–cÿùé€@Ãµ_ýþöŽWëc—>‰4½öÚ“>?ïûâŸûãsÞ4Ðô¤çÿ^ïÝ¨7!Ûwý²gÿOgŽˆ’.~lzíä;€–ªsÿ|u`ûÓ5ðáÝð?c]7"6Ë­»¡Çmv çúîÆ¿`6 """¢‡f-â?³öPÓí_ßÂ¡_hõæ¾¥nî¶é»E-ÒÒÜõŠRC÷úªv+öØË}ø}8¶`<äÄ@O_$™²Ã?Ý“?ö×××‹púªq16ŽzwÕîÈù3gcµ•UþÊ*?U›Žôõ™ái¿T(×Y2ˆ?ö`û‹>@çñVbN<Êš›.Ü¸¯ß?îý{[ž?Õ½ßJ£®»­0§9›1ÇÓêö»þ£k ÕgvÊ-'žJ¼ß}ïñ€¯ÿNûž?O-z­ˆˆˆˆˆJjMÙ·;ùŠøá§/Ú^;¾Ç).ëÅV?¿|äÎ@lwÙÌ­hDVšÒ£f­,04?víÃwv½v¬Ù&"!¯ç&wdsY ð‹¼”‡¨ÓÖ†ç²==>‰ô\|÷båËÒ¢5ÀV¾£¹©Ø¸oÞ§Õ!6#+ËÀ¢§c¨Ýµçì…®H9®¥>¿}Nã^k†»nwsUáÙîfh¶íôüá^¸ÉÑ‰?ÇÊýÉ¦Óý{•îÞC{Ž­åÔq""""¢YÖjj²aÛÓ'_Ù“íé›ç'ö(ßûì¾ìïOŸëÉJ€"¥c]?½1TÕ¶Äntd ÝÝyÝÓ²Í˜íU?ÄÀlw"‰È?ÍÅE§»Ül0²‘?»÷K¸u+œ€lwÇMs“ÏÄGby­Ùé«i||ßŽØèxÎà«Û;ÔÑ7
ƒÁ`0O¤4ðT5y:®wÇ@ŽÜê¸3íÅ@S«öÊ'Ÿ]1ïk˜»Ô’§ªÉ×q«/[(X”ãiìõÍÛ._øìš¡©¶b a_ß•3m#­;ËKVDDDDD«³†¿N¶=yrÛJ^(úž<ù#ÃÙ³ï¿yZGÅ?'žuÁà9òêø™Þüì?ÅíO¾tÀ'öÀž½í§ßúÙ…Ã¯ý·õ‡=~ò?Ú¶½ð_^j|®ñóOñžÛnp7Tî¸_x}ƒýî'o?™ÈÆ¤ò§^:Ð"ï¹tþƒˆÉn‘âqëákÍÐÕ=u2~æ·oýL28óY¾p¬ž}Ïüä­Ÿ_t˜íÛ÷øê›¿úå»[·}ñžÚ>ß¼iÏÁž»pöW?¿ 5kG%gëÑcn§AC qï'w¥â"°¾šÒÅÛMÇ6ôJ®DDDD´ûw_ª²Â—~þNýÍã¾REÊ*ZƒvöFY£?õ³º,AÔ>à1?îüô­;õ?}±ÑIÂ¬éÏóI’µ³6J²¢Wßé’— ãÈ¡õ$j6è=g‰ŒŽWV,<•9âÉ‰’”CDD´IÙ­¦’”ŠyÜŽ’µ•²…j¯<ü\jt%4ZÃÜ&ÜÜF<¦g€Ï0wi¤ùŠÅìl Ù`6 ‡¯Tÿ&ÑVÊFª9°o‹+=sýsQ#r- """"¢ù=Z¿a‹'û-ds¿&""""¢‡€ñ€ˆˆˆˆˆŠˆˆˆˆˆ¨ˆñ€ˆˆˆˆˆŠˆˆˆˆˆ¨ˆñ€ˆˆˆˆˆŠˆˆˆˆˆ¨ˆñ€ˆˆˆˆˆŠˆˆˆˆˆ¨ˆñ€ˆˆˆˆˆŠˆˆˆˆˆ¨ˆñ€ˆˆˆˆˆŠˆˆˆˆˆ¨ˆñ€ˆˆˆˆˆŠˆˆˆˆˆ¨ˆñ€ˆˆˆˆˆŠˆˆˆˆˆ¨ˆñ€ˆˆˆˆˆŠˆˆˆˆˆ¨H»Þ "ZL2ƒ® :ÑZ?†Êõ®ÑVÇx@DK’H¦:;{ÉÔíÎ›ÍRé¯ðû½6«µÒï]»7MfðîX?°™pþ&""¢µÅx@Dv¥­ýr[;›Ír¨µ%‘L%ÉBNØÙPw°µe5…Ûƒ¶îûO­F¼þ4¦²€£{àwâ“Ëè
.ä|NÕéø'MÎæ¡×‰ÂjªY,G|—ÙT%—“çlõ†M6ªSÎŒEG2 µ8]e†_ÆÂ‰kuz±ðóŸòÜë³ôk;o=—õ×YâK¦ŸËJê”ÏIí[õ'a•u#"Zã-&‘L?=w1>ÔÚ2+ú.·µßîêyù¥ã6«eåwÑÖ?Öúû[¬FLï7HfŽÁfB(¶X×ÁÄ??¼{ÃuòT‹knãuìög¿¾á}þÕÇü+¨àt‘¶÷.Üh|úÏ÷,éðtïù_¶?ZŒ¦?ÀêÃ¯ì^Úë75ÑóÅ¾ìËXmF@.•m­G?ì­4,öªtïù_~‡ÇNßiF¸ýíÏñÒOöÍsÊáö·?ïuJ9™È‹•»O<ÕàÐ¯ ®Køë¨J.'‹÷ƒâ^2ý\–Ÿ3'zÛ~{}¬ø$Ÿ‰f0í|—ÿI˜Uÿ™uÛÜT9'‹‹ä49—‡nÎ•Wå\zÆ£¹x=iuˆh1…lðòKÇ+ýÞD2u¥­}jpÑÁÖ–ƒ­-~ÅGŸùèã3o¼þÊ
ÊoëFC%ÔÍØ8•ŽîA8†¶n´uÃjœ‘"æ‘îjë¬ŸÓTÊöµuD€R?ò´¾öò>Q·œ—”µþÑ3+ÉMBôÛçSµ'_ÛíšŒ¹‘ž«á?æÚ£¯UC»”UûÔ+Ó’CvìÆï÷Ûv÷Ÿt-¿²Køë¤{Ïÿò^Í©©¿È^2ã\"mï]Àrr¦©þ{'§>´¡«ÿçsÌ8ßåšUÿe\çLÍôsæ\·l6Ëi¥ê™ßÛfš±_ŽÝ:÷Ùõ³^Lçlû??ßä ?vëË?¾‹šÍb:mm=q´Ù¹É¯C©ðzR)üeXGËƒÁH‚IEND®B`‚' height='200' width='200'/><br>]]>
    </system-out>
  </testcase> <!-- runScenario -->
  <testcase classname="Runner.TestRunner" name="runScenario" time="43.400">
    <system-out>
      <![CDATA[<br><img src='data:image/png;base64,‰PNG

IHDR
1K«Í/sRGB®Îé IDATxœìÝy`Tõ½÷ñïlgf2“B„HXHˆeiDÄKŠâÅBú ¶?à½EûÔÝ«V[7,.Ïµx¯ÒŠJ‹RQÄ+²X"eÓ°H"!Ùg2™3ÛóGNB6 „?!áýú+gû?ïüq>óûýÎOçt©"ú`àJA< !Ðhˆ4Äâñ€†x@C< !Ðhˆ4Äâñ€†x@C< !Ðhˆ4Äâ?1ØˆˆÔ¸Ü•UÎšÕëõúü?`—tƒ^g4CB”ð0[ˆÕìrDçt©Á­ ðt™Ïˆé¦(&?N¤\5t:] PUOñ™*ƒA×»WT?ën<8‘_aµ’
p5Óé¤ºÚUVáèÌ2‚
O—…Ú¬v»5XW‡ÃUít±!hS“k\nŸ/J64¡¡VŸ/Pãr«€ ÅƒÊ*gLÏ0Æ‰éVYåVÁë=¨QÅ¬»W&E1ÕÔmüÐâ?×ëÕé‚usà
[...]
L&ãÅÆƒ³1Ùå“?¯Ô·Ì ÀI{ùõ."‘×‘¶¨©D×ï–ã)š‰tý÷8
+gäõ6ƒá…K\åPÅâÉ†f¯ãòrG
.‡
o¿¡ðö/ì¸ñßüË/æ=…6„ËM¯xž‹ÅâÝ=áp8ªÓf“QV-ŒllòšìóÍfcCS»Ï¸×·•W•t5¼Qç/ª(6‘.·4/y²¾3¥©ñ†z¯PêÎ>s¸³¨Tè¨o©DD©îž(9‹J…ÖÆö¸ t:?O…¢iûîÜãëÑ|A®3]œËo½0ÙZóTýÃé.dü3›ŒY[O(rôxC8³Û,z½.ŽJ’d4FÆPëAÿéM/>oRÅ±ææÂIùZ(Ò•ÌŸÝónÝó/fIárJ¯ªq÷OK®šù‹vï}íùz…ˆµf/ºrvQÍü{ö¾ö|=§gS²P2sv–C—–€Ž&œŽ®„p¹][øOÿ}tcº«ÿ?/ÈÏaY&‰»œŽ\·“ãX†ar²³F¼³aÃ†K]çð>Zïõ}kúÔŠ‘?¨UQèÜ3Ãò®¢HÄò—&¨ªJD7ïïgO]}UEþ%)`Ä¼iÅØ8—É/ðÃ}TÐžKGÚ)fô´{‚9.ûå¸²$É,ËèuCý_QÔ¤(&II’yŽãžeY"â8V'#Xú )Jéo=¨™Z1Ú+ŸÀ°ç{Òä]–MÿÇ?(Ší¾`0Ô·‡a½^çÎÉr:í,qç={pxÎÈHÃð<'èÎL—£ÈJ°;‰Æ†ÍÉvŒàšˆI§
òrrÝgæ¸W¥+ÐÓÐØìîA<€Öî^Ö±ãnFx†aaàTû\6ëõDQRuÃ`LpfY/_<Ã—ã²c?ªª‰¤˜’$£Q?²ñF•ªªñx‚ˆŒF%“¢ ðÇio%“¢ YS)íx?ç8ŽSUx"’EJIÃ¤¤33!p,«×ë†QU5•J‚ m‹bŠxŽe‰H–å¾‹h7ÒNÑ®?EžçÜW§ÓöŒ’$‡ÂÑD"©½T‰R)©+Ð“JI6«9ã×=€qÏïlzá•h4Ærl–Ý¾öúU¯mygþ¼Úò²b"ŠÅÏmÚ|Ý5W5·´½½u‡Éd$¢é5“‹‹
¶¼ùî'?±Öj5wußß±·´¤è½{“Éd$s:å¥Å«¯^Êó|,žxúO»jùâªÊRI’_yíí+Íuç¸dEyõõw‰äÚë¯Ö{ê™ç¯Yµ¼´¤?ˆzzBýÛ+×|å€û.»raº?0€óI¥$Ww Ø£½T‰TEeÊÏËv¹F2ðñF?,ËïíØ;göŒ¹³§3#Š¢¢žóàËÍ›3SÛnhlikï|mË;k¯_¥í©™6yVí´†Æ–Ý{ên¾ñZ­M ï.›_~ãöOÞè°Ÿ™?¸»;?'XŽmk÷h‘@–•?»öäçò<wàƒ£þ®ÀÙ÷ãxžËrXuýf.âXÖhÔ[­f½N8ï©ç¾æ¥+à|I±+Ð½pÁl­?K§Ó¥Rç\*åÈÑ“ÝÝ!"š5s-˜7K¯×}pèhqQÁùïâÌrLž\ñî{{V¯\ªíQUõÄ‰Ó“ªÊívëÑc§ŠŠò‰(+Ëf4N74åd»ºº‚e%Egß7;ÛyI?€KLxƒA/¼ÙdäxŽˆ¢DRÅË2?’GýK³ô/À¥•“ã*/+./+Ö†(°,»äŠy'O5?QÁs'U–å¹³ß~g‡,+DŽD??¨WT%‹·µwú¼]DÄ2ìÜÙ3:¶ý½Ý3gLÕëuƒÞ`,“$¹£ÓïõUUe†e†aÂáXSKGp¤C±`”ú\wö?I’¤ªª××%Içl=ÈÉvVV”VV”šÍ¦¾Ó¯Z¾x÷ÞºdR¼À?fÎœ±xüT}#56¶rë÷ÚÚ;vÛÑã§TU%"»ÝV^V¬(jA¾û<÷³"Ñx Ø#I²6Ñ‹†ç¹p8ÖÝ:ï©ç„ÎEN§Çûøã9Pw˜ˆ®Y½â®õ·ŽÎ}9–]¾táKÿØòýþ?"š9}Ê5«–Ñïÿð9¶[o¹¡ïà··îØµ»®oh²¶3×?½vÍªºŽ\ð^z?îÚU+^Üüz<ž8tøØê•Ëòòrˆ(Žü}ó–p8¢6oÎÌysföïãÔÿ¾š0¨?þ­Ï·<~sñú…ÙËÓ]ËD—LŠ)IÖéxŽ;ó¥¿Éd^LIŠª²ÃŸ¼ˆÙ°aÃ¥®†Aû&{ãÆ?Ã:kO]}UEþn×éñÞ~Ç—îºóÖÚÚšººÃ¯¾öö¿}ëžYµ5#¸Ô‚7­'n<ç×ÿ0.ýêø¿:ö-Ì^þÄ’7Îsääøá>*|û;ÿ~Y×=¸TË¢µ{‚9.û6I’Y–Ñë†ú~W çØ‰Fg–mò¤Rm2w"
v‡?oÈrX§L.î‡™%´L,Z£?Öb0«¶¦îƒÃ??ñì¬Úá…˜˜65?¦e"*4•¥» ‹Ùh6ÁP{‡Ïf5s,›S­mI’­X÷†ÂÓéëßV?—ë>ïá½vú·Þ·ÿ³ÚöÂìå?™ýHº+Òétù¹Ù?Íí?m‚À3#I²$Ëyn—Ë9ÂöMžXjkkÔ~åµ·´ŽFêçææ¤»(ëvú·Þ¹}¥¶]h*;·"5C.—½¢¼(';K–e-fcYq~qQ®Ñ Ù5Ñz0±Ìª­¹ëÎ[üéCþô¡Þ—£54Æ¾¶XãÙ½†Úb?}Ù€ˆÐn0¦ð—í´Ûm)%©ªÊr¬Nú?Tö/iy?îZë5×¬8Pw8/×=²AÉ0.Ý¹}åNÿÖBSÙ[«Nõíl‹5Þ±ýê¾—O,y?5Ãè^'\šûôÇŸ?xþL&£Ù„5ª.­OÑ‡4v‚¢¨áHÄd4
ýå–e9?YÌ¦þúÀeÒk¼oÿgûšîÛÿÙ¶X£¶?l0¤3>Zøèé–“ã\0·áâ¨;üàOêôxórÝÚ:ZÂh®~ =€F? IDATîo~å­_=üÇŸüðÛsgÏ ¢x<ñôŸ_xâ©M¡p„çùÛ>qý?‡Éhì
t?úØ³Ï=ÿ²(Š:?îÞ/ÞõÉ[o@H¸Ln.^¿Ó¿U›¡¨ÐTzoõýZ{‚öî½SîG6˜ÒN/˜[SVZpþÃ6¿ú®Ï0_à0ï¾MugšÁ8ÖV0yé¼bóe™6÷‚E”HÐ±é¹ûà:=Þ¯sÃ]wÞzÍ5+ú&,êôx_}õíÇžx67/çÚÕW?B¡päÁŸýæÈ±“)1Õ·3‹ó÷—g~?“íôx|ßùÞƒo½ýþšë>GòóÝ[þñ¤Åb>~¢þ[ßùqÍ´Ic§¹`œYWrW[¼I›ºtSóã›šïk7X˜½üÞêûÓ] Œ†4w.jhîhhî8ÿ1Ñh|ˆW«ºrÕí¹78øþÞ7ŽÚÖN»,+V\ˆÿÀßë¨¯˜±áñÇÿrö@ä¼\÷]ëoõx|??þ—Ñ‰V‹ùî»>aµZ¾yß?úvº\YwÝy‹¶??íœR])I••••iû‹Šò«*KeE…"&¬uÅëwù·îôoíCYÆ“4ÇŸ/pY®«wV›?¶¢ÓìfR”XØß“Ò9?=Kª’JIÜ™¯öE”d^'?”RX??wyâœv¤=³­Q•D(”õ¹YVít%%ÊœN h—'L6·Ë¬]?%‘(¦Dê½‘îòEe“=ÛfLW“Â?ºÃ³jk´)MÈÍÍéôxµNG—»†a*+J»»Cg¿?ÅSbª¾¡ùä©Æ[o¹^Û©ªj$“eyÏ¾dY./+¾ÜLd…¦²ŸÌ~äª×«úïI{6ðí}ö´ü®¹¹é-c‚Hs<ÈÉq^pPÁÇ.*É¬3*Þ}/l5Ùò?|p÷þTÕÜ5Ó,­»¶Ï]tí$+QøÔk¯«×,t·îÚÜÂåK¬`Ž·¾¯TLÉö¶ÇÚöÒesrXJy÷½yÐïÌÍæãûÞWªW,¬2Gë·¿wœµq"ë²§šZæÎ[¾4Ç³{Ûév"ú`GO%s—M‘ë^Þu—Ú¸Ø‰wâ…«?Viá§uQ®Y½¢îƒÃ?¯y}wVmMÚ—H{äÑ?ýñ‰çýúO¯ËÏë-&™ò³‡_~õm›Õò¯÷~Æn³¦·H€qOKÚ
h…¦²'—lIwE0<qQe2#üN:Íñ`úÔŠœì¬óóÖ¶½C¼š÷ô¡}DDr,Ðäe«ç³,;ëº«æ°,QÑ‘çßm÷N›^Z‘½wKWÕ4C]?í‘’)¥zŠ‘hŸ±jŠƒ¡Ž½¯ok×]»rº?¡Ž½¯ooÌÉq¶ÖÕyK\;ÅND©œ½/í¬˜g%¢(›·öêRQµõ?WÛ%å‹Wë÷mª£yËæ¸‰HjÞá5×,^Ti&¢ùêÅf#4ö×7øÊ=wåž»{BáŸþü·Oÿù…¾ó†aý?6~ëG¿ÕÞáÙø£ÿ¶˜Í«V^™îJÆ9m‚Ö×èìe.9ì÷I–|§‘ˆäx0Ð-êÙvã‡³’(‰PÔgåØ1cÍà’’úÊÁ¸J”gçŽ™]¢cˆ˜aÆ„ôOlzéñæÜ²¼Isz;Éo}‹?$IQ’DÄæOÚ¿ÿdÇW~ µ™&-Êëí<är8""Ž#ÊvØ>ÜVT…(àm#r·ì«k!"’$.?“•ˆ\ùÙÚo('ð¤?|V5®<Û®ön¹ósÜùÎ4?–Îv›uþÜ™»öÔ%“¢¡ßjù¹5S'=vñ`¤e òsoí²T.¸Þ¡4ïxã­V]E…CÞõž<cõL"ê>ºí².Oð?è”f|ì¦Ù£_Þä+þ°<5_ †’)µ½[Æ”XRmÊ?9åM-®Ô;‡÷ÀŸþx?%=íÎÎÊÉqöÍsZ3µr3™º+§Ü}ìå7å+fÏ°p©÷6%‰ˆ˜ìòÉÆWê[fPà¤½üz×‡Ÿoy9–ãÉQX9#¯7¿Î`x?†4fÚ\¶ð–¢xw0ào>òòAÇ²UÓÝéÿÔÓF[Ü '–e9?uw‡Ìf“ÇëÛºmçê«—e»²ü]Á»öWU–éõºÃGN?Y¿òª%6«¥©¹í@Ý‘Û>qCº¸\n[ûq"’;w¾Ó™Íºùy<Ñ¼”,? QOVÍMµN–äüOnmöÍÈÎIwµiç+;N'zbŠ7$—çð¡¸zÚ›J¦z;«$RªA`â©a÷]+ªf³±ÿËX,~i:HI"gÎÎ2
E?™µÝ¶òª’#ÇÞ§Šjk‡vgQ©ðVcû´âJC¤D»Bärœë`³ÍI§=ä¶“JÑž€Îîtä:ä}©5”¢‰B¡ðW¾ñýC‡?ÑW¿ùýþ×?©ª(íî}âS_ÔÖ=øøµWÝróuÃ8?ŽC‡??ø_¿ÕÖ=Xÿéu+–-J÷O—WÀÓ&—,Îë}^8m£4ÏÉq‚Ž¤´Ö76´uËï?JúB2?ô¤Žv¤Ô³‚@JVùáÏŠ“ÎU³ÙèõÝ9T^Z E‚ò~‹h#’£Ñx,6Ô‰M‘]¾ ïö—Þ6êù¬bk_;ñy“*Ž57NÊ?O‹ÁG¸jæ/Ø³÷µçë9=›’…’™³³ç:×\:-ÿøû»ž=BŽ™sgDŽíhŽë‚œH¦ÔÎ7žã¤‰Áá°=þÈÏÏÞÏÖßó…õñxB¯×³þçç¹ïÿî¿~ï;_I$’ƒžn×9È@ÇRX‰té®dÌ
'ÔC­bW¤·W{ê¬ÞíšhRíè–?fÖfd‡ÒÊJ
›Û/¸prYiÁ—N#rÏY·j?ÝŒ¹dÁ²UQˆe¢i}oˆ¡ž”mr±ëÃOÊ\¹¸oè®{ÖªA¶sÉüe%óE"–ïU+VõÍûe®\|keï¶àž¾æÆéŠ¢°,K´øæYDŠBìP£È„e4Ò–Ã0Ì û`\rVØ÷Ÿj˜UZm%ƒ=©Lc3ÑP–ƒú UŒŠŠÓÌéy&ßÁe[.ü8šÎxP3µ¢fjÅhÜ‰9ëÁ<pê`—cÖüÌ’É²CþÌØþ·E6
gíÕË¶¿ýÒ³;$"ƒmÊâ£ò¼˜IS‘#øÂr(~¦GË?ÙÀªªI¨,ÛT•Ny$ž“?uôp«k.Ü?e¢ö‚·U]÷q^Ò]œÅR¶äú2’eâ´IaŠn½«ï=÷œ»Ö§±´±BÏ3zž!:fvJ¾à0±Éï[ƒgºI²–)’”Ä)ªŽ»@7£‰x¢ÀXÆqC8hBRT’5)õf†!§™½¾ÖdÖ3Ú»EYÜŸvE’©?œ¥ªÔ”Ë²/ðü?/™$UýR4ÙT•fëŒºÞf–!³ž)u&íx
Æ.<^a¢¶d #í©ž”§G–?|Ô7ŒŽcÌMTààê}gš8Žòí|¶åÂ-2h=È1Qõ‡Ïd?7ü‘ÉM•dE•úö14«X·t²¾Ø‰x0ŽäXÙ«$%õ”'IªÊ‡•cIõP[ªoÉ(³Ž)rò6ã?žüÑ¹(#éuºH$n±Lì%Ö`¬z©íéRKå„aËµqÉÔGVHVU
'Ô—ÄféŒ:&Uý©pBé[G9ËÌ²qa4ÄƒŒd1ë"ÑâŒM¯´ýužóÊtW1>¦ÒÍ{BJ\T%ùLNèŽ)[?'Ì†!Š‰jÿEÓÂ5šPÈ>¤© Ð¹(#åfÛSbªÝHw!}aÇ?'B‡?]ñ¥t2nÍ)ÕÏ)ÑÍ/×Uåò}KïjmÑ„I¨Tî‰)MY”†tq´d$“I_Vš×Øìéô-fš`,x©íéWÚþz:züG³;Ý>7ÝåŒ[Ù6ÛÂ**…âŠYÇÔµ¤Î<ÇËPRRuü…{!d*«Y_Y–ëñõº#?ÞîÑ/`ºyÑäðûg”˜+ç»®üÅ¼§?FË?ÃÄæÙù“^)–T¼Ë±DÉ2‘ÛÊMÊLº!?>Àã]3õå%îtÝ}½›®[€FRT=ÏôÅžc
\U® Éj[·ìÉYfva…>Û2Ô1ˆ™Êab]6.ª‰”JD3½H(Ìây–¦'=©l+ç2c¼1â@¦rÛ¸?M5jC%Uòíœ–´ÞGÕyÂp/ˆx?©"ž¥Y%º¨¨ò,é‡0øøü2žyh#?/ë@/Äè…x½Æ†ˆTuàg£
ñ`L`ˆT5Íù3À˜†‰ˆa.Í<™ˆaEVeYaY.]5 À˜P?›5ÁãË0*£J²ÌrÇ¦§›âAó%:»S?¨å¤Jií¤CŒŽÓ›y«CpæòÒ]N†bX–•e%•’‰'ŽKCB@<ÈH¾Dg[¼))'Ò]@/•Ô¤œHÊ‰@Ò×o*4–"$ŒÃ0ËÊŠ"¦$Na9–eX†ÅÄƒÌÓ9åI´¥»
€sJÊ‰úÈñ¨)³T¥»–ÌÃ°Ç°²¢H²"Ë
£u·•„ Ë2âA†A6€L¡=´ !ŒÃ0<Çª*)Š¢ª¤ý7ÛÛœaÄƒLâKtÈ›Ûþ¼§k[cô”¤¤ÒWñ¬Pf®šçZº¦ð¶¾?žD›™· —Ñˆ0C7ÚS!d’¶xSß¶7Ñþë?®¶ÍÜXûpmÖ«Oki0Ñ‰J².¸ëé†ßlüàË_œü]·¡@ÛßoB<È X-cø?ýÇ"ÿúÄ?o)¹ûóžšïZŠli§cõó]K1ï©[Jîþõ‰÷íOÊ_¢3­¥Á0 dŒîT o{sÛŸ«m3?Sõõ´V0ˆÏT}½Ú6ssÛŸûöôŒ?1ñ cD¥pßöž®m·—!­åœÓíå_ØÓµ­ïeÿÇã2†('û¶£§j³¤µ€sªÍZÐ=Õ÷²ÿcŒqˆ£ÿtV’’Âx³t¬¾ÿ´ŠCœ•ÆÄè…x½ âôÂªÉ‚ªªÉ¤(+
ô:ŽãTU?Ç*C¤7è9¶7(¦R’˜JiÇô?(¼¢¨bªw€‘Às:?®ï`? °›L$ûÆõ]SUUQLñßÿú,Ëh—E’$½N§Ý(•J‚À0‰¢ÈqÜÙ‡õÿqEÑî¢•ÑWÇq‰¤HDËêõ:í‚0ˆ‚$É/þýõ¶öN½^ŽDW¯\:iRù“OoJŠ"Ïó‰xâÆ®)//~ÇÞíïïµXL‰xbÕÊ¥3¦OÑNœ?¯¶+|{ë“ÉHDÓk&/Y<ÿý{·mße³Y#‘Ø‹æž>Ý?Æü]Á¬,›Íj]{ý*—Ó!Iò/½6¥ºjæŒ)D”H$Ÿ{þK®˜W^VLD»÷Ô>râS·®5™Œ’$ÿíÅ×*+KçÌšÎ0Ì›o¿_=¹âìÃˆ(ØÝóü¯„#QŽåˆèS·®mhjé_[qQÁ“Ï<ït:$I²Û¬ÿtÓÇ­Vsºÿ2âÁrÓÚkÊËŠ=^ÿo¾[RRh4ÖÝt?;ÇuêtÓÁÃÇ??q²á‹Ÿ¿Ãfµtz|/mÞRX˜o³ZúN_±|Ñ¼93µíÖ¶Î'îùÂ]6«E’$EQ—-™?ÅŸÛ´ùºk®rç¸úßwÇ®}åeEV«åÔéÆcÇO/¹bÅbñövO~žûÔé&-<Ñk[Þqf9´T p˜,ËÛÞÝ5sÆ´¹³§3#Š"ÇóÔÔÒ¿¶†Æ–êI7ßx-Ïs¯¼¾µ©¹uzMõ¨|Àñ`I&“ÑXÜãñ™L&žçEM$’==áã'Ng;³|þ®‚ü\-¸œYv›5
÷?GŽžìîÑ¬™Ó:=Þü|·Õb&"ž?ßo‘^¯+).<täDíŒ©õ?-Ó¦NÒö7·¶;?Ž5ÕïlßU]]Á2¬^¯[síÊ»ög»œ}§8L’ä`wÏ¢…sdYnmë”e9/7g@mD$IR,Gbž5S.ç‡
0® L /¿ú¶Õj)/+^±lÏó©Tê@ÝáX<a4è.˜ýÁ¡£*©ªª2£ªª¢\¾$'Ç¥}¯o4†ußši“÷î;¸µ{GEYqk['%Eñ@Ý‘²Ò¢®@w8ijjÓ®œ——£Ó¯nÙª?:8û°ÂÂ<EQUUU¥­½óÐáã«¯^6 ¶p$êóÞß¹¿¹¥mÁüY…¹—ôSÏ0sÑrÓÚk>w÷'W^µÄá°ißë/Z8ç¦VÇâ‰æ–ö¢‚ü¶¶Ní;xŸ¯+?¹\Yªª¨ªª×ëˆ('ÛYYQZYQj6›Š
òZ<?E"ÑžPø<÷ÕëuÓkª}þ`Ey‰¶§³Ó‰D#‘hsK›Ãn;rô¤$IÚ[“ªÊvÛî=uƒÆó\®;ûƒƒÇX–]rÅ¼Ò’"í¬þµQ~ž{åUK®ÿøÊ>8‰D/ÿG0N õ`¢3ôóçÖîÞ[wÓ«ÎŸõÈÿÌ0$ÂÚëW%ÉÇŸükaažË•ÕÞáy{ëŽ]»ë´á¿K—,XºdþcOýµ§'d·ÛÖ®¹Ún³žç.U•¥U•¥Ú¶,Ë<ºìÊ…“'•kM/mÞâó´w9–]zå‚`wÏ ‡uu—/]øÒ?¶üä§:? ðÚ¸…þµh—ÊÍÍÉÏÏ=tøø¢…s0L(;ý[Ÿoyüæâõ³—§»È0Ì†Ò]Ã„¦ª*mÜ¸ñ‚GîôoíÛ¾sûÊ7J—¹4ÈH¿:þÀ¯Ž=@D³—?±ä?t•1ù¾ÿÝ‡T´çÒ±ÿ¥^»'˜ã²§»ŠË?‹Æ?MÍ?iÙ€ˆ
Meé.2âÀ8±Ó¿õ¾ýŸÕ¶f/ÿÉìGÒ]dÄ€ñ`§ë?ÛWjÛ…¦²4v+‚Œ†x?IÚb?ƒîìËD4âvƒ7oùíÿ>=`çž}_Ü¼ed„Œƒx?1îÜ¾òª×«®z½ªÿÎ¶XãÛ¯î{ùÄ’7.fÂ¢—>šöì;øù/Ý7â«AÆA<È0m±Æ¾1DtßþÏö5)\d6X»æêÖ\Ý—´lðýï}míš«‡p6ŒX÷ cÜ\¼^›ë|Sóc…¦Ò{«ï¿sûÊ¾ÙÏï?rÿÅ/tð/Ÿ»?ˆ~û¿Outx^Ü¼Ù`¢AëÁÄòË‡ýåC?¦ëâgÐÐØ²þ3_khl¹L%Œ3ëJîºwÊýÚö¦æÇ¯z½ª/,Ì^~oõý—ä.ÿò¹ÛÿåsŸF6˜˜Ðz?IÖ¯ßåßºÓ¿µÿåK¾Ú¿|îv­&´L\²,×74<t,?÷íL¥¤#GOØÙ
¨;ìó´5žeYî…S)©£Ó;àH"J&Åƒ‡Ž54¶(Š:¬zEõxýûöê»Q*%õ„Â²,74¶<t,™µu¦Ãáh"‘ŒD¢{÷ìèôªªšH${Bá¾;ö?xÑÀ˜Sh*01¦1…K­TcSë÷ø»Íj±˜÷8¼ñ?¾º`þ,¿?ðÿ«¨0Ï`Ðï{ðÐ¾QYQ²ùå77ýí•¹sf=vjæŒ©Ÿýç[›[Úïû?ÿ›——cµ˜ÃáH}Có?6~kæŒ©Dt îÈ7¾ýÃü|÷Ûïì¸ý¶ÿùÎ[¬‹žLŠÝÝ¡¾—ápDQU"
»¿ó½yŽ›TU¶uÛÎ›Ö^³þÓë>8tôþ??¯ª*Ëvf?<Ýhµ˜üƒÓët?ùÙÃ==a–e\.çëolÛðï_?:¥ò»÷ÿô{ß¹wRU9=ÿâ«G??úÎ·¾Äq\:>]€ËKKÚèäBSÙ“K0ë(\2ˆ‘,Ë›þöÊ¼93¿øù;8ŽÛ¶}÷cOþuê”Iw9ßüêç½¢¨C§N7¾¸yËþàßrssÂáèþô¡ú†fžç#‘èUËÖÞxÃ*"zúO/<ÿâkSª«ˆHÐ?zà[v›uÙ•}ìÙu7]k·Yûßú™g_|æÙûïÉÏsQ–ÃþËŸ_¯ÓÑUË?ü»'nZ»Zk¸øÌú[kgNõúº¾ú??ÍÚ?rr\ßùÖ—t:aRUÙ¶í»–,ž;kæ´wÞÝUUY
GÞÞúþ·ß¬Ó£þÑŒ’u%wµÅ›´¾F…¦²t—ãâÁD‰Æ>þ…ÿóiíËõ¢Â¼p8âï
T”—Ô74ÿà?¹pþ¬ùójórsNœl{þ²é<ÏQG‡7Ž8³.§£væT­e`Ê”ÊW·¼‹Å‰¨fê$-˜LI–Õ³úýó?·|åž»û^64¶lxàçÚv{»gûû{"‘hwwHþðÜŠò’Ò’B"Ò/ð²¢hÏš9U{ú7›Œ²,³»òª%ÿý?X{ýªövË²5Ó&?â'
?—j 2@ˆË°ƒ>)¦´—Š¢Ã°,[ZRøø#¿hniÛwàÐ—¿zÿw¿}?^¯+).¸åæ?z"úä'ÖšÍ¦Ö¶Ž¤˜JŠ¢vº,É<Ç1,sÞ{^ÀÑc§6üà÷}ë‹•å¥?M-¿ÿÃŸ†{…I“ÊœNÇ®ÝŽŸ¨¿aÍÕZ-`|8~²~ï¾ƒÕ“*æÎ™‘îZÆ'Mž@ÚÚ=êŽL›:Éb1ÍŸWûêë[£Ñ˜,Ëïnß]\”ŸëÎöxý¡p¤²¢tÝ?×ÎŸ;³³Ó7¥ºÒçëjhl±Û­6›µ»'”’RD‰Dß|ë=QL%“âkol›^Sm1›.¦6QÍfcYI‘ÝnmljG¢Ã½‚Éh\wÓµ¿ùý“‡?ž˜3{úÅcÖ‰õápôøÉút2n¡õ`¢øáþêï/¿ùÉO\¿øŠ¹ÃÜö‰ëý»'¯¹a=Ë²3¦W÷ß¾l0è÷ìûàW?¦ªª$I“ªÊ®X4Ç™åøú¿~îÇ>ìÛÐEDæÍúÖ×>OD.§C¯×ÝvÇ=Á`Omí´ïÝwïEž<¹bÆô)·ßõ•ÜÜœùsg:ì#ùî¿fÚä‚‚¼ój³]YSŒY+–_±wßÁÉ“*Ò]È¸ÅlØ°!Ý5LhÚž7n¼à‘}‹žÑ?ÛWž¸QÖ?dY>û^–eUUyþ#)Q’$†aœEžã´?Ú€??÷½´¤(%¥´ñÄ—Ä ·ºÖ¶Žþó@M~?ï?ÝêP–sÖžKL{8µ{‚9.{º«¸\Ðz0QúÌ=èÎiA3h`YæfƒsÝzˆTU}ý?w«'W”–]Â’`LÁØƒËñ†­¼¬øñ?ü"ÝUÄ0ÌÝë?‘î*àòê{€xp™ @ÆÀØƒËñ2†Õb^±lQº«Ï0±)dŒã'ëû¿OïÝw0Ý…Œ[ˆ?1Nœ¨×BBº·Ð¹(c0Ä¨¤jÛ<+ˆJRÇêÓ]À D%É³BßK†.Ù\¥{p¹¡õ cè¸3a Ì\UÜ•ÖrÎ©.¸«Ì\Õ÷²ÿcÌEÒÆä»/ÕaÄƒŒaæÏ,$<Ïµôé†ß¤µ€szºá7ó\Kû^öŒ?1ñ c8gßöšÂÛŽ‡>øÃ©Ÿ§µ"€AüáÔÏ?‡>XSx[ßžþ?10Æ!dŒCžž3ô½üâäï>×üè×ö|zw×6QI¦µ4•äî®m_Ûóéçšýâäïöí×s†C^ZKƒaÀÐäLRh,­?×¶Ý†‚3ÿgsÛŸ7Ô}©1zJRRé®&4žÊÌUó\K7ÌüŸþû?¥é+
†ñ “äò¢RÄ“hëÛ³¦ð¶þ-wcJ®¡M™?‹2L™¥*×P˜î*.,×PXf©Â?0† õ ó”YªÌ¼¥-Þ””é®`zÎPh,E»A&B<ÈH9†¼Cž/ÑÙ?
D¥°('ûVLH†§7óV‡àD0È\ˆLé®ÆŒ=€^ˆÐñz!@/Äè…x½ âôB<€^ˆÐñz!@/Äè…x½ âôB<€^ˆÐñz!@/Äè…x½ âôB<€^ˆÐñzñé.ˆˆöÔÕ§»Äƒ±a^mEºKH³—6¥»@ç"èƒx½ âôB<€^ˆÐ›À˜ÐîÃ0—äj1<Ï‚Ål¸$œ `L(ÈÍº„ñ€ˆÄ”?%}]a§ÃÌqè53$ø˜`|ÒâÙÈ IDAT|–Ýl4
?îhºkÉˆ0žYLžg#ÑDºÉˆ0Î™Múx"•î*2âŒs:?—$9ÝUdÄÿTRÓ]Bf@<€^ˆÐëŒª¶.òõP,I
Z¹Ç$–!“žrìTè:ßa­m^oW4WUeôŠÃ†5›Œn·«¨0ÿ<‡É?z©§ƒ’áqö¹1Kz+oÏçœç9lÜÿÚñ×Æ8Ä€Qéx+E0±ÞØ¦¨IP$A¾ª."£nàñxâè±S‘(æPÿUU"Ñh¤!êõvM?Re4\¤V£©¶¬Þ,äNe?bÆWÿUQâÝrw³Ô°](œÅêÌÞ×~mL&CeE‰ÕjeÙK¶ì×˜¢(j8îèôîÛhÐ_Èãë?`C6È,‘od?²ÁùE¢Ñ£ÇN?½?Õv€³å³X“s¼e"bXÖä
fq¶üTÛ?³ß?zì”ÛíšR]e·ÛÆk6 "–eìvÛ”ê*·Û5è¯d„q÷÷0&µu!džH‚Úº>²§µ­Ùà‚"Ñhk[Gÿ=r žÕ›y×ù:ÞŒ¼«‚Õ›å@}ÿ?­m&“aBõ·)*Ì7™~ S Œ_Oº+€ðçõv?óPègÀ%õtpŽ’ô•3ª8G‰Ôó‘Çb¯·+?Ï?¾ŠÒ#?Ï?¿—…x0bÉtW#2à.‹§­”Œ2ðƒJ†Y£#mÕŒ.Öè d¸ÿžh,nµZÓWQzX­Vü½d(Ä€Ñ€yŠ2Ô€¸ñ:áÌ%7àƒRUeŽ78†=ûÇÇãÎ…eü½d¨ó·
‚x½ âôB<€^|º€rZˆc)§dêr]Ÿˆ‘fÒ“Ù@)‰º/n¹0Ž%‡…XºŒ?ÑØäÌrp
…“¢8ô³8ŽËrØ†î‰ãŠ” "âé®#=TU•e™eY–Å·½p)!džª|rÛI{$PUŠ&©ÁC=—n1ß,Uå“^ "J¦èTn;ç?Q×ûR’ÉÛCM^’‡<™¡ÅH&ÅDŠÄÉj¤Ê\â8:ÝAÞ‰±ŠÜ¤ªò\w¶öl§ªj$«ohîéå\«Å\YYÊsÜÉÓ?^¯ÿò;–¨Šä;!›H‘‰ˆXŽs”ðÎr±uéK'¤»ÄË+•J5·t´wx´™Cv{yY‘Ùl:q²žˆ&Oª@`€‹?x?aŠ²Ém'I!o?D‰²Ìd6?î’þïÜí ?§fQ‘‹\ÖAâA®ƒÊs‰c)£DŠ†ì&²†‘ˆ(?‹räé¦“qJ¦È&–¡øÄø*¼¸¨ ×?-I²ÇëE1+Ën1›õ:ÝN%"JŠ¢ß`Y6O\æJÇUÛö«/kt°Ö<"F?u©±.&«4Ý•?QL;~:‹U”—˜MFYQ<_85›Mé.ÆÄ€cÔÃ??D?"¢ö.Ò$É¤}ï²’^ h‚:ƒ¤>ÒíG/?ÍH²B?eYzûùÃçlvPÔÞÔ¡]|—?xŽü!:ÖÚ»G/ÇönäØÈd X‚|!J¦z; %Sd5’Ù@‘8µÈaî=žc)ÇNÑuGˆcI”Èb$£Žâ"9-¤¨'JÞžÞÞGªÒÛßÉi!†¥îÉÊ™;j?ø°"Jº†a|¾®†Æf"jkïÔët’,‘Õbq¹²ôz]4ëðxõz?ÅlE±»'DDz?Îf³Ê²öp'&E«Åb4âñ„ÓéÐëuÝ=¡¾ö„ü\·Õf‰Eã¡pÄ`ÐG¢ÑX†/d«Ä{”hkÌÒ•,è]jÍY¦*©—TI‰øH‘XKóa$UŒ)±.bXÖâf´F)¡CDJ,Àš²˜1ßU©»'Ô
O›:Éåì]ˆÚ™e× )Ë²¶n±Ùdä¸ÿßÞ?>·q&f?û$HP¤H‘EQ%{,Ë–e[kìXyâò¬3ÙÉ&©MíVås*•©üSµ³å­É®³‰×ŽÏØš‘gtØ#[–hKÔA‘"ER$$@â"Ž>ö@Š·x€â¡ç÷èn¼x»Hïƒ÷h±°Q’¤T*­Ñh,Káfmªªf³¹L&k2†¥TÚÂˆˆ6™BÛ×eƒ¢b$ŽääHý/ªÜ<vÜE]HL P_ÂcpÙà-T:
Fpoæà”hN¶•CŸ@<?~ÄÓ÷Çü˜ô0ë!+3z
Õ˜˜¤(Ð8àwáN6å?eˆ"Àc‡Åƒe(·ÃeÃÀÊí0èÐ‚ÃRì!5?F=âiÔW@šŒµÐjÐ)CPçƒQE…ÇŽr;:7A„¬ÈÜn§¢ª##ÑD2Y˜BP[S¨òŽñzÊ=×½?P]Ý6EQnuÜI$’Ûª«|>O8q8lƒ¾«»·Ìn¯¨(—$YEA€×ã6?}ý{šw¹œEQà?,Ë¢¨½7ìëxPÕ64%ƒ"‰vÿôÛ0-äV”Ôh>øTÔ¡[:_³è¨ÌÝ»¬¦F Ñ©Š$h´ºêC½%{ï2ä<YUòºÊ}¢½r=Nk©TU?Ç“V‹ÙfµLman<‹ßº}GÔhÈŠÒ´sGY™}hx¤»§Ïh0¨PEQÜ½«A5w{"#£Fƒ>›ËWWù+++
Ò#‹ñ€ˆh“Ç`ÒÃaAÀ?€’‚hÝ!DÈæ€=50 ?ÈÀi?ÛIF™’I‚Ï…‰,nÞƒ¨AS5Üv£3~qwX Ñ@# '!…Í?9éþ4
3fñ;¡×"EOÛ+Pé‚ß…ä
Áææ=ØL¨õÂjÄ·=h¨œ\D!'Ldrè@•~'l&ÄÓó_Ÿ-î? ?‚íð9á¶c`Ã?Æ…‡Í&“Ãa¯ø«~I’G£±;Ý½£ÑX6“Ð²g—ÙdÒh4ÉDÊét”»]’$9ÊìyI?ÆÛTi‚ LLdnutþJ…Ýf­ðzvëD&Óq»[–å¦]&qKü§ŸÏ˜žæRIé„ÖhØö8D?j—c}¢­BçÝ­^uj&žëÿZI„5îzªœÓùšEGàá?ÅJ©ª*IyX¼/IÒ½? §Ü]·}›  çî½þ{A“Ù‹?ù}ÞíµÕ…c´Zíèh,66¾¯¥Él6%“©®î^—«ÌdÚè](´¦¶Ä¿DD?’t7úaÐÁmƒÝ‡;dÃãpXPé‚NQU…Äp˜Qf…¬Â ÃX
* j ±»´"D6Óýu‡
s’ˆ¥PåF]2y¨*ÒÙûuÈæ¡¨?¹M£ŠZÌãix0êŠO3y$& j Éó¼pÞ3Íæ‘œ€R¶Øñ…¹Ñåv¸mÐÐ÷gKodéôDû?ƒ^ïv»[™Ãîõ¸eY)+³WVúôz?(jTU…€hlÌá°9Ëì²,ú±±x46V·}Û¬³¹\"™RE£Ñ šl&—H$$âI“qK´ùtP@¦JY5—†F›] ä3?2Š”…’—‡î¨ù´šMaÚx$Ao­©þ«#‚V«ƒš?;”hº\^J§3žrWaøPY™}d$*I²ÕjéëL§'ÊÊìn—S«ÕÆIA†#£ +J6›Ëår[5`¯È’0m2…™Ù<‚Q£ØæA &j¼°›1G,Ÿ#„bð8`6Àmƒ¢ 2£…–wdr¤?¬"1m8ºÝKá^På†C‡x#ÓÔ™È!?ƒK§Cc÷+Vˆ%˜ŒaI1`
ƒŽ
TŠŠ¡1ä'û7Ò~dQa
?$ËÙ\.
Cášm?ê@¥ÙdÚ^Sm·ÛFF£÷Ç*}ÞÂ|Ó`hÈãq[Ì¦r·SQ”áÈèË—P§V°Ñë·Èb>£­‰eÕS}ª"Mÿ ‚A6Ñ»€Xlª¹?+Ð™u»UEÊ~»^§°‚ ØíÖPx8‘LMÍ=˜@3íë§*Jáµ?*¿ÇãN$R££Ñ`p¨¹y§ô:_…§09¡:P95Ka‹Éå%­vkžZÉ1m2Û<pÛŸÀX
^ ?…Ý¨He +ÅPMÂj„ÅˆD‘q”Y?—`5a<?T.T£ÓšþÙ< Ì‚l* +50èà´Î˜iƒÝ·ûë?ÎBÔÀnÆD©ÌxÈËð;!ŠH-|ç„B/„ÍŸ™Ýë@R z¶y ×Â ‡$@2³N+G¡×ÂmC(¶Šëû°ÔÔÊÝ®x<×h4^¯[?J§v &SiY’?Ó~ï?FÇlV‹Åb‰'Ã‘???çr^«ÕÒÒ¼ÀÔH¤õµÞò±ñøððh}]?$Ë‘È¨ßç•d¹««g<žXË“.?Ù)Z=J"œí½(:ü€ $#ª”ÕWQ•&”l\0Ø£CMG‘Mf—š‰Ë™¸Æì‚ªhôf?É.G{¡lÖ›k¸œŽ2‡­³«§ªÒg·YeYEœN‡¯Â+ŠÚT:?Éæô:­ÍfqØmƒC6›Å ×??ÇM&S¹Û©×ëÆÆ’$9?ŽððÈØxÜSî’ee|<ár9€-ØŒN¥³&ãÉk?ñ€ˆh“Igá°Ài).=¤(‰£oj¼¨­€¢ '0GEºâŒÞ±ú#¨ñ¢Ö‹ÂòD³-Å`2Àa†ÝŒBGÁÐ<vìð£'ŒÑÉÖc$A@µV#¬FÈKHL ƒN‹2¨*â)Ü™1©`º‘8\6X?Øá¿ß›±?äbT8±ÍI†<¹žRO:eÖâDç\ºÍÐ¶I§&$‡ät:\®2Š¢DFF{û¼žòÚšªºÚjEQr¹¼8ù‡?VTxŒ}4:ö ² ‘HööTüv»5›ËÇÆÆ?ee4‚FEQ#
A5*TÍäƒÍ2!UW¹OŠ˜¤XŸ4Ô@u¢³FõbY ¾‘ëûZçoÑùöäƒWóƒßªª*h4¢½JãªÕ”U+±ÞlGP0–šÍÚÒjµ»vÖ÷ßõõªª"—Óa·Y5ÁëqÝìˆ^¾ru_KÓöíÛzzú¿¹r€³ÌQ·}› ÑÄÆâ×®ß.¼ª®¶Úfµ‚P¿½¦§·¿³«G4žrgY™}ëõ$ÓIRœËŽ%ÿðÿ°Þux¤:ÿñÿq½+BDkë‹›¥/Óe…¢Î¾W±ÓŠl~Æ<?…XMÐ‹ÞYÔ Ì‚‰Üƒ‹š÷HƒVÓýU•X­f©7].¬Ö:žš½zéÒ+¼\Oí¾ÿøü_—¸tÀå,SelæÝÐ\Î²L6»ÊEHý¾ŠôÄÄøx\Å–æ?V«¥·p` ¸ê*/ÉÑ§¾7õ8sëcÓ‹¥?ÂjE3n‚¦BÊAk˜|¦¨rnÆZ¥ª¢Êyaê€µ1ë|Ïñõô«QB…»&OÏuªª*Š25@HQÓï’V¸×²(Š³ÒàÜ¢Vo'^h—–°¹¼”Jg%Iq•Y¦Âöê‡b·£T¥m4›5:Ñ¼-ûyoo<¯ä¢-OY¹ßQ°¸y?Ìæ—–R“%–¼ô
o4ÑØ<½ón\»ÍVð?YV‚ I$¡ÐÐ*‹ÝXæ¹;²€éMA3û>‚f­³ÁÃ4wž€ Ó7Î½}² Zí<Í¿2å 8+a< hµ¢É¨c¿Á²0mAñDâêµ›o¹ÅlP¸Ãš,Ïw‹;¢£²ÂYÚÞZÆ""¢­)›Ë=´¡DD´e”lmvŒDDDDDTÄx@DDDDDEŒDDDDDTÄ©ÉDDDD´!Ä“kºr‘ÝjZ£’·Æ"¢‡A#@Q×»´|š™­AÐ¨ª²àÑ4I4³Ÿª
„GcÌ‚ªÌ=}EQ5šGk±NEQ…åÿÅÍw.lº¾?/*Ñz3o?1=Zfýá
÷ š}¡6ebµ7zÛ,”‰1lÓ·XÌ¦DbsÞ´o‰¿/›ãÑÃàq¬whEfýá¼^÷ºUeS™u¡´¿<Ö¿~Õy¨ä±~­Ã?}‹×ë…‡×¯Fë#æ÷e“b< "zªÜ°×»´LV#ªf6oU~«Å²nÚ$¬K jFûXtÕ)Ù”4Ú³~•zH¤Ñ%›]uÓ7ªüétf`0´~õzØCétfÖÇ€6Æ"¢‡dg€a3±±30Ïö¦];˜aµXšví˜»]Wµ_Ž‡òÁï”t[oþ†ª(éh>ø?éªöÏÝß´kÇððhÇí;ããqeëÎCRu|<ÞqûÎððè¼Ú85™ˆè!1é±¿ƒ£ˆŒ#?åLåJ#Àl€Ç1»ß`ŠÉdl=°g`04<<šJOp¦r? h,f“×ë^èc?ÞbØ~DŽöä‡n!›Øb×M40Ø´¿®ržl0ýcÓÝÓ¿…?6Sƒ];™61Æ"¢‡ªÊ½`»“6‘@•Ÿ'V@tÕÍxóHáÇ†6."""""¢"Æ"""""*b< """"¢"Æ"""""*âÔd""""ÚR†.½ý«k3¶l;úÊó¶[zÿ¡u«ÓæÁx@DDDD[PECc•uò‰^Öû¬o}6Æ""""Ú‚|»=V±Þ•Ø„ˆˆˆˆhCèëôU”?¥¹Ã|<JÅÇfweï[¿4ŒDDDD´!8ì6ƒÁPªÒî~uöîäã}/¿ñãÁÒ0Ñ†`±šKXZó½ö¸·øX,YèØú6I’´Zþ-ˆˆˆèÑ%I’®¤Í!­A§g?Áò±Iº!ÖÔÔ¬w-ˆˆˆˆÖÍÀÀ@iw\þf²Hs`_s]ißbKb<XªŠË—/3Ñ£ìÊ•+ª
A(Y?C]?C“?íÚÚmãm¶Æ?*Yé[ãÁ:ÀÕ«W}>ß‘#GÖ»:DDDDëàË/¿¼zõª hJ*ã¯Ÿ»™Ù`I6U„Ó§O‡B¡C‡ÎC ""¢G?$IÝÝ=ß~ÛvóæMA(]÷­›¡ëO„BWÚµk×®^½¦ªª @UÕõ®×V+wÙ×»K2?û½eë]"Ú†ÛþéÓ;íùãgkõª¢èõú‡[­MFQ”ÈH4›ÍÍ»×b19Ë™LÖl6=ôª­ilxÜèu/8Ã7žÐ{ì_Âõ,Ëfs‹I„ÉA´Î6uò+¡Nûfð+²VA#šõ®Å’l¢ªÑ:«8ô—~h½+±é‰¢ÆWá]ü‹åQj>é\å‹í78|‹,ºèõ,¶y´Úb6`×Áñ(}¾7°b2P!šBïãóšh4›ã
o¢ª-ÇTãGTAà£ãÁÂH@DDD?AƒÁFÃx°á0$<‚ l–ë¼‰ªJDDD[Ç4Qã1Qã1QW."zTÄ“ë]""¢õd·>2·»^Æ¢GÿM$""¢âà""""""*b< """"¢"Æ"""""*b< """"¢"Æ"""""*b< """"¢"Æ"""""*b< """"¢"Æ"""""*b< """"¢"Æ"""""*b< """"¢"Æ"""""*b< """"¢"Æ"""""*b< """"¢"Æ"""""*b< """"¢"Æ"""""*b< """"¢"Æ"""""*Ò®wˆˆ“Ì +ˆÎA´Ö£¡r½kCDD´Õ1Ñ’$’©ÎÎžD2u»³Çf³Tú+ü~¯Íj­ô{×îM“¼{V#l&œ¿€?ˆˆhm1Ñƒ]ik¿ÜÖÀf³jmI$S‰D²?v6ÔlmYMáßö ­ûþS«¯??©làèø?øä2º‚Ç9ŸSuúþI“³yèu¢°šj.JUr9èó×”ó9âš¾;Qé0ÑbÉÔÙsƒ¡áC­-³b@¡?ár[ûí®ž—_:n³ZVP~WmÝh­¿¿ÅjÄô~ƒdál&„b‹uLÜùÃ»7\'Oµ¸æ¶ÂÇnöëÞç_}Ì¿‚
.@ÎçdQ¯ŸÌáö·?ÇK?Ùç™·bßàÈ©gVryˆªœ“Å…â=9—‡nNÆVå\z½¸öõÛlx=iuˆh1…lðòKÇ+ýÞD2u¥­}jpÑÁÖ–ƒ­-~ÅGŸùèã3o¼þÊ
ÊoëFC%ÔÍØ8•ŽîA8†¶n´uÃjœ‘"æ‘îjë¬?¾Ó<sk¶¯­#”vÔÄ??¼{·úõu¦iÚñäµõ%}{¢-CÍôsæ\·l6Ëi¥ê™ßÛ6óK%Çn?ûìúˆY/¦s¶ýÇŸorŠ?»õåGßEÍf1?¶¶ž8ÚìÔ­×l,¼žT
ÚàPl½ë@DÔGŸ™žÞ~çƒÂöJÅíÎž`h¨°ë?¿òö;œ=ÿÕ±£O,÷-’ØL³·Le¿6S1ÝSìXXP™-{­+R¿Ï3ýw?áÎoÒfË­XÉˆ:þG´?\ïW_©­oü§J?C_ÿÇW½¾gkï§iuäÚç÷*_~í9+ ¦:~súš÷Õn`ôúoú+~øãc6HÞúô³ë?:PÎñ{¼žT"Z—Ó¶Þu ¢?èvWO04|ì™'
“?¯´µ¶Wú½ÇŽ>q°µåíw>8{îbaXÑ±gž8{î«Æ†ºUÎTž•f=}oóã¸réVÝK-Sÿ¬¥»ÚzûÏ}5uTnì^ÏõÞÎp4*é\îêÇŽ´øÍ0ÑýõoƒÏìVn]êèv?:Q5|áì@å±#õ†Â|ÿi{Ïßtç2?â¿ý @ýášR:|íË«·F20ºš¾÷øÞJßüð"¿²{î¸#¢G^~°7Ò°÷X!A‹þ¦æK_õOÔî˜úÉ z¯ÃÝø#+@°44ûþwïÐwÅÈÀ?òÆÚ
íWkc³ÿßïF”¯á*›¯'•ï{@Dóëìì©ô{w6ÇýCC…©É[÷°Y-….…ÂÞJE¥ß{öüÅU¾éùë+Í óìÝo»Ñ1?+>—ïÝø
-ûª§÷’gC·îÉ?–ï¿üâ§Ž=å?žþ]W²°GÊDÃ7Ï]Jx{úOž­5AÎ¥R’|ÿ¥R&šR×®Ï=Õdƒ½ñ©Ï?8ñÜ®bÃð›Aë¡§O½úýïïP®þîRO¦P‰|4‘_åe!Ú¢¢#ýÛýñ€&³=›ÖÕ7‹¤ì¦©¿E“É2:>?ÌØ?b³L}¯E³U3Ï<ÌzoT¼žTŒD´ ©ÖA¥ßûÆë¯LïH$Šæ%¯lvò”® B1´Ö¯,ŒÕ{#ß\?€šèºÙwhÖôCÍá'›kËL?Þ`ví¨ŒEF³“;³îÖç÷Õ•Ûæ_ƒh’hÐ™t"D?É Ó¦¦÷é¿×Zç4ëfWKË>Cd4ºüK@ôˆ‘ó®iÃuf‹,«Óv+¨²Yï?5ZÊT²¤:mÓþ±±˜P¦%ùG¯'•ãÍï`ëÞD"55¦ÈfµCÃÁÐpái"™
††w6û
#‘
+Š€ß…®àŒlŠW8]
×žýþÛí])Èýmæ–]åsŽP•‰X$4¸}³íÚ½1äsÒä®r?{åsˆ½î²©ÇF“ã‰ôŠË"zDˆºhbbêY>?g,§£Á`"yÿi&5&µB,1í·‹ÔÄ84œâ^O*Æ"š_¥ß»³±®Ðîpì™Ã…ÉÊgÏuöüWo¿ó?Íf),uŸ=÷U¥ß»Ê‰¡(¬F¼{çoÌè7Ç?\zG·¾r_+®^ko»2ÖÚZ=»µ¯Foüê£Ï.‡“D‹Ëï±qI!¢õã*ß6=G??W”ß?Ù09=–øÄähAäâã¨p™`,«Ð$RScöò‰(|ÎÅ.xDðzRi0Ñ‚¶¶Ø¬–³ç/^ik·Y-oüø•C­-ÁÐP04´³±î?×_)t)|ôñ™J¿÷å—Ž¯òíü.h­Ç‹‡ðúÓËS4“©±¥q «£¢¹¡lÎ¾á{m©ê'Ž·4ÔúüŸ¿|£¡’ãcS?E½²ÌÞw¢ÕÑUÕz®vôæTÈvwyk«ô@&Œå¸ªw?^ï(¬°¨Æ»:£»åÊ;FÚoŽ†ÍÄïtŒî¨v­ï‰l¼žT¼ï-Èfµ{æðGŸ)Ü2¹p£ƒ©›£MÝÍf³¬>8Ú¼ú2‚kï©—›EÝ<½ãV›ÝÑ(ün@Í\ïŒÂ¾@)f·W÷åÝÁdcƒU@n¨ýR70™Xô6›5ÖÛ7ÚÐìÔ
 ¢Ño?òÇ‰3ï¾sÕlÌ¥???ø~­Àx÷GŸâ‡u¨B(?pbÏ¹ß¾÷o=Ò¨xâ…gÜ÷?´\øÍ;ïÃŒ´âyêÄÓ\…³€×“J‚ñ€ˆc³Z^~éx!’@¥¿ÂfµCC…AGsï¦¼,~'¦?”?ß˜‡v¾lÀR÷Ä‘Èï~óÁu£Q/ëÔz#•áÚsä±Ï/ñèMëºIDATüû¿¶¢«¦õ±ýe§û&÷•ïz®%òÙ§ïˆ;Ÿþ³ÀòkHD +ßûƒ?k‘eE§¾´‡þú¯&[kŸ9UI†vÆwÚ¶ýém‡,AdCf^O*áoÿîï×»Dë@ÔlŽ‘u‘ÑñÊŠ•²)©D2…BÃ…N!¡±±nõ«µuÃïš}s´éÚºq´•«yŸÙä¬".º<Ñ}R>',pk3UÉå¡×oŽÏ•Jp(æq;Ö»k…!‘ˆ–Äfµìl¨›ºB©ø]hÌ s]L>¶ÑZ_âl`©Ù€V·àôeA£çÔf""ÚZˆh=Y?8P‡%DDD´Bì'""""¢"Æ"""""*b< """"¢"Æ"""""*b< """"¢"Æ"""""*b< """"¢"Æ"""""*b< """"¢"Æ"""""*b< """"¢"Æ"""""*b< """"¢¢’Æƒl<?-eyDDDDDô0•2„¯þë/®†KX òÙlV*e?DDDDD´°:¸(¼rúí7ö?ÿéÍ7ÿ×Ïþùý/:còG†/ýüg—
™$ÝùéÏ?éL?”
Îy/iàâ/Þ¼80+ÌHß|§má?üìgw&JÕˆˆˆˆˆVJ»†eÇ{.w`÷ãuæe¾.{÷Ì¿üzd÷Éÿ÷j»¨‘²±Áöoû¢?NÏÕ³$´?æÃåoµu4öØ§6NÜ½}¹|ïŸ•Ãnþñ©¸Å¸®5$""""z?5ë=ˆ÷œ;}úF|¡ý1ró«.Ï³/®±‹Zƒ³æÐsû‹Ù@‘â‘??H\V–PR>„cé©JÈ…ÁJR<2ŽMLû¥¿Pl86c(S~Îa@6^èÝíÛ[v÷}×¹¿%ÞÝÞÛzpg½ÝSnžÌbòD,<0Ïß:›ÍÞ¿LùéÃ©fî"""""ZckÓ{ï9wút¯óø©ãËí:@2)ßpÎÝ#G®|üáw¨ore»NUûá‰zû|%€¾ô¯§ûœµÕ>1vúãÌÁ“§ö{?îþÝ[7ÄíbNëqf»OÚ½úÒ¾r1¾ü«?‡+[üb¼í7ñ?|u·ñ®Ï>¼®­¯±Ëí§#žNò‰ˆwŸyïì°og?¡íbÖ07!˜¶ï<ôûÓwöz"iàÆ×éÖ“5"€áKo¾‡×þæI¤ðå_ž‰øš+Äè7cÏ©çÒíÿrF<ù“ÙîsÿtÖòòŸˆ€ÜñÍåùƒ¦e_C""""¢Y‹x»vúôµ0>óÖ­3swŽýøTË<­ÿ"I–`ÖÎS¯øí‹—´GþôÅ]vàÉ½×ß«­ç¿«[ ­¯õOúx¡”:Ëÿ{¿ox¿ÇrÍOÿ¸ÉÞýÝ/ÿåroã‰ÚáŽ‹Ö'ÿòH“8ð`ìúÙó–cÿùé€@Ãµ_ýþöŽWëc—>‰4½öÚ“>?ïûâŸûãsÞ4Ðô¤çÿ^ïÝ¨7!Ûwý²gÿOgŽˆ’.~lzíä;€–ªsÿ|u`ûÓ5ðáÝð?c]7"6Ë­»¡Çmv çúîÆ¿`6 """¢‡f-â?³öPÓí_ßÂ¡_hõæ¾¥nî¶é»E-ÒÒÜõŠRC÷úªv+öØË}ø}8¶`<äÄ@O_$™²Ã?Ý“?ö×××‹púªq16ŽzwÕîÈù3gcµ•UþÊ*?U›Žôõ™ái¿T(×Y2ˆ?ö`û‹>@çñVbN<Êš›.Ü¸¯ß?îý{[ž?Õ½ßJ£®»­0§9›1ÇÓêö»þ£k ÕgvÊ-'žJ¼ß}ïñ€¯ÿNûž?O-z­ˆˆˆˆˆJjMÙ·;ùŠøá§/Ú^;¾Ç).ëÅV?¿|äÎ@lwÙÌ­hDVšÒ£f­,04?víÃwv½v¬Ù&"!¯ç&wdsY ð‹¼”‡¨ÓÖ†ç²==>‰ô\|÷båËÒ¢5ÀV¾£¹©Ø¸oÞ§Õ!6#+ËÀ¢§c¨Ýµçì…®H9®¥>¿}Nã^k†»nwsUáÙîfh¶íôüá^¸ÉÑ‰?ÇÊýÉ¦Óý{•îÞC{Ž­åÔq""""¢YÖjj²aÛÓ'_Ù“íé›ç'ö(ßûì¾ìïOŸëÉJ€"¥c]?½1TÕ¶Äntd ÝÝyÝÓ²Í˜íU?ÄÀlw"‰È?ÍÅE§»Ül0²‘?»÷K¸u+œ€lwÇMs“ÏÄGby­Ùé«i||ßŽØèxÎà«Û;ÔÑ7
ƒÁ`0O¤4ðT5y:®wÇ@ŽÜê¸3íÅ@S«öÊ'Ÿ]1ïk˜»Ô’§ªÉ×q«/[(X”ãiìõÍÛ._øìš¡©¶b a_ß•3m#­;ËKVDDDDD«³†¿N¶=yrÛJ^(úž<ù#ÃÙ³ï¿yZGÅ?'žuÁà9òêø™Þüì?ÅíO¾tÀ'öÀž½í§ßúÙ…Ã¯ý·õ‡=~ò?Ú¶½ð_^j|®ñóOñžÛnp7Tî¸_x}ƒýî'o?™ÈÆ¤ò§^:Ð"ï¹tþƒˆÉn‘âqëákÍÐÕ=u2~æ·oýL28óY¾p¬ž}Ïüä­Ÿ_t˜íÛ÷øê›¿úå»[·}ñžÚ>ß¼iÏÁž»pöW?¿ 5kG%gëÑcn§AC qï'w¥â"°¾šÒÅÛMÇ6ôJ®DDDD´ûw_ª²Â—~þNýÍã¾REÊ*ZƒvöFY£?õ³º,AÔ>à1?îüô­;õ?}±ÑIÂ¬éÏóI’µ³6J²¢Wßé’— ãÈ¡õ$j6è=g‰ŒŽWV,<•9âÉ‰’”CDD´IÙ­¦’”ŠyÜŽ’µ•²…j¯<ü\jt%4ZÃÜ&ÜÜF<¦g€Ï0wi¤ùŠÅìl Ù`6 ‡¯Tÿ&ÑVÊFª9°o‹+=sýsQ#r- """"¢ù=Z¿a‹'û-ds¿&""""¢‡€ñ€ˆˆˆˆˆŠˆˆˆˆˆ¨ˆñ€ˆˆˆˆˆŠˆˆˆˆˆ¨ˆñ€ˆˆˆˆˆŠˆˆˆˆˆ¨ˆñ€ˆˆˆˆˆŠˆˆˆˆˆ¨ˆñ€ˆˆˆˆˆŠˆˆˆˆˆ¨ˆñ€ˆˆˆˆˆŠˆˆˆˆˆ¨ˆñ€ˆˆˆˆˆŠˆˆˆˆˆ¨ˆñ€ˆˆˆˆˆŠˆˆˆˆˆ¨ˆñ€ˆˆˆˆˆŠˆˆˆˆˆ¨H»Þ "ZL2ƒ® :ÑZ?†Êõ®ÑVÇx@DK’H¦:;{ÉÔíÎ›ÍRé¯ðû½6«µÒï]»7MfðîX?°™pþ&""¢µÅx@Dv¥­ýr[;›Ír¨µ%‘L%ÉBNØÙPw°µe5…Ûƒ¶îûO­F¼þ4¦²€£{àwâ“Ëè
.ä|NÕéø'MÎæ¡×‰ÂjªY,G|—ÙT%—“çlõ†M6ªSÎŒEG2 µ8]e†_ÆÂ‰kuz±ðóŸòÜë³ôk;o=—õ×YâK¦ŸËJê”ÏIí[õ'a•u#"Zã-&‘L?=w1>ÔÚ2+ú.·µßîêyù¥ã6«eåwÑÖ?Öúû[¬FLï7HfŽÁfB(¶X×ÁÄ??¼{ÃuòT‹knãuìög¿¾á}þÕÇü+¨àt‘¶÷.Üh|úÏ÷,éðtïù_¶?ZŒ¦?ÀêÃ¯ì^Úë75ÑóÅ¾ìËXmF@.•m­G?ì­4,öªtïù_~‡ÇNßiF¸ýíÏñÒOöÍsÊáö·?ïuJ9™È‹•»O<ÕàÐ¯ ®Køë¨J.'‹÷ƒâ^2ý\–Ÿ3'zÛ~{}¬ø$Ÿ‰f0í|—ÿI˜Uÿ™uÛÜT9'‹‹ä49—‡nÎ•Wå\zÆ£¹x=iuˆh1…lðòKÇ+ýÞD2u¥­}jpÑÁÖ–ƒ­-~ÅGŸùèã3o¼þÊ
ÊoëFC%ÔÍØ8•ŽîA8†¶n´uÃjœ‘"æ‘îjë¬ŸÓTÊöµuD€R?ò´¾öò>Q·œ—”µþÑ3+ÉMBôÛçSµ'_ÛíšŒ¹‘ž«á?æÚ£¯UC»”UûÔ+Ó’CvìÆï÷Ûv÷Ÿt-¿²Køë¤{Ïÿò^Í©©¿È^2ã\"mï]Àrr¦©þ{'§>´¡«ÿçsÌ8ßåšUÿe\çLÍôsæ\·l6Ëi¥ê™ßÛfš±_ŽÝ:÷Ùõ³^Lçlû??ßä ?vëË?¾‹šÍb:mm=q´Ù¹É¯C©ðzR)üeXGËƒÁH‚IEND®B`‚' height='200' width='200'/><br>]]>
  </system-out>
</testsuite> <!-- Runner.TestRunner -->
